
COMP: "/usr/bin/g++-7   -m64 -c -o options.o -DSPEC -DNDEBUG -DBIG_MEMORY  -g -O2 -fopt-info       -fopenmp -DSPEC_OPENMP  -DSPEC_LP64  <source>"
C: CXXC="/usr/bin/g++-7   -m64"
C: CXXOBJOPT="-c -o options"
P: CPUFLAGS="-DSPEC -DNDEBUG"
P: BENCH_FLAGS="-DBIG_MEMORY"
P: BENCH_CXXFLAGS=""
O: OPTIMIZE="-g -O2 -fopt-info"
O: CXXOPTIMIZE=""
P: PORTABILITY=""
P: CXXPORTABILITY=""
O: EXTRA_CXXFLAGS=""
O: EXTRA_OPTIMIZE="-fopenmp -DSPEC_OPENMP"
O: EXTRA_CXXOPTIMIZE=""
P: EXTRA_PORTABILITY="-DSPEC_LP64"
P: EXTRA_CXXPORTABILITY=""
LINK: "/usr/bin/g++-7   -m64      -g -O2 -fopt-info        -fopenmp -DSPEC_OPENMP  <objects>            -o options  "
C: LD="/usr/bin/g++-7   -m64"
O: OPTIMIZE="-g -O2 -fopt-info"
O: EXTRA_OPTIMIZE="-fopenmp -DSPEC_OPENMP"
C: LDOUT="-o options"
