Read Time:           36.27577
Graph has 61578415 nodes and 1468364884 directed edges for degree: 23
Read Time:           36.28589
Graph has 61578415 nodes and 1468364884 directed edges for degree: 23
Read Time:           36.59349
Graph has 61578415 nodes and 1468364884 directed edges for degree: 23
Source:             12441072
    i                0.36408
   td          4     0.00028
   td         42     0.00008
   td       7681     0.00121
   td    9522739     1.20463
    e                0.09827
   bu   19741889     1.35044
   bu    5137920     0.82971
   bu     546423     0.53243
    c                0.05577
   td      53310     0.22372
   td       5386     0.01662
   td        630     0.00165
   td         83     0.00027
   td         21     0.00009
   td          6     0.00008
   td          2     0.00006
   td          1     0.00007
   td          0     0.00006
Trial Time:          4.92557
Source:             54488257
    i                0.30226
   td         32     0.00013
   td      24227     0.00288
   td    6875028     0.43313
    e                0.09198
   bu   21970215     1.33837
   bu    5456171     0.75546
   bu     624096     0.52328
    c                0.05764
   td      59373     0.07805
   td       6118     0.00644
   td        758     0.00072
   td         91     0.00011
   td         18     0.00007
   td          6     0.00007
   td          2     0.00006
   td          1     0.00006
   td          0     0.00006
Trial Time:          3.77880
Source:             25451915
    i                0.28470
   td          3     0.00007
   td        222     0.00007
   td      94800     0.00239
    e                0.00106
   bu   15454589     1.89761
   bu   15957912     0.99033
   bu    3146577     0.58224
    c                0.06966
   td     324024     0.27929
   td      33935     0.02715
   td       3592     0.00257
   td        399     0.00033
   td         57     0.00009
   td         17     0.00007
   td          6     0.00006
   td          2     0.00005
   td          1     0.00005
   td          0     0.00005
Trial Time:          4.29838
Source:             57714473
    i                0.29313
   td         24     0.00008
   td      13034     0.00064
   td    3169849     0.18366
    e                0.02816
   bu   23704084     1.35151
   bu    7182010     0.68970
   bu     855918     0.47540
    c                0.05200
   td      81493     0.05690
   td       8573     0.00782
   td        995     0.00081
   td        124     0.00016
   td         23     0.00008
   td          6     0.00006
   td          2     0.00006
   td          1     0.00006
   td          0     0.00006
Trial Time:          3.28387
Source:             14839494
    i                0.29124
   td          5     0.00008
   td    1885250     0.05414
    e                0.01389
   bu   21194882     1.50920
   bu   10398773     0.80129
   bu    1384941     0.49071
    c                0.05373
   td     136816     0.07933
   td      13734     0.01248
   td       1509     0.00117
   td        181     0.00019
   td         32     0.00008
   td         10     0.00006
   td          2     0.00006
   td          1     0.00006
   td          0     0.00006
Trial Time:          3.45972
Source:             32081104
    i                0.29567
   td          5     0.00007
   td        163     0.00006
   td    2460062     0.07051
    e                0.02677
   bu   21933100     1.45905
   bu    9298798     0.74029
   bu    1192922     0.47701
    c                0.05180
   td     117675     0.07121
   td      11885     0.01096
   td       1320     0.00104
   td        164     0.00017
   td         32     0.00008
   td          7     0.00006
   td          2     0.00006
   td          1     0.00006
   td          0     0.00006
Trial Time:          3.35510
Source:             52957357
    i                0.27586
   td          9     0.00009
   td        238     0.00007
   td     174513     0.00551
    e                0.00278
   bu   17376288     1.77105
   bu   14634721     0.89670
   bu    2552152     0.55557
    c                0.06581
   td     248636     0.15476
   td      26477     0.02653
   td       2737     0.00207
   td        300     0.00030
   td         44     0.00008
   td         12     0.00007
   td          6     0.00007
   td          2     0.00005
   td          1     0.00005
   td          0     0.00005
Trial TSource:             12441072
    i                0.74584
   td          4     0.00024
   td         42     0.00011
   td       7681     0.00144
   td    9522739     1.26125
    e                0.07080
   bu   19741889     1.29144
   bu    5137920     0.79487
   bu     546423     0.55483
    c                0.05709
   td      53310     0.21534
   td       5386     0.01777
   td        630     0.00174
   td         83     0.00027
   td         21     0.00009
   td          6     0.00007
   td          2     0.00006
   td          1     0.00006
   td          0     0.00005
Trial Time:          5.26640
Source:             54488257
    i                0.29442
   td         32     0.00014
   td      24227     0.00154
   td    6875028     0.44400
    e                0.07811
   bu   21970215     1.27749
   bu    5456171     0.75903
   bu     624096     0.56884
    c                0.06368
   td      59373     0.07915
   td       6118     0.00591
   td        758     0.00064
   td         91     0.00014
   td         18     0.00007
   td          6     0.00007
   td          2     0.00007
   td          1     0.00006
   td          0     0.00005
Trial Time:          3.76600
Source:             25451915
    i                0.28170
   td          3     0.00007
   td        222     0.00007
   td      94800     0.00222
    e                0.00112
   bu   15454589     1.89889
   bu   15957912     0.98341
   bu    3146577     0.59966
    c                0.07344
   td     324024     0.28280
   td      33935     0.03138
   td       3592     0.00256
   td        399     0.00031
   td         57     0.00009
   td         17     0.00007
   td          6     0.00007
   td          2     0.00006
   td          1     0.00006
   td          0     0.00006
Trial Time:          4.30239
Source:             57714473
    i                0.29158
   td         24     0.00008
   td      13034     0.00051
   td    3169849     0.16796
    e                0.02790
   bu   23704084     1.37337
   bu    7182010     0.72945
   bu     855918     0.49112
    c                0.05313
   td      81493     0.04898
   td       8573     0.01011
   td        995     0.00083
   td        124     0.00014
   td         23     0.00006
   td          6     0.00006
   td          2     0.00007
   td          1     0.00006
   td          0     0.00005
Trial Time:          3.33535
Source:             14839494
    i                0.29789
   td          5     0.00008
   td    1885250     0.05344
    e                0.01357
   bu   21194882     1.47110
   bu   10398773     0.82170
   bu    1384941     0.52647
    c                0.05429
   td     136816     0.07929
   td      13734     0.01451
   td       1509     0.00116
   td        181     0.00020
   td         32     0.00008
   td         10     0.00006
   td          2     0.00005
   td          1     0.00006
   td          0     0.00006
Trial Time:          3.48301
Source:             32081104
    i                0.28844
   td          5     0.00008
   td        163     0.00008
   td    2460062     0.06819
    e                0.02169
   bu   21933100     1.45500
   bu    9298798     0.76258
   bu    1192922     0.52327
    c                0.05276
   td     117675     0.07148
   td      11885     0.01025
   td       1320     0.00101
   td        164     0.00016
   td         32     0.00007
   td          7     0.00006
   td          2     0.00005
   td          1     0.00006
   td          0     0.00006
Trial Time:          3.42352
Source:             52957357
    i                0.27607
   td          9     0.00007
   td        238     0.00007
   td     174513     0.00427
    e                0.00196
   bu   17376288     1.73590
   bu   14634721     0.95361
   bu    2552152     0.58277
    c                0.06732
   td     248636     0.15375
   td      26477     0.02033
   td       2737     0.00210
   td        300     0.00032
   td         44     0.00009
   td         12     0.00007
   td          6     0.00006
   td          2     0.00006
   td          1     0.00006
   td          0     0.00006
Trial TSource:             12441072
    i                0.45253
   td          4     0.00049
   td         42     0.00012
   td       7681     0.00172
   td    9522739     1.46401
    e                0.08958
   bu   19741889     1.34168
   bu    5137920     0.84068
   bu     546423     0.59542
    c                0.06251
   td      53310     0.23696
   td       5386     0.01897
   td        630     0.00187
   td         83     0.00026
   td         21     0.00008
   td          6     0.00005
   td          2     0.00008
   td          1     0.00007
   td          0     0.00006
Trial Time:          5.36339
Source:             54488257
    i                0.34177
   td         32     0.00011
   td      24227     0.00257
   td    6875028     0.55072
    e                0.06300
   bu   21970215     1.28558
   bu    5456171     0.76996
   bu     624096     0.53592
    c                0.05197
   td      59373     0.09223
   td       6118     0.00609
   td        758     0.00067
   td         91     0.00013
   td         18     0.00007
   td          6     0.00006
   td          2     0.00006
   td          1     0.00006
   td          0     0.00006
Trial Time:          3.88386
Source:             25451915
    i                0.27821
   td          3     0.00008
   td        222     0.00006
   td      94800     0.00241
    e                0.00184
   bu   15454589     1.93878
   bu   15957912     1.03700
   bu    3146577     0.61334
    c                0.07337
   td     324024     0.28810
   td      33935     0.03444
   td       3592     0.00291
   td        399     0.00037
   td         57     0.00011
   td         17     0.00006
   td          6     0.00007
   td          2     0.00006
   td          1     0.00006
   td          0     0.00006
Trial Time:          4.42584
Source:             57714473
    i                0.28888
   td         24     0.00010
   td      13034     0.00065
   td    3169849     0.15793
    e                0.03622
   bu   23704084     1.33132
   bu    7182010     0.73436
   bu     855918     0.53037
    c                0.05344
   td      81493     0.05219
   td       8573     0.00881
   td        995     0.00081
   td        124     0.00014
   td         23     0.00007
   td          6     0.00006
   td          2     0.00005
   td          1     0.00005
   td          0     0.00006
Trial Time:          3.34339
Source:             14839494
    i                0.27866
   td          5     0.00008
   td    1885250     0.05512
    e                0.01881
   bu   21194882     1.50313
   bu   10398773     0.88104
   bu    1384941     0.54655
    c                0.05813
   td     136816     0.09182
   td      13734     0.01249
   td       1509     0.00117
   td        181     0.00020
   td         32     0.00008
   td         10     0.00006
   td          2     0.00007
   td          1     0.00006
   td          0     0.00006
Trial Time:          3.60950
Source:             32081104
    i                0.28251
   td          5     0.00009
   td        163     0.00008
   td    2460062     0.07224
    e                0.02590
   bu   21933100     1.45026
   bu    9298798     0.82025
   bu    1192922     0.52205
    c                0.05562
   td     117675     0.08951
   td      11885     0.01100
   td       1320     0.00108
   td        164     0.00015
   td         32     0.00009
   td          7     0.00006
   td          2     0.00006
   td          1     0.00004
   td          0     0.00008
Trial Time:          3.47291
Source:             52957357
    i                0.28802
   td          9     0.00010
   td        238     0.00007
   td     174513     0.00469
    e                0.00198
   bu   17376288     1.75824
   bu   14634721     0.95583
   bu    2552152     0.56216
    c                0.06932
   td     248636     0.16261
   td      26477     0.02664
   td       2737     0.00204
   td        300     0.00026
   td         44     0.00008
   td         12     0.00006
   td          6     0.00004
   td          2     0.00008
   td          1     0.00005
   td          0     0.00006
Trial T