--------------------------------------------------------------------------------

       10                                  
  1   0101       ************************  
  01  1010 10      The Cactus Code V4.2.1    
 1010 1101 011      www.cactuscode.org     
  1001 100101    ************************  
    00010101                               
     100011     (c) Copyright The Authors  
      0100      GNU Licensed. No Warranty  
      0101                                 
--------------------------------------------------------------------------------

Cactus version:    4.2.1
Parameter file:    spec_ref.par
--------------------------------------------------------------------------------

Activating thorn Cactus...Success -> active implementation Cactus
Activation requested for 
--->PUGH PUGHInterp PUGHReduce PUGHSlab Boundary CartGrid3D CoordBase LocalReduce SymBase ADMBase ADMCoupling ADMMacros CoordGauge StaticConformal Time MoL ML_BSSN ML_BSSN_Helper GaugeWave IOBasic IOASCII IOUtil <---
Thorn GaugeWave requests automatic activation of GenericFD
Activating thorn ADMBase...Success -> active implementation ADMBase
Activating thorn ADMCoupling...Success -> active implementation ADMCoupling
Activating thorn ADMMacros...Success -> active implementation ADMMacros
Activating thorn Boundary...Success -> active implementation boundary
Activating thorn CartGrid3D...Success -> active implementation grid
Activating thorn CoordBase...Success -> active implementation CoordBase
Activating thorn CoordGauge...Success -> active implementation CoordGauge
Activating thorn GaugeWave...Success -> active implementation GaugeWave
Activating thorn GenericFD...Success -> active implementation GenericFD
Activating thorn IOASCII...Success -> active implementation IOASCII
Activating thorn IOBasic...Success -> active implementation IOBasic
Activating thorn IOUtil...Success -> active implementation IO
Activating thorn LocalReduce...Success -> active implementation LocalReduce
Activating thorn ML_BSSN...Success -> active implementation ML_BSSN
Activating thorn ML_BSSN_Helper...Success -> active implementation ML_BSSN_Helper
Activating thorn MoL...Success -> active implementation MethodOfLines
Activating thorn PUGH...Success -> active implementation Driver
Activating thorn PUGHInterp...Success -> active implementation Interp
Activating thorn PUGHReduce...Success -> active implementation Reduce
Activating thorn PUGHSlab...Success -> active implementation Hyperslab
Activating thorn StaticConformal...Success -> active implementation StaticConformal
Activating thorn SymBase...Success -> active implementation SymBase
Activating thorn Time...Success -> active implementation time
INFO (PUGH): Using physical to logical mappings: direct
INFO (PUGH): Using topology generator: automatic
--------------------------------------------------------------------------------
GaugeWave
--------------------------------------------------------------------------------
Driver provided by PUGH
--------------------------------------------------------------------------------
ML_BSSN
--------------------------------------------------------------------------------
MoL: Generalized time integration.
--------------------------------------------------------------------------------

INFO (PUGH): Not setting up a topology for 1 dimensions
INFO (PUGH): Not setting up a topology for 2 dimensions
INFO (PUGH): Setting up a topology for 3 dimensions
INFO (IOASCII): I/O Method 'IOASCII_1D' registered: output of 1D lines of grid functions/arrays to ASCII files
INFO (IOASCII): Periodic 1D output every 1 iterations
INFO (IOASCII): Periodic 1D output requested for 'ADMBASE::gxx', 'ADMBASE::gxy'
INFO (IOASCII): I/O Method 'IOASCII_2D' registered: output of 2D planes of grid functions/arrays to ASCII files
INFO (IOASCII): Periodic 2D output turned off
INFO (IOASCII): I/O Method 'IOASCII_3D' registered: output of 3D grid functions/arrays to ASCII files
INFO (IOASCII): Periodic 3D output turned off
INFO (IOBasic): I/O Method 'Scalar' registered: output of scalar quantities (grid scalars, reduct