
COMP: "/usr/bin/gcc   -m64   -std=c11 -c -o options.o -DSPEC -DNDEBUG -I.  -g -O2 -fopt-info           -fopenmp -DSPEC_OPENMP    -DSPEC_LP64  <source>"
C: CC="/usr/bin/gcc   -m64   -std=c11"
C: COBJOPT="-c -o options"
P: CPUFLAGS="-DSPEC -DNDEBUG"
P: BENCH_FLAGS="-I."
P: BENCH_CFLAGS=""
O: OPTIMIZE="-g -O2 -fopt-info"
O: COPTIMIZE=""
P: PORTABILITY=""
P: CPORTABILITY=""
O: EXTRA_CFLAGS=""
O: EXTRA_OPTIMIZE="-fopenmp -DSPEC_OPENMP"
O: EXTRA_COPTIMIZE=""
P: EXTRA_PORTABILITY="-DSPEC_LP64"
P: EXTRA_CPORTABILITY=""
LINK: "/usr/bin/gcc   -m64   -std=c11      -g -O2 -fopt-info        -fopenmp -DSPEC_OPENMP  <objects>   -lm       -L/scale/cal1/home/ybmoon/research/numa_autofdo/maphea_open/install/lib -lmemkind -L/scale/cal1/home/ybmoon/research/numa_autofdo/maphea_open/install/lib -lmaphea   -o options  "
C: LD="/usr/bin/gcc   -m64   -std=c11"
O: OPTIMIZE="-g -O2 -fopt-info"
O: EXTRA_OPTIMIZE="-fopenmp -DSPEC_OPENMP"
C: MATH_LIBS="-lm"
C: LDOPTIONS="-L/scale/cal1/home/ybmoon/research/numa_autofdo/maphea_open/install/lib -lmemkind -L/scale/cal1/home/ybmoon/research/numa_autofdo/maphea_open/install/lib -lmaphea "
C: LDOUT="-o options"
