
COMP: "/usr/bin/g++-7   -m64 -c -o options.o -DSPEC -DNDEBUG  -Iinclude -DCCODE -DCCTK_DISABLE_RESTRICT=1 -g -O2 -fopt-info       -fopenmp -DSPEC_OPENMP  -DSPEC_LP64  <source>"
C: CXXC="/usr/bin/g++-7   -m64"
C: CXXOBJOPT="-c -o options"
P: CPUFLAGS="-DSPEC -DNDEBUG"
P: BENCH_FLAGS=""
P: BENCH_CXXFLAGS="-Iinclude -DCCODE -DCCTK_DISABLE_RESTRICT=1"
O: OPTIMIZE="-g -O2 -fopt-info"
O: CXXOPTIMIZE=""
P: PORTABILITY=""
P: CXXPORTABILITY=""
O: EXTRA_CXXFLAGS=""
O: EXTRA_OPTIMIZE="-fopenmp -DSPEC_OPENMP"
O: EXTRA_CXXOPTIMIZE=""
P: EXTRA_PORTABILITY="-DSPEC_LP64"
P: EXTRA_CXXPORTABILITY=""
COMP: "/usr/bin/gcc-7   -m64   -std=c11 -c -o options.o -DSPEC -DNDEBUG  -Iinclude -DCCODE -g -O2 -fopt-info           -fopenmp -DSPEC_OPENMP    -DSPEC_LP64  <source>"
C: CC="/usr/bin/gcc-7   -m64   -std=c11"
C: COBJOPT="-c -o options"
P: CPUFLAGS="-DSPEC -DNDEBUG"
P: BENCH_FLAGS=""
P: BENCH_CFLAGS="-Iinclude -DCCODE"
O: OPTIMIZE="-g -O2 -fopt-info"
O: COPTIMIZE=""
P: PORTABILITY=""
P: CPORTABILITY=""
O: EXTRA_CFLAGS=""
O: EXTRA_OPTIMIZE="-fopenmp -DSPEC_OPENMP"
O: EXTRA_COPTIMIZE=""
P: EXTRA_PORTABILITY="-DSPEC_LP64"
P: EXTRA_CPORTABILITY=""
COMP: "/usr/bin/gfortran-7    -m64 -c -o options.o -Iinclude -g -O2 -fopt-info -fopenmp <source>"
C: FC="/usr/bin/gfortran-7    -m64"
C: FOBJOPT="-c -o options"
P: CPUFLAGS="-DSPEC -DNDEBUG"
P: BENCH_FLAGS=""
P: BENCH_FFLAGS="-Iinclude -DFCODE"
O: OPTIMIZE="-g -O2 -fopt-info"
O: FOPTIMIZE=""
P: PORTABILITY=""
P: FPORTABILITY=""
O: EXTRA_FFLAGS=""
O: EXTRA_OPTIMIZE="-fopenmp -DSPEC_OPENMP"
O: EXTRA_FOPTIMIZE=""
P: EXTRA_PORTABILITY="-DSPEC_LP64"
P: EXTRA_FPORTABILITY=""
LINK: "/usr/bin/g++-7   -m64      -g -O2 -fopt-info        -fopenmp -DSPEC_OPENMP  <objects>            -o options  "
C: LD="/usr/bin/g++-7   -m64"
O: OPTIMIZE="-g -O2 -fopt-info"
O: EXTRA_OPTIMIZE="-fopenmp -DSPEC_OPENMP"
C: LDOUT="-o options"
