Read Time:           165.44917
Graph has 61578415 nodes and 1468364884 directed edges for degree: 23
Read Time:           165.44879
Graph has 61578415 nodes and 1468364884 directed edges for degree: 23
Read Time:           165.45436
Graph has 61578415 nodes and 1468364884 directed edges for degree: 23
Read Time:           165.45906
Graph has 61578415 nodes and 1468364884 directed edges for degree: 23
Read Time:           165.45964
Graph has 61578415 nodes and 1468364884 directed edges for degree: 23
Read Time:           165.46326
Graph has 61578415 nodes and 1468364884 directed edges for degree: 23
Read Time:           165.46976
Graph has 61578415 nodes and 1468364884 directed edges for degree: 23
Read Time:           165.47010
Graph has 61578415 nodes and 1468364884 directed edges for degree: 23
  0    1.145533
  1    0.555255
  2    0.298512
  3    0.156228
  4    0.081764
  5    0.044526
  6    0.023933
  7    0.013743
  8    0.007795
  9    0.004796
 10    0.002932
 11    0.001895
 12    0.001223
 13    0.000806
 14    0.000537
 15    0.000370
 16    0.000268
 17    0.000208
 18    0.000169
 19    0.000141
 20    0.000118
 21    0.000099
Trial Time:          278.72679
  0    1.145533
  1    0.555255
  2    0.298512
  3    0.156228
  4    0.081764
  5    0.044526
  6    0.023933
  7    0.013743
  8    0.007795
  9    0.004796
 10    0.002932
 11    0.001895
 12    0.001223
 13    0.000806
 14    0.000537
 15    0.000370
 16    0.000268
 17    0.000208
 18    0.000169
 19    0.000141
 20    0.000118
 21    0.000099
Trial Time:          291.20544
  0    1.145533
  1    0.555255
  2    0.298512
  3    0.156228
  4    0.081764
  5    0.044526
  6    0.023933
  7    0.013743
  8    0.007795
  9    0.004796
 10    0.002932
 11    0.001895
 12    0.001223
 13    0.000806
 14    0.000537
 15    0.000370
 16    0.000268
 17    0.000208
 18    0.000169
 19    0.000141
 20    0.000118
 21    0.000099
Trial Time:          378.46328
  0    1.145533
  1    0.555255
  2    0.298512
  3    0.156228
  4    0.081764
  5    0.044526
  6    0.023933
  7    0.013743
  8    0.007795
  9    0.004796
 10    0.002932
 11    0.001895
 12    0.001223
 13    0.000806
 14    0.000537
 15    0.000370
 16    0.000268
 17    0.000208
 18    0.000169
 19    0.000141
 20    0.000118
 21    0.000099
Trial Time:          254.34907
  0    1.145533
  1    0.555255
  2    0.298512
  3    0.156228
  4    0.081764
  5    0.044526
  6    0.023933
  7    0.013743
  8    0.007795
  9    0.004796
 10    0.002932
 11    0.001895
 12    0.001223
 13    0.000806
 14    0.000537
 15    0.000370
 16    0.000268
 17    0.000208
 18    0.000169
 19    0.000141
 20    0.000118
 21    0.000099
Trial Time:          366.31400
  0    1.145533
  1    0.555255
  2    0.298512
  3    0.156228
  4    0.081764
  5    0.044526
  6    0.023933
  7    0.013743
  8    0.007795
  9    0.004796
 10    0.002932
 11    0.001895
 12    0.001223
 13    0.000806
 14    0.000537
 15    0.000370
 16    0.000268
 17    0.000208
 18    0.000169
 19    0.000141
 20    0.000118
 21    0.000099
Trial Time:          740.98349
  0    1.145533
  1    0.555255
  2    0.298512
  3    0.156228
  4    0.081764
  5    0.044526
  6    0.023933
  7    0.013743
  8    0.007795
  9    0.004796
 10    0.002932
 11    0.001895
 12    0.001223
 13    0.000806
 14    0.000537
 15    0.000370
 16    0.000268
 17    0.000208
 18    0.000169
 19    0.000141
 20    0.000118
 21    0.000099
Trial Time:          755.62168
  0    1.145533
  1    0.555255
  2    0.298512
  3    0.156228
  4    0.081764
  5    0.044526
  6    0.023933
  7    0.013743
  8    0.007795
  9    0.004796
 10    0.002932
 11    0.001895
 12    0.001223
 13    0.000806
 14    0.000537
 15    0.000370
 16    0.000268
 17    0.000208
 18    0.000169
 19    0.000141
 20    0.000118
 21    0.000099
Trial Time:          265.31807
  0    1.145533
  1    0.555255
  2    0.298512
  3    0.156228
  4    0.081764
  5    0.044526
  6    0.023933
  7    0.013743
  8    0.007795
  9    0.004796
 10    0.002932
 11    0.001895
 12    0.001223
 13    0.000806
 14    0.000537
 15    0.000370
 16    0.000268
 17    0.000208
 18    0.000169
 19    0.000141
 20    0.000118
 21    0.000099
Trial Time:          234.68491
  0    1.145533
  1    0.555255
  2    0.298512
  3    0.156228
  4    0.081764
  5    0.044526
  6    0.023933
  7    0.013743
  8    0.007795
  9    0.004796
 10    0.002932
 11    0.001895
 12    0.001223
 13    0.000806
 14    0.000537
 15    0.000370
 16    0.000268
 17    0.000208
 18    0.000169
 19    0.000141
 20    0.000118
 21    0.000099
Trial Time:          320.19555
  0    1.145533
  1    0.555255
  2    0.298512
  3    0.156228
  4    0.081764
  5    0.044526
  6    0.023933
  7    0.013743
  8    0.007795
  9    0.004796
 10    0.002932
 11    0.001895
 12    0.001223
 13    0.000806
 14    0.000537
 15    0.000370
 16    0.0  0    1.145533
  1    0.555255
  2    0.298512
  3    0.156228
  4    0.081764
  5    0.044526
  6    0.023933
  7    0.013743
  8    0.007795
  9    0.004796
 10    0.002932
 11    0.001895
 12    0.001223
 13    0.000806
 14    0.000537
 15    0.000370
 16    0.000268
 17    0.000208
 18    0.000169
 19    0.000141
 20    0.000118
 21    0.000099
Trial Time:          286.11169
  0    1.145533
  1    0.555255
  2    0.298512
  3    0.156228
  4    0.081764
  5    0.044526
  6    0.023933
  7    0.013743
  8    0.007795
  9    0.004796
 10    0.002932
 11    0.001895
 12    0.001223
 13    0.000806
 14    0.000537
 15    0.000370
 16    0.000268
 17    0.000208
 18    0.000169
 19    0.000141
 20    0.000118
 21    0.000099
Trial Time:          337.78433
  0    1.145533
  1    0.555255
  2    0.298512
  3    0.156228
  4    0.081764
  5    0.044526
  6    0.023933
  7    0.013743
  8    0.007795
  9    0.004796
 10    0.002932
 11    0.001895
 12    0.001223
 13    0.000806
 14    0.000537
 15    0.000370
 16    0.000268
 17    0.000208
 18    0.000169
 19    0.000141
 20    0.000118
 21    0.000099
Trial Time:          403.94096
  0    1.145533
  1    0.555255
  2    0.298512
  3    0.156228
  4    0.081764
  5    0.044526
  6    0.023933
  7    0.013743
  8    0.007795
  9    0.004796
 10    0.002932
 11    0.001895
 12    0.001223
 13    0.000806
 14    0.000537
 15    0.000370
 16    0.000268
 17    0.000208
 18    0.000169
 19    0.000141
 20    0.000118
 21    0.000099
Trial Time:          261.89971
  0    1.145533
  1    0.555255
  2    0.298512
  3    0.156228
  4    0.081764
  5    0.044526
  6    0.023933
  7    0.013743
  8    0.007795
  9    0.004796
 10    0.002932
 11    0.001895
 12    0.001223
 13    0.000806
 14    0.000537
 15    0.000370
 16    0.000268
 17    0.000208
 18    0.000169
 19    0.000141
 20    0.000118
 21    0.000099
Trial Time:          207.23125
  0    1.145533
  1    0.555255
  2    0.298512
  3    0.156228
  4    0.081764
  5    0.044526
  6    0.023933
  7    0.013743
  8    0.007795
  9    0.004796
 10    0.002932
 11    0.001895
 12    0.001223
 13    0.000806
 14    0.000537
 15    0.000370
 16    0.000268
 17    0.000208
 18    0.000169
 19    0.000141
 20    0.000118
 21    0.000099
Trial Time:          665.62769
  0    1.145533
  1    0.555255
  2    0.298512
  3    0.156228
  4    0.081764
  5    0.044526
  6    0.023933
  7    0.013743
  8    0.007795
  9    0.004796
 10    0.002932
 11    0.001895
 12    0.001223
 13    0.000806
 14    0.000537
 15    0.000370
 16    0.000268
 17    0.000208
 18    0.000169
 19    0.000141
 20    0.000118
 21    0.000099
Trial Time:          647.26611
  0    1.145533
  1    0.555255
  2    0.298512
  3    0.156228
  4    0.081764
  5    0.044526
  6    0.023933
  7    0.013743
  8    0.007795
  9    0.004796
 10    0.002932
 11    0.001895
 12    0.001223
 13    0.000806
 14    0.000537
 15    0.000370
 16    0.000268
 17    0.000208
 18    0.000169
 19    0.000141
 20    0.000118
 21    0.000099
Trial Time:          365.61489
  0    1.145533
  1    0.555255
  2    0.298512
  3    0.156228
  4    0.081764
  5    0.044526
  6    0.023933
  7    0.013743
  8    0.007795
  9    0.004796
 10    0.002932
 11    0.001895
 12    0.001223
 13    0.000806
 14    0.000537
 15    0.000370
 16    0.000268
 17    0.000208
 18    0.000169
 19    0.000141
 20    0.000118
 21    0.000099
Trial Time:          365.20757
  0    1.145533
  1    0.555255
  2    0.298512
  3    0.156228
  4    0.081764
  5    0.044526
  6    0.023933
  7    0.013743
  8    0.007795
  9    0.004796
 10    0.002932
 11    0.001895
 12    0.001223
 13    0.000806
 14    0.000537
 15    0.000370
 16    0.000268
 17    0.000208
 18    0.000169
 19    0.000141
 20    0.000118
 21    0.000099
Trial Time:          280.55454
  0    1.145533
  1    0.555255
  2    0.298512
  3    0.156228
  4    0.081764
  5    0.044526
  6    0.023933
  7    0.013743
  8    0.007795
  9    0.004796
 10    0.002932
 11    0.001895
 12    0.001223
 13    0.000806
 14    0.000537
 15    0.000370
 16    0.0  0    1.145533
  1    0.555255
  2    0.298512
  3    0.156228
  4    0.081764
  5    0.044526
  6    0.023933
  7    0.013743
  8    0.007795
  9    0.004796
 10    0.002932
 11    0.001895
 12    0.001223
 13    0.000806
 14    0.000537
 15    0.000370
 16    0.000268
 17    0.000208
 18    0.000169
 19    0.000141
 20    0.000118
 21    0.000099
Trial Time:          288.39792
  0    1.145533
  1    0.555255
  2    0.298512
  3    0.156228
  4    0.081764
  5    0.044526
  6    0.023933
  7    0.013743
  8    0.007795
  9    0.004796
 10    0.002932
 11    0.001895
 12    0.001223
 13    0.000806
 14    0.000537
 15    0.000370
 16    0.000268
 17    0.000208
 18    0.000169
 19    0.000141
 20    0.000118
 21    0.000099
Trial Time:          371.89787
  0    1.145533
  1    0.555255
  2    0.298512
  3    0.156228
  4    0.081764
  5    0.044526
  6    0.023933
  7    0.013743
  8    0.007795
  9    0.004796
 10    0.002932
 11    0.001895
 12    0.001223
 13    0.000806
 14    0.000537
 15    0.000370
 16    0.000268
 17    0.000208
 18    0.000169
 19    0.000141
 20    0.000118
 21    0.000099
Trial Time:          391.28059
  0    1.145533
  1    0.555255
  2    0.298512
  3    0.156228
  4    0.081764
  5    0.044526
  6    0.023933
  7    0.013743
  8    0.007795
  9    0.004796
 10    0.002932
 11    0.001895
 12    0.001223
 13    0.000806
 14    0.000537
 15    0.000370
 16    0.000268
 17    0.000208
 18    0.000169
 19    0.000141
 20    0.000118
 21    0.000099
Trial Time:          529.34104
  0    1.145533
  1    0.555255
  2    0.298512
  3    0.156228
  4    0.081764
  5    0.044526
  6    0.023933
  7    0.013743
  8    0.007795
  9    0.004796
 10    0.002932
 11    0.001895
 12    0.001223
 13    0.000806
 14    0.000537
 15    0.000370
 16    0.000268
 17    0.000208
 18    0.000169
 19    0.000141
 20    0.000118
 21    0.000099
Trial Time:          461.59024
  0    1.145533
  1    0.555255
  2    0.298512
  3    0.156228
  4    0.081764
  5    0.044526
  6    0.023933
  7    0.013743
  8    0.007795
  9    0.004796
 10    0.002932
 11    0.001895
 12    0.001223
 13    0.000806
 14    0.000537
 15    0.000370
 16    0.000268
 17    0.000208
 18    0.000169
 19    0.000141
 20    0.000118
 21    0.000099
Trial Time:          509.06545
  0    1.145533
  1    0.555255
  2    0.298512
  3    0.156228
  4    0.081764
  5    0.044526
  6    0.023933
  7    0.013743
  8    0.007795
  9    0.004796
 10    0.002932
 11    0.001895
 12    0.001223
 13    0.000806
 14    0.000537
 15    0.000370
 16    0.000268
 17    0.000208
 18    0.000169
 19    0.000141
 20    0.000118
 21    0.000099
Trial Time:          328.52199
  0    1.145533
  1    0.555255
  2    0.298512
  3    0.156228
  4    0.081764
  5    0.044526
  6    0.023933
  7    0.013743
  8    0.007795
  9    0.004796
 10    0.002932
 11    0.001895
 12    0.001223
 13    0.000806
 14    0.000537
 15    0.000370
 16    0.000268
 17    0.000208
 18    0.000169
 19    0.000141
 20    0.000118
 21    0.000099
Trial Time:          250.90681
  0    1.145533
  1    0.555255
  2    0.298512
  3    0.156228
  4    0.081764
  5    0.044526
  6    0.023933
  7    0.013743
  8    0.007795
  9    0.004796
 10    0.002932
 11    0.001895
 12    0.001223
 13    0.000806
 14    0.000537
 15    0.000370
 16    0.000268
 17    0.000208
 18    0.000169
 19    0.000141
 20    0.000118
 21    0.000099
Trial Time:          659.14051
  0    1.145533
  1    0.555255
  2    0.298512
  3    0.156228
  4    0.081764
  5    0.044526
  6    0.023933
  7    0.013743
  8    0.007795
  9    0.004796
 10    0.002932
 11    0.001895
 12    0.001223
 13    0.000806
 14    0.000537
 15    0.000370
 16    0.000268
 17    0.000208
 18    0.000169
 19    0.000141
 20    0.000118
 21    0.000099
Trial Time:          356.40236
  0    1.145533
  1    0.555255
  2    0.298512
  3    0.156228
  4    0.081764
  5    0.044526
  6    0.023933
  7    0.013743
  8    0.007795
  9    0.004796
 10    0.002932
 11    0.001895
 12    0.001223
 13    0.000806
 14    0.000537
 15    0.000370
 16    0.0  0    1.145533
  1    0.555255
  2    0.298512
  3    0.156228
  4    0.081764
  5    0.044526
  6    0.023933
  7    0.013743
  8    0.007795
  9    0.004796
 10    0.002932
 11    0.001895
 12    0.001223
 13    0.000806
 14    0.000537
 15    0.000370
 16    0.000268
 17    0.000208
 18    0.000169
 19    0.000141
 20    0.000118
 21    0.000099
Trial Time:          286.23191
  0    1.145533
  1    0.555255
  2    0.298512
  3    0.156228
  4    0.081764
  5    0.044526
  6    0.023933
  7    0.013743
  8    0.007795
  9    0.004796
 10    0.002932
 11    0.001895
 12    0.001223
 13    0.000806
 14    0.000537
 15    0.000370
 16    0.000268
 17    0.000208
 18    0.000169
 19    0.000141
 20    0.000118
 21    0.000099
Trial Time:          617.96629
  0    1.145533
  1    0.555255
  2    0.298512
  3    0.156228
  4    0.081764
  5    0.044526
  6    0.023933
  7    0.013743
  8    0.007795
  9    0.004796
 10    0.002932
 11    0.001895
 12    0.001223
 13    0.000806
 14    0.000537
 15    0.000370
 16    0.000268
 17    0.000208
 18    0.000169
 19    0.000141
 20    0.000118
 21    0.000099
Trial Time:          940.93905
  0    1.145533
  1    0.555255
  2    0.298512
  3    0.156228
  4    0.081764
  5    0.044526
  6    0.023933
  7    0.013743
  8    0.007795
  9    0.004796
 10    0.002932
 11    0.001895
 12    0.001223
 13    0.000806
 14    0.000537
 15    0.000370
 16    0.000268
 17    0.000208
 18    0.000169
 19    0.000141
 20    0.000118
 21    0.000099
Trial Time:          296.51280
  0    1.145533
  1    0.555255
  2    0.298512
  3    0.156228
  4    0.081764
  5    0.044526
  6    0.023933
  7    0.013743
  8    0.007795
  9    0.004796
 10    0.002932
 11    0.001895
 12    0.001223
 13    0.000806
 14    0.000537
 15    0.000370
 16    0.000268
 17    0.000208
 18    0.000169
 19    0.000141
 20    0.000118
 21    0.000099
Trial Time:          450.77858
  0    1.145533
  1    0.555255
  2    0.298512
  3    0.156228
  4    0.081764
  5    0.044526
  6    0.023933
  7    0.013743
  8    0.007795
  9    0.004796
 10    0.002932
 11    0.001895
 12    0.001223
 13    0.000806
 14    0.000537
 15    0.000370
 16    0.000268
 17    0.000208
 18    0.000169
 19    0.000141
 20    0.000118
 21    0.000099
Trial Time:          489.85995
  0    1.145533
  1    0.555255
  2    0.298512
  3    0.156228
  4    0.081764
  5    0.044526
  6    0.023933
  7    0.013743
  8    0.007795
  9    0.004796
 10    0.002932
 11    0.001895
 12    0.001223
 13    0.000806
 14    0.000537
 15    0.000370
 16    0.000268
 17    0.000208
 18    0.000169
 19    0.000141
 20    0.000118
 21    0.000099
Trial Time:          460.72429
  0    1.145533
  1    0.555255
  2    0.298512
  3    0.156228
  4    0.081764
  5    0.044526
  6    0.023933
  7    0.013743
  8    0.007795
  9    0.004796
 10    0.002932
 11    0.001895
 12    0.001223
 13    0.000806
 14    0.000537
 15    0.000370
 16    0.000268
 17    0.000208
 18    0.000169
 19    0.000141
 20    0.000118
 21    0.000099
Trial Time:          355.78706
  0    1.145533
  1    0.555255
  2    0.298512
  3    0.156228
  4    0.081764
  5    0.044526
  6    0.023933
  7    0.013743
  8    0.007795
  9    0.004796
 10    0.002932
 11    0.001895
 12    0.001223
 13    0.000806
 14    0.000537
 15    0.000370
 16    0.000268
 17    0.000208
 18    0.000169
 19    0.000141
 20    0.000118
 21    0.000099
Trial Time:          343.75955
  0    1.145533
  1    0.555255
  2    0.298512
  3    0.156228
  4    0.081764
  5    0.044526
  6    0.023933
  7    0.013743
  8    0.007795
  9    0.004796
 10    0.002932
 11    0.001895
 12    0.001223
 13    0.000806
 14    0.000537
 15    0.000370
 16    0.000268
 17    0.000208
 18    0.000169
 19    0.000141
 20    0.000118
 21    0.000099
Trial Time:          570.08857
  0    1.145533
  1    0.555255
  2    0.298512
  3    0.156228
  4    0.081764
  5    0.044526
  6    0.023933
  7    0.013743
  8    0.007795
  9    0.004796
 10    0.002932
 11    0.001895
 12    0.001223
 13    0.000806
 14    0.000537
 15    0.000370
 16    0.0  0    1.145533
  1    0.555255
  2    0.298512
  3    0.156228
  4    0.081764
  5    0.044526
  6    0.023933
  7    0.013743
  8    0.007795
  9    0.004796
 10    0.002932
 11    0.001895
 12    0.001223
 13    0.000806
 14    0.000537
 15    0.000370
 16    0.000268
 17    0.000208
 18    0.000169
 19    0.000141
 20    0.000118
 21    0.000099
Trial Time:          290.01528
  0    1.145533
  1    0.555255
  2    0.298512
  3    0.156228
  4    0.081764
  5    0.044526
  6    0.023933
  7    0.013743
  8    0.007795
  9    0.004796
 10    0.002932
 11    0.001895
 12    0.001223
 13    0.000806
 14    0.000537
 15    0.000370
 16    0.000268
 17    0.000208
 18    0.000169
 19    0.000141
 20    0.000118
 21    0.000099
Trial Time:          421.27835
  0    1.145533
  1    0.555255
  2    0.298512
  3    0.156228
  4    0.081764
  5    0.044526
  6    0.023933
  7    0.013743
  8    0.007795
  9    0.004796
 10    0.002932
 11    0.001895
 12    0.001223
 13    0.000806
 14    0.000537
 15    0.000370
 16    0.000268
 17    0.000208
 18    0.000169
 19    0.000141
 20    0.000118
 21    0.000099
Trial Time:          353.32111
  0    1.145533
  1    0.555255
  2    0.298512
  3    0.156228
  4    0.081764
  5    0.044526
  6    0.023933
  7    0.013743
  8    0.007795
  9    0.004796
 10    0.002932
 11    0.001895
 12    0.001223
 13    0.000806
 14    0.000537
 15    0.000370
 16    0.000268
 17    0.000208
 18    0.000169
 19    0.000141
 20    0.000118
 21    0.000099
Trial Time:          906.78038
  0    1.145533
  1    0.555255
  2    0.298512
  3    0.156228
  4    0.081764
  5    0.044526
  6    0.023933
  7    0.013743
  8    0.007795
  9    0.004796
 10    0.002932
 11    0.001895
 12    0.001223
 13    0.000806
 14    0.000537
 15    0.000370
 16    0.000268
 17    0.000208
 18    0.000169
 19    0.000141
 20    0.000118
 21    0.000099
Trial Time:          303.53056
  0    1.145533
  1    0.555255
  2    0.298512
  3    0.156228
  4    0.081764
  5    0.044526
  6    0.023933
  7    0.013743
  8    0.007795
  9    0.004796
 10    0.002932
 11    0.001895
 12    0.001223
 13    0.000806
 14    0.000537
 15    0.000370
 16    0.000268
 17    0.000208
 18    0.000169
 19    0.000141
 20    0.000118
 21    0.000099
Trial Time:          374.76396
  0    1.145533
  1    0.555255
  2    0.298512
  3    0.156228
  4    0.081764
  5    0.044526
  6    0.023933
  7    0.013743
  8    0.007795
  9    0.004796
 10    0.002932
 11    0.001895
 12    0.001223
 13    0.000806
 14    0.000537
 15    0.000370
 16    0.000268
 17    0.000208
 18    0.000169
 19    0.000141
 20    0.000118
 21    0.000099
Trial Time:          538.98776
  0    1.145533
  1    0.555255
  2    0.298512
  3    0.156228
  4    0.081764
  5    0.044526
  6    0.023933
  7    0.013743
  8    0.007795
  9    0.004796
 10    0.002932
 11    0.001895
 12    0.001223
 13    0.000806
 14    0.000537
 15    0.000370
 16    0.000268
 17    0.000208
 18    0.000169
 19    0.000141
 20    0.000118
 21    0.000099
Trial Time:          410.10180
  0    1.145533
  1    0.555255
  2    0.298512
  3    0.156228
  4    0.081764
  5    0.044526
  6    0.023933
  7    0.013743
  8    0.007795
  9    0.004796
 10    0.002932
 11    0.001895
 12    0.001223
 13    0.000806
 14    0.000537
 15    0.000370
 16    0.000268
 17    0.000208
 18    0.000169
 19    0.000141
 20    0.000118
 21    0.000099
Trial Time:          259.76193
  0    1.145533
  1    0.555255
  2    0.298512
  3    0.156228
  4    0.081764
  5    0.044526
  6    0.023933
  7    0.013743
  8    0.007795
  9    0.004796
 10    0.002932
 11    0.001895
 12    0.001223
 13    0.000806
 14    0.000537
 15    0.000370
 16    0.000268
 17    0.000208
 18    0.000169
 19    0.000141
 20    0.000118
 21    0.000099
Trial Time:          557.04986
  0    1.145533
  1    0.555255
  2    0.298512
  3    0.156228
  4    0.081764
  5    0.044526
  6    0.023933
  7    0.013743
  8    0.007795
  9    0.004796
 10    0.002932
 11    0.001895
 12    0.001223
 13    0.000806
 14    0.000537
 15    0.000370
 16    0.0  0    1.145533
  1    0.555255
  2    0.298512
  3    0.156228
  4    0.081764
  5    0.044526
  6    0.023933
  7    0.013743
  8    0.007795
  9    0.004796
 10    0.002932
 11    0.001895
 12    0.001223
 13    0.000806
 14    0.000537
 15    0.000370
 16    0.000268
 17    0.000208
 18    0.000169
 19    0.000141
 20    0.000118
 21    0.000099
Trial Time:          284.05376
  0    1.145533
  1    0.555255
  2    0.298512
  3    0.156228
  4    0.081764
  5    0.044526
  6    0.023933
  7    0.013743
  8    0.007795
  9    0.004796
 10    0.002932
 11    0.001895
 12    0.001223
 13    0.000806
 14    0.000537
 15    0.000370
 16    0.000268
 17    0.000208
 18    0.000169
 19    0.000141
 20    0.000118
 21    0.000099
Trial Time:          410.38620
  0    1.145533
  1    0.555255
  2    0.298512
  3    0.156228
  4    0.081764
  5    0.044526
  6    0.023933
  7    0.013743
  8    0.007795
  9    0.004796
 10    0.002932
 11    0.001895
 12    0.001223
 13    0.000806
 14    0.000537
 15    0.000370
 16    0.000268
 17    0.000208
 18    0.000169
 19    0.000141
 20    0.000118
 21    0.000099
Trial Time:          365.21904
  0    1.145533
  1    0.555255
  2    0.298512
  3    0.156228
  4    0.081764
  5    0.044526
  6    0.023933
  7    0.013743
  8    0.007795
  9    0.004796
 10    0.002932
 11    0.001895
 12    0.001223
 13    0.000806
 14    0.000537
 15    0.000370
 16    0.000268
 17    0.000208
 18    0.000169
 19    0.000141
 20    0.000118
 21    0.000099
Trial Time:          308.13781
  0    1.145533
  1    0.555255
  2    0.298512
  3    0.156228
  4    0.081764
  5    0.044526
  6    0.023933
  7    0.013743
  8    0.007795
  9    0.004796
 10    0.002932
 11    0.001895
 12    0.001223
 13    0.000806
 14    0.000537
 15    0.000370
 16    0.000268
 17    0.000208
 18    0.000169
 19    0.000141
 20    0.000118
 21    0.000099
Trial Time:          397.28938
  0    1.145533
  1    0.555255
  2    0.298512
  3    0.156228
  4    0.081764
  5    0.044526
  6    0.023933
  7    0.013743
  8    0.007795
  9    0.004796
 10    0.002932
 11    0.001895
 12    0.001223
 13    0.000806
 14    0.000537
 15    0.000370
 16    0.000268
 17    0.000208
 18    0.000169
 19    0.000141
 20    0.000118
 21    0.000099
Trial Time:          391.69815
  0    1.145533
  1    0.555255
  2    0.298512
  3    0.156228
  4    0.081764
  5    0.044526
  6    0.023933
  7    0.013743
  8    0.007795
  9    0.004796
 10    0.002932
 11    0.001895
 12    0.001223
 13    0.000806
 14    0.000537
 15    0.000370
 16    0.000268
 17    0.000208
 18    0.000169
 19    0.000141
 20    0.000118
 21    0.000099
Trial Time:          945.06695
  0    1.145533
  1    0.555255
  2    0.298512
  3    0.156228
  4    0.081764
  5    0.044526
  6    0.023933
  7    0.013743
  8    0.007795
  9    0.004796
 10    0.002932
 11    0.001895
 12    0.001223
 13    0.000806
 14    0.000537
 15    0.000370
 16    0.000268
 17    0.000208
 18    0.000169
 19    0.000141
 20    0.000118
 21    0.000099
Trial Time:          1089.68391
  0    1.145533
  1    0.555255
  2    0.298512
  3    0.156228
  4    0.081764
  5    0.044526
  6    0.023933
  7    0.013743
  8    0.007795
  9    0.004796
 10    0.002932
 11    0.001895
 12    0.001223
 13    0.000806
 14    0.000537
 15    0.000370
 16    0.000268
 17    0.000208
 18    0.000169
 19    0.000141
 20    0.000118
 21    0.000099
Trial Time:          315.06986
  0    1.145533
  1    0.555255
  2    0.298512
  3    0.156228
  4    0.081764
  5    0.044526
  6    0.023933
  7    0.013743
  8    0.007795
  9    0.004796
 10    0.002932
 11    0.001895
 12    0.001223
 13    0.000806
 14    0.000537
 15    0.000370
 16    0.000268
 17    0.000208
 18    0.000169
 19    0.000141
 20    0.000118
 21    0.000099
Trial Time:          418.74359
  0    1.145533
  1    0.555255
  2    0.298512
  3    0.156228
  4    0.081764
  5    0.044526
  6    0.023933
  7    0.013743
  8    0.007795
  9    0.004796
 10    0.002932
 11    0.001895
 12    0.001223
 13    0.000806
 14    0.000537
 15    0.000370
 16    0.  0    1.145533
  1    0.555255
  2    0.298512
  3    0.156228
  4    0.081764
  5    0.044526
  6    0.023933
  7    0.013743
  8    0.007795
  9    0.004796
 10    0.002932
 11    0.001895
 12    0.001223
 13    0.000806
 14    0.000537
 15    0.000370
 16    0.000268
 17    0.000208
 18    0.000169
 19    0.000141
 20    0.000118
 21    0.000099
Trial Time:          285.74247
  0    1.145533
  1    0.555255
  2    0.298512
  3    0.156228
  4    0.081764
  5    0.044526
  6    0.023933
  7    0.013743
  8    0.007795
  9    0.004796
 10    0.002932
 11    0.001895
 12    0.001223
 13    0.000806
 14    0.000537
 15    0.000370
 16    0.000268
 17    0.000208
 18    0.000169
 19    0.000141
 20    0.000118
 21    0.000099
Trial Time:          260.52504
  0    1.145533
  1    0.555255
  2    0.298512
  3    0.156228
  4    0.081764
  5    0.044526
  6    0.023933
  7    0.013743
  8    0.007795
  9    0.004796
 10    0.002932
 11    0.001895
 12    0.001223
 13    0.000806
 14    0.000537
 15    0.000370
 16    0.000268
 17    0.000208
 18    0.000169
 19    0.000141
 20    0.000118
 21    0.000099
Trial Time:          252.56699
  0    1.145533
  1    0.555255
  2    0.298512
  3    0.156228
  4    0.081764
  5    0.044526
  6    0.023933
  7    0.013743
  8    0.007795
  9    0.004796
 10    0.002932
 11    0.001895
 12    0.001223
 13    0.000806
 14    0.000537
 15    0.000370
 16    0.000268
 17    0.000208
 18    0.000169
 19    0.000141
 20    0.000118
 21    0.000099
Trial Time:          248.09867
  0    1.145533
  1    0.555255
  2    0.298512
  3    0.156228
  4    0.081764
  5    0.044526
  6    0.023933
  7    0.013743
  8    0.007795
  9    0.004796
 10    0.002932
 11    0.001895
 12    0.001223
 13    0.000806
 14    0.000537
 15    0.000370
 16    0.000268
 17    0.000208
 18    0.000169
 19    0.000141
 20    0.000118
 21    0.000099
Trial Time:          475.38716
  0    1.145533
  1    0.555255
  2    0.298512
  3    0.156228
  4    0.081764
  5    0.044526
  6    0.023933
  7    0.013743
  8    0.007795
  9    0.004796
 10    0.002932
 11    0.001895
 12    0.001223
 13    0.000806
 14    0.000537
 15    0.000370
 16    0.000268
 17    0.000208
 18    0.000169
 19    0.000141
 20    0.000118
 21    0.000099
Trial Time:          380.27621
  0    1.145533
  1    0.555255
  2    0.298512
  3    0.156228
  4    0.081764
  5    0.044526
  6    0.023933
  7    0.013743
  8    0.007795
  9    0.004796
 10    0.002932
 11    0.001895
 12    0.001223
 13    0.000806
 14    0.000537
 15    0.000370
 16    0.000268
 17    0.000208
 18    0.000169
 19    0.000141
 20    0.000118
 21    0.000099
Trial Time:          928.68287
  0    1.145533
  1    0.555255
  2    0.298512
  3    0.156228
  4    0.081764
  5    0.044526
  6    0.023933
  7    0.013743
  8    0.007795
  9    0.004796
 10    0.002932
 11    0.001895
 12    0.001223
 13    0.000806
 14    0.000537
 15    0.000370
 16    0.000268
 17    0.000208
 18    0.000169
 19    0.000141
 20    0.000118
 21    0.000099
Trial Time:          572.48328
  0    1.145533
  1    0.555255
  2    0.298512
  3    0.156228
  4    0.081764
  5    0.044526
  6    0.023933
  7    0.013743
  8    0.007795
  9    0.004796
 10    0.002932
 11    0.001895
 12    0.001223
 13    0.000806
 14    0.000537
 15    0.000370
 16    0.000268
 17    0.000208
 18    0.000169
 19    0.000141
 20    0.000118
 21    0.000099
Trial Time:          662.47806
  0    1.145533
  1    0.555255
  2    0.298512
  3    0.156228
  4    0.081764
  5    0.044526
  6    0.023933
  7    0.013743
  8    0.007795
  9    0.004796
 10    0.002932
 11    0.001895
 12    0.001223
 13    0.000806
 14    0.000537
 15    0.000370
 16    0.000268
 17    0.000208
 18    0.000169
 19    0.000141
 20    0.000118
 21    0.000099
Trial Time:          806.78484
  0    1.145533
  1    0.555255
  2    0.298512
  3    0.156228
  4    0.081764
  5    0.044526
  6    0.023933
  7    0.013743
  8    0.007795
  9    0.004796
 10    0.002932
 11    0.001895
 12    0.001223
 13    0.000806
 14    0.000537
 15    0.000370
 16    0.0  0    1.145533
  1    0.555255
  2    0.298512
  3    0.156228
  4    0.081764
  5    0.044526
  6    0.023933
  7    0.013743
  8    0.007795
  9    0.004796
 10    0.002932
 11    0.001895
 12    0.001223
 13    0.000806
 14    0.000537
 15    0.000370
 16    0.000268
 17    0.000208
 18    0.000169
 19    0.000141
 20    0.000118
 21    0.000099
Trial Time:          285.92012
  0    1.145533
  1    0.555255
  2    0.298512
  3    0.156228
  4    0.081764
  5    0.044526
  6    0.023933
  7    0.013743
  8    0.007795
  9    0.004796
 10    0.002932
 11    0.001895
 12    0.001223
 13    0.000806
 14    0.000537
 15    0.000370
 16    0.000268
 17    0.000208
 18    0.000169
 19    0.000141
 20    0.000118
 21    0.000099
Trial Time:          354.97928
  0    1.145533
  1    0.555255
  2    0.298512
  3    0.156228
  4    0.081764
  5    0.044526
  6    0.023933
  7    0.013743
  8    0.007795
  9    0.004796
 10    0.002932
 11    0.001895
 12    0.001223
 13    0.000806
 14    0.000537
 15    0.000370
 16    0.000268
 17    0.000208
 18    0.000169
 19    0.000141
 20    0.000118
 21    0.000099
Trial Time:          273.15621
  0    1.145533
  1    0.555255
  2    0.298512
  3    0.156228
  4    0.081764
  5    0.044526
  6    0.023933
  7    0.013743
  8    0.007795
  9    0.004796
 10    0.002932
 11    0.001895
 12    0.001223
 13    0.000806
 14    0.000537
 15    0.000370
 16    0.000268
 17    0.000208
 18    0.000169
 19    0.000141
 20    0.000118
 21    0.000099
Trial Time:          884.73576
  0    1.145533
  1    0.555255
  2    0.298512
  3    0.156228
  4    0.081764
  5    0.044526
  6    0.023933
  7    0.013743
  8    0.007795
  9    0.004796
 10    0.002932
 11    0.001895
 12    0.001223
 13    0.000806
 14    0.000537
 15    0.000370
 16    0.000268
 17    0.000208
 18    0.000169
 19    0.000141
 20    0.000118
 21    0.000099
Trial Time:          554.04086
  0    1.145533
  1    0.555255
  2    0.298512
  3    0.156228
  4    0.081764
  5    0.044526
  6    0.023933
  7    0.013743
  8    0.007795
  9    0.004796
 10    0.002932
 11    0.001895
 12    0.001223
 13    0.000806
 14    0.000537
 15    0.000370
 16    0.000268
 17    0.000208
 18    0.000169
 19    0.000141
 20    0.000118
 21    0.000099
Trial Time:          1015.22457
  0    1.145533
  1    0.555255
  2    0.298512
  3    0.156228
  4    0.081764
  5    0.044526
  6    0.023933
  7    0.013743
  8    0.007795
  9    0.004796
 10    0.002932
 11    0.001895
 12    0.001223
 13    0.000806
 14    0.000537
 15    0.000370
 16    0.000268
 17    0.000208
 18    0.000169
 19    0.000141
 20    0.000118
 21    0.000099
Trial Time:          537.97467
  0    1.145533
  1    0.555255
  2    0.298512
  3    0.156228
  4    0.081764
  5    0.044526
  6    0.023933
  7    0.013743
  8    0.007795
  9    0.004796
 10    0.002932
 11    0.001895
 12    0.001223
 13    0.000806
 14    0.000537
 15    0.000370
 16    0.000268
 17    0.000208
 18    0.000169
 19    0.000141
 20    0.000118
 21    0.000099
Trial Time:          408.06324
  0    1.145533
  1    0.555255
  2    0.298512
  3    0.156228
  4    0.081764
  5    0.044526
  6    0.023933
  7    0.013743
  8    0.007795
  9    0.004796
 10    0.002932
 11    0.001895
 12    0.001223
 13    0.000806
 14    0.000537
 15    0.000370
 16    0.000268
 17    0.000208
 18    0.000169
 19    0.000141
 20    0.000118
 21    0.000099
Trial Time:          763.59478
  0    1.145533
  1    0.555255
  2    0.298512
  3    0.156228
  4    0.081764
  5    0.044526
  6    0.023933
  7    0.013743
  8    0.007795
  9    0.004796
 10    0.002932
 11    0.001895
 12    0.001223
 13    0.000806
 14    0.000537
 15    0.000370
 16    0.000268
 17    0.000208
 18    0.000169
 19    0.000141
 20    0.000118
 21    0.000099
Trial Time:          209.63773
  0    1.145533
  1    0.555255
  2    0.298512
  3    0.156228
  4    0.081764
  5    0.044526
  6    0.023933
  7    0.013743
  8    0.007795
  9    0.004796
 10    0.002932
 11    0.001895
 12    0.001223
 13    0.000806
 14    0.000537
 15    0.000370
 16    0.00268
 17    0.000208
 18    0.000169
 19    0.000141
 20    0.000118
 21    0.000099
Trial Time:          617.88786
  0    1.145533
  1    0.555255
  2    0.298512
  3    0.156228
  4    0.081764
  5    0.044526
  6    0.023933
  7    0.013743
  8    0.007795
  9    0.004796
 10    0.002932
 11    0.001895
 12    0.001223
 13    0.000806
 14    0.000537
 15    0.000370
 16    0.000268
 17    0.000208
 18    0.000169
 19    0.000141
 20    0.000118
 21    0.000099
Trial Time:          561.01820
  0    1.145533
  1    0.555255
  2    0.298512
  3    0.156228
  4    0.081764
  5    0.044526
  6    0.023933
  7    0.013743
  8    0.007795
  9    0.004796
 10    0.002932
 11    0.001895
 12    0.001223
 13    0.000806
 14    0.000537
 15    0.000370
 16    0.000268
 17    0.000208
 18    0.000169
 19    0.000141
 20    0.000118
 21    0.000099
Trial Time:          425.62658
  0    1.145533
  1    0.555255
  2    0.298512
  3    0.156228
  4    0.081764
  5    0.044526
  6    0.023933
  7    0.013743
  8    0.007795
  9    0.004796
 10    0.002932
 11    0.001895
 12    0.001223
 13    0.000806
 14    0.000537
 15    0.000370
 16    0.000268
 17    0.000208
 18    0.000169
 19    0.000141
 20    0.000118
 21    0.000099
Trial Time:          256.22271
  0    1.145533
  1    0.555255
  2    0.298512
  3    0.156228
  4    0.081764
  5    0.044526
  6    0.023933
  7    0.013743
  8    0.007795
  9    0.004796
 10    0.002932
 11    0.001895
 12    0.001223
 13    0.000806
 14    0.000537
 15    0.000370
 16    0.000268
 17    0.000208
 18    0.000169
 19    0.000141
 20    0.000118
 21    0.000099
Trial Time:          200.14205
  0    1.145533
  1    0.555255
  2    0.298512
  3    0.156228
  4    0.081764
  5    0.044526
  6    0.023933
  7    0.013743
  8    0.007795
  9    0.004796
 10    0.002932
 11    0.001895
 12    0.001223
 13    0.000806
 14    0.000537
 15    0.000370
 16    0.000268
 17    0.000208
 18    0.000169
 19    0.000141
 20    0.000118
 21    0.000099
Trial Time:          308.90222
Average Time:        386.93990
00268
 17    0.000208
 18    0.000169
 19    0.000141
 20    0.000118
 21    0.000099
Trial Time:          588.06246
  0    1.145533
  1    0.555255
  2    0.298512
  3    0.156228
  4    0.081764
  5    0.044526
  6    0.023933
  7    0.013743
  8    0.007795
  9    0.004796
 10    0.002932
 11    0.001895
 12    0.001223
 13    0.000806
 14    0.000537
 15    0.000370
 16    0.000268
 17    0.000208
 18    0.000169
 19    0.000141
 20    0.000118
 21    0.000099
Trial Time:          434.63980
  0    1.145533
  1    0.555255
  2    0.298512
  3    0.156228
  4    0.081764
  5    0.044526
  6    0.023933
  7    0.013743
  8    0.007795
  9    0.004796
 10    0.002932
 11    0.001895
 12    0.001223
 13    0.000806
 14    0.000537
 15    0.000370
 16    0.000268
 17    0.000208
 18    0.000169
 19    0.000141
 20    0.000118
 21    0.000099
Trial Time:          239.58330
  0    1.145533
  1    0.555255
  2    0.298512
  3    0.156228
  4    0.081764
  5    0.044526
  6    0.023933
  7    0.013743
  8    0.007795
  9    0.004796
 10    0.002932
 11    0.001895
 12    0.001223
 13    0.000806
 14    0.000537
 15    0.000370
 16    0.000268
 17    0.000208
 18    0.000169
 19    0.000141
 20    0.000118
 21    0.000099
Trial Time:          268.53658
  0    1.145533
  1    0.555255
  2    0.298512
  3    0.156228
  4    0.081764
  5    0.044526
  6    0.023933
  7    0.013743
  8    0.007795
  9    0.004796
 10    0.002932
 11    0.001895
 12    0.001223
 13    0.000806
 14    0.000537
 15    0.000370
 16    0.000268
 17    0.000208
 18    0.000169
 19    0.000141
 20    0.000118
 21    0.000099
Trial Time:          565.23631
  0    1.145533
  1    0.555255
  2    0.298512
  3    0.156228
  4    0.081764
  5    0.044526
  6    0.023933
  7    0.013743
  8    0.007795
  9    0.004796
 10    0.002932
 11    0.001895
 12    0.001223
 13    0.000806
 14    0.000537
 15    0.000370
 16    0.000268
 17    0.000208
 18    0.000169
 19    0.000141
 20    0.000118
 21    0.000099
Trial Time:          211.63332
Average Time:        403.38978
00268
 17    0.000208
 18    0.000169
 19    0.000141
 20    0.000118
 21    0.000099
Trial Time:          264.54922
  0    1.145533
  1    0.555255
  2    0.298512
  3    0.156228
  4    0.081764
  5    0.044526
  6    0.023933
  7    0.013743
  8    0.007795
  9    0.004796
 10    0.002932
 11    0.001895
 12    0.001223
 13    0.000806
 14    0.000537
 15    0.000370
 16    0.000268
 17    0.000208
 18    0.000169
 19    0.000141
 20    0.000118
 21    0.000099
Trial Time:          804.51149
  0    1.145533
  1    0.555255
  2    0.298512
  3    0.156228
  4    0.081764
  5    0.044526
  6    0.023933
  7    0.013743
  8    0.007795
  9    0.004796
 10    0.002932
 11    0.001895
 12    0.001223
 13    0.000806
 14    0.000537
 15    0.000370
 16    0.000268
 17    0.000208
 18    0.000169
 19    0.000141
 20    0.000118
 21    0.000099
Trial Time:          461.98432
  0    1.145533
  1    0.555255
  2    0.298512
  3    0.156228
  4    0.081764
  5    0.044526
  6    0.023933
  7    0.013743
  8    0.007795
  9    0.004796
 10    0.002932
 11    0.001895
 12    0.001223
 13    0.000806
 14    0.000537
 15    0.000370
 16    0.000268
 17    0.000208
 18    0.000169
 19    0.000141
 20    0.000118
 21    0.000099
Trial Time:          250.71036
  0    1.145533
  1    0.555255
  2    0.298512
  3    0.156228
  4    0.081764
  5    0.044526
  6    0.023933
  7    0.013743
  8    0.007795
  9    0.004796
 10    0.002932
 11    0.001895
 12    0.001223
 13    0.000806
 14    0.000537
 15    0.000370
 16    0.000268
 17    0.000208
 18    0.000169
 19    0.000141
 20    0.000118
 21    0.000099
Trial Time:          638.11941
  0    1.145533
  1    0.555255
  2    0.298512
  3    0.156228
  4    0.081764
  5    0.044526
  6    0.023933
  7    0.013743
  8    0.007795
  9    0.004796
 10    0.002932
 11    0.001895
 12    0.001223
 13    0.000806
 14    0.000537
 15    0.000370
 16    0.000268
 17    0.000208
 18    0.000169
 19    0.000141
 20    0.000118
 21    0.000099
Trial Time:          209.87332
Average Time:        407.22565
00268
 17    0.000208
 18    0.000169
 19    0.000141
 20    0.000118
 21    0.000099
Trial Time:          430.66299
  0    1.145533
  1    0.555255
  2    0.298512
  3    0.156228
  4    0.081764
  5    0.044526
  6    0.023933
  7    0.013743
  8    0.007795
  9    0.004796
 10    0.002932
 11    0.001895
 12    0.001223
 13    0.000806
 14    0.000537
 15    0.000370
 16    0.000268
 17    0.000208
 18    0.000169
 19    0.000141
 20    0.000118
 21    0.000099
Trial Time:          351.44881
  0    1.145533
  1    0.555255
  2    0.298512
  3    0.156228
  4    0.081764
  5    0.044526
  6    0.023933
  7    0.013743
  8    0.007795
  9    0.004796
 10    0.002932
 11    0.001895
 12    0.001223
 13    0.000806
 14    0.000537
 15    0.000370
 16    0.000268
 17    0.000208
 18    0.000169
 19    0.000141
 20    0.000118
 21    0.000099
Trial Time:          269.03004
  0    1.145533
  1    0.555255
  2    0.298512
  3    0.156228
  4    0.081764
  5    0.044526
  6    0.023933
  7    0.013743
  8    0.007795
  9    0.004796
 10    0.002932
 11    0.001895
 12    0.001223
 13    0.000806
 14    0.000537
 15    0.000370
 16    0.000268
 17    0.000208
 18    0.000169
 19    0.000141
 20    0.000118
 21    0.000099
Trial Time:          295.27753
  0    1.145533
  1    0.555255
  2    0.298512
  3    0.156228
  4    0.081764
  5    0.044526
  6    0.023933
  7    0.013743
  8    0.007795
  9    0.004796
 10    0.002932
 11    0.001895
 12    0.001223
 13    0.000806
 14    0.000537
 15    0.000370
 16    0.000268
 17    0.000208
 18    0.000169
 19    0.000141
 20    0.000118
 21    0.000099
Trial Time:          227.67231
  0    1.145533
  1    0.555255
  2    0.298512
  3    0.156228
  4    0.081764
  5    0.044526
  6    0.023933
  7    0.013743
  8    0.007795
  9    0.004796
 10    0.002932
 11    0.001895
 12    0.001223
 13    0.000806
 14    0.000537
 15    0.000370
 16    0.000268
 17    0.000208
 18    0.000169
 19    0.000141
 20    0.000118
 21    0.000099
Trial Time:          220.95920
Average Time:        416.75478
000268
 17    0.000208
 18    0.000169
 19    0.000141
 20    0.000118
 21    0.000099
Trial Time:          287.24357
  0    1.145533
  1    0.555255
  2    0.298512
  3    0.156228
  4    0.081764
  5    0.044526
  6    0.023933
  7    0.013743
  8    0.007795
  9    0.004796
 10    0.002932
 11    0.001895
 12    0.001223
 13    0.000806
 14    0.000537
 15    0.000370
 16    0.000268
 17    0.000208
 18    0.000169
 19    0.000141
 20    0.000118
 21    0.000099
Trial Time:          421.38873
  0    1.145533
  1    0.555255
  2    0.298512
  3    0.156228
  4    0.081764
  5    0.044526
  6    0.023933
  7    0.013743
  8    0.007795
  9    0.004796
 10    0.002932
 11    0.001895
 12    0.001223
 13    0.000806
 14    0.000537
 15    0.000370
 16    0.000268
 17    0.000208
 18    0.000169
 19    0.000141
 20    0.000118
 21    0.000099
Trial Time:          298.63213
  0    1.145533
  1    0.555255
  2    0.298512
  3    0.156228
  4    0.081764
  5    0.044526
  6    0.023933
  7    0.013743
  8    0.007795
  9    0.004796
 10    0.002932
 11    0.001895
 12    0.001223
 13    0.000806
 14    0.000537
 15    0.000370
 16    0.000268
 17    0.000208
 18    0.000169
 19    0.000141
 20    0.000118
 21    0.000099
Trial Time:          386.45294
  0    1.145533
  1    0.555255
  2    0.298512
  3    0.156228
  4    0.081764
  5    0.044526
  6    0.023933
  7    0.013743
  8    0.007795
  9    0.004796
 10    0.002932
 11    0.001895
 12    0.001223
 13    0.000806
 14    0.000537
 15    0.000370
 16    0.000268
 17    0.000208
 18    0.000169
 19    0.000141
 20    0.000118
 21    0.000099
Trial Time:          232.94465
  0    1.145533
  1    0.555255
  2    0.298512
  3    0.156228
  4    0.081764
  5    0.044526
  6    0.023933
  7    0.013743
  8    0.007795
  9    0.004796
 10    0.002932
 11    0.001895
 12    0.001223
 13    0.000806
 14    0.000537
 15    0.000370
 16    0.000268
 17    0.000208
 18    0.000169
 19    0.000141
 20    0.000118
 21    0.000099
Trial Time:          192.19267
Average Time:        421.51271
00268
 17    0.000208
 18    0.000169
 19    0.000141
 20    0.000118
 21    0.000099
Trial Time:          337.07142
  0    1.145533
  1    0.555255
  2    0.298512
  3    0.156228
  4    0.081764
  5    0.044526
  6    0.023933
  7    0.013743
  8    0.007795
  9    0.004796
 10    0.002932
 11    0.001895
 12    0.001223
 13    0.000806
 14    0.000537
 15    0.000370
 16    0.000268
 17    0.000208
 18    0.000169
 19    0.000141
 20    0.000118
 21    0.000099
Trial Time:          239.32886
  0    1.145533
  1    0.555255
  2    0.298512
  3    0.156228
  4    0.081764
  5    0.044526
  6    0.023933
  7    0.013743
  8    0.007795
  9    0.004796
 10    0.002932
 11    0.001895
 12    0.001223
 13    0.000806
 14    0.000537
 15    0.000370
 16    0.000268
 17    0.000208
 18    0.000169
 19    0.000141
 20    0.000118
 21    0.000099
Trial Time:          728.95024
  0    1.145533
  1    0.555255
  2    0.298512
  3    0.156228
  4    0.081764
  5    0.044526
  6    0.023933
  7    0.013743
  8    0.007795
  9    0.004796
 10    0.002932
 11    0.001895
 12    0.001223
 13    0.000806
 14    0.000537
 15    0.000370
 16    0.000268
 17    0.000208
 18    0.000169
 19    0.000141
 20    0.000118
 21    0.000099
Trial Time:          300.81225
  0    1.145533
  1    0.555255
  2    0.298512
  3    0.156228
  4    0.081764
  5    0.044526
  6    0.023933
  7    0.013743
  8    0.007795
  9    0.004796
 10    0.002932
 11    0.001895
 12    0.001223
 13    0.000806
 14    0.000537
 15    0.000370
 16    0.000268
 17    0.000208
 18    0.000169
 19    0.000141
 20    0.000118
 21    0.000099
Trial Time:          214.84406
  0    1.145533
  1    0.555255
  2    0.298512
  3    0.156228
  4    0.081764
  5    0.044526
  6    0.023933
  7    0.013743
  8    0.007795
  9    0.004796
 10    0.002932
 11    0.001895
 12    0.001223
 13    0.000806
 14    0.000537
 15    0.000370
 16    0.000268
 17    0.000208
 18    0.000169
 19    0.000141
 20    0.000118
 21    0.000099
Trial Time:          201.77815
Average Time:        427.21457
00268
 17    0.000208
 18    0.000169
 19    0.000141
 20    0.000118
 21    0.000099
Trial Time:          922.75544
  0    1.145533
  1    0.555255
  2    0.298512
  3    0.156228
  4    0.081764
  5    0.044526
  6    0.023933
  7    0.013743
  8    0.007795
  9    0.004796
 10    0.002932
 11    0.001895
 12    0.001223
 13    0.000806
 14    0.000537
 15    0.000370
 16    0.000268
 17    0.000208
 18    0.000169
 19    0.000141
 20    0.000118
 21    0.000099
Trial Time:          405.00003
  0    1.145533
  1    0.555255
  2    0.298512
  3    0.156228
  4    0.081764
  5    0.044526
  6    0.023933
  7    0.013743
  8    0.007795
  9    0.004796
 10    0.002932
 11    0.001895
 12    0.001223
 13    0.000806
 14    0.000537
 15    0.000370
 16    0.000268
 17    0.000208
 18    0.000169
 19    0.000141
 20    0.000118
 21    0.000099
Trial Time:          615.15763
  0    1.145533
  1    0.555255
  2    0.298512
  3    0.156228
  4    0.081764
  5    0.044526
  6    0.023933
  7    0.013743
  8    0.007795
  9    0.004796
 10    0.002932
 11    0.001895
 12    0.001223
 13    0.000806
 14    0.000537
 15    0.000370
 16    0.000268
 17    0.000208
 18    0.000169
 19    0.000141
 20    0.000118
 21    0.000099
Trial Time:          232.65441
  0    1.145533
  1    0.555255
  2    0.298512
  3    0.156228
  4    0.081764
  5    0.044526
  6    0.023933
  7    0.013743
  8    0.007795
  9    0.004796
 10    0.002932
 11    0.001895
 12    0.001223
 13    0.000806
 14    0.000537
 15    0.000370
 16    0.000268
 17    0.000208
 18    0.000169
 19    0.000141
 20    0.000118
 21    0.000099
Trial Time:          206.47486
  0    1.145533
  1    0.555255
  2    0.298512
  3    0.156228
  4    0.081764
  5    0.044526
  6    0.023933
  7    0.013743
  8    0.007795
  9    0.004796
 10    0.002932
 11    0.001895
 12    0.001223
 13    0.000806
 14    0.000537
 15    0.000370
 16    0.000268
 17    0.000208
 18    0.000169
 19    0.000141
 20    0.000118
 21    0.000099
Trial Time:          160.15880
Average Time:        434.86201
000268
 17    0.000208
 18    0.000169
 19    0.000141
 20    0.000118
 21    0.000099
Trial Time:          536.18118
  0    1.145533
  1    0.555255
  2    0.298512
  3    0.156228
  4    0.081764
  5    0.044526
  6    0.023933
  7    0.013743
  8    0.007795
  9    0.004796
 10    0.002932
 11    0.001895
 12    0.001223
 13    0.000806
 14    0.000537
 15    0.000370
 16    0.000268
 17    0.000208
 18    0.000169
 19    0.000141
 20    0.000118
 21    0.000099
Trial Time:          454.58921
  0    1.145533
  1    0.555255
  2    0.298512
  3    0.156228
  4    0.081764
  5    0.044526
  6    0.023933
  7    0.013743
  8    0.007795
  9    0.004796
 10    0.002932
 11    0.001895
 12    0.001223
 13    0.000806
 14    0.000537
 15    0.000370
 16    0.000268
 17    0.000208
 18    0.000169
 19    0.000141
 20    0.000118
 21    0.000099
Trial Time:          217.66184
  0    1.145533
  1    0.555255
  2    0.298512
  3    0.156228
  4    0.081764
  5    0.044526
  6    0.023933
  7    0.013743
  8    0.007795
  9    0.004796
 10    0.002932
 11    0.001895
 12    0.001223
 13    0.000806
 14    0.000537
 15    0.000370
 16    0.000268
 17    0.000208
 18    0.000169
 19    0.000141
 20    0.000118
 21    0.000099
Trial Time:          207.70619
  0    1.145533
  1    0.555255
  2    0.298512
  3    0.156228
  4    0.081764
  5    0.044526
  6    0.023933
  7    0.013743
  8    0.007795
  9    0.004796
 10    0.002932
 11    0.001895
 12    0.001223
 13    0.000806
 14    0.000537
 15    0.000370
 16    0.000268
 17    0.000208
 18    0.000169
 19    0.000141
 20    0.000118
 21    0.000099
Trial Time:          168.23643
  0    1.145533
  1    0.555255
  2    0.298512
  3    0.156228
  4    0.081764
  5    0.044526
  6    0.023933
  7    0.013743
  8    0.007795
  9    0.004796
 10    0.002932
 11    0.001895
 12    0.001223
 13    0.000806
 14    0.000537
 15    0.000370
 16    0.000268
 17    0.000208
 18    0.000169
 19    0.000141
 20    0.000118
 21    0.000099
Trial Time:          158.54105
Average Time:        439.39019
Execution File:   /scale/cal1/home/ybmoon/research/numa_autofdo/gapbs/bin-adt_exp/pr
Num of Programs:  8
Program Path:     /scale/cal1/home/ybmoon/research/numa_autofdo/gapbs/bin-adt_exp/
Progarm Options:  /scale/cal1/home/ybmoon/research/numa_autofdo/gapbs/bin-adt_exp/pr
i:1, argv[5]:-f
option1:-f
i:2, argv[6]:/home/ybmoon/workloads/gapbs-data/twitter.sg
option2:/home/ybmoon/workloads/gapbs-data/twitter.sg
i:3, argv[7]:-i1000
option3:-i1000
i:4, argv[8]:-t1e-4
option4:-t1e-4
i:5, argv[9]:-n16
option5:-n16
tmp_node: 0
Local DRAM Allocation
Core: 0
Directory [0]:   /scale/cal1/home/ybmoon/research/numa_autofdo/gapbs/bin-adt_exp/
exe_path: /scale/cal1/home/ybmoon/research/numa_autofdo/gapbs/bin-adt_exp/pr
Core: 1
Directory [1]:   /scale/cal1/home/ybmoon/research/numa_autofdo/gapbs/bin-adt_exp/
exe_path: /scale/cal1/home/ybmoon/research/numa_autofdo/gapbs/bin-adt_exp/pr
Core: 2
Directory [2]:   /scale/cal1/home/ybmoon/research/numa_autofdo/gapbs/bin-adt_exp/
exe_path: /scale/cal1/home/ybmoon/research/numa_autofdo/gapbs/bin-adt_exp/pr
Core: 3
Directory [3]:   /scale/cal1/home/ybmoon/research/numa_autofdo/gapbs/bin-adt_exp/
exe_path: /scale/cal1/home/ybmoon/research/numa_autofdo/gapbs/bin-adt_exp/pr
Core: 4
Directory [4]:   /scale/cal1/home/ybmoon/research/numa_autofdo/gapbs/bin-adt_exp/
exe_path: /scale/cal1/home/ybmoon/research/numa_autofdo/gapbs/bin-adt_exp/pr
Core: 5
Directory [5]:   /scale/cal1/home/ybmoon/research/numa_autofdo/gapbs/bin-adt_exp/
exe_path: /scale/cal1/home/ybmoon/research/numa_autofdo/gapbs/bin-adt_exp/pr
Core: 6
Directory [6]:   /scale/cal1/home/ybmoon/research/numa_autofdo/gapbs/bin-adt_exp/
exe_path: /scale/cal1/home/ybmoon/research/numa_autofdo/gapbs/bin-adt_exp/pr
Core: 7
Directory [7]:   /scale/cal1/home/ybmoon/research/numa_autofdo/gapbs/bin-adt_exp/
exe_path: /scale/cal1/home/ybmoon/research/numa_autofdo/gapbs/bin-adt_exp/pr
Process Start
Process Start
Process Start
Process Start
Process Start
Wait PID: 17319
Process Start
Wait PID: 17321
Process Start
Wait PID: 17323
Process Start
Wait PID: 17325
Wait PID: 17327
Wait PID: 17328
Wait PID: 17329
Wait PID: 17330
Execution Time (12) => 6358476294235.00 ns
Execution Time (8) => 6621693061872.00 ns
Execution Time (28) => 6683049567195.00 ns
Execution Time (16) => 6835456125814.00 ns
Execution Time (24) => 6911599829341.00 ns
Execution Time (4) => 7002836367335.00 ns
Execution Time (20) => 7125161948640.00 ns
Execution Time (0) => 7197684499486.00 ns
('Full Command: ', '/scale/cal/home/ybmoon/migration/workloads/gap-spec-wrapper/second-wrapper/second_wrapper 0 8 /scale/cal1/home/ybmoon/research/numa_autofdo/gapbs/bin-adt_exp/ /scale/cal1/home/ybmoon/research/numa_autofdo/gapbs/bin-adt_exp/pr -f /home/ybmoon/workloads/gapbs-data/twitter.sg -i1000 -t1e-4 -n16')
execution_time 7197.91 (s)
