Read Time:           159.54606
Graph has 61578415 nodes and 1468364884 directed edges for degree: 23
Read Time:           159.55621
Graph has 61578415 nodes and 1468364884 directed edges for degree: 23
Read Time:           159.56905
Graph has 61578415 nodes and 1468364884 directed edges for degree: 23
Read Time:           159.57039
Graph has 61578415 nodes and 1468364884 directed edges for degree: 23
Read Time:           159.58833
Graph has 61578415 nodes and 1468364884 directed edges for degree: 23
Read Time:           159.58919
Graph has 61578415 nodes and 1468364884 directed edges for degree: 23
Read Time:           159.59313
Graph has 61578415 nodes and 1468364884 directed edges for degree: 23
Read Time:           159.59714
Graph has 61578415 nodes and 1468364884 directed edges for degree: 23
  0    1.145533
  1    0.555255
  2    0.298512
  3    0.156228
  4    0.081764
  5    0.044526
  6    0.023933
  7    0.013743
  8    0.007795
  9    0.004796
 10    0.002932
 11    0.001895
 12    0.001223
 13    0.000806
 14    0.000537
 15    0.000370
 16    0.000268
 17    0.000208
 18    0.000169
 19    0.000141
 20    0.000118
 21    0.000099
Trial Time:          327.19292
  0    1.145533
  1    0.555255
  2    0.298512
  3    0.156228
  4    0.081764
  5    0.044526
  6    0.023933
  7    0.013743
  8    0.007795
  9    0.004796
 10    0.002932
 11    0.001895
 12    0.001223
 13    0.000806
 14    0.000537
 15    0.000370
 16    0.000268
 17    0.000208
 18    0.000169
 19    0.000141
 20    0.000118
 21    0.000099
Trial Time:          263.67236
  0    1.145533
  1    0.555255
  2    0.298512
  3    0.156228
  4    0.081764
  5    0.044526
  6    0.023933
  7    0.013743
  8    0.007795
  9    0.004796
 10    0.002932
 11    0.001895
 12    0.001223
 13    0.000806
 14    0.000537
 15    0.000370
 16    0.000268
 17    0.000208
 18    0.000169
 19    0.000141
 20    0.000118
 21    0.000099
Trial Time:          265.98877
  0    1.145533
  1    0.555255
  2    0.298512
  3    0.156228
  4    0.081764
  5    0.044526
  6    0.023933
  7    0.013743
  8    0.007795
  9    0.004796
 10    0.002932
 11    0.001895
 12    0.001223
 13    0.000806
 14    0.000537
 15    0.000370
 16    0.000268
 17    0.000208
 18    0.000169
 19    0.000141
 20    0.000118
 21    0.000099
Trial Time:          266.82102
  0    1.145533
  1    0.555255
  2    0.298512
  3    0.156228
  4    0.081764
  5    0.044526
  6    0.023933
  7    0.013743
  8    0.007795
  9    0.004796
 10    0.002932
 11    0.001895
 12    0.001223
 13    0.000806
 14    0.000537
 15    0.000370
 16    0.000268
 17    0.000208
 18    0.000169
 19    0.000141
 20    0.000118
 21    0.000099
Trial Time:          265.13262
  0    1.145533
  1    0.555255
  2    0.298512
  3    0.156228
  4    0.081764
  5    0.044526
  6    0.023933
  7    0.013743
  8    0.007795
  9    0.004796
 10    0.002932
 11    0.001895
 12    0.001223
 13    0.000806
 14    0.000537
 15    0.000370
 16    0.000268
 17    0.000208
 18    0.000169
 19    0.000141
 20    0.000118
 21    0.000099
Trial Time:          264.15935
  0    1.145533
  1    0.555255
  2    0.298512
  3    0.156228
  4    0.081764
  5    0.044526
  6    0.023933
  7    0.013743
  8    0.007795
  9    0.004796
 10    0.002932
 11    0.001895
 12    0.001223
 13    0.000806
 14    0.000537
 15    0.000370
 16    0.000268
 17    0.000208
 18    0.000169
 19    0.000141
 20    0.000118
 21    0.000099
Trial Time:          269.03491
  0    1.145533
  1    0.555255
  2    0.298512
  3    0.156228
  4    0.081764
  5    0.044526
  6    0.023933
  7    0.013743
  8    0.007795
  9    0.004796
 10    0.002932
 11    0.001895
 12    0.001223
 13    0.000806
 14    0.000537
 15    0.000370
 16    0.000268
 17    0.000208
 18    0.000169
 19    0.000141
 20    0.000118
 21    0.000099
Trial Time:          265.51531
  0    1.145533
  1    0.555255
  2    0.298512
  3    0.156228
  4    0.081764
  5    0.044526
  6    0.023933
  7    0.013743
  8    0.007795
  9    0.004796
 10    0.002932
 11    0.001895
 12    0.001223
 13    0.000806
 14    0.000537
 15    0.000370
 16    0.000268
 17    0.000208
 18    0.000169
 19    0.000141
 20    0.000118
 21    0.000099
Trial Time:          268.86632
  0    1.145533
  1    0.555255
  2    0.298512
  3    0.156228
  4    0.081764
  5    0.044526
  6    0.023933
  7    0.013743
  8    0.007795
  9    0.004796
 10    0.002932
 11    0.001895
 12    0.001223
 13    0.000806
 14    0.000537
 15    0.000370
 16    0.000268
 17    0.000208
 18    0.000169
 19    0.000141
 20    0.000118
 21    0.000099
Trial Time:          270.45390
  0    1.145533
  1    0.555255
  2    0.298512
  3    0.156228
  4    0.081764
  5    0.044526
  6    0.023933
  7    0.013743
  8    0.007795
  9    0.004796
 10    0.002932
 11    0.001895
 12    0.001223
 13    0.000806
 14    0.000537
 15    0.000370
 16    0.0  0    1.145533
  1    0.555255
  2    0.298512
  3    0.156228
  4    0.081764
  5    0.044526
  6    0.023933
  7    0.013743
  8    0.007795
  9    0.004796
 10    0.002932
 11    0.001895
 12    0.001223
 13    0.000806
 14    0.000537
 15    0.000370
 16    0.000268
 17    0.000208
 18    0.000169
 19    0.000141
 20    0.000118
 21    0.000099
Trial Time:          327.04333
  0    1.145533
  1    0.555255
  2    0.298512
  3    0.156228
  4    0.081764
  5    0.044526
  6    0.023933
  7    0.013743
  8    0.007795
  9    0.004796
 10    0.002932
 11    0.001895
 12    0.001223
 13    0.000806
 14    0.000537
 15    0.000370
 16    0.000268
 17    0.000208
 18    0.000169
 19    0.000141
 20    0.000118
 21    0.000099
Trial Time:          264.96468
  0    1.145533
  1    0.555255
  2    0.298512
  3    0.156228
  4    0.081764
  5    0.044526
  6    0.023933
  7    0.013743
  8    0.007795
  9    0.004796
 10    0.002932
 11    0.001895
 12    0.001223
 13    0.000806
 14    0.000537
 15    0.000370
 16    0.000268
 17    0.000208
 18    0.000169
 19    0.000141
 20    0.000118
 21    0.000099
Trial Time:          265.03971
  0    1.145533
  1    0.555255
  2    0.298512
  3    0.156228
  4    0.081764
  5    0.044526
  6    0.023933
  7    0.013743
  8    0.007795
  9    0.004796
 10    0.002932
 11    0.001895
 12    0.001223
 13    0.000806
 14    0.000537
 15    0.000370
 16    0.000268
 17    0.000208
 18    0.000169
 19    0.000141
 20    0.000118
 21    0.000099
Trial Time:          268.72676
  0    1.145533
  1    0.555255
  2    0.298512
  3    0.156228
  4    0.081764
  5    0.044526
  6    0.023933
  7    0.013743
  8    0.007795
  9    0.004796
 10    0.002932
 11    0.001895
 12    0.001223
 13    0.000806
 14    0.000537
 15    0.000370
 16    0.000268
 17    0.000208
 18    0.000169
 19    0.000141
 20    0.000118
 21    0.000099
Trial Time:          271.07971
  0    1.145533
  1    0.555255
  2    0.298512
  3    0.156228
  4    0.081764
  5    0.044526
  6    0.023933
  7    0.013743
  8    0.007795
  9    0.004796
 10    0.002932
 11    0.001895
 12    0.001223
 13    0.000806
 14    0.000537
 15    0.000370
 16    0.000268
 17    0.000208
 18    0.000169
 19    0.000141
 20    0.000118
 21    0.000099
Trial Time:          269.09248
  0    1.145533
  1    0.555255
  2    0.298512
  3    0.156228
  4    0.081764
  5    0.044526
  6    0.023933
  7    0.013743
  8    0.007795
  9    0.004796
 10    0.002932
 11    0.001895
 12    0.001223
 13    0.000806
 14    0.000537
 15    0.000370
 16    0.000268
 17    0.000208
 18    0.000169
 19    0.000141
 20    0.000118
 21    0.000099
Trial Time:          271.74199
  0    1.145533
  1    0.555255
  2    0.298512
  3    0.156228
  4    0.081764
  5    0.044526
  6    0.023933
  7    0.013743
  8    0.007795
  9    0.004796
 10    0.002932
 11    0.001895
 12    0.001223
 13    0.000806
 14    0.000537
 15    0.000370
 16    0.000268
 17    0.000208
 18    0.000169
 19    0.000141
 20    0.000118
 21    0.000099
Trial Time:          269.34652
  0    1.145533
  1    0.555255
  2    0.298512
  3    0.156228
  4    0.081764
  5    0.044526
  6    0.023933
  7    0.013743
  8    0.007795
  9    0.004796
 10    0.002932
 11    0.001895
 12    0.001223
 13    0.000806
 14    0.000537
 15    0.000370
 16    0.000268
 17    0.000208
 18    0.000169
 19    0.000141
 20    0.000118
 21    0.000099
Trial Time:          270.81200
  0    1.145533
  1    0.555255
  2    0.298512
  3    0.156228
  4    0.081764
  5    0.044526
  6    0.023933
  7    0.013743
  8    0.007795
  9    0.004796
 10    0.002932
 11    0.001895
 12    0.001223
 13    0.000806
 14    0.000537
 15    0.000370
 16    0.000268
 17    0.000208
 18    0.000169
 19    0.000141
 20    0.000118
 21    0.000099
Trial Time:          269.45522
  0    1.145533
  1    0.555255
  2    0.298512
  3    0.156228
  4    0.081764
  5    0.044526
  6    0.023933
  7    0.013743
  8    0.007795
  9    0.004796
 10    0.002932
 11    0.001895
 12    0.001223
 13    0.000806
 14    0.000537
 15    0.000370
 16    0.0  0    1.145533
  1    0.555255
  2    0.298512
  3    0.156228
  4    0.081764
  5    0.044526
  6    0.023933
  7    0.013743
  8    0.007795
  9    0.004796
 10    0.002932
 11    0.001895
 12    0.001223
 13    0.000806
 14    0.000537
 15    0.000370
 16    0.000268
 17    0.000208
 18    0.000169
 19    0.000141
 20    0.000118
 21    0.000099
Trial Time:          360.04668
  0    1.145533
  1    0.555255
  2    0.298512
  3    0.156228
  4    0.081764
  5    0.044526
  6    0.023933
  7    0.013743
  8    0.007795
  9    0.004796
 10    0.002932
 11    0.001895
 12    0.001223
 13    0.000806
 14    0.000537
 15    0.000370
 16    0.000268
 17    0.000208
 18    0.000169
 19    0.000141
 20    0.000118
 21    0.000099
Trial Time:          264.94816
  0    1.145533
  1    0.555255
  2    0.298512
  3    0.156228
  4    0.081764
  5    0.044526
  6    0.023933
  7    0.013743
  8    0.007795
  9    0.004796
 10    0.002932
 11    0.001895
 12    0.001223
 13    0.000806
 14    0.000537
 15    0.000370
 16    0.000268
 17    0.000208
 18    0.000169
 19    0.000141
 20    0.000118
 21    0.000099
Trial Time:          265.43276
  0    1.145533
  1    0.555255
  2    0.298512
  3    0.156228
  4    0.081764
  5    0.044526
  6    0.023933
  7    0.013743
  8    0.007795
  9    0.004796
 10    0.002932
 11    0.001895
 12    0.001223
 13    0.000806
 14    0.000537
 15    0.000370
 16    0.000268
 17    0.000208
 18    0.000169
 19    0.000141
 20    0.000118
 21    0.000099
Trial Time:          270.31083
  0    1.145533
  1    0.555255
  2    0.298512
  3    0.156228
  4    0.081764
  5    0.044526
  6    0.023933
  7    0.013743
  8    0.007795
  9    0.004796
 10    0.002932
 11    0.001895
 12    0.001223
 13    0.000806
 14    0.000537
 15    0.000370
 16    0.000268
 17    0.000208
 18    0.000169
 19    0.000141
 20    0.000118
 21    0.000099
Trial Time:          270.30274
  0    1.145533
  1    0.555255
  2    0.298512
  3    0.156228
  4    0.081764
  5    0.044526
  6    0.023933
  7    0.013743
  8    0.007795
  9    0.004796
 10    0.002932
 11    0.001895
 12    0.001223
 13    0.000806
 14    0.000537
 15    0.000370
 16    0.000268
 17    0.000208
 18    0.000169
 19    0.000141
 20    0.000118
 21    0.000099
Trial Time:          269.63345
  0    1.145533
  1    0.555255
  2    0.298512
  3    0.156228
  4    0.081764
  5    0.044526
  6    0.023933
  7    0.013743
  8    0.007795
  9    0.004796
 10    0.002932
 11    0.001895
 12    0.001223
 13    0.000806
 14    0.000537
 15    0.000370
 16    0.000268
 17    0.000208
 18    0.000169
 19    0.000141
 20    0.000118
 21    0.000099
Trial Time:          272.33989
  0    1.145533
  1    0.555255
  2    0.298512
  3    0.156228
  4    0.081764
  5    0.044526
  6    0.023933
  7    0.013743
  8    0.007795
  9    0.004796
 10    0.002932
 11    0.001895
 12    0.001223
 13    0.000806
 14    0.000537
 15    0.000370
 16    0.000268
 17    0.000208
 18    0.000169
 19    0.000141
 20    0.000118
 21    0.000099
Trial Time:          274.20240
  0    1.145533
  1    0.555255
  2    0.298512
  3    0.156228
  4    0.081764
  5    0.044526
  6    0.023933
  7    0.013743
  8    0.007795
  9    0.004796
 10    0.002932
 11    0.001895
 12    0.001223
 13    0.000806
 14    0.000537
 15    0.000370
 16    0.000268
 17    0.000208
 18    0.000169
 19    0.000141
 20    0.000118
 21    0.000099
Trial Time:          269.09420
  0    1.145533
  1    0.555255
  2    0.298512
  3    0.156228
  4    0.081764
  5    0.044526
  6    0.023933
  7    0.013743
  8    0.007795
  9    0.004796
 10    0.002932
 11    0.001895
 12    0.001223
 13    0.000806
 14    0.000537
 15    0.000370
 16    0.000268
 17    0.000208
 18    0.000169
 19    0.000141
 20    0.000118
 21    0.000099
Trial Time:          270.84621
  0    1.145533
  1    0.555255
  2    0.298512
  3    0.156228
  4    0.081764
  5    0.044526
  6    0.023933
  7    0.013743
  8    0.007795
  9    0.004796
 10    0.002932
 11    0.001895
 12    0.001223
 13    0.000806
 14    0.000537
 15    0.000370
 16    0.0  0    1.145533
  1    0.555255
  2    0.298512
  3    0.156228
  4    0.081764
  5    0.044526
  6    0.023933
  7    0.013743
  8    0.007795
  9    0.004796
 10    0.002932
 11    0.001895
 12    0.001223
 13    0.000806
 14    0.000537
 15    0.000370
 16    0.000268
 17    0.000208
 18    0.000169
 19    0.000141
 20    0.000118
 21    0.000099
Trial Time:          362.56421
  0    1.145533
  1    0.555255
  2    0.298512
  3    0.156228
  4    0.081764
  5    0.044526
  6    0.023933
  7    0.013743
  8    0.007795
  9    0.004796
 10    0.002932
 11    0.001895
 12    0.001223
 13    0.000806
 14    0.000537
 15    0.000370
 16    0.000268
 17    0.000208
 18    0.000169
 19    0.000141
 20    0.000118
 21    0.000099
Trial Time:          283.10197
  0    1.145533
  1    0.555255
  2    0.298512
  3    0.156228
  4    0.081764
  5    0.044526
  6    0.023933
  7    0.013743
  8    0.007795
  9    0.004796
 10    0.002932
 11    0.001895
 12    0.001223
 13    0.000806
 14    0.000537
 15    0.000370
 16    0.000268
 17    0.000208
 18    0.000169
 19    0.000141
 20    0.000118
 21    0.000099
Trial Time:          268.82585
  0    1.145533
  1    0.555255
  2    0.298512
  3    0.156228
  4    0.081764
  5    0.044526
  6    0.023933
  7    0.013743
  8    0.007795
  9    0.004796
 10    0.002932
 11    0.001895
 12    0.001223
 13    0.000806
 14    0.000537
 15    0.000370
 16    0.000268
 17    0.000208
 18    0.000169
 19    0.000141
 20    0.000118
 21    0.000099
Trial Time:          271.25878
  0    1.145533
  1    0.555255
  2    0.298512
  3    0.156228
  4    0.081764
  5    0.044526
  6    0.023933
  7    0.013743
  8    0.007795
  9    0.004796
 10    0.002932
 11    0.001895
 12    0.001223
 13    0.000806
 14    0.000537
 15    0.000370
 16    0.000268
 17    0.000208
 18    0.000169
 19    0.000141
 20    0.000118
 21    0.000099
Trial Time:          270.82328
  0    1.145533
  1    0.555255
  2    0.298512
  3    0.156228
  4    0.081764
  5    0.044526
  6    0.023933
  7    0.013743
  8    0.007795
  9    0.004796
 10    0.002932
 11    0.001895
 12    0.001223
 13    0.000806
 14    0.000537
 15    0.000370
 16    0.000268
 17    0.000208
 18    0.000169
 19    0.000141
 20    0.000118
 21    0.000099
Trial Time:          270.68711
  0    1.145533
  1    0.555255
  2    0.298512
  3    0.156228
  4    0.081764
  5    0.044526
  6    0.023933
  7    0.013743
  8    0.007795
  9    0.004796
 10    0.002932
 11    0.001895
 12    0.001223
 13    0.000806
 14    0.000537
 15    0.000370
 16    0.000268
 17    0.000208
 18    0.000169
 19    0.000141
 20    0.000118
 21    0.000099
Trial Time:          271.76171
  0    1.145533
  1    0.555255
  2    0.298512
  3    0.156228
  4    0.081764
  5    0.044526
  6    0.023933
  7    0.013743
  8    0.007795
  9    0.004796
 10    0.002932
 11    0.001895
 12    0.001223
 13    0.000806
 14    0.000537
 15    0.000370
 16    0.000268
 17    0.000208
 18    0.000169
 19    0.000141
 20    0.000118
 21    0.000099
Trial Time:          269.56631
  0    1.145533
  1    0.555255
  2    0.298512
  3    0.156228
  4    0.081764
  5    0.044526
  6    0.023933
  7    0.013743
  8    0.007795
  9    0.004796
 10    0.002932
 11    0.001895
 12    0.001223
 13    0.000806
 14    0.000537
 15    0.000370
 16    0.000268
 17    0.000208
 18    0.000169
 19    0.000141
 20    0.000118
 21    0.000099
Trial Time:          272.89158
  0    1.145533
  1    0.555255
  2    0.298512
  3    0.156228
  4    0.081764
  5    0.044526
  6    0.023933
  7    0.013743
  8    0.007795
  9    0.004796
 10    0.002932
 11    0.001895
 12    0.001223
 13    0.000806
 14    0.000537
 15    0.000370
 16    0.000268
 17    0.000208
 18    0.000169
 19    0.000141
 20    0.000118
 21    0.000099
Trial Time:          272.01477
  0    1.145533
  1    0.555255
  2    0.298512
  3    0.156228
  4    0.081764
  5    0.044526
  6    0.023933
  7    0.013743
  8    0.007795
  9    0.004796
 10    0.002932
 11    0.001895
 12    0.001223
 13    0.000806
 14    0.000537
 15    0.000370
 16    0.0  0    1.145533
  1    0.555255
  2    0.298512
  3    0.156228
  4    0.081764
  5    0.044526
  6    0.023933
  7    0.013743
  8    0.007795
  9    0.004796
 10    0.002932
 11    0.001895
 12    0.001223
 13    0.000806
 14    0.000537
 15    0.000370
 16    0.000268
 17    0.000208
 18    0.000169
 19    0.000141
 20    0.000118
 21    0.000099
Trial Time:          318.34831
  0    1.145533
  1    0.555255
  2    0.298512
  3    0.156228
  4    0.081764
  5    0.044526
  6    0.023933
  7    0.013743
  8    0.007795
  9    0.004796
 10    0.002932
 11    0.001895
 12    0.001223
 13    0.000806
 14    0.000537
 15    0.000370
 16    0.000268
 17    0.000208
 18    0.000169
 19    0.000141
 20    0.000118
 21    0.000099
Trial Time:          341.94191
  0    1.145533
  1    0.555255
  2    0.298512
  3    0.156228
  4    0.081764
  5    0.044526
  6    0.023933
  7    0.013743
  8    0.007795
  9    0.004796
 10    0.002932
 11    0.001895
 12    0.001223
 13    0.000806
 14    0.000537
 15    0.000370
 16    0.000268
 17    0.000208
 18    0.000169
 19    0.000141
 20    0.000118
 21    0.000099
Trial Time:          265.78804
  0    1.145533
  1    0.555255
  2    0.298512
  3    0.156228
  4    0.081764
  5    0.044526
  6    0.023933
  7    0.013743
  8    0.007795
  9    0.004796
 10    0.002932
 11    0.001895
 12    0.001223
 13    0.000806
 14    0.000537
 15    0.000370
 16    0.000268
 17    0.000208
 18    0.000169
 19    0.000141
 20    0.000118
 21    0.000099
Trial Time:          266.88336
  0    1.145533
  1    0.555255
  2    0.298512
  3    0.156228
  4    0.081764
  5    0.044526
  6    0.023933
  7    0.013743
  8    0.007795
  9    0.004796
 10    0.002932
 11    0.001895
 12    0.001223
 13    0.000806
 14    0.000537
 15    0.000370
 16    0.000268
 17    0.000208
 18    0.000169
 19    0.000141
 20    0.000118
 21    0.000099
Trial Time:          266.79538
  0    1.145533
  1    0.555255
  2    0.298512
  3    0.156228
  4    0.081764
  5    0.044526
  6    0.023933
  7    0.013743
  8    0.007795
  9    0.004796
 10    0.002932
 11    0.001895
 12    0.001223
 13    0.000806
 14    0.000537
 15    0.000370
 16    0.000268
 17    0.000208
 18    0.000169
 19    0.000141
 20    0.000118
 21    0.000099
Trial Time:          266.90869
  0    1.145533
  1    0.555255
  2    0.298512
  3    0.156228
  4    0.081764
  5    0.044526
  6    0.023933
  7    0.013743
  8    0.007795
  9    0.004796
 10    0.002932
 11    0.001895
 12    0.001223
 13    0.000806
 14    0.000537
 15    0.000370
 16    0.000268
 17    0.000208
 18    0.000169
 19    0.000141
 20    0.000118
 21    0.000099
Trial Time:          270.92537
  0    1.145533
  1    0.555255
  2    0.298512
  3    0.156228
  4    0.081764
  5    0.044526
  6    0.023933
  7    0.013743
  8    0.007795
  9    0.004796
 10    0.002932
 11    0.001895
 12    0.001223
 13    0.000806
 14    0.000537
 15    0.000370
 16    0.000268
 17    0.000208
 18    0.000169
 19    0.000141
 20    0.000118
 21    0.000099
Trial Time:          282.12297
  0    1.145533
  1    0.555255
  2    0.298512
  3    0.156228
  4    0.081764
  5    0.044526
  6    0.023933
  7    0.013743
  8    0.007795
  9    0.004796
 10    0.002932
 11    0.001895
 12    0.001223
 13    0.000806
 14    0.000537
 15    0.000370
 16    0.000268
 17    0.000208
 18    0.000169
 19    0.000141
 20    0.000118
 21    0.000099
Trial Time:          271.19762
  0    1.145533
  1    0.555255
  2    0.298512
  3    0.156228
  4    0.081764
  5    0.044526
  6    0.023933
  7    0.013743
  8    0.007795
  9    0.004796
 10    0.002932
 11    0.001895
 12    0.001223
 13    0.000806
 14    0.000537
 15    0.000370
 16    0.000268
 17    0.000208
 18    0.000169
 19    0.000141
 20    0.000118
 21    0.000099
Trial Time:          269.00309
  0    1.145533
  1    0.555255
  2    0.298512
  3    0.156228
  4    0.081764
  5    0.044526
  6    0.023933
  7    0.013743
  8    0.007795
  9    0.004796
 10    0.002932
 11    0.001895
 12    0.001223
 13    0.000806
 14    0.000537
 15    0.000370
 16    0.0  0    1.145533
  1    0.555255
  2    0.298512
  3    0.156228
  4    0.081764
  5    0.044526
  6    0.023933
  7    0.013743
  8    0.007795
  9    0.004796
 10    0.002932
 11    0.001895
 12    0.001223
 13    0.000806
 14    0.000537
 15    0.000370
 16    0.000268
 17    0.000208
 18    0.000169
 19    0.000141
 20    0.000118
 21    0.000099
Trial Time:          349.71604
  0    1.145533
  1    0.555255
  2    0.298512
  3    0.156228
  4    0.081764
  5    0.044526
  6    0.023933
  7    0.013743
  8    0.007795
  9    0.004796
 10    0.002932
 11    0.001895
 12    0.001223
 13    0.000806
 14    0.000537
 15    0.000370
 16    0.000268
 17    0.000208
 18    0.000169
 19    0.000141
 20    0.000118
 21    0.000099
Trial Time:          309.86258
  0    1.145533
  1    0.555255
  2    0.298512
  3    0.156228
  4    0.081764
  5    0.044526
  6    0.023933
  7    0.013743
  8    0.007795
  9    0.004796
 10    0.002932
 11    0.001895
 12    0.001223
 13    0.000806
 14    0.000537
 15    0.000370
 16    0.000268
 17    0.000208
 18    0.000169
 19    0.000141
 20    0.000118
 21    0.000099
Trial Time:          268.93445
  0    1.145533
  1    0.555255
  2    0.298512
  3    0.156228
  4    0.081764
  5    0.044526
  6    0.023933
  7    0.013743
  8    0.007795
  9    0.004796
 10    0.002932
 11    0.001895
 12    0.001223
 13    0.000806
 14    0.000537
 15    0.000370
 16    0.000268
 17    0.000208
 18    0.000169
 19    0.000141
 20    0.000118
 21    0.000099
Trial Time:          270.48411
  0    1.145533
  1    0.555255
  2    0.298512
  3    0.156228
  4    0.081764
  5    0.044526
  6    0.023933
  7    0.013743
  8    0.007795
  9    0.004796
 10    0.002932
 11    0.001895
 12    0.001223
 13    0.000806
 14    0.000537
 15    0.000370
 16    0.000268
 17    0.000208
 18    0.000169
 19    0.000141
 20    0.000118
 21    0.000099
Trial Time:          269.69755
  0    1.145533
  1    0.555255
  2    0.298512
  3    0.156228
  4    0.081764
  5    0.044526
  6    0.023933
  7    0.013743
  8    0.007795
  9    0.004796
 10    0.002932
 11    0.001895
 12    0.001223
 13    0.000806
 14    0.000537
 15    0.000370
 16    0.000268
 17    0.000208
 18    0.000169
 19    0.000141
 20    0.000118
 21    0.000099
Trial Time:          283.31163
  0    1.145533
  1    0.555255
  2    0.298512
  3    0.156228
  4    0.081764
  5    0.044526
  6    0.023933
  7    0.013743
  8    0.007795
  9    0.004796
 10    0.002932
 11    0.001895
 12    0.001223
 13    0.000806
 14    0.000537
 15    0.000370
 16    0.000268
 17    0.000208
 18    0.000169
 19    0.000141
 20    0.000118
 21    0.000099
Trial Time:          271.34438
  0    1.145533
  1    0.555255
  2    0.298512
  3    0.156228
  4    0.081764
  5    0.044526
  6    0.023933
  7    0.013743
  8    0.007795
  9    0.004796
 10    0.002932
 11    0.001895
 12    0.001223
 13    0.000806
 14    0.000537
 15    0.000370
 16    0.000268
 17    0.000208
 18    0.000169
 19    0.000141
 20    0.000118
 21    0.000099
Trial Time:          268.33318
  0    1.145533
  1    0.555255
  2    0.298512
  3    0.156228
  4    0.081764
  5    0.044526
  6    0.023933
  7    0.013743
  8    0.007795
  9    0.004796
 10    0.002932
 11    0.001895
 12    0.001223
 13    0.000806
 14    0.000537
 15    0.000370
 16    0.000268
 17    0.000208
 18    0.000169
 19    0.000141
 20    0.000118
 21    0.000099
Trial Time:          268.44693
  0    1.145533
  1    0.555255
  2    0.298512
  3    0.156228
  4    0.081764
  5    0.044526
  6    0.023933
  7    0.013743
  8    0.007795
  9    0.004796
 10    0.002932
 11    0.001895
 12    0.001223
 13    0.000806
 14    0.000537
 15    0.000370
 16    0.000268
 17    0.000208
 18    0.000169
 19    0.000141
 20    0.000118
 21    0.000099
Trial Time:          265.04967
  0    1.145533
  1    0.555255
  2    0.298512
  3    0.156228
  4    0.081764
  5    0.044526
  6    0.023933
  7    0.013743
  8    0.007795
  9    0.004796
 10    0.002932
 11    0.001895
 12    0.001223
 13    0.000806
 14    0.000537
 15    0.000370
 16    0.0  0    1.145533
  1    0.555255
  2    0.298512
  3    0.156228
  4    0.081764
  5    0.044526
  6    0.023933
  7    0.013743
  8    0.007795
  9    0.004796
 10    0.002932
 11    0.001895
 12    0.001223
 13    0.000806
 14    0.000537
 15    0.000370
 16    0.000268
 17    0.000208
 18    0.000169
 19    0.000141
 20    0.000118
 21    0.000099
Trial Time:          353.51253
  0    1.145533
  1    0.555255
  2    0.298512
  3    0.156228
  4    0.081764
  5    0.044526
  6    0.023933
  7    0.013743
  8    0.007795
  9    0.004796
 10    0.002932
 11    0.001895
 12    0.001223
 13    0.000806
 14    0.000537
 15    0.000370
 16    0.000268
 17    0.000208
 18    0.000169
 19    0.000141
 20    0.000118
 21    0.000099
Trial Time:          323.17305
  0    1.145533
  1    0.555255
  2    0.298512
  3    0.156228
  4    0.081764
  5    0.044526
  6    0.023933
  7    0.013743
  8    0.007795
  9    0.004796
 10    0.002932
 11    0.001895
 12    0.001223
 13    0.000806
 14    0.000537
 15    0.000370
 16    0.000268
 17    0.000208
 18    0.000169
 19    0.000141
 20    0.000118
 21    0.000099
Trial Time:          278.98170
  0    1.145533
  1    0.555255
  2    0.298512
  3    0.156228
  4    0.081764
  5    0.044526
  6    0.023933
  7    0.013743
  8    0.007795
  9    0.004796
 10    0.002932
 11    0.001895
 12    0.001223
 13    0.000806
 14    0.000537
 15    0.000370
 16    0.000268
 17    0.000208
 18    0.000169
 19    0.000141
 20    0.000118
 21    0.000099
Trial Time:          268.69751
  0    1.145533
  1    0.555255
  2    0.298512
  3    0.156228
  4    0.081764
  5    0.044526
  6    0.023933
  7    0.013743
  8    0.007795
  9    0.004796
 10    0.002932
 11    0.001895
 12    0.001223
 13    0.000806
 14    0.000537
 15    0.000370
 16    0.000268
 17    0.000208
 18    0.000169
 19    0.000141
 20    0.000118
 21    0.000099
Trial Time:          269.63283
  0    1.145533
  1    0.555255
  2    0.298512
  3    0.156228
  4    0.081764
  5    0.044526
  6    0.023933
  7    0.013743
  8    0.007795
  9    0.004796
 10    0.002932
 11    0.001895
 12    0.001223
 13    0.000806
 14    0.000537
 15    0.000370
 16    0.000268
 17    0.000208
 18    0.000169
 19    0.000141
 20    0.000118
 21    0.000099
Trial Time:          270.94130
  0    1.145533
  1    0.555255
  2    0.298512
  3    0.156228
  4    0.081764
  5    0.044526
  6    0.023933
  7    0.013743
  8    0.007795
  9    0.004796
 10    0.002932
 11    0.001895
 12    0.001223
 13    0.000806
 14    0.000537
 15    0.000370
 16    0.000268
 17    0.000208
 18    0.000169
 19    0.000141
 20    0.000118
 21    0.000099
Trial Time:          270.77960
  0    1.145533
  1    0.555255
  2    0.298512
  3    0.156228
  4    0.081764
  5    0.044526
  6    0.023933
  7    0.013743
  8    0.007795
  9    0.004796
 10    0.002932
 11    0.001895
 12    0.001223
 13    0.000806
 14    0.000537
 15    0.000370
 16    0.000268
 17    0.000208
 18    0.000169
 19    0.000141
 20    0.000118
 21    0.000099
Trial Time:          269.04637
  0    1.145533
  1    0.555255
  2    0.298512
  3    0.156228
  4    0.081764
  5    0.044526
  6    0.023933
  7    0.013743
  8    0.007795
  9    0.004796
 10    0.002932
 11    0.001895
 12    0.001223
 13    0.000806
 14    0.000537
 15    0.000370
 16    0.000268
 17    0.000208
 18    0.000169
 19    0.000141
 20    0.000118
 21    0.000099
Trial Time:          269.91660
  0    1.145533
  1    0.555255
  2    0.298512
  3    0.156228
  4    0.081764
  5    0.044526
  6    0.023933
  7    0.013743
  8    0.007795
  9    0.004796
 10    0.002932
 11    0.001895
 12    0.001223
 13    0.000806
 14    0.000537
 15    0.000370
 16    0.000268
 17    0.000208
 18    0.000169
 19    0.000141
 20    0.000118
 21    0.000099
Trial Time:          267.15977
  0    1.145533
  1    0.555255
  2    0.298512
  3    0.156228
  4    0.081764
  5    0.044526
  6    0.023933
  7    0.013743
  8    0.007795
  9    0.004796
 10    0.002932
 11    0.001895
 12    0.001223
 13    0.000806
 14    0.000537
 15    0.000370
 16    0.0  0    1.145533
  1    0.555255
  2    0.298512
  3    0.156228
  4    0.081764
  5    0.044526
  6    0.023933
  7    0.013743
  8    0.007795
  9    0.004796
 10    0.002932
 11    0.001895
 12    0.001223
 13    0.000806
 14    0.000537
 15    0.000370
 16    0.000268
 17    0.000208
 18    0.000169
 19    0.000141
 20    0.000118
 21    0.000099
Trial Time:          363.99629
  0    1.145533
  1    0.555255
  2    0.298512
  3    0.156228
  4    0.081764
  5    0.044526
  6    0.023933
  7    0.013743
  8    0.007795
  9    0.004796
 10    0.002932
 11    0.001895
 12    0.001223
 13    0.000806
 14    0.000537
 15    0.000370
 16    0.000268
 17    0.000208
 18    0.000169
 19    0.000141
 20    0.000118
 21    0.000099
Trial Time:          339.07494
  0    1.145533
  1    0.555255
  2    0.298512
  3    0.156228
  4    0.081764
  5    0.044526
  6    0.023933
  7    0.013743
  8    0.007795
  9    0.004796
 10    0.002932
 11    0.001895
 12    0.001223
 13    0.000806
 14    0.000537
 15    0.000370
 16    0.000268
 17    0.000208
 18    0.000169
 19    0.000141
 20    0.000118
 21    0.000099
Trial Time:          282.07664
  0    1.145533
  1    0.555255
  2    0.298512
  3    0.156228
  4    0.081764
  5    0.044526
  6    0.023933
  7    0.013743
  8    0.007795
  9    0.004796
 10    0.002932
 11    0.001895
 12    0.001223
 13    0.000806
 14    0.000537
 15    0.000370
 16    0.000268
 17    0.000208
 18    0.000169
 19    0.000141
 20    0.000118
 21    0.000099
Trial Time:          270.48074
  0    1.145533
  1    0.555255
  2    0.298512
  3    0.156228
  4    0.081764
  5    0.044526
  6    0.023933
  7    0.013743
  8    0.007795
  9    0.004796
 10    0.002932
 11    0.001895
 12    0.001223
 13    0.000806
 14    0.000537
 15    0.000370
 16    0.000268
 17    0.000208
 18    0.000169
 19    0.000141
 20    0.000118
 21    0.000099
Trial Time:          267.87764
  0    1.145533
  1    0.555255
  2    0.298512
  3    0.156228
  4    0.081764
  5    0.044526
  6    0.023933
  7    0.013743
  8    0.007795
  9    0.004796
 10    0.002932
 11    0.001895
 12    0.001223
 13    0.000806
 14    0.000537
 15    0.000370
 16    0.000268
 17    0.000208
 18    0.000169
 19    0.000141
 20    0.000118
 21    0.000099
Trial Time:          268.15635
  0    1.145533
  1    0.555255
  2    0.298512
  3    0.156228
  4    0.081764
  5    0.044526
  6    0.023933
  7    0.013743
  8    0.007795
  9    0.004796
 10    0.002932
 11    0.001895
 12    0.001223
 13    0.000806
 14    0.000537
 15    0.000370
 16    0.000268
 17    0.000208
 18    0.000169
 19    0.000141
 20    0.000118
 21    0.000099
Trial Time:          268.08911
  0    1.145533
  1    0.555255
  2    0.298512
  3    0.156228
  4    0.081764
  5    0.044526
  6    0.023933
  7    0.013743
  8    0.007795
  9    0.004796
 10    0.002932
 11    0.001895
 12    0.001223
 13    0.000806
 14    0.000537
 15    0.000370
 16    0.000268
 17    0.000208
 18    0.000169
 19    0.000141
 20    0.000118
 21    0.000099
Trial Time:          270.61926
  0    1.145533
  1    0.555255
  2    0.298512
  3    0.156228
  4    0.081764
  5    0.044526
  6    0.023933
  7    0.013743
  8    0.007795
  9    0.004796
 10    0.002932
 11    0.001895
 12    0.001223
 13    0.000806
 14    0.000537
 15    0.000370
 16    0.000268
 17    0.000208
 18    0.000169
 19    0.000141
 20    0.000118
 21    0.000099
Trial Time:          271.14342
  0    1.145533
  1    0.555255
  2    0.298512
  3    0.156228
  4    0.081764
  5    0.044526
  6    0.023933
  7    0.013743
  8    0.007795
  9    0.004796
 10    0.002932
 11    0.001895
 12    0.001223
 13    0.000806
 14    0.000537
 15    0.000370
 16    0.000268
 17    0.000208
 18    0.000169
 19    0.000141
 20    0.000118
 21    0.000099
Trial Time:          269.54700
  0    1.145533
  1    0.555255
  2    0.298512
  3    0.156228
  4    0.081764
  5    0.044526
  6    0.023933
  7    0.013743
  8    0.007795
  9    0.004796
 10    0.002932
 11    0.001895
 12    0.001223
 13    0.000806
 14    0.000537
 15    0.000370
 16    0.000268
 17    0.000208
 18    0.000169
 19    0.000141
 20    0.000118
 21    0.000099
Trial Time:          268.44053
  0    1.145533
  1    0.555255
  2    0.298512
  3    0.156228
  4    0.081764
  5    0.044526
  6    0.023933
  7    0.013743
  8    0.007795
  9    0.004796
 10    0.002932
 11    0.001895
 12    0.001223
 13    0.000806
 14    0.000537
 15    0.000370
 16    0.000268
 17    0.000208
 18    0.000169
 19    0.000141
 20    0.000118
 21    0.000099
Trial Time:          268.76679
  0    1.145533
  1    0.555255
  2    0.298512
  3    0.156228
  4    0.081764
  5    0.044526
  6    0.023933
  7    0.013743
  8    0.007795
  9    0.004796
 10    0.002932
 11    0.001895
 12    0.001223
 13    0.000806
 14    0.000537
 15    0.000370
 16    0.000268
 17    0.000208
 18    0.000169
 19    0.000141
 20    0.000118
 21    0.000099
Trial Time:          268.40774
  0    1.145533
  1    0.555255
  2    0.298512
  3    0.156228
  4    0.081764
  5    0.044526
  6    0.023933
  7    0.013743
  8    0.007795
  9    0.004796
 10    0.002932
 11    0.001895
 12    0.001223
 13    0.000806
 14    0.000537
 15    0.000370
 16    0.000268
 17    0.000208
 18    0.000169
 19    0.000141
 20    0.000118
 21    0.000099
Trial Time:          269.29031
  0    1.145533
  1    0.555255
  2    0.298512
  3    0.156228
  4    0.081764
  5    0.044526
  6    0.023933
  7    0.013743
  8    0.007795
  9    0.004796
 10    0.002932
 11    0.001895
 12    0.001223
 13    0.000806
 14    0.000537
 15    0.000370
 16    0.000268
 17    0.000208
 18    0.000169
 19    0.000141
 20    0.000118
 21    0.000099
Trial Time:          268.33854
  0    1.145533
  1    0.555255
  2    0.298512
  3    0.156228
  4    0.081764
  5    0.044526
  6    0.023933
  7    0.013743
  8    0.007795
  9    0.004796
 10    0.002932
 11    0.001895
 12    0.001223
 13    0.000806
 14    0.000537
 15    0.000370
 16    0.000268
 17    0.000208
 18    0.000169
 19    0.000141
 20    0.000118
 21    0.000099
Trial Time:          270.21165
Average Time:        271.26831
00268
 17    0.000208
 18    0.000169
 19    0.000141
 20    0.000118
 21    0.000099
Trial Time:          269.36404
  0    1.145533
  1    0.555255
  2    0.298512
  3    0.156228
  4    0.081764
  5    0.044526
  6    0.023933
  7    0.013743
  8    0.007795
  9    0.004796
 10    0.002932
 11    0.001895
 12    0.001223
 13    0.000806
 14    0.000537
 15    0.000370
 16    0.000268
 17    0.000208
 18    0.000169
 19    0.000141
 20    0.000118
 21    0.000099
Trial Time:          268.64036
  0    1.145533
  1    0.555255
  2    0.298512
  3    0.156228
  4    0.081764
  5    0.044526
  6    0.023933
  7    0.013743
  8    0.007795
  9    0.004796
 10    0.002932
 11    0.001895
 12    0.001223
 13    0.000806
 14    0.000537
 15    0.000370
 16    0.000268
 17    0.000208
 18    0.000169
 19    0.000141
 20    0.000118
 21    0.000099
Trial Time:          268.31470
  0    1.145533
  1    0.555255
  2    0.298512
  3    0.156228
  4    0.081764
  5    0.044526
  6    0.023933
  7    0.013743
  8    0.007795
  9    0.004796
 10    0.002932
 11    0.001895
 12    0.001223
 13    0.000806
 14    0.000537
 15    0.000370
 16    0.000268
 17    0.000208
 18    0.000169
 19    0.000141
 20    0.000118
 21    0.000099
Trial Time:          270.10783
  0    1.145533
  1    0.555255
  2    0.298512
  3    0.156228
  4    0.081764
  5    0.044526
  6    0.023933
  7    0.013743
  8    0.007795
  9    0.004796
 10    0.002932
 11    0.001895
 12    0.001223
 13    0.000806
 14    0.000537
 15    0.000370
 16    0.000268
 17    0.000208
 18    0.000169
 19    0.000141
 20    0.000118
 21    0.000099
Trial Time:          268.14616
  0    1.145533
  1    0.555255
  2    0.298512
  3    0.156228
  4    0.081764
  5    0.044526
  6    0.023933
  7    0.013743
  8    0.007795
  9    0.004796
 10    0.002932
 11    0.001895
 12    0.001223
 13    0.000806
 14    0.000537
 15    0.000370
 16    0.000268
 17    0.000208
 18    0.000169
 19    0.000141
 20    0.000118
 21    0.000099
Trial Time:          268.95079
Average Time:        272.55164
00268
 17    0.000208
 18    0.000169
 19    0.000141
 20    0.000118
 21    0.000099
Trial Time:          269.49756
  0    1.145533
  1    0.555255
  2    0.298512
  3    0.156228
  4    0.081764
  5    0.044526
  6    0.023933
  7    0.013743
  8    0.007795
  9    0.004796
 10    0.002932
 11    0.001895
 12    0.001223
 13    0.000806
 14    0.000537
 15    0.000370
 16    0.000268
 17    0.000208
 18    0.000169
 19    0.000141
 20    0.000118
 21    0.000099
Trial Time:          269.47477
  0    1.145533
  1    0.555255
  2    0.298512
  3    0.156228
  4    0.081764
  5    0.044526
  6    0.023933
  7    0.013743
  8    0.007795
  9    0.004796
 10    0.002932
 11    0.001895
 12    0.001223
 13    0.000806
 14    0.000537
 15    0.000370
 16    0.000268
 17    0.000208
 18    0.000169
 19    0.000141
 20    0.000118
 21    0.000099
Trial Time:          268.66811
  0    1.145533
  1    0.555255
  2    0.298512
  3    0.156228
  4    0.081764
  5    0.044526
  6    0.023933
  7    0.013743
  8    0.007795
  9    0.004796
 10    0.002932
 11    0.001895
 12    0.001223
 13    0.000806
 14    0.000537
 15    0.000370
 16    0.000268
 17    0.000208
 18    0.000169
 19    0.000141
 20    0.000118
 21    0.000099
Trial Time:          266.98950
  0    1.145533
  1    0.555255
  2    0.298512
  3    0.156228
  4    0.081764
  5    0.044526
  6    0.023933
  7    0.013743
  8    0.007795
  9    0.004796
 10    0.002932
 11    0.001895
 12    0.001223
 13    0.000806
 14    0.000537
 15    0.000370
 16    0.000268
 17    0.000208
 18    0.000169
 19    0.000141
 20    0.000118
 21    0.000099
Trial Time:          265.74334
  0    1.145533
  1    0.555255
  2    0.298512
  3    0.156228
  4    0.081764
  5    0.044526
  6    0.023933
  7    0.013743
  8    0.007795
  9    0.004796
 10    0.002932
 11    0.001895
 12    0.001223
 13    0.000806
 14    0.000537
 15    0.000370
 16    0.000268
 17    0.000208
 18    0.000169
 19    0.000141
 20    0.000118
 21    0.000099
Trial Time:          260.66118
Average Time:        274.26199
00268
 17    0.000208
 18    0.000169
 19    0.000141
 20    0.000118
 21    0.000099
Trial Time:          268.00077
  0    1.145533
  1    0.555255
  2    0.298512
  3    0.156228
  4    0.081764
  5    0.044526
  6    0.023933
  7    0.013743
  8    0.007795
  9    0.004796
 10    0.002932
 11    0.001895
 12    0.001223
 13    0.000806
 14    0.000537
 15    0.000370
 16    0.000268
 17    0.000208
 18    0.000169
 19    0.000141
 20    0.000118
 21    0.000099
Trial Time:          267.97520
  0    1.145533
  1    0.555255
  2    0.298512
  3    0.156228
  4    0.081764
  5    0.044526
  6    0.023933
  7    0.013743
  8    0.007795
  9    0.004796
 10    0.002932
 11    0.001895
 12    0.001223
 13    0.000806
 14    0.000537
 15    0.000370
 16    0.000268
 17    0.000208
 18    0.000169
 19    0.000141
 20    0.000118
 21    0.000099
Trial Time:          269.30969
  0    1.145533
  1    0.555255
  2    0.298512
  3    0.156228
  4    0.081764
  5    0.044526
  6    0.023933
  7    0.013743
  8    0.007795
  9    0.004796
 10    0.002932
 11    0.001895
 12    0.001223
 13    0.000806
 14    0.000537
 15    0.000370
 16    0.000268
 17    0.000208
 18    0.000169
 19    0.000141
 20    0.000118
 21    0.000099
Trial Time:          270.51886
  0    1.145533
  1    0.555255
  2    0.298512
  3    0.156228
  4    0.081764
  5    0.044526
  6    0.023933
  7    0.013743
  8    0.007795
  9    0.004796
 10    0.002932
 11    0.001895
 12    0.001223
 13    0.000806
 14    0.000537
 15    0.000370
 16    0.000268
 17    0.000208
 18    0.000169
 19    0.000141
 20    0.000118
 21    0.000099
Trial Time:          272.80005
  0    1.145533
  1    0.555255
  2    0.298512
  3    0.156228
  4    0.081764
  5    0.044526
  6    0.023933
  7    0.013743
  8    0.007795
  9    0.004796
 10    0.002932
 11    0.001895
 12    0.001223
 13    0.000806
 14    0.000537
 15    0.000370
 16    0.000268
 17    0.000208
 18    0.000169
 19    0.000141
 20    0.000118
 21    0.000099
Trial Time:          249.45527
Average Time:        276.12341
00268
 17    0.000208
 18    0.000169
 19    0.000141
 20    0.000118
 21    0.000099
Trial Time:          271.40765
  0    1.145533
  1    0.555255
  2    0.298512
  3    0.156228
  4    0.081764
  5    0.044526
  6    0.023933
  7    0.013743
  8    0.007795
  9    0.004796
 10    0.002932
 11    0.001895
 12    0.001223
 13    0.000806
 14    0.000537
 15    0.000370
 16    0.000268
 17    0.000208
 18    0.000169
 19    0.000141
 20    0.000118
 21    0.000099
Trial Time:          270.58348
  0    1.145533
  1    0.555255
  2    0.298512
  3    0.156228
  4    0.081764
  5    0.044526
  6    0.023933
  7    0.013743
  8    0.007795
  9    0.004796
 10    0.002932
 11    0.001895
 12    0.001223
 13    0.000806
 14    0.000537
 15    0.000370
 16    0.000268
 17    0.000208
 18    0.000169
 19    0.000141
 20    0.000118
 21    0.000099
Trial Time:          271.16240
  0    1.145533
  1    0.555255
  2    0.298512
  3    0.156228
  4    0.081764
  5    0.044526
  6    0.023933
  7    0.013743
  8    0.007795
  9    0.004796
 10    0.002932
 11    0.001895
 12    0.001223
 13    0.000806
 14    0.000537
 15    0.000370
 16    0.000268
 17    0.000208
 18    0.000169
 19    0.000141
 20    0.000118
 21    0.000099
Trial Time:          270.30507
  0    1.145533
  1    0.555255
  2    0.298512
  3    0.156228
  4    0.081764
  5    0.044526
  6    0.023933
  7    0.013743
  8    0.007795
  9    0.004796
 10    0.002932
 11    0.001895
 12    0.001223
 13    0.000806
 14    0.000537
 15    0.000370
 16    0.000268
 17    0.000208
 18    0.000169
 19    0.000141
 20    0.000118
 21    0.000099
Trial Time:          274.96679
  0    1.145533
  1    0.555255
  2    0.298512
  3    0.156228
  4    0.081764
  5    0.044526
  6    0.023933
  7    0.013743
  8    0.007795
  9    0.004796
 10    0.002932
 11    0.001895
 12    0.001223
 13    0.000806
 14    0.000537
 15    0.000370
 16    0.000268
 17    0.000208
 18    0.000169
 19    0.000141
 20    0.000118
 21    0.000099
Trial Time:          249.33554
Average Time:        276.32853
00268
 17    0.000208
 18    0.000169
 19    0.000141
 20    0.000118
 21    0.000099
Trial Time:          267.13106
  0    1.145533
  1    0.555255
  2    0.298512
  3    0.156228
  4    0.081764
  5    0.044526
  6    0.023933
  7    0.013743
  8    0.007795
  9    0.004796
 10    0.002932
 11    0.001895
 12    0.001223
 13    0.000806
 14    0.000537
 15    0.000370
 16    0.000268
 17    0.000208
 18    0.000169
 19    0.000141
 20    0.000118
 21    0.000099
Trial Time:          268.65349
  0    1.145533
  1    0.555255
  2    0.298512
  3    0.156228
  4    0.081764
  5    0.044526
  6    0.023933
  7    0.013743
  8    0.007795
  9    0.004796
 10    0.002932
 11    0.001895
 12    0.001223
 13    0.000806
 14    0.000537
 15    0.000370
 16    0.000268
 17    0.000208
 18    0.000169
 19    0.000141
 20    0.000118
 21    0.000099
Trial Time:          270.50945
  0    1.145533
  1    0.555255
  2    0.298512
  3    0.156228
  4    0.081764
  5    0.044526
  6    0.023933
  7    0.013743
  8    0.007795
  9    0.004796
 10    0.002932
 11    0.001895
 12    0.001223
 13    0.000806
 14    0.000537
 15    0.000370
 16    0.000268
 17    0.000208
 18    0.000169
 19    0.000141
 20    0.000118
 21    0.000099
Trial Time:          270.43830
  0    1.145533
  1    0.555255
  2    0.298512
  3    0.156228
  4    0.081764
  5    0.044526
  6    0.023933
  7    0.013743
  8    0.007795
  9    0.004796
 10    0.002932
 11    0.001895
 12    0.001223
 13    0.000806
 14    0.000537
 15    0.000370
 16    0.000268
 17    0.000208
 18    0.000169
 19    0.000141
 20    0.000118
 21    0.000099
Trial Time:          272.80126
  0    1.145533
  1    0.555255
  2    0.298512
  3    0.156228
  4    0.081764
  5    0.044526
  6    0.023933
  7    0.013743
  8    0.007795
  9    0.004796
 10    0.002932
 11    0.001895
 12    0.001223
 13    0.000806
 14    0.000537
 15    0.000370
 16    0.000268
 17    0.000208
 18    0.000169
 19    0.000141
 20    0.000118
 21    0.000099
Trial Time:          249.65174
Average Time:        276.52286
00268
 17    0.000208
 18    0.000169
 19    0.000141
 20    0.000118
 21    0.000099
Trial Time:          268.25583
  0    1.145533
  1    0.555255
  2    0.298512
  3    0.156228
  4    0.081764
  5    0.044526
  6    0.023933
  7    0.013743
  8    0.007795
  9    0.004796
 10    0.002932
 11    0.001895
 12    0.001223
 13    0.000806
 14    0.000537
 15    0.000370
 16    0.000268
 17    0.000208
 18    0.000169
 19    0.000141
 20    0.000118
 21    0.000099
Trial Time:          268.91822
  0    1.145533
  1    0.555255
  2    0.298512
  3    0.156228
  4    0.081764
  5    0.044526
  6    0.023933
  7    0.013743
  8    0.007795
  9    0.004796
 10    0.002932
 11    0.001895
 12    0.001223
 13    0.000806
 14    0.000537
 15    0.000370
 16    0.000268
 17    0.000208
 18    0.000169
 19    0.000141
 20    0.000118
 21    0.000099
Trial Time:          271.47376
  0    1.145533
  1    0.555255
  2    0.298512
  3    0.156228
  4    0.081764
  5    0.044526
  6    0.023933
  7    0.013743
  8    0.007795
  9    0.004796
 10    0.002932
 11    0.001895
 12    0.001223
 13    0.000806
 14    0.000537
 15    0.000370
 16    0.000268
 17    0.000208
 18    0.000169
 19    0.000141
 20    0.000118
 21    0.000099
Trial Time:          269.15562
  0    1.145533
  1    0.555255
  2    0.298512
  3    0.156228
  4    0.081764
  5    0.044526
  6    0.023933
  7    0.013743
  8    0.007795
  9    0.004796
 10    0.002932
 11    0.001895
 12    0.001223
 13    0.000806
 14    0.000537
 15    0.000370
 16    0.000268
 17    0.000208
 18    0.000169
 19    0.000141
 20    0.000118
 21    0.000099
Trial Time:          269.64275
  0    1.145533
  1    0.555255
  2    0.298512
  3    0.156228
  4    0.081764
  5    0.044526
  6    0.023933
  7    0.013743
  8    0.007795
  9    0.004796
 10    0.002932
 11    0.001895
 12    0.001223
 13    0.000806
 14    0.000537
 15    0.000370
 16    0.000268
 17    0.000208
 18    0.000169
 19    0.000141
 20    0.000118
 21    0.000099
Trial Time:          244.40794
Average Time:        277.10596
00268
 17    0.000208
 18    0.000169
 19    0.000141
 20    0.000118
 21    0.000099
Trial Time:          267.14958
  0    1.145533
  1    0.555255
  2    0.298512
  3    0.156228
  4    0.081764
  5    0.044526
  6    0.023933
  7    0.013743
  8    0.007795
  9    0.004796
 10    0.002932
 11    0.001895
 12    0.001223
 13    0.000806
 14    0.000537
 15    0.000370
 16    0.000268
 17    0.000208
 18    0.000169
 19    0.000141
 20    0.000118
 21    0.000099
Trial Time:          267.06383
  0    1.145533
  1    0.555255
  2    0.298512
  3    0.156228
  4    0.081764
  5    0.044526
  6    0.023933
  7    0.013743
  8    0.007795
  9    0.004796
 10    0.002932
 11    0.001895
 12    0.001223
 13    0.000806
 14    0.000537
 15    0.000370
 16    0.000268
 17    0.000208
 18    0.000169
 19    0.000141
 20    0.000118
 21    0.000099
Trial Time:          267.35423
  0    1.145533
  1    0.555255
  2    0.298512
  3    0.156228
  4    0.081764
  5    0.044526
  6    0.023933
  7    0.013743
  8    0.007795
  9    0.004796
 10    0.002932
 11    0.001895
 12    0.001223
 13    0.000806
 14    0.000537
 15    0.000370
 16    0.000268
 17    0.000208
 18    0.000169
 19    0.000141
 20    0.000118
 21    0.000099
Trial Time:          262.88564
  0    1.145533
  1    0.555255
  2    0.298512
  3    0.156228
  4    0.081764
  5    0.044526
  6    0.023933
  7    0.013743
  8    0.007795
  9    0.004796
 10    0.002932
 11    0.001895
 12    0.001223
 13    0.000806
 14    0.000537
 15    0.000370
 16    0.000268
 17    0.000208
 18    0.000169
 19    0.000141
 20    0.000118
 21    0.000099
Trial Time:          266.65219
  0    1.145533
  1    0.555255
  2    0.298512
  3    0.156228
  4    0.081764
  5    0.044526
  6    0.023933
  7    0.013743
  8    0.007795
  9    0.004796
 10    0.002932
 11    0.001895
 12    0.001223
 13    0.000806
 14    0.000537
 15    0.000370
 16    0.000268
 17    0.000208
 18    0.000169
 19    0.000141
 20    0.000118
 21    0.000099
Trial Time:          236.56339
Average Time:        277.42064
Execution File:   /scale/cal1/home/ybmoon/research/numa_autofdo/gapbs/bin-adt_exp/pr
Num of Programs:  8
Program Path:     /scale/cal1/home/ybmoon/research/numa_autofdo/gapbs/bin-adt_exp/
Progarm Options:  /scale/cal1/home/ybmoon/research/numa_autofdo/gapbs/bin-adt_exp/pr
i:1, argv[5]:-f
option1:-f
i:2, argv[6]:/home/ybmoon/workloads/gapbs-data/twitter.sg
option2:/home/ybmoon/workloads/gapbs-data/twitter.sg
i:3, argv[7]:-i1000
option3:-i1000
i:4, argv[8]:-t1e-4
option4:-t1e-4
i:5, argv[9]:-n16
option5:-n16
tmp_node: 0
Local DRAM Allocation
Core: 0
Directory [0]:   /scale/cal1/home/ybmoon/research/numa_autofdo/gapbs/bin-adt_exp/
exe_path: /scale/cal1/home/ybmoon/research/numa_autofdo/gapbs/bin-adt_exp/pr
Core: 1
Directory [1]:   /scale/cal1/home/ybmoon/research/numa_autofdo/gapbs/bin-adt_exp/
exe_path: /scale/cal1/home/ybmoon/research/numa_autofdo/gapbs/bin-adt_exp/pr
Core: 2
Directory [2]:   /scale/cal1/home/ybmoon/research/numa_autofdo/gapbs/bin-adt_exp/
exe_path: /scale/cal1/home/ybmoon/research/numa_autofdo/gapbs/bin-adt_exp/pr
Core: 3
Directory [3]:   /scale/cal1/home/ybmoon/research/numa_autofdo/gapbs/bin-adt_exp/
exe_path: /scale/cal1/home/ybmoon/research/numa_autofdo/gapbs/bin-adt_exp/pr
Core: 4
Directory [4]:   /scale/cal1/home/ybmoon/research/numa_autofdo/gapbs/bin-adt_exp/
exe_path: /scale/cal1/home/ybmoon/research/numa_autofdo/gapbs/bin-adt_exp/pr
Core: 5
Directory [5]:   /scale/cal1/home/ybmoon/research/numa_autofdo/gapbs/bin-adt_exp/
exe_path: /scale/cal1/home/ybmoon/research/numa_autofdo/gapbs/bin-adt_exp/pr
Core: 6
Directory [6]:   /scale/cal1/home/ybmoon/research/numa_autofdo/gapbs/bin-adt_exp/
exe_path: /scale/cal1/home/ybmoon/research/numa_autofdo/gapbs/bin-adt_exp/pr
Core: 7
Directory [7]:   /scale/cal1/home/ybmoon/research/numa_autofdo/gapbs/bin-adt_exp/
exe_path: /scale/cal1/home/ybmoon/research/numa_autofdo/gapbs/bin-adt_exp/pr
Process Start
Process Start
Process Start
Process Start
Wait PID: 31384
Process Start
Wait PID: 31386
Process Start
Process Start
Wait PID: 31388
Wait PID: 31390
Process Start
Wait PID: 31392
Wait PID: 31394
Wait PID: 31395
Wait PID: 31396
Execution Time (30) => 4501794357791.00 ns
Execution Time (4) => 4522203520601.00 ns
Execution Time (16) => 4549439995158.00 ns
Execution Time (20) => 4579229661164.00 ns
Execution Time (24) => 4582533826915.00 ns
Execution Time (12) => 4585531524692.00 ns
Execution Time (8) => 4594913415361.00 ns
Execution Time (0) => 4599949742885.00 ns
('Full Command: ', '/scale/cal/home/ybmoon/migration/workloads/gap-spec-wrapper/second-wrapper/second_wrapper 0 8 /scale/cal1/home/ybmoon/research/numa_autofdo/gapbs/bin-adt_exp/ /scale/cal1/home/ybmoon/research/numa_autofdo/gapbs/bin-adt_exp/pr -f /home/ybmoon/workloads/gapbs-data/twitter.sg -i1000 -t1e-4 -n16')
execution_time 4600.27 (s)
