
FPP: "specpp -DSPEC -DNDEBUG -DSPEC_OPENMP -DSPEC_LP64 <source> -o <source>.fppized.f9x"
P: CPUFLAGS="-DSPEC -DNDEBUG"
O: OPTIMIZE=""
O: EXTRA_OPTIMIZE="-DSPEC_OPENMP"
O: FPPOPTIMIZE=""
O: EXTRA_FPPOPTIMIZE=""
O: FOPTIMIZE=""
O: EXTRA_FOPTIMIZE=""
P: PORTABILITY=""
P: EXTRA_PORTABILITY="-DSPEC_LP64"
P: FPORTABILITY=""
P: EXTRA_FPORTABILITY=""
COMP: "/usr/bin/gfortran-7    -m64 -c -o options.o -g -O2 -fopt-info -fopenmp <source>"
C: FC="/usr/bin/gfortran-7    -m64"
C: FOBJOPT="-c -o options"
P: CPUFLAGS="-DSPEC -DNDEBUG"
P: BENCH_FLAGS=""
P: BENCH_FFLAGS=""
O: OPTIMIZE="-g -O2 -fopt-info"
O: FOPTIMIZE=""
P: PORTABILITY=""
P: FPORTABILITY=""
O: EXTRA_FFLAGS=""
O: EXTRA_OPTIMIZE="-fopenmp -DSPEC_OPENMP"
O: EXTRA_FOPTIMIZE=""
P: EXTRA_PORTABILITY="-DSPEC_LP64"
P: EXTRA_FPORTABILITY=""
LINK: "/usr/bin/gfortran-7    -m64      -g -O2 -fopt-info        -fopenmp -DSPEC_OPENMP  <objects>            -o options  "
C: LD="/usr/bin/gfortran-7    -m64"
O: OPTIMIZE="-g -O2 -fopt-info"
O: EXTRA_OPTIMIZE="-fopenmp -DSPEC_OPENMP"
C: LDOUT="-o options"
