Read Time:           160.19896
Graph has 61578415 nodes and 1468364884 directed edges for degree: 23
Read Time:           160.20551
Graph has 61578415 nodes and 1468364884 directed edges for degree: 23
Read Time:           160.20714
Graph has 61578415 nodes and 1468364884 directed edges for degree: 23
Read Time:           160.22381
Graph has 61578415 nodes and 1468364884 directed edges for degree: 23
Read Time:           160.22274
Graph has 61578415 nodes and 1468364884 directed edges for degree: 23
Read Time:           160.24101
Graph has 61578415 nodes and 1468364884 directed edges for degree: 23
Read Time:           160.24210
Graph has 61578415 nodes and 1468364884 directed edges for degree: 23
Read Time:           160.22688
Graph has 61578415 nodes and 1468364884 directed edges for degree: 23
  0    1.145533
  1    0.555255
  2    0.298512
  3    0.156228
  4    0.081764
  5    0.044526
  6    0.023933
  7    0.013743
  8    0.007795
  9    0.004796
 10    0.002932
 11    0.001895
 12    0.001223
 13    0.000806
 14    0.000537
 15    0.000370
 16    0.000268
 17    0.000208
 18    0.000169
 19    0.000141
 20    0.000118
 21    0.000099
Trial Time:          294.15468
  0    1.145533
  1    0.555255
  2    0.298512
  3    0.156228
  4    0.081764
  5    0.044526
  6    0.023933
  7    0.013743
  8    0.007795
  9    0.004796
 10    0.002932
 11    0.001895
 12    0.001223
 13    0.000806
 14    0.000537
 15    0.000370
 16    0.000268
 17    0.000208
 18    0.000169
 19    0.000141
 20    0.000118
 21    0.000099
Trial Time:          267.91895
  0    1.145533
  1    0.555255
  2    0.298512
  3    0.156228
  4    0.081764
  5    0.044526
  6    0.023933
  7    0.013743
  8    0.007795
  9    0.004796
 10    0.002932
 11    0.001895
 12    0.001223
 13    0.000806
 14    0.000537
 15    0.000370
 16    0.000268
 17    0.000208
 18    0.000169
 19    0.000141
 20    0.000118
 21    0.000099
Trial Time:          260.60019
  0    1.145533
  1    0.555255
  2    0.298512
  3    0.156228
  4    0.081764
  5    0.044526
  6    0.023933
  7    0.013743
  8    0.007795
  9    0.004796
 10    0.002932
 11    0.001895
 12    0.001223
 13    0.000806
 14    0.000537
 15    0.000370
 16    0.000268
 17    0.000208
 18    0.000169
 19    0.000141
 20    0.000118
 21    0.000099
Trial Time:          269.29142
  0    1.145533
  1    0.555255
  2    0.298512
  3    0.156228
  4    0.081764
  5    0.044526
  6    0.023933
  7    0.013743
  8    0.007795
  9    0.004796
 10    0.002932
 11    0.001895
 12    0.001223
 13    0.000806
 14    0.000537
 15    0.000370
 16    0.000268
 17    0.000208
 18    0.000169
 19    0.000141
 20    0.000118
 21    0.000099
Trial Time:          269.38278
  0    1.145533
  1    0.555255
  2    0.298512
  3    0.156228
  4    0.081764
  5    0.044526
  6    0.023933
  7    0.013743
  8    0.007795
  9    0.004796
 10    0.002932
 11    0.001895
 12    0.001223
 13    0.000806
 14    0.000537
 15    0.000370
 16    0.000268
 17    0.000208
 18    0.000169
 19    0.000141
 20    0.000118
 21    0.000099
Trial Time:          263.24347
  0    1.145533
  1    0.555255
  2    0.298512
  3    0.156228
  4    0.081764
  5    0.044526
  6    0.023933
  7    0.013743
  8    0.007795
  9    0.004796
 10    0.002932
 11    0.001895
 12    0.001223
 13    0.000806
 14    0.000537
 15    0.000370
 16    0.000268
 17    0.000208
 18    0.000169
 19    0.000141
 20    0.000118
 21    0.000099
Trial Time:          267.57509
  0    1.145533
  1    0.555255
  2    0.298512
  3    0.156228
  4    0.081764
  5    0.044526
  6    0.023933
  7    0.013743
  8    0.007795
  9    0.004796
 10    0.002932
 11    0.001895
 12    0.001223
 13    0.000806
 14    0.000537
 15    0.000370
 16    0.000268
 17    0.000208
 18    0.000169
 19    0.000141
 20    0.000118
 21    0.000099
Trial Time:          267.81707
  0    1.145533
  1    0.555255
  2    0.298512
  3    0.156228
  4    0.081764
  5    0.044526
  6    0.023933
  7    0.013743
  8    0.007795
  9    0.004796
 10    0.002932
 11    0.001895
 12    0.001223
 13    0.000806
 14    0.000537
 15    0.000370
 16    0.000268
 17    0.000208
 18    0.000169
 19    0.000141
 20    0.000118
 21    0.000099
Trial Time:          267.83840
  0    1.145533
  1    0.555255
  2    0.298512
  3    0.156228
  4    0.081764
  5    0.044526
  6    0.023933
  7    0.013743
  8    0.007795
  9    0.004796
 10    0.002932
 11    0.001895
 12    0.001223
 13    0.000806
 14    0.000537
 15    0.000370
 16    0.000268
 17    0.000208
 18    0.000169
 19    0.000141
 20    0.000118
 21    0.000099
Trial Time:          269.39960
  0    1.145533
  1    0.555255
  2    0.298512
  3    0.156228
  4    0.081764
  5    0.044526
  6    0.023933
  7    0.013743
  8    0.007795
  9    0.004796
 10    0.002932
 11    0.001895
 12    0.001223
 13    0.000806
 14    0.000537
 15    0.000370
 16    0.0  0    1.145533
  1    0.555255
  2    0.298512
  3    0.156228
  4    0.081764
  5    0.044526
  6    0.023933
  7    0.013743
  8    0.007795
  9    0.004796
 10    0.002932
 11    0.001895
 12    0.001223
 13    0.000806
 14    0.000537
 15    0.000370
 16    0.000268
 17    0.000208
 18    0.000169
 19    0.000141
 20    0.000118
 21    0.000099
Trial Time:          316.58403
  0    1.145533
  1    0.555255
  2    0.298512
  3    0.156228
  4    0.081764
  5    0.044526
  6    0.023933
  7    0.013743
  8    0.007795
  9    0.004796
 10    0.002932
 11    0.001895
 12    0.001223
 13    0.000806
 14    0.000537
 15    0.000370
 16    0.000268
 17    0.000208
 18    0.000169
 19    0.000141
 20    0.000118
 21    0.000099
Trial Time:          268.32222
  0    1.145533
  1    0.555255
  2    0.298512
  3    0.156228
  4    0.081764
  5    0.044526
  6    0.023933
  7    0.013743
  8    0.007795
  9    0.004796
 10    0.002932
 11    0.001895
 12    0.001223
 13    0.000806
 14    0.000537
 15    0.000370
 16    0.000268
 17    0.000208
 18    0.000169
 19    0.000141
 20    0.000118
 21    0.000099
Trial Time:          279.85542
  0    1.145533
  1    0.555255
  2    0.298512
  3    0.156228
  4    0.081764
  5    0.044526
  6    0.023933
  7    0.013743
  8    0.007795
  9    0.004796
 10    0.002932
 11    0.001895
 12    0.001223
 13    0.000806
 14    0.000537
 15    0.000370
 16    0.000268
 17    0.000208
 18    0.000169
 19    0.000141
 20    0.000118
 21    0.000099
Trial Time:          264.42194
  0    1.145533
  1    0.555255
  2    0.298512
  3    0.156228
  4    0.081764
  5    0.044526
  6    0.023933
  7    0.013743
  8    0.007795
  9    0.004796
 10    0.002932
 11    0.001895
 12    0.001223
 13    0.000806
 14    0.000537
 15    0.000370
 16    0.000268
 17    0.000208
 18    0.000169
 19    0.000141
 20    0.000118
 21    0.000099
Trial Time:          264.86139
  0    1.145533
  1    0.555255
  2    0.298512
  3    0.156228
  4    0.081764
  5    0.044526
  6    0.023933
  7    0.013743
  8    0.007795
  9    0.004796
 10    0.002932
 11    0.001895
 12    0.001223
 13    0.000806
 14    0.000537
 15    0.000370
 16    0.000268
 17    0.000208
 18    0.000169
 19    0.000141
 20    0.000118
 21    0.000099
Trial Time:          269.53430
  0    1.145533
  1    0.555255
  2    0.298512
  3    0.156228
  4    0.081764
  5    0.044526
  6    0.023933
  7    0.013743
  8    0.007795
  9    0.004796
 10    0.002932
 11    0.001895
 12    0.001223
 13    0.000806
 14    0.000537
 15    0.000370
 16    0.000268
 17    0.000208
 18    0.000169
 19    0.000141
 20    0.000118
 21    0.000099
Trial Time:          266.82376
  0    1.145533
  1    0.555255
  2    0.298512
  3    0.156228
  4    0.081764
  5    0.044526
  6    0.023933
  7    0.013743
  8    0.007795
  9    0.004796
 10    0.002932
 11    0.001895
 12    0.001223
 13    0.000806
 14    0.000537
 15    0.000370
 16    0.000268
 17    0.000208
 18    0.000169
 19    0.000141
 20    0.000118
 21    0.000099
Trial Time:          265.41100
  0    1.145533
  1    0.555255
  2    0.298512
  3    0.156228
  4    0.081764
  5    0.044526
  6    0.023933
  7    0.013743
  8    0.007795
  9    0.004796
 10    0.002932
 11    0.001895
 12    0.001223
 13    0.000806
 14    0.000537
 15    0.000370
 16    0.000268
 17    0.000208
 18    0.000169
 19    0.000141
 20    0.000118
 21    0.000099
Trial Time:          266.44376
  0    1.145533
  1    0.555255
  2    0.298512
  3    0.156228
  4    0.081764
  5    0.044526
  6    0.023933
  7    0.013743
  8    0.007795
  9    0.004796
 10    0.002932
 11    0.001895
 12    0.001223
 13    0.000806
 14    0.000537
 15    0.000370
 16    0.000268
 17    0.000208
 18    0.000169
 19    0.000141
 20    0.000118
 21    0.000099
Trial Time:          267.37367
  0    1.145533
  1    0.555255
  2    0.298512
  3    0.156228
  4    0.081764
  5    0.044526
  6    0.023933
  7    0.013743
  8    0.007795
  9    0.004796
 10    0.002932
 11    0.001895
 12    0.001223
 13    0.000806
 14    0.000537
 15    0.000370
 16    0.0  0    1.145533
  1    0.555255
  2    0.298512
  3    0.156228
  4    0.081764
  5    0.044526
  6    0.023933
  7    0.013743
  8    0.007795
  9    0.004796
 10    0.002932
 11    0.001895
 12    0.001223
 13    0.000806
 14    0.000537
 15    0.000370
 16    0.000268
 17    0.000208
 18    0.000169
 19    0.000141
 20    0.000118
 21    0.000099
Trial Time:          337.19879
  0    1.145533
  1    0.555255
  2    0.298512
  3    0.156228
  4    0.081764
  5    0.044526
  6    0.023933
  7    0.013743
  8    0.007795
  9    0.004796
 10    0.002932
 11    0.001895
 12    0.001223
 13    0.000806
 14    0.000537
 15    0.000370
 16    0.000268
 17    0.000208
 18    0.000169
 19    0.000141
 20    0.000118
 21    0.000099
Trial Time:          272.55061
  0    1.145533
  1    0.555255
  2    0.298512
  3    0.156228
  4    0.081764
  5    0.044526
  6    0.023933
  7    0.013743
  8    0.007795
  9    0.004796
 10    0.002932
 11    0.001895
 12    0.001223
 13    0.000806
 14    0.000537
 15    0.000370
 16    0.000268
 17    0.000208
 18    0.000169
 19    0.000141
 20    0.000118
 21    0.000099
Trial Time:          260.83707
  0    1.145533
  1    0.555255
  2    0.298512
  3    0.156228
  4    0.081764
  5    0.044526
  6    0.023933
  7    0.013743
  8    0.007795
  9    0.004796
 10    0.002932
 11    0.001895
 12    0.001223
 13    0.000806
 14    0.000537
 15    0.000370
 16    0.000268
 17    0.000208
 18    0.000169
 19    0.000141
 20    0.000118
 21    0.000099
Trial Time:          269.64994
  0    1.145533
  1    0.555255
  2    0.298512
  3    0.156228
  4    0.081764
  5    0.044526
  6    0.023933
  7    0.013743
  8    0.007795
  9    0.004796
 10    0.002932
 11    0.001895
 12    0.001223
 13    0.000806
 14    0.000537
 15    0.000370
 16    0.000268
 17    0.000208
 18    0.000169
 19    0.000141
 20    0.000118
 21    0.000099
Trial Time:          270.85677
  0    1.145533
  1    0.555255
  2    0.298512
  3    0.156228
  4    0.081764
  5    0.044526
  6    0.023933
  7    0.013743
  8    0.007795
  9    0.004796
 10    0.002932
 11    0.001895
 12    0.001223
 13    0.000806
 14    0.000537
 15    0.000370
 16    0.000268
 17    0.000208
 18    0.000169
 19    0.000141
 20    0.000118
 21    0.000099
Trial Time:          265.24841
  0    1.145533
  1    0.555255
  2    0.298512
  3    0.156228
  4    0.081764
  5    0.044526
  6    0.023933
  7    0.013743
  8    0.007795
  9    0.004796
 10    0.002932
 11    0.001895
 12    0.001223
 13    0.000806
 14    0.000537
 15    0.000370
 16    0.000268
 17    0.000208
 18    0.000169
 19    0.000141
 20    0.000118
 21    0.000099
Trial Time:          270.31178
  0    1.145533
  1    0.555255
  2    0.298512
  3    0.156228
  4    0.081764
  5    0.044526
  6    0.023933
  7    0.013743
  8    0.007795
  9    0.004796
 10    0.002932
 11    0.001895
 12    0.001223
 13    0.000806
 14    0.000537
 15    0.000370
 16    0.000268
 17    0.000208
 18    0.000169
 19    0.000141
 20    0.000118
 21    0.000099
Trial Time:          269.51232
  0    1.145533
  1    0.555255
  2    0.298512
  3    0.156228
  4    0.081764
  5    0.044526
  6    0.023933
  7    0.013743
  8    0.007795
  9    0.004796
 10    0.002932
 11    0.001895
 12    0.001223
 13    0.000806
 14    0.000537
 15    0.000370
 16    0.000268
 17    0.000208
 18    0.000169
 19    0.000141
 20    0.000118
 21    0.000099
Trial Time:          271.17270
  0    1.145533
  1    0.555255
  2    0.298512
  3    0.156228
  4    0.081764
  5    0.044526
  6    0.023933
  7    0.013743
  8    0.007795
  9    0.004796
 10    0.002932
 11    0.001895
 12    0.001223
 13    0.000806
 14    0.000537
 15    0.000370
 16    0.000268
 17    0.000208
 18    0.000169
 19    0.000141
 20    0.000118
 21    0.000099
Trial Time:          271.17483
  0    1.145533
  1    0.555255
  2    0.298512
  3    0.156228
  4    0.081764
  5    0.044526
  6    0.023933
  7    0.013743
  8    0.007795
  9    0.004796
 10    0.002932
 11    0.001895
 12    0.001223
 13    0.000806
 14    0.000537
 15    0.000370
 16    0.0  0    1.145533
  1    0.555255
  2    0.298512
  3    0.156228
  4    0.081764
  5    0.044526
  6    0.023933
  7    0.013743
  8    0.007795
  9    0.004796
 10    0.002932
 11    0.001895
 12    0.001223
 13    0.000806
 14    0.000537
 15    0.000370
 16    0.000268
 17    0.000208
 18    0.000169
 19    0.000141
 20    0.000118
 21    0.000099
Trial Time:          335.81818
  0    1.145533
  1    0.555255
  2    0.298512
  3    0.156228
  4    0.081764
  5    0.044526
  6    0.023933
  7    0.013743
  8    0.007795
  9    0.004796
 10    0.002932
 11    0.001895
 12    0.001223
 13    0.000806
 14    0.000537
 15    0.000370
 16    0.000268
 17    0.000208
 18    0.000169
 19    0.000141
 20    0.000118
 21    0.000099
Trial Time:          272.73000
  0    1.145533
  1    0.555255
  2    0.298512
  3    0.156228
  4    0.081764
  5    0.044526
  6    0.023933
  7    0.013743
  8    0.007795
  9    0.004796
 10    0.002932
 11    0.001895
 12    0.001223
 13    0.000806
 14    0.000537
 15    0.000370
 16    0.000268
 17    0.000208
 18    0.000169
 19    0.000141
 20    0.000118
 21    0.000099
Trial Time:          264.57479
  0    1.145533
  1    0.555255
  2    0.298512
  3    0.156228
  4    0.081764
  5    0.044526
  6    0.023933
  7    0.013743
  8    0.007795
  9    0.004796
 10    0.002932
 11    0.001895
 12    0.001223
 13    0.000806
 14    0.000537
 15    0.000370
 16    0.000268
 17    0.000208
 18    0.000169
 19    0.000141
 20    0.000118
 21    0.000099
Trial Time:          272.18188
  0    1.145533
  1    0.555255
  2    0.298512
  3    0.156228
  4    0.081764
  5    0.044526
  6    0.023933
  7    0.013743
  8    0.007795
  9    0.004796
 10    0.002932
 11    0.001895
 12    0.001223
 13    0.000806
 14    0.000537
 15    0.000370
 16    0.000268
 17    0.000208
 18    0.000169
 19    0.000141
 20    0.000118
 21    0.000099
Trial Time:          271.03983
  0    1.145533
  1    0.555255
  2    0.298512
  3    0.156228
  4    0.081764
  5    0.044526
  6    0.023933
  7    0.013743
  8    0.007795
  9    0.004796
 10    0.002932
 11    0.001895
 12    0.001223
 13    0.000806
 14    0.000537
 15    0.000370
 16    0.000268
 17    0.000208
 18    0.000169
 19    0.000141
 20    0.000118
 21    0.000099
Trial Time:          266.08659
  0    1.145533
  1    0.555255
  2    0.298512
  3    0.156228
  4    0.081764
  5    0.044526
  6    0.023933
  7    0.013743
  8    0.007795
  9    0.004796
 10    0.002932
 11    0.001895
 12    0.001223
 13    0.000806
 14    0.000537
 15    0.000370
 16    0.000268
 17    0.000208
 18    0.000169
 19    0.000141
 20    0.000118
 21    0.000099
Trial Time:          270.46647
  0    1.145533
  1    0.555255
  2    0.298512
  3    0.156228
  4    0.081764
  5    0.044526
  6    0.023933
  7    0.013743
  8    0.007795
  9    0.004796
 10    0.002932
 11    0.001895
 12    0.001223
 13    0.000806
 14    0.000537
 15    0.000370
 16    0.000268
 17    0.000208
 18    0.000169
 19    0.000141
 20    0.000118
 21    0.000099
Trial Time:          269.31687
  0    1.145533
  1    0.555255
  2    0.298512
  3    0.156228
  4    0.081764
  5    0.044526
  6    0.023933
  7    0.013743
  8    0.007795
  9    0.004796
 10    0.002932
 11    0.001895
 12    0.001223
 13    0.000806
 14    0.000537
 15    0.000370
 16    0.000268
 17    0.000208
 18    0.000169
 19    0.000141
 20    0.000118
 21    0.000099
Trial Time:          268.81386
  0    1.145533
  1    0.555255
  2    0.298512
  3    0.156228
  4    0.081764
  5    0.044526
  6    0.023933
  7    0.013743
  8    0.007795
  9    0.004796
 10    0.002932
 11    0.001895
 12    0.001223
 13    0.000806
 14    0.000537
 15    0.000370
 16    0.000268
 17    0.000208
 18    0.000169
 19    0.000141
 20    0.000118
 21    0.000099
Trial Time:          269.47168
  0    1.145533
  1    0.555255
  2    0.298512
  3    0.156228
  4    0.081764
  5    0.044526
  6    0.023933
  7    0.013743
  8    0.007795
  9    0.004796
 10    0.002932
 11    0.001895
 12    0.001223
 13    0.000806
 14    0.000537
 15    0.000370
 16    0.0  0    1.145533
  1    0.555255
  2    0.298512
  3    0.156228
  4    0.081764
  5    0.044526
  6    0.023933
  7    0.013743
  8    0.007795
  9    0.004796
 10    0.002932
 11    0.001895
 12    0.001223
 13    0.000806
 14    0.000537
 15    0.000370
 16    0.000268
 17    0.000208
 18    0.000169
 19    0.000141
 20    0.000118
 21    0.000099
Trial Time:          339.38665
  0    1.145533
  1    0.555255
  2    0.298512
  3    0.156228
  4    0.081764
  5    0.044526
  6    0.023933
  7    0.013743
  8    0.007795
  9    0.004796
 10    0.002932
 11    0.001895
 12    0.001223
 13    0.000806
 14    0.000537
 15    0.000370
 16    0.000268
 17    0.000208
 18    0.000169
 19    0.000141
 20    0.000118
 21    0.000099
Trial Time:          270.78946
  0    1.145533
  1    0.555255
  2    0.298512
  3    0.156228
  4    0.081764
  5    0.044526
  6    0.023933
  7    0.013743
  8    0.007795
  9    0.004796
 10    0.002932
 11    0.001895
 12    0.001223
 13    0.000806
 14    0.000537
 15    0.000370
 16    0.000268
 17    0.000208
 18    0.000169
 19    0.000141
 20    0.000118
 21    0.000099
Trial Time:          284.91077
  0    1.145533
  1    0.555255
  2    0.298512
  3    0.156228
  4    0.081764
  5    0.044526
  6    0.023933
  7    0.013743
  8    0.007795
  9    0.004796
 10    0.002932
 11    0.001895
 12    0.001223
 13    0.000806
 14    0.000537
 15    0.000370
 16    0.000268
 17    0.000208
 18    0.000169
 19    0.000141
 20    0.000118
 21    0.000099
Trial Time:          266.55009
  0    1.145533
  1    0.555255
  2    0.298512
  3    0.156228
  4    0.081764
  5    0.044526
  6    0.023933
  7    0.013743
  8    0.007795
  9    0.004796
 10    0.002932
 11    0.001895
 12    0.001223
 13    0.000806
 14    0.000537
 15    0.000370
 16    0.000268
 17    0.000208
 18    0.000169
 19    0.000141
 20    0.000118
 21    0.000099
Trial Time:          265.14038
  0    1.145533
  1    0.555255
  2    0.298512
  3    0.156228
  4    0.081764
  5    0.044526
  6    0.023933
  7    0.013743
  8    0.007795
  9    0.004796
 10    0.002932
 11    0.001895
 12    0.001223
 13    0.000806
 14    0.000537
 15    0.000370
 16    0.000268
 17    0.000208
 18    0.000169
 19    0.000141
 20    0.000118
 21    0.000099
Trial Time:          262.07659
  0    1.145533
  1    0.555255
  2    0.298512
  3    0.156228
  4    0.081764
  5    0.044526
  6    0.023933
  7    0.013743
  8    0.007795
  9    0.004796
 10    0.002932
 11    0.001895
 12    0.001223
 13    0.000806
 14    0.000537
 15    0.000370
 16    0.000268
 17    0.000208
 18    0.000169
 19    0.000141
 20    0.000118
 21    0.000099
Trial Time:          267.92505
  0    1.145533
  1    0.555255
  2    0.298512
  3    0.156228
  4    0.081764
  5    0.044526
  6    0.023933
  7    0.013743
  8    0.007795
  9    0.004796
 10    0.002932
 11    0.001895
 12    0.001223
 13    0.000806
 14    0.000537
 15    0.000370
 16    0.000268
 17    0.000208
 18    0.000169
 19    0.000141
 20    0.000118
 21    0.000099
Trial Time:          272.03145
  0    1.145533
  1    0.555255
  2    0.298512
  3    0.156228
  4    0.081764
  5    0.044526
  6    0.023933
  7    0.013743
  8    0.007795
  9    0.004796
 10    0.002932
 11    0.001895
 12    0.001223
 13    0.000806
 14    0.000537
 15    0.000370
 16    0.000268
 17    0.000208
 18    0.000169
 19    0.000141
 20    0.000118
 21    0.000099
Trial Time:          268.34417
  0    1.145533
  1    0.555255
  2    0.298512
  3    0.156228
  4    0.081764
  5    0.044526
  6    0.023933
  7    0.013743
  8    0.007795
  9    0.004796
 10    0.002932
 11    0.001895
 12    0.001223
 13    0.000806
 14    0.000537
 15    0.000370
 16    0.000268
 17    0.000208
 18    0.000169
 19    0.000141
 20    0.000118
 21    0.000099
Trial Time:          268.39253
  0    1.145533
  1    0.555255
  2    0.298512
  3    0.156228
  4    0.081764
  5    0.044526
  6    0.023933
  7    0.013743
  8    0.007795
  9    0.004796
 10    0.002932
 11    0.001895
 12    0.001223
 13    0.000806
 14    0.000537
 15    0.000370
 16    0.0  0    1.145533
  1    0.555255
  2    0.298512
  3    0.156228
  4    0.081764
  5    0.044526
  6    0.023933
  7    0.013743
  8    0.007795
  9    0.004796
 10    0.002932
 11    0.001895
 12    0.001223
 13    0.000806
 14    0.000537
 15    0.000370
 16    0.000268
 17    0.000208
 18    0.000169
 19    0.000141
 20    0.000118
 21    0.000099
Trial Time:          337.91273
  0    1.145533
  1    0.555255
  2    0.298512
  3    0.156228
  4    0.081764
  5    0.044526
  6    0.023933
  7    0.013743
  8    0.007795
  9    0.004796
 10    0.002932
 11    0.001895
 12    0.001223
 13    0.000806
 14    0.000537
 15    0.000370
 16    0.000268
 17    0.000208
 18    0.000169
 19    0.000141
 20    0.000118
 21    0.000099
Trial Time:          272.13154
  0    1.145533
  1    0.555255
  2    0.298512
  3    0.156228
  4    0.081764
  5    0.044526
  6    0.023933
  7    0.013743
  8    0.007795
  9    0.004796
 10    0.002932
 11    0.001895
 12    0.001223
 13    0.000806
 14    0.000537
 15    0.000370
 16    0.000268
 17    0.000208
 18    0.000169
 19    0.000141
 20    0.000118
 21    0.000099
Trial Time:          274.04229
  0    1.145533
  1    0.555255
  2    0.298512
  3    0.156228
  4    0.081764
  5    0.044526
  6    0.023933
  7    0.013743
  8    0.007795
  9    0.004796
 10    0.002932
 11    0.001895
 12    0.001223
 13    0.000806
 14    0.000537
 15    0.000370
 16    0.000268
 17    0.000208
 18    0.000169
 19    0.000141
 20    0.000118
 21    0.000099
Trial Time:          273.12406
  0    1.145533
  1    0.555255
  2    0.298512
  3    0.156228
  4    0.081764
  5    0.044526
  6    0.023933
  7    0.013743
  8    0.007795
  9    0.004796
 10    0.002932
 11    0.001895
 12    0.001223
 13    0.000806
 14    0.000537
 15    0.000370
 16    0.000268
 17    0.000208
 18    0.000169
 19    0.000141
 20    0.000118
 21    0.000099
Trial Time:          270.62096
  0    1.145533
  1    0.555255
  2    0.298512
  3    0.156228
  4    0.081764
  5    0.044526
  6    0.023933
  7    0.013743
  8    0.007795
  9    0.004796
 10    0.002932
 11    0.001895
 12    0.001223
 13    0.000806
 14    0.000537
 15    0.000370
 16    0.000268
 17    0.000208
 18    0.000169
 19    0.000141
 20    0.000118
 21    0.000099
Trial Time:          271.45188
  0    1.145533
  1    0.555255
  2    0.298512
  3    0.156228
  4    0.081764
  5    0.044526
  6    0.023933
  7    0.013743
  8    0.007795
  9    0.004796
 10    0.002932
 11    0.001895
 12    0.001223
 13    0.000806
 14    0.000537
 15    0.000370
 16    0.000268
 17    0.000208
 18    0.000169
 19    0.000141
 20    0.000118
 21    0.000099
Trial Time:          270.07590
  0    1.145533
  1    0.555255
  2    0.298512
  3    0.156228
  4    0.081764
  5    0.044526
  6    0.023933
  7    0.013743
  8    0.007795
  9    0.004796
 10    0.002932
 11    0.001895
 12    0.001223
 13    0.000806
 14    0.000537
 15    0.000370
 16    0.000268
 17    0.000208
 18    0.000169
 19    0.000141
 20    0.000118
 21    0.000099
Trial Time:          268.79270
  0    1.145533
  1    0.555255
  2    0.298512
  3    0.156228
  4    0.081764
  5    0.044526
  6    0.023933
  7    0.013743
  8    0.007795
  9    0.004796
 10    0.002932
 11    0.001895
 12    0.001223
 13    0.000806
 14    0.000537
 15    0.000370
 16    0.000268
 17    0.000208
 18    0.000169
 19    0.000141
 20    0.000118
 21    0.000099
Trial Time:          269.76278
  0    1.145533
  1    0.555255
  2    0.298512
  3    0.156228
  4    0.081764
  5    0.044526
  6    0.023933
  7    0.013743
  8    0.007795
  9    0.004796
 10    0.002932
 11    0.001895
 12    0.001223
 13    0.000806
 14    0.000537
 15    0.000370
 16    0.000268
 17    0.000208
 18    0.000169
 19    0.000141
 20    0.000118
 21    0.000099
Trial Time:          270.19442
  0    1.145533
  1    0.555255
  2    0.298512
  3    0.156228
  4    0.081764
  5    0.044526
  6    0.023933
  7    0.013743
  8    0.007795
  9    0.004796
 10    0.002932
 11    0.001895
 12    0.001223
 13    0.000806
 14    0.000537
 15    0.000370
 16    0.0  0    1.145533
  1    0.555255
  2    0.298512
  3    0.156228
  4    0.081764
  5    0.044526
  6    0.023933
  7    0.013743
  8    0.007795
  9    0.004796
 10    0.002932
 11    0.001895
 12    0.001223
 13    0.000806
 14    0.000537
 15    0.000370
 16    0.000268
 17    0.000208
 18    0.000169
 19    0.000141
 20    0.000118
 21    0.000099
Trial Time:          386.27914
  0    1.145533
  1    0.555255
  2    0.298512
  3    0.156228
  4    0.081764
  5    0.044526
  6    0.023933
  7    0.013743
  8    0.007795
  9    0.004796
 10    0.002932
 11    0.001895
 12    0.001223
 13    0.000806
 14    0.000537
 15    0.000370
 16    0.000268
 17    0.000208
 18    0.000169
 19    0.000141
 20    0.000118
 21    0.000099
Trial Time:          269.77262
  0    1.145533
  1    0.555255
  2    0.298512
  3    0.156228
  4    0.081764
  5    0.044526
  6    0.023933
  7    0.013743
  8    0.007795
  9    0.004796
 10    0.002932
 11    0.001895
 12    0.001223
 13    0.000806
 14    0.000537
 15    0.000370
 16    0.000268
 17    0.000208
 18    0.000169
 19    0.000141
 20    0.000118
 21    0.000099
Trial Time:          276.02033
  0    1.145533
  1    0.555255
  2    0.298512
  3    0.156228
  4    0.081764
  5    0.044526
  6    0.023933
  7    0.013743
  8    0.007795
  9    0.004796
 10    0.002932
 11    0.001895
 12    0.001223
 13    0.000806
 14    0.000537
 15    0.000370
 16    0.000268
 17    0.000208
 18    0.000169
 19    0.000141
 20    0.000118
 21    0.000099
Trial Time:          272.24035
  0    1.145533
  1    0.555255
  2    0.298512
  3    0.156228
  4    0.081764
  5    0.044526
  6    0.023933
  7    0.013743
  8    0.007795
  9    0.004796
 10    0.002932
 11    0.001895
 12    0.001223
 13    0.000806
 14    0.000537
 15    0.000370
 16    0.000268
 17    0.000208
 18    0.000169
 19    0.000141
 20    0.000118
 21    0.000099
Trial Time:          267.94580
  0    1.145533
  1    0.555255
  2    0.298512
  3    0.156228
  4    0.081764
  5    0.044526
  6    0.023933
  7    0.013743
  8    0.007795
  9    0.004796
 10    0.002932
 11    0.001895
 12    0.001223
 13    0.000806
 14    0.000537
 15    0.000370
 16    0.000268
 17    0.000208
 18    0.000169
 19    0.000141
 20    0.000118
 21    0.000099
Trial Time:          269.05429
  0    1.145533
  1    0.555255
  2    0.298512
  3    0.156228
  4    0.081764
  5    0.044526
  6    0.023933
  7    0.013743
  8    0.007795
  9    0.004796
 10    0.002932
 11    0.001895
 12    0.001223
 13    0.000806
 14    0.000537
 15    0.000370
 16    0.000268
 17    0.000208
 18    0.000169
 19    0.000141
 20    0.000118
 21    0.000099
Trial Time:          268.05947
  0    1.145533
  1    0.555255
  2    0.298512
  3    0.156228
  4    0.081764
  5    0.044526
  6    0.023933
  7    0.013743
  8    0.007795
  9    0.004796
 10    0.002932
 11    0.001895
 12    0.001223
 13    0.000806
 14    0.000537
 15    0.000370
 16    0.000268
 17    0.000208
 18    0.000169
 19    0.000141
 20    0.000118
 21    0.000099
Trial Time:          269.07944
  0    1.145533
  1    0.555255
  2    0.298512
  3    0.156228
  4    0.081764
  5    0.044526
  6    0.023933
  7    0.013743
  8    0.007795
  9    0.004796
 10    0.002932
 11    0.001895
 12    0.001223
 13    0.000806
 14    0.000537
 15    0.000370
 16    0.000268
 17    0.000208
 18    0.000169
 19    0.000141
 20    0.000118
 21    0.000099
Trial Time:          269.53830
  0    1.145533
  1    0.555255
  2    0.298512
  3    0.156228
  4    0.081764
  5    0.044526
  6    0.023933
  7    0.013743
  8    0.007795
  9    0.004796
 10    0.002932
 11    0.001895
 12    0.001223
 13    0.000806
 14    0.000537
 15    0.000370
 16    0.000268
 17    0.000208
 18    0.000169
 19    0.000141
 20    0.000118
 21    0.000099
Trial Time:          269.89766
  0    1.145533
  1    0.555255
  2    0.298512
  3    0.156228
  4    0.081764
  5    0.044526
  6    0.023933
  7    0.013743
  8    0.007795
  9    0.004796
 10    0.002932
 11    0.001895
 12    0.001223
 13    0.000806
 14    0.000537
 15    0.000370
 16    0.0  0    1.145533
  1    0.555255
  2    0.298512
  3    0.156228
  4    0.081764
  5    0.044526
  6    0.023933
  7    0.013743
  8    0.007795
  9    0.004796
 10    0.002932
 11    0.001895
 12    0.001223
 13    0.000806
 14    0.000537
 15    0.000370
 16    0.000268
 17    0.000208
 18    0.000169
 19    0.000141
 20    0.000118
 21    0.000099
Trial Time:          345.98079
  0    1.145533
  1    0.555255
  2    0.298512
  3    0.156228
  4    0.081764
  5    0.044526
  6    0.023933
  7    0.013743
  8    0.007795
  9    0.004796
 10    0.002932
 11    0.001895
 12    0.001223
 13    0.000806
 14    0.000537
 15    0.000370
 16    0.000268
 17    0.000208
 18    0.000169
 19    0.000141
 20    0.000118
 21    0.000099
Trial Time:          279.59653
  0    1.145533
  1    0.555255
  2    0.298512
  3    0.156228
  4    0.081764
  5    0.044526
  6    0.023933
  7    0.013743
  8    0.007795
  9    0.004796
 10    0.002932
 11    0.001895
 12    0.001223
 13    0.000806
 14    0.000537
 15    0.000370
 16    0.000268
 17    0.000208
 18    0.000169
 19    0.000141
 20    0.000118
 21    0.000099
Trial Time:          271.86495
  0    1.145533
  1    0.555255
  2    0.298512
  3    0.156228
  4    0.081764
  5    0.044526
  6    0.023933
  7    0.013743
  8    0.007795
  9    0.004796
 10    0.002932
 11    0.001895
 12    0.001223
 13    0.000806
 14    0.000537
 15    0.000370
 16    0.000268
 17    0.000208
 18    0.000169
 19    0.000141
 20    0.000118
 21    0.000099
Trial Time:          274.12143
  0    1.145533
  1    0.555255
  2    0.298512
  3    0.156228
  4    0.081764
  5    0.044526
  6    0.023933
  7    0.013743
  8    0.007795
  9    0.004796
 10    0.002932
 11    0.001895
 12    0.001223
 13    0.000806
 14    0.000537
 15    0.000370
 16    0.000268
 17    0.000208
 18    0.000169
 19    0.000141
 20    0.000118
 21    0.000099
Trial Time:          272.65135
  0    1.145533
  1    0.555255
  2    0.298512
  3    0.156228
  4    0.081764
  5    0.044526
  6    0.023933
  7    0.013743
  8    0.007795
  9    0.004796
 10    0.002932
 11    0.001895
 12    0.001223
 13    0.000806
 14    0.000537
 15    0.000370
 16    0.000268
 17    0.000208
 18    0.000169
 19    0.000141
 20    0.000118
 21    0.000099
Trial Time:          284.33896
  0    1.145533
  1    0.555255
  2    0.298512
  3    0.156228
  4    0.081764
  5    0.044526
  6    0.023933
  7    0.013743
  8    0.007795
  9    0.004796
 10    0.002932
 11    0.001895
 12    0.001223
 13    0.000806
 14    0.000537
 15    0.000370
 16    0.000268
 17    0.000208
 18    0.000169
 19    0.000141
 20    0.000118
 21    0.000099
Trial Time:          272.76429
  0    1.145533
  1    0.555255
  2    0.298512
  3    0.156228
  4    0.081764
  5    0.044526
  6    0.023933
  7    0.013743
  8    0.007795
  9    0.004796
 10    0.002932
 11    0.001895
 12    0.001223
 13    0.000806
 14    0.000537
 15    0.000370
 16    0.000268
 17    0.000208
 18    0.000169
 19    0.000141
 20    0.000118
 21    0.000099
Trial Time:          272.33930
  0    1.145533
  1    0.555255
  2    0.298512
  3    0.156228
  4    0.081764
  5    0.044526
  6    0.023933
  7    0.013743
  8    0.007795
  9    0.004796
 10    0.002932
 11    0.001895
 12    0.001223
 13    0.000806
 14    0.000537
 15    0.000370
 16    0.000268
 17    0.000208
 18    0.000169
 19    0.000141
 20    0.000118
 21    0.000099
Trial Time:          272.14001
  0    1.145533
  1    0.555255
  2    0.298512
  3    0.156228
  4    0.081764
  5    0.044526
  6    0.023933
  7    0.013743
  8    0.007795
  9    0.004796
 10    0.002932
 11    0.001895
 12    0.001223
 13    0.000806
 14    0.000537
 15    0.000370
 16    0.000268
 17    0.000208
 18    0.000169
 19    0.000141
 20    0.000118
 21    0.000099
Trial Time:          273.18232
  0    1.145533
  1    0.555255
  2    0.298512
  3    0.156228
  4    0.081764
  5    0.044526
  6    0.023933
  7    0.013743
  8    0.007795
  9    0.004796
 10    0.002932
 11    0.001895
 12    0.001223
 13    0.000806
 14    0.000537
 15    0.000370
 16    0.000268
 17    0.000208
 18    0.000169
 19    0.000141
 20    0.000118
 21    0.000099
Trial Time:          267.96119
  0    1.145533
  1    0.555255
  2    0.298512
  3    0.156228
  4    0.081764
  5    0.044526
  6    0.023933
  7    0.013743
  8    0.007795
  9    0.004796
 10    0.002932
 11    0.001895
 12    0.001223
 13    0.000806
 14    0.000537
 15    0.000370
 16    0.000268
 17    0.000208
 18    0.000169
 19    0.000141
 20    0.000118
 21    0.000099
Trial Time:          266.96096
  0    1.145533
  1    0.555255
  2    0.298512
  3    0.156228
  4    0.081764
  5    0.044526
  6    0.023933
  7    0.013743
  8    0.007795
  9    0.004796
 10    0.002932
 11    0.001895
 12    0.001223
 13    0.000806
 14    0.000537
 15    0.000370
 16    0.000268
 17    0.000208
 18    0.000169
 19    0.000141
 20    0.000118
 21    0.000099
Trial Time:          267.98661
  0    1.145533
  1    0.555255
  2    0.298512
  3    0.156228
  4    0.081764
  5    0.044526
  6    0.023933
  7    0.013743
  8    0.007795
  9    0.004796
 10    0.002932
 11    0.001895
 12    0.001223
 13    0.000806
 14    0.000537
 15    0.000370
 16    0.000268
 17    0.000208
 18    0.000169
 19    0.000141
 20    0.000118
 21    0.000099
Trial Time:          269.08067
  0    1.145533
  1    0.555255
  2    0.298512
  3    0.156228
  4    0.081764
  5    0.044526
  6    0.023933
  7    0.013743
  8    0.007795
  9    0.004796
 10    0.002932
 11    0.001895
 12    0.001223
 13    0.000806
 14    0.000537
 15    0.000370
 16    0.000268
 17    0.000208
 18    0.000169
 19    0.000141
 20    0.000118
 21    0.000099
Trial Time:          269.95488
  0    1.145533
  1    0.555255
  2    0.298512
  3    0.156228
  4    0.081764
  5    0.044526
  6    0.023933
  7    0.013743
  8    0.007795
  9    0.004796
 10    0.002932
 11    0.001895
 12    0.001223
 13    0.000806
 14    0.000537
 15    0.000370
 16    0.000268
 17    0.000208
 18    0.000169
 19    0.000141
 20    0.000118
 21    0.000099
Trial Time:          270.36237
Average Time:        269.34552
00268
 17    0.000208
 18    0.000169
 19    0.000141
 20    0.000118
 21    0.000099
Trial Time:          266.60410
  0    1.145533
  1    0.555255
  2    0.298512
  3    0.156228
  4    0.081764
  5    0.044526
  6    0.023933
  7    0.013743
  8    0.007795
  9    0.004796
 10    0.002932
 11    0.001895
 12    0.001223
 13    0.000806
 14    0.000537
 15    0.000370
 16    0.000268
 17    0.000208
 18    0.000169
 19    0.000141
 20    0.000118
 21    0.000099
Trial Time:          266.52202
  0    1.145533
  1    0.555255
  2    0.298512
  3    0.156228
  4    0.081764
  5    0.044526
  6    0.023933
  7    0.013743
  8    0.007795
  9    0.004796
 10    0.002932
 11    0.001895
 12    0.001223
 13    0.000806
 14    0.000537
 15    0.000370
 16    0.000268
 17    0.000208
 18    0.000169
 19    0.000141
 20    0.000118
 21    0.000099
Trial Time:          266.77555
  0    1.145533
  1    0.555255
  2    0.298512
  3    0.156228
  4    0.081764
  5    0.044526
  6    0.023933
  7    0.013743
  8    0.007795
  9    0.004796
 10    0.002932
 11    0.001895
 12    0.001223
 13    0.000806
 14    0.000537
 15    0.000370
 16    0.000268
 17    0.000208
 18    0.000169
 19    0.000141
 20    0.000118
 21    0.000099
Trial Time:          267.64422
  0    1.145533
  1    0.555255
  2    0.298512
  3    0.156228
  4    0.081764
  5    0.044526
  6    0.023933
  7    0.013743
  8    0.007795
  9    0.004796
 10    0.002932
 11    0.001895
 12    0.001223
 13    0.000806
 14    0.000537
 15    0.000370
 16    0.000268
 17    0.000208
 18    0.000169
 19    0.000141
 20    0.000118
 21    0.000099
Trial Time:          268.47076
  0    1.145533
  1    0.555255
  2    0.298512
  3    0.156228
  4    0.081764
  5    0.044526
  6    0.023933
  7    0.013743
  8    0.007795
  9    0.004796
 10    0.002932
 11    0.001895
 12    0.001223
 13    0.000806
 14    0.000537
 15    0.000370
 16    0.000268
 17    0.000208
 18    0.000169
 19    0.000141
 20    0.000118
 21    0.000099
Trial Time:          266.81109
Average Time:        270.77870
00268
 17    0.000208
 18    0.000169
 19    0.000141
 20    0.000118
 21    0.000099
Trial Time:          267.08427
  0    1.145533
  1    0.555255
  2    0.298512
  3    0.156228
  4    0.081764
  5    0.044526
  6    0.023933
  7    0.013743
  8    0.007795
  9    0.004796
 10    0.002932
 11    0.001895
 12    0.001223
 13    0.000806
 14    0.000537
 15    0.000370
 16    0.000268
 17    0.000208
 18    0.000169
 19    0.000141
 20    0.000118
 21    0.000099
Trial Time:          266.78238
  0    1.145533
  1    0.555255
  2    0.298512
  3    0.156228
  4    0.081764
  5    0.044526
  6    0.023933
  7    0.013743
  8    0.007795
  9    0.004796
 10    0.002932
 11    0.001895
 12    0.001223
 13    0.000806
 14    0.000537
 15    0.000370
 16    0.000268
 17    0.000208
 18    0.000169
 19    0.000141
 20    0.000118
 21    0.000099
Trial Time:          268.10926
  0    1.145533
  1    0.555255
  2    0.298512
  3    0.156228
  4    0.081764
  5    0.044526
  6    0.023933
  7    0.013743
  8    0.007795
  9    0.004796
 10    0.002932
 11    0.001895
 12    0.001223
 13    0.000806
 14    0.000537
 15    0.000370
 16    0.000268
 17    0.000208
 18    0.000169
 19    0.000141
 20    0.000118
 21    0.000099
Trial Time:          268.55094
  0    1.145533
  1    0.555255
  2    0.298512
  3    0.156228
  4    0.081764
  5    0.044526
  6    0.023933
  7    0.013743
  8    0.007795
  9    0.004796
 10    0.002932
 11    0.001895
 12    0.001223
 13    0.000806
 14    0.000537
 15    0.000370
 16    0.000268
 17    0.000208
 18    0.000169
 19    0.000141
 20    0.000118
 21    0.000099
Trial Time:          268.68204
  0    1.145533
  1    0.555255
  2    0.298512
  3    0.156228
  4    0.081764
  5    0.044526
  6    0.023933
  7    0.013743
  8    0.007795
  9    0.004796
 10    0.002932
 11    0.001895
 12    0.001223
 13    0.000806
 14    0.000537
 15    0.000370
 16    0.000268
 17    0.000208
 18    0.000169
 19    0.000141
 20    0.000118
 21    0.000099
Trial Time:          257.93210
Average Time:        272.66801
00268
 17    0.000208
 18    0.000169
 19    0.000141
 20    0.000118
 21    0.000099
Trial Time:          270.72242
  0    1.145533
  1    0.555255
  2    0.298512
  3    0.156228
  4    0.081764
  5    0.044526
  6    0.023933
  7    0.013743
  8    0.007795
  9    0.004796
 10    0.002932
 11    0.001895
 12    0.001223
 13    0.000806
 14    0.000537
 15    0.000370
 16    0.000268
 17    0.000208
 18    0.000169
 19    0.000141
 20    0.000118
 21    0.000099
Trial Time:          268.90672
  0    1.145533
  1    0.555255
  2    0.298512
  3    0.156228
  4    0.081764
  5    0.044526
  6    0.023933
  7    0.013743
  8    0.007795
  9    0.004796
 10    0.002932
 11    0.001895
 12    0.001223
 13    0.000806
 14    0.000537
 15    0.000370
 16    0.000268
 17    0.000208
 18    0.000169
 19    0.000141
 20    0.000118
 21    0.000099
Trial Time:          270.13099
  0    1.145533
  1    0.555255
  2    0.298512
  3    0.156228
  4    0.081764
  5    0.044526
  6    0.023933
  7    0.013743
  8    0.007795
  9    0.004796
 10    0.002932
 11    0.001895
 12    0.001223
 13    0.000806
 14    0.000537
 15    0.000370
 16    0.000268
 17    0.000208
 18    0.000169
 19    0.000141
 20    0.000118
 21    0.000099
Trial Time:          270.23357
  0    1.145533
  1    0.555255
  2    0.298512
  3    0.156228
  4    0.081764
  5    0.044526
  6    0.023933
  7    0.013743
  8    0.007795
  9    0.004796
 10    0.002932
 11    0.001895
 12    0.001223
 13    0.000806
 14    0.000537
 15    0.000370
 16    0.000268
 17    0.000208
 18    0.000169
 19    0.000141
 20    0.000118
 21    0.000099
Trial Time:          270.20889
  0    1.145533
  1    0.555255
  2    0.298512
  3    0.156228
  4    0.081764
  5    0.044526
  6    0.023933
  7    0.013743
  8    0.007795
  9    0.004796
 10    0.002932
 11    0.001895
 12    0.001223
 13    0.000806
 14    0.000537
 15    0.000370
 16    0.000268
 17    0.000208
 18    0.000169
 19    0.000141
 20    0.000118
 21    0.000099
Trial Time:          256.35158
Average Time:        272.94090
00268
 17    0.000208
 18    0.000169
 19    0.000141
 20    0.000118
 21    0.000099
Trial Time:          270.29508
  0    1.145533
  1    0.555255
  2    0.298512
  3    0.156228
  4    0.081764
  5    0.044526
  6    0.023933
  7    0.013743
  8    0.007795
  9    0.004796
 10    0.002932
 11    0.001895
 12    0.001223
 13    0.000806
 14    0.000537
 15    0.000370
 16    0.000268
 17    0.000208
 18    0.000169
 19    0.000141
 20    0.000118
 21    0.000099
Trial Time:          268.87999
  0    1.145533
  1    0.555255
  2    0.298512
  3    0.156228
  4    0.081764
  5    0.044526
  6    0.023933
  7    0.013743
  8    0.007795
  9    0.004796
 10    0.002932
 11    0.001895
 12    0.001223
 13    0.000806
 14    0.000537
 15    0.000370
 16    0.000268
 17    0.000208
 18    0.000169
 19    0.000141
 20    0.000118
 21    0.000099
Trial Time:          272.03461
  0    1.145533
  1    0.555255
  2    0.298512
  3    0.156228
  4    0.081764
  5    0.044526
  6    0.023933
  7    0.013743
  8    0.007795
  9    0.004796
 10    0.002932
 11    0.001895
 12    0.001223
 13    0.000806
 14    0.000537
 15    0.000370
 16    0.000268
 17    0.000208
 18    0.000169
 19    0.000141
 20    0.000118
 21    0.000099
Trial Time:          270.46367
  0    1.145533
  1    0.555255
  2    0.298512
  3    0.156228
  4    0.081764
  5    0.044526
  6    0.023933
  7    0.013743
  8    0.007795
  9    0.004796
 10    0.002932
 11    0.001895
 12    0.001223
 13    0.000806
 14    0.000537
 15    0.000370
 16    0.000268
 17    0.000208
 18    0.000169
 19    0.000141
 20    0.000118
 21    0.000099
Trial Time:          271.60519
  0    1.145533
  1    0.555255
  2    0.298512
  3    0.156228
  4    0.081764
  5    0.044526
  6    0.023933
  7    0.013743
  8    0.007795
  9    0.004796
 10    0.002932
 11    0.001895
 12    0.001223
 13    0.000806
 14    0.000537
 15    0.000370
 16    0.000268
 17    0.000208
 18    0.000169
 19    0.000141
 20    0.000118
 21    0.000099
Trial Time:          257.20550
Average Time:        273.06233
00268
 17    0.000208
 18    0.000169
 19    0.000141
 20    0.000118
 21    0.000099
Trial Time:          269.47585
  0    1.145533
  1    0.555255
  2    0.298512
  3    0.156228
  4    0.081764
  5    0.044526
  6    0.023933
  7    0.013743
  8    0.007795
  9    0.004796
 10    0.002932
 11    0.001895
 12    0.001223
 13    0.000806
 14    0.000537
 15    0.000370
 16    0.000268
 17    0.000208
 18    0.000169
 19    0.000141
 20    0.000118
 21    0.000099
Trial Time:          267.76677
  0    1.145533
  1    0.555255
  2    0.298512
  3    0.156228
  4    0.081764
  5    0.044526
  6    0.023933
  7    0.013743
  8    0.007795
  9    0.004796
 10    0.002932
 11    0.001895
 12    0.001223
 13    0.000806
 14    0.000537
 15    0.000370
 16    0.000268
 17    0.000208
 18    0.000169
 19    0.000141
 20    0.000118
 21    0.000099
Trial Time:          269.62787
  0    1.145533
  1    0.555255
  2    0.298512
  3    0.156228
  4    0.081764
  5    0.044526
  6    0.023933
  7    0.013743
  8    0.007795
  9    0.004796
 10    0.002932
 11    0.001895
 12    0.001223
 13    0.000806
 14    0.000537
 15    0.000370
 16    0.000268
 17    0.000208
 18    0.000169
 19    0.000141
 20    0.000118
 21    0.000099
Trial Time:          270.93334
  0    1.145533
  1    0.555255
  2    0.298512
  3    0.156228
  4    0.081764
  5    0.044526
  6    0.023933
  7    0.013743
  8    0.007795
  9    0.004796
 10    0.002932
 11    0.001895
 12    0.001223
 13    0.000806
 14    0.000537
 15    0.000370
 16    0.000268
 17    0.000208
 18    0.000169
 19    0.000141
 20    0.000118
 21    0.000099
Trial Time:          270.63258
  0    1.145533
  1    0.555255
  2    0.298512
  3    0.156228
  4    0.081764
  5    0.044526
  6    0.023933
  7    0.013743
  8    0.007795
  9    0.004796
 10    0.002932
 11    0.001895
 12    0.001223
 13    0.000806
 14    0.000537
 15    0.000370
 16    0.000268
 17    0.000208
 18    0.000169
 19    0.000141
 20    0.000118
 21    0.000099
Trial Time:          251.06288
Average Time:        273.60054
00268
 17    0.000208
 18    0.000169
 19    0.000141
 20    0.000118
 21    0.000099
Trial Time:          268.07439
  0    1.145533
  1    0.555255
  2    0.298512
  3    0.156228
  4    0.081764
  5    0.044526
  6    0.023933
  7    0.013743
  8    0.007795
  9    0.004796
 10    0.002932
 11    0.001895
 12    0.001223
 13    0.000806
 14    0.000537
 15    0.000370
 16    0.000268
 17    0.000208
 18    0.000169
 19    0.000141
 20    0.000118
 21    0.000099
Trial Time:          267.83404
  0    1.145533
  1    0.555255
  2    0.298512
  3    0.156228
  4    0.081764
  5    0.044526
  6    0.023933
  7    0.013743
  8    0.007795
  9    0.004796
 10    0.002932
 11    0.001895
 12    0.001223
 13    0.000806
 14    0.000537
 15    0.000370
 16    0.000268
 17    0.000208
 18    0.000169
 19    0.000141
 20    0.000118
 21    0.000099
Trial Time:          269.34312
  0    1.145533
  1    0.555255
  2    0.298512
  3    0.156228
  4    0.081764
  5    0.044526
  6    0.023933
  7    0.013743
  8    0.007795
  9    0.004796
 10    0.002932
 11    0.001895
 12    0.001223
 13    0.000806
 14    0.000537
 15    0.000370
 16    0.000268
 17    0.000208
 18    0.000169
 19    0.000141
 20    0.000118
 21    0.000099
Trial Time:          269.78313
  0    1.145533
  1    0.555255
  2    0.298512
  3    0.156228
  4    0.081764
  5    0.044526
  6    0.023933
  7    0.013743
  8    0.007795
  9    0.004796
 10    0.002932
 11    0.001895
 12    0.001223
 13    0.000806
 14    0.000537
 15    0.000370
 16    0.000268
 17    0.000208
 18    0.000169
 19    0.000141
 20    0.000118
 21    0.000099
Trial Time:          270.58596
  0    1.145533
  1    0.555255
  2    0.298512
  3    0.156228
  4    0.081764
  5    0.044526
  6    0.023933
  7    0.013743
  8    0.007795
  9    0.004796
 10    0.002932
 11    0.001895
 12    0.001223
 13    0.000806
 14    0.000537
 15    0.000370
 16    0.000268
 17    0.000208
 18    0.000169
 19    0.000141
 20    0.000118
 21    0.000099
Trial Time:          234.79393
Average Time:        274.89387
00268
 17    0.000208
 18    0.000169
 19    0.000141
 20    0.000118
 21    0.000099
Trial Time:          272.90664
  0    1.145533
  1    0.555255
  2    0.298512
  3    0.156228
  4    0.081764
  5    0.044526
  6    0.023933
  7    0.013743
  8    0.007795
  9    0.004796
 10    0.002932
 11    0.001895
 12    0.001223
 13    0.000806
 14    0.000537
 15    0.000370
 16    0.000268
 17    0.000208
 18    0.000169
 19    0.000141
 20    0.000118
 21    0.000099
Trial Time:          275.88842
  0    1.145533
  1    0.555255
  2    0.298512
  3    0.156228
  4    0.081764
  5    0.044526
  6    0.023933
  7    0.013743
  8    0.007795
  9    0.004796
 10    0.002932
 11    0.001895
 12    0.001223
 13    0.000806
 14    0.000537
 15    0.000370
 16    0.000268
 17    0.000208
 18    0.000169
 19    0.000141
 20    0.000118
 21    0.000099
Trial Time:          270.11779
  0    1.145533
  1    0.555255
  2    0.298512
  3    0.156228
  4    0.081764
  5    0.044526
  6    0.023933
  7    0.013743
  8    0.007795
  9    0.004796
 10    0.002932
 11    0.001895
 12    0.001223
 13    0.000806
 14    0.000537
 15    0.000370
 16    0.000268
 17    0.000208
 18    0.000169
 19    0.000141
 20    0.000118
 21    0.000099
Trial Time:          270.67571
  0    1.145533
  1    0.555255
  2    0.298512
  3    0.156228
  4    0.081764
  5    0.044526
  6    0.023933
  7    0.013743
  8    0.007795
  9    0.004796
 10    0.002932
 11    0.001895
 12    0.001223
 13    0.000806
 14    0.000537
 15    0.000370
 16    0.000268
 17    0.000208
 18    0.000169
 19    0.000141
 20    0.000118
 21    0.000099
Trial Time:          270.80076
  0    1.145533
  1    0.555255
  2    0.298512
  3    0.156228
  4    0.081764
  5    0.044526
  6    0.023933
  7    0.013743
  8    0.007795
  9    0.004796
 10    0.002932
 11    0.001895
 12    0.001223
 13    0.000806
 14    0.000537
 15    0.000370
 16    0.000268
 17    0.000208
 18    0.000169
 19    0.000141
 20    0.000118
 21    0.000099
Trial Time:          228.19277
Average Time:        275.47263
Execution File:   /scale/cal1/home/ybmoon/research/numa_autofdo/gapbs/bin-adt_exp/pr
Num of Programs:  8
Program Path:     /scale/cal1/home/ybmoon/research/numa_autofdo/gapbs/bin-adt_exp/
Progarm Options:  /scale/cal1/home/ybmoon/research/numa_autofdo/gapbs/bin-adt_exp/pr
i:1, argv[5]:-f
option1:-f
i:2, argv[6]:/home/ybmoon/workloads/gapbs-data/twitter.sg
option2:/home/ybmoon/workloads/gapbs-data/twitter.sg
i:3, argv[7]:-i1000
option3:-i1000
i:4, argv[8]:-t1e-4
option4:-t1e-4
i:5, argv[9]:-n16
option5:-n16
tmp_node: 0
Local DRAM Allocation
Core: 0
Directory [0]:   /scale/cal1/home/ybmoon/research/numa_autofdo/gapbs/bin-adt_exp/
exe_path: /scale/cal1/home/ybmoon/research/numa_autofdo/gapbs/bin-adt_exp/pr
Core: 1
Directory [1]:   /scale/cal1/home/ybmoon/research/numa_autofdo/gapbs/bin-adt_exp/
exe_path: /scale/cal1/home/ybmoon/research/numa_autofdo/gapbs/bin-adt_exp/pr
Core: 2
Directory [2]:   /scale/cal1/home/ybmoon/research/numa_autofdo/gapbs/bin-adt_exp/
exe_path: /scale/cal1/home/ybmoon/research/numa_autofdo/gapbs/bin-adt_exp/pr
Core: 3
Directory [3]:   /scale/cal1/home/ybmoon/research/numa_autofdo/gapbs/bin-adt_exp/
exe_path: /scale/cal1/home/ybmoon/research/numa_autofdo/gapbs/bin-adt_exp/pr
Core: 4
Directory [4]:   /scale/cal1/home/ybmoon/research/numa_autofdo/gapbs/bin-adt_exp/
exe_path: /scale/cal1/home/ybmoon/research/numa_autofdo/gapbs/bin-adt_exp/pr
Core: 5
Directory [5]:   /scale/cal1/home/ybmoon/research/numa_autofdo/gapbs/bin-adt_exp/
exe_path: /scale/cal1/home/ybmoon/research/numa_autofdo/gapbs/bin-adt_exp/pr
Core: 6
Directory [6]:   /scale/cal1/home/ybmoon/research/numa_autofdo/gapbs/bin-adt_exp/
exe_path: /scale/cal1/home/ybmoon/research/numa_autofdo/gapbs/bin-adt_exp/pr
Core: 7
Directory [7]:   /scale/cal1/home/ybmoon/research/numa_autofdo/gapbs/bin-adt_exp/
exe_path: /scale/cal1/home/ybmoon/research/numa_autofdo/gapbs/bin-adt_exp/pr
Process Start
Process Start
Process Start
Process Start
Wait PID: 27460
Wait PID: 27462
Process Start
Wait PID: 27463
Process Start
Wait PID: 27465
Wait PID: 27466
Wait PID: 27468
Process Start
Wait PID: 27470
Process Start
Wait PID: 27472
Execution Time (16) => 4472478020141.00 ns
Execution Time (28) => 4495293032369.00 ns
Execution Time (0) => 4525576299322.00 ns
Execution Time (8) => 4529761486898.00 ns
Execution Time (12) => 4531671975170.00 ns
Execution Time (24) => 4540351701325.00 ns
Execution Time (20) => 4560937170767.00 ns
Execution Time (6) => 4570195078486.00 ns
('Full Command: ', '/scale/cal/home/ybmoon/migration/workloads/gap-spec-wrapper/second-wrapper/second_wrapper 0 8 /scale/cal1/home/ybmoon/research/numa_autofdo/gapbs/bin-adt_exp/ /scale/cal1/home/ybmoon/research/numa_autofdo/gapbs/bin-adt_exp/pr -f /home/ybmoon/workloads/gapbs-data/twitter.sg -i1000 -t1e-4 -n16')
execution_time 4570.61 (s)
