
COMP: "/usr/bin/gcc-7   -m64   -std=c11 -c -o options.o -DSPEC -DNDEBUG -DSPEC_AUTO_BYTEORDER=0x12345678 -DHAVE_CONFIG_H=1 -DSPEC_MEM_IO -DSPEC_XZ -I. -Ispec_mem_io -Isha-2 -Icommon -Iliblzma/api -Iliblzma/lzma -Iliblzma/common -Iliblzma/check -Iliblzma/simple -Iliblzma/delta -Iliblzma/lz -Iliblzma/rangecoder  -g -O2 -fopt-info           -fopenmp -DSPEC_OPENMP -fno-strict-aliasing   -DSPEC_LP64  <source>"
C: CC="/usr/bin/gcc-7   -m64   -std=c11"
C: COBJOPT="-c -o options"
P: CPUFLAGS="-DSPEC -DNDEBUG"
P: BENCH_FLAGS="-DSPEC_AUTO_BYTEORDER=0x12345678 -DHAVE_CONFIG_H=1 -DSPEC_MEM_IO -DSPEC_XZ -I. -Ispec_mem_io -Isha-2 -Icommon -Iliblzma/api -Iliblzma/lzma -Iliblzma/common -Iliblzma/check -Iliblzma/simple -Iliblzma/delta -Iliblzma/lz -Iliblzma/rangecoder"
P: BENCH_CFLAGS=""
O: OPTIMIZE="-g -O2 -fopt-info"
O: COPTIMIZE=""
P: PORTABILITY=""
P: CPORTABILITY=""
O: EXTRA_CFLAGS=""
O: EXTRA_OPTIMIZE="-fopenmp -DSPEC_OPENMP"
O: EXTRA_COPTIMIZE="-fno-strict-aliasing"
P: EXTRA_PORTABILITY="-DSPEC_LP64"
P: EXTRA_CPORTABILITY=""
LINK: "/usr/bin/gcc-7   -m64   -std=c11  -z muldefs    -g -O2 -fopt-info        -fopenmp -DSPEC_OPENMP -fno-strict-aliasing <objects>            -o options  "
C: LD="/usr/bin/gcc-7   -m64   -std=c11"
O: LDCFLAGS="-z muldefs"
O: OPTIMIZE="-g -O2 -fopt-info"
O: EXTRA_OPTIMIZE="-fopenmp -DSPEC_OPENMP"
O: EXTRA_COPTIMIZE="-fno-strict-aliasing"
C: LDOUT="-o options"
