Read Time:           157.97338
Graph has 61578415 nodes and 1468364884 directed edges for degree: 23
Read Time:           157.99432
Graph has 61578415 nodes and 1468364884 directed edges for degree: 23
Read Time:           158.17443
Graph has 61578415 nodes and 1468364884 directed edges for degree: 23
Read Time:           158.17712
Graph has 61578415 nodes and 1468364884 directed edges for degree: 23
Read Time:           158.18911
Graph has 61578415 nodes and 1468364884 directed edges for degree: 23
Read Time:           158.19387
Graph has 61578415 nodes and 1468364884 directed edges for degree: 23
Read Time:           158.19941
Graph has 61578415 nodes and 1468364884 directed edges for degree: 23
Read Time:           158.19623
Graph has 61578415 nodes and 1468364884 directed edges for degree: 23
    a                1.56122
source: 12441072
    a                1.55819
source: 12441072
    a                2.04568
source: 12441072
    a                2.05498
source: 12441072
    a                2.05895
source: 12441072
    a                2.05961
source: 12441072
    a                2.05055
source: 12441072
    a                2.06075
source: 12441072
    b              277.23032
    p               54.84991
source: 54488257
    b              278.14656
    p               54.36080
source: 54488257
    b              278.15592
    p               55.35944
source: 54488257
    b              280.06089
    p               54.88391
source: 54488257
    b              280.44800
    p               55.81597
source: 54488257
    b              280.43312
    p               56.00564
source: 54488257
    b              280.97233
    p               56.21491
source: 54488257
    b              281.57037
    p               56.29199
source: 54488257
    b              121.07002
    p               50.06062
source: 25451915
    b              122.77993
    p               50.61115
source: 25451915
    b              120.77622
    p               50.41783
source: 25451915
    b              123.83703
    p               51.68279
source: 25451915
    b              121.33727
    p               51.27464
source: 25451915
    b              121.92443
    p               53.02632
source: 25451915
    b              122.24709
    p               53.97035
source: 25451915
    b              121.91641
    p               53.79726
source: 25451915
    b              121.44775
    p               49.75988
source: 57714473
    b              119.89846
    p               50.06769
source: 57714473
    b              122.38327
    p               51.54216
source: 57714473
    b              119.60006
    p               52.18630
source: 57714473
    b              121.63412
    p               53.42176
source: 57714473
    b              120.28200
    p               54.56593
source: 57714473
    b              118.66588
    p               54.62698
source: 57714473
    b              121.24758
    p               56.89019
source: 57714473
    b              125.40973
    p               46.14488
Trial Time:          850.05782
    a                0.10509
source: 14839494
    b              124.94274
    p               46.54887
Trial Time:          851.22746
    a                0.08865
source: 14839494
    b              125.77042
    p               47.17968
Trial Time:          855.12406
    a                0.08083
source: 14839494
    b              124.35865
    p               46.22897
Trial Time:          855.61673
    a                0.07823
source: 14839494
    b              125.31164
    p               46.81213
Trial Time:          858.84121
    a                0.07999
source: 14839494
    b              124.23506
    p               45.92417
Trial Time:          859.74612
    a                0.08054
source: 14839494
    b              124.06581
    p               45.23009
Trial Time:          859.88792
    a                0.09314
source: 14839494
    b              124.44282
    p               43.95851
Trial Time:          862.34744
    a                0.07945
source: 14839494
    b               37.28374
    p               16.51964
source: 32081104
    b               37.59420
    p               16.70830
source: 32081104
    b               37.01271
    p               16.78463
source: 32081104
    b               36.75484
    p               16.67381
source: 32081104
    b               36.71392
    p               16.79652
source: 32081104
    b               36.79265
    p               17.22514
source: 32081104
    b               36.82036
    p               17.10876
source: 32081104
    b               36.23955
    p               17.15403
source: 32081104
    b               36.83226
    p               17.09121
source: 52957357
    b               37.01631
    p               17.48778
source: 52957357
    b               37.04841
    p               17.42103
source: 52957357
    b               36.89120
    p               17.45294
source: 52957357
    b               36.81421
    p               17.72092
source: 52957357
    b               36.39341
    p               17.70636
source: 52957357
    b               36.59332
    p               17.68565
source: 52957357
    b               36.20442
    p               17.75452
source: 52957357
    b               32.95035
    p               17.39853
source: 50444380
    b               33.11526
    p               17.53090
source: 50444380
    b               33.17455
    p               17.42234
source: 50444380
    b               32.98690
    p               17.43163
source: 50444380
    b               32.92365
    p               17.74157
source: 50444380
    b               32.88496
    p               17.47207
source: 50444380
    b               32.97715
    p               17.69921
source: 50444380
    b               32.71836
    p               17.59038
source: 50444380
    b               32.57156
    p               17.54579
Trial Time:          208.94187
    a                0.08072
source: 49590701
    b               33.14051
    p               17.40660
Trial Time:          210.75778
    a                0.08286
source: 49590701
    b               33.44899
    p               17.31703
Trial Time:          209.70940
    a                0.07827
source: 49590701
    b               33.57766
    p               17.36908
Trial Time:          210.59773
    a                0.08398
source: 49590701
    b               33.30070
    p               17.68684
Trial Time:          210.50338
    a                0.08140
source: 49590701
    b               33.44056
    p               17.40901
Trial Time:          210.11655
    a                0.08410
source: 49590701
    b               33.49419
    p               17.85484
Trial Time:          211.08614
    a                0.10297
source: 49590701
    b               33.32419
    p               17.63896
Trial Time:          209.45130
    a                0.08016
source: 49590701
    b               30.85019
    p               17.47386
source: 20127816
    b               32.16912
    p               17.48875
source: 20127816
    b               31.94334
    p               17.12414
source: 20127816
    b               32.26478
    p               17.29411
source: 20127816
    b               31.83848
    p               17.32447
source: 20127816
    b               31.94474
    p               17.25116
source: 20127816
    b               31.84700
    p               17.52611
source: 20127816
    b               31.59888
    p               17.38043
source: 20127816
    b               31.61592
    p               17.08984
source: 34939333
    b               33.03250
    p               17.13798
source: 34939333
    b               32.91866
    p               16.75315
source: 34939333
    b               33.02674
    p               17.05036
source: 34939333
    b               32.98727
    p               16.88603
source: 34939333
    b               33.01932
    p               17.12075
source: 34939333
    b               32.93599
    p               17.10426
source: 34939333
    b               32.72211
    p               17.27247
source: 34939333
    b               30.43367
    p               17.53240
source: 48251001
    b               31.76508
    p               17.40478
source: 48251001
    b               31.81615
    p               17.11001
source: 48251001
    b               31.75520
    p               17.27204
source: 48251001
    b               32.10009
    p               17.11950
source: 48251001
    b               31.77912
    p               17.28254
source: 48251001
    b               31.69796
    p               17.25985
source: 48251001
    b               31.54961
    p               17.55013
source: 48251001
    b               31.51397
    p               17.63084
Trial Time:          194.84031
    a                0.07744
source: 19524253
    b               33.21250
    p               17.75642
Trial Time:          200.75667
    a                0.07941
source: 19524253
    b               33.39647
    p               17.50682
Trial Time:          199.35856
    a                0.09075
source: 19524253
    b               33.57702
    p               17.48800
Trial Time:          200.46705
    a                0.07913
source: 19524253
    b               33.92010
    p               17.26522
Trial Time:          200.23058
    a                0.08653
source: 19524253
    b               33.74244
    p               17.56582
Trial Time:          200.50666
    a                0.08143
source: 19524253
    b               33.83013
    p               17.58028
Trial Time:          200.58652
    a                0.08596
source: 19524253
    b               33.52866
    p               17.61076
Trial Time:          199.99264
    a                0.08359
source: 19524253
    b               31.70656
    p               17.03799
source: 43676726
    b               33.40250
    p               17.23813
source: 43676726
    b               33.34172
    p               17.18489
source: 43676726
    b               33.73883
    p               16.91405
source: 43676726
    b               33.89245
    p               17.02930
source: 43676726
    b               33.50042
    p               17.02166
source: 43676726
    b               33.53549
    p               17.12788
source: 43676726
    b               33.83619
    p               17.08979
source: 43676726
    b               29.41034
    p               17.36478
source: 33055508
    b               31.39055
    p               17.11245
source: 33055508
    b               30.99192
    p               17.08555
source: 33055508
    b               31.39403
    p               16.96599
source: 33055508
    b               31.48658
    p               17.25794
source: 33055508
    b               31.25082
    p               17.04811
source: 33055508
    b               31.06397
    p               17.31107
source: 33055508
    b               31.22164
    p               17.07421
source: 33055508
    b               31.89978
    p               16.89314
source: 15244687
    b               33.64694
    p               17.30474
source: 15244687
    b               33.43241
    p               17.21156
source: 15244687
    b               34.05742
    p               17.27800
source: 15244687
    b               33.89138
    p               17.27718
source: 15244687
    b               34.24965
    p               17.08990
source: 15244687
    b               33.95252
    p               17.31800
source: 15244687
    b               34.14090
    p               17.28203
source: 15244687
    b               30.62385
    p               17.02041
Trial Time:          192.69987
    a                0.08214
source: 24946738
    b               32.47500
    p               16.98008
Trial Time:          200.29600
    a                0.09367
source: 24946738
    b               32.16916
    p               16.95373
Trial Time:          199.13604
    a                0.07976
source: 24946738
    b               32.46359
    p               17.00131
Trial Time:          200.60492
    a                0.08914
source: 24946738
    b               32.52722
    p               16.94444
Trial Time:          201.10059
    a                0.07990
source: 24946738
    b               32.71340
    p               16.87747
Trial Time:          200.55388
    a                0.07976
source: 24946738
    b               32.57532
    p               16.92734
Trial Time:          200.59084
    a                0.08588
source: 24946738
    b               32.53933
    p               17.01865
Trial Time:          200.96346
    a                0.07842
source: 24946738
    b               29.59970
    p               15.99709
source: 6479472
    b               31.29944
    p               15.88715
source: 6479472
    b               31.33885
    p               15.67285
source: 6479472
    b               31.24185
    p               15.84224
source: 6479472
    b               31.52070
    p               15.82662
source: 6479472
    b               31.65111
    p               15.90390
source: 6479472
    b               31.77552
    p               15.88241
source: 6479472
    b               31.61174
    p               16.16367
source: 6479472
    b               30.07778
    p               16.50359
source: 26077682
    b               31.90445
    p               16.31304
source: 26077682
    b               31.98126
    p               16.11775
source: 26077682
    b               31.95484
    p               16.33086
source: 26077682
    b               32.13061
    p               16.49439
source: 26077682
    b               32.23267
    p               16.47005
source: 26077682
    b               32.40920
    p               16.53050
source: 26077682
    b               31.90065
    p               16.84973
source: 26077682
    b               32.11724
    p               17.14576
source: 22023875
    b               33.94960
    p               17.31123
source: 22023875
    b               33.97016
    p               17.12982
source: 22023875
    b               34.24515
    p               17.27537
source: 22023875
    b               34.36064
    p               17.07911
source: 22023875
    b               34.25425
    p               17.38180
source: 22023875
    b               34.32035
    p               17.33105
source: 22023875
    b               33.94254
    p               17.42644
source: 22023875
    b               30.47857
    p               17.78482
Trial Time:          190.46647
    a                0.07874
source: 22081915
    b               32.32436
    p               17.37984
Trial Time:          197.09499
    a                0.07874
source: 22081915
    b               32.34321
    p               17.20692
Trial Time:          196.48041
    a                0.07894
source: 22081915
    b               32.61098
    p               17.11280
Trial Time:          197.35798
    a                0.07810
source: 22081915
    b               32.84730
    p               17.15685
Trial Time:          198.20112
    a                0.08126
source: 22081915
    b               32.41369
    p               17.57236
Trial Time:          198.64802
    a                0.07989
source: 22081915
    b               32.56590
    p               17.55985
Trial Time:          199.14838
    a                0.08061
source: 22081915
    b               32.51756
    p               17.55012
Trial Time:          198.72361
    a                0.07856
source: 22081915
    b               32.43860
    p               17.98519
source: 40034162
    b               34.00808
    p               17.79525
source: 40034162
    b               34.18972
    p               17.85506
source: 40034162
    b               34.37456
    p               17.52454
source: 40034162
    b               34.72423
    p               17.41062
source: 40034162
    b               34.41326
    p               17.70718
source: 40034162
    b               34.36374
    p               17.83688
source: 40034162
    b               34.54333
    p               17.72831
source: 40034162
    b               29.70082
    p               17.80139
source: 49496014
    b               30.95733
    p               17.57467
source: 49496014
    b               31.13871
    p               17.61844
source: 49496014
    b               31.84512
    p               17.12177
source: 49496014
    b               31.77872
    p               17.22859
source: 49496014
    b               31.86490
    p               17.53385
source: 49496014
    b               31.56843
    p               17.71935
source: 49496014
    b               31.84642
    p               17.68360
source: 49496014
    b               31.17352
    p               17.70413
source: 42847507
    b               31.73891
    p               17.38890
source: 42847507
    b               32.06860
    p               17.47896
source: 42847507
    b               32.86789
    p               17.14568
source: 42847507
    b               33.11761
    p               17.34233
source: 42847507
    b               33.07493
    p               17.31447
source: 42847507
    b               32.98730
    p               17.52548
source: 42847507
    b               32.94637
    p               17.68007
source: 42847507
    b               32.34673
    p               17.20407
Trial Time:          197.16379
    a                0.09161
source: 52409557
    b               32.65497
    p               16.97679
Trial Time:          199.80246
    a                0.08054
source: 52409557
    b               33.29492
    p               16.90482
Trial Time:          201.29857
    a                0.08059
source: 52409557
    b               33.65902
    p               16.95452
Trial Time:          202.20554
    a                0.07830
source: 52409557
    b               33.76061
    p               17.06861
Trial Time:          203.19954
    a                0.08126
source: 52409557
    b               33.84684
    p               16.92516
Trial Time:          203.45437
    a                0.08208
source: 52409557
    b               33.82901
    p               17.12832
Trial Time:          203.75289
    a                0.08304
source: 52409557
    b               33.47854
    p               17.31633
Trial Time:          203.99541
    a                0.08693
source: 52409557
    b               32.23857
    p               16.89166
source: 55445388
    b               32.78028
    p               16.89448
source: 55445388
    b               33.23511
    p               16.92248
source: 55445388
    b               33.41034
    p               17.20271
source: 55445388
    b               33.64876
    p               17.17370
source: 55445388
    b               33.63498
    p               17.00814
source: 55445388
    b               33.62008
    p               17.18878
source: 55445388
    b               33.40882
    p               17.27015
source: 55445388
    b               31.59436
    p               16.84826
source: 22028097
    b               31.52652
    p               16.80526
source: 22028097
    b               31.94052
    p               16.89800
source: 22028097
    b               32.13808
    p               16.91889
source: 22028097
    b               32.31186
    p               16.97711
source: 22028097
    b               32.58312
    p               16.84527
source: 22028097
    b               32.36307
    p               16.90752
source: 22028097
    b               32.58216
    p               17.05658
source: 22028097
    b               32.28267
    p               17.29870
source: 48766648
    b               31.93550
    p               17.27168
source: 48766648
    b               32.53451
    p               17.41961
source: 48766648
    b               33.02431
    p               17.21965
source: 48766648
    b               33.21698
    p               17.15788
source: 48766648
    b               33.37318
    p               17.33379
source: 48766648
    b               33.26432
    p               17.53573
source: 48766648
    b               33.55159
    p               17.36638
source: 48766648
    b               31.88134
    p               17.11645
Trial Time:          196.94437
    a                0.08049
source: 44521241
    b               31.54939
    p               17.17340
Trial Time:          196.64778
    a                0.07804
source: 44521241
    b               31.96194
    p               17.29019
Trial Time:          198.93304
    a                0.07938
source: 44521241
    b               32.94160
    p               16.84297
Trial Time:          200.41022
    a                0.07792
source: 44521241
    b               33.27995
    p               17.01664
Trial Time:          201.56191
    a                0.08030
source: 44521241
    b               33.01063
    p               17.22255
Trial Time:          201.78719
    a                0.07979
source: 44521241
    b               33.13588
    p               17.13014
Trial Time:          202.27669
    a                0.08072
source: 44521241
    b               33.15042
    p               17.16731
Trial Time:          201.95178
    a                0.07892
source: 44521241
    b               31.98065
    p               17.74207
source: 60135542
    b               31.17286
    p               17.71526
source: 60135542
    b               31.60893
    p               17.83820
source: 60135542
    b               32.67303
    p               17.43827
source: 60135542
    b               33.06096
    p               17.42688
source: 60135542
    b               32.74436
    p               17.78773
source: 60135542
    b               33.01899
    p               17.62527
source: 60135542
    b               32.95161
    p               17.79703
source: 60135542
    b               32.05999
    p               17.70374
source: 28528671
    b               30.76761
    p               17.69251
source: 28528671
    b               31.41557
    p               17.64005
source: 28528671
    b               32.09321
    p               17.47033
source: 28528671
    b               32.84821
    p               17.44968
source: 28528671
    b               32.52775
    p               17.64703
source: 28528671
    b               32.86157
    p               17.69419
source: 28528671
    b               32.71941
    p               17.92376
source: 28528671
    b               32.00162
    p               17.89322
source: 9678012
    b               30.58476
    p               17.70321
source: 9678012
    b               31.45315
    p               17.38368
source: 9678012
    b               31.91360
    p               17.58858
source: 9678012
    b               32.74299
    p               17.29825
source: 9678012
    b               32.66082
    p               17.42624
source: 9678012
    b               32.72594
    p               17.76489
source: 9678012
    b               32.39680
    p               17.82058
source: 9678012
    b               33.87483
    p               17.48288
Trial Time:          201.49147
    a                0.08013
source: 40020306
    b               32.66341
    p               17.29172
Trial Time:          196.31257
    a                0.07819
source: 40020306
    b               33.35270
    p               17.29521
Trial Time:          198.70195
    a                0.07975
source: 40020306
    b               33.55485
    p               17.50262
Trial Time:          200.94426
    a                0.07774
source: 40020306
    b               34.47048
    p               17.53325
Trial Time:          203.57710
    a                0.08073
source: 40020306
    b               34.59931
    p               17.36589
Trial Time:          203.54407
    a                0.08076
source: 40020306
    b               30.36168
    p               17.17084
source: 31625735
    b               34.24654
    p               17.70294
Trial Time:          204.31572
    a                0.07891
source: 40020306
    b               34.37117
    p               17.76296
Trial Time:          204.57683
    a                0.07920
source: 40020306
    b               29.37418
    p               17.39775
source: 31625735
    b               29.71996
    p               17.31161
source: 31625735
    b               30.13116
    p               17.46701
source: 31625735
    b               30.82544
    p               17.48649
source: 31625735
    b               30.80718
    p               17.12713
source: 31625735
    b               32.65515
    p               16.64114
source: 37446892
    b               30.84607
    p               17.23628
source: 31625735
    b               30.74354
    p               17.39401
source: 31625735
    b               31.15942
    p               17.00529
source: 37446892
    b               31.51828
    p               16.90210
source: 37446892
    b               31.63023
    p               16.85660
source: 37446892
    b               32.56696
    p               17.24668
source: 37446892
    b               32.94627
    p               17.05527
source: 37446892
    b               32.23417
    p               17.16631
source: 51788952
    b               32.92689
    p               17.02310
source: 37446892
    b               32.91778
    p               16.96604
source: 37446892
    b               30.71612
    p               17.32758
source: 51788952
    b               30.90661
    p               17.54373
source: 51788952
    b               31.13414
    p               17.26837
source: 51788952
    b               31.90958
    p               17.54145
source: 51788952
    b               32.22321
    p               17.41671
source: 51788952
    b               30.26531
    p               17.28283
Trial Time:          194.53519
    a                0.07935
source: 52584255
    b               32.40153
    p               17.51826
source: 51788952
    b               32.38820
    p               17.44435
source: 51788952
    b               29.36061
    p               17.40560
Trial Time:          190.54971
    a                0.09317
source: 52584255
    b               29.19905
    p               17.48661
Trial Time:          191.32634
    a                0.08260
source: 52584255
    b               29.39301
    p               17.29827
Trial Time:          191.90400
    a                0.08100
source: 52584255
    b               30.23654
    p               17.40850
Trial Time:          196.01760
    a                0.08843
source: 52584255
    b               30.36865
    p               17.36360
Trial Time:          196.06181
    a                0.08214
source: 52584255
    b               30.62648
    p               16.71021
source: 20346696
    b               30.48283
    p               17.33100
Trial Time:          196.45791
    a                0.07898
source: 52584255
    b               30.47737
    p               17.52637
Trial Time:          196.74614
    a                0.07919
source: 52584255
    b               29.59949
    p               16.81278
source: 20346696
    b               29.43853
    p               16.96344
source: 20346696
    b               29.50586
    p               16.77214
source: 20346696
    b               30.48737
    p               16.88363
source: 20346696
    b               30.71738
    p               16.81343
source: 20346696
    b               30.99600
    p               16.92805
source: 48387909
    b               30.85917
    p               16.86967
source: 20346696
    b               30.76008
    p               17.01387
source: 20346696
    b               30.23643
    p               16.78883
source: 48387909
    b               30.04038
    p               17.15371
source: 48387909
    b               29.80652
    p               16.96883
source: 48387909
    b               31.04115
    p               16.82553
source: 48387909
    b               31.20543
    p               16.93069
source: 48387909
    b               32.43117
    p               17.42995
source: 37337427
    b               31.18312
    p               17.11759
source: 48387909
    b               31.43953
    p               17.12140
source: 48387909
    b               31.66746
    p               17.76062
source: 37337427
    b               31.59061
    p               17.90949
source: 37337427
    b               31.36072
    p               17.60083
source: 37337427
    b               32.75529
    p               17.46133
source: 37337427
    b               32.76225
    p               17.51338
source: 37337427
    b               31.91808
    p               17.45330
Trial Time:          195.27974
    a                0.07928
source: 50501084
    b               32.88983
    p               17.70723
source: 37337427
    b               33.04185
    p               17.62959
source: 37337427
    b               31.05959
    p               17.68576
Trial Time:          192.38544
    a                0.08076
source: 50501084
    b               31.06311
    p               17.87814
Trial Time:          192.81941
    a                0.08025
source: 50501084
    b               30.60126
    p               17.81361
Trial Time:          191.18314
    a                0.08395
source: 50501084
    b               32.22778
    p               17.31714
Trial Time:          195.76315
    a                0.08234
source: 50501084
    b               30.44562
    p               17.30275
source: 30130061
    b               31.93889
    p               17.58672
Trial Time:          196.26436
    a                0.08411
source: 50501084
    b               32.39273
    p               17.44958
Trial Time:          197.35997
    a                0.07963
source: 50501084
    b               32.45468
    p               17.45722
Trial Time:          197.56306
    a                0.07936
source: 50501084
    b               29.82293
    p               17.51620
source: 30130061
    b               29.62940
    p               17.64405
source: 30130061
    b               29.25446
    p               17.57167
source: 30130061
    b               30.83762
    p               17.14309
source: 30130061
    b               30.55801
    p               17.35594
source: 30130061
    b               32.21429
    p               16.99976
source: 41185893
    b               31.02000
    p               17.23568
source: 30130061
    b               31.11614
    p               17.26868
source: 30130061
    b               31.60441
    p               17.31902
source: 41185893
    b               31.39317
    p               17.57520
source: 41185893
    b               31.01510
    p               17.35272
source: 41185893
    b               32.33150
    p               17.14163
source: 41185893
    b               32.27946
    p               17.37018
source: 41185893
    b               32.44488
    p               16.36047
source: 56495703
    b               32.71414
    p               17.25029
source: 41185893
    b               32.83522
    p               17.36526
source: 41185893
    b               31.62831
    p               16.86413
source: 56495703
    b               31.43811
    p               17.14037
source: 56495703
    b               31.21675
    p               16.73126
source: 56495703
    b               32.29203
    p               16.68644
source: 56495703
    b               32.23638
    p               16.77098
source: 56495703
    b               33.73617
    p               16.75143
Trial Time:          197.01587
    a                0.07921
source: 45663305
    b               32.73052
    p               16.78104
source: 56495703
    b               32.79481
    p               16.93785
source: 56495703
    b               33.12786
    p               17.17032
Trial Time:          195.82722
    a                0.07980
source: 45663305
    b               32.97997
    p               17.35774
Trial Time:          195.93262
    a                0.08054
source: 45663305
    b               32.58552
    p               17.29465
Trial Time:          193.79260
    a                0.08166
source: 45663305
    b               33.64603
    p               17.34753
Trial Time:          198.17732
    a                0.07976
source: 45663305
    b               32.23026
    p               17.12339
source: 33359460
    b               33.70641
    p               17.28179
Trial Time:          198.30654
    a                0.08179
source: 45663305
    b               34.07545
    p               17.31041
Trial Time:          199.88684
    a                0.07971
source: 45663305
    b               34.08509
    p               17.41508
Trial Time:          200.58546
    a                0.07897
source: 45663305
    b               31.91309
    p               17.38605
source: 33359460
    b               31.71262
    p               17.66435
source: 33359460
    b               31.16064
    p               17.60084
source: 33359460
    b               32.03610
    p               17.55558
source: 33359460
    b               32.20246
    p               17.40995
source: 33359460
    b               33.91336
    p               16.97123
source: 48143058
    b               32.57901
    p               17.60192
source: 33359460
    b               32.87714
    p               17.46108
source: 33359460
    b               33.62962
    p               17.44393
source: 48143058
    b               33.61684
    p               17.69042
source: 48143058
    b               32.74789
    p               17.52443
source: 48143058
    b               33.56802
    p               17.48343
source: 48143058
    b               32.42810
    p               17.07199
source: 33291513
    b               34.19442
    p               17.23049
source: 48143058
    b               34.38958
    p               17.59846
source: 48143058
    b               34.52084
    p               17.40464
source: 48143058
    b               32.25207
    p               17.40929
source: 33291513
    b               32.04755
    p               17.73044
source: 33291513
    b               31.49631
    p               17.68491
source: 33291513
    b               30.77946
    p               16.43995
Trial Time:          197.68448
    a                0.08159
source: 53461445
    b               32.10792
    p               17.46955
source: 33291513
    b               32.58593
    p               17.18945
source: 33291513
    b               32.82862
    p               17.52238
source: 33291513
    b               33.12052
    p               17.55627
source: 33291513
    b               30.89820
    p               16.54862
Trial Time:          198.28906
    a                0.08218
source: 53461445
    b               30.72364
    p               16.85805
Trial Time:          198.85379
    a                0.08179
source: 53461445
    b               30.16842
    p               17.05527
Trial Time:          196.21848
    a                0.08664
source: 53461445
    b               30.89281
    p               16.45936
Trial Time:          198.33198
    a                0.07969
source: 53461445
    b               32.10587
    p               17.19538
source: 29340610
    b               31.11787
    p               16.41516
Trial Time:          199.10745
    a                0.10095
source: 53461445
    b               31.48297
    p               16.69357
Trial Time:          201.46407
    a                0.07985
source: 53461445
    b               31.27950
    p               16.77919
Trial Time:          201.75153
    a                0.08625
source: 53461445
    b               32.57250
    p               17.40104
source: 29340610
    b               32.48384
    p               17.84805
source: 29340610
    b               31.90915
    p               17.79779
source: 29340610
    b               32.59052
    p               17.10465
source: 29340610
    b               32.64778
    p               16.91911
source: 34148498
    b               32.79037
    p               17.31208
source: 29340610
    b               33.26201
    p               17.47181
source: 29340610
    b               33.08113
    p               17.74960
source: 29340610
    b               32.86904
    p               17.30818
source: 34148498
    b               32.79409
    p               17.53265
source: 34148498
    b               32.43634
    p               17.35462
source: 34148498
    b               33.12348
    p               16.95159
source: 34148498
    b               32.62152
    p               16.82274
source: 49171806
    b               33.24956
    p               17.10171
source: 34148498
    b               33.64527
    p               17.31919
source: 34148498
    b               33.51178
    p               17.44970
source: 34148498
    b               33.01315
    p               17.07579
source: 49171806
    b               32.69410
    p               17.28692
source: 49171806
    b               32.45808
    p               16.99868
source: 49171806
    b               30.76221
    p               17.50278
Trial Time:          197.35533
    a                0.08138
source: 35550696
    b               32.99623
    p               16.93139
source: 49171806
    b               33.23308
    p               17.08766
source: 49171806
    b               31.85308
    p               17.24909
Trial Time:          200.10248
    a                0.08528
source: 35550696
    b               33.78770
    p               17.35514
source: 49171806
    b               33.78028
    p               17.09081
source: 49171806
    b               31.64009
    p               17.52159
Trial Time:          200.61358
    a                0.08120
source: 35550696
    b               31.43056
    p               17.48436
Trial Time:          198.67338
    a                0.08135
source: 35550696
    b               32.43876
    p               16.88028
source: 14521507
    b               31.28933
    p               17.25273
Trial Time:          199.01605
    a                0.08209
source: 35550696
    b               31.29668
    p               17.50858
Trial Time:          200.34171
    a                0.08368
source: 35550696
    b               33.20665
    p               16.89822
source: 14521507
    b               31.92251
    p               17.81294
Trial Time:          203.35026
    a                0.07925
source: 35550696
    b               32.26169
    p               17.50379
Trial Time:          203.20300
    a                0.08983
source: 35550696
    b               33.10211
    p               17.22519
source: 14521507
    b               32.90622
    p               17.16369
source: 14521507
    b               31.49571
    p               16.49496
source: 51633218
    b               32.58574
    p               16.92584
source: 14521507
    b               32.70514
    p               17.13978
source: 14521507
    b               32.18918
    p               16.66719
source: 51633218
    b               33.26598
    p               17.33146
source: 14521507
    b               33.47789
    p               17.36056
source: 14521507
    b               31.80067
    p               16.87072
source: 51633218
    b               32.22374
    p               17.05968
source: 51633218
    b               30.60941
    p               17.19438
source: 46823382
    b               31.85464
    p               16.89657
source: 51633218
    b               31.92647
    p               17.11486
source: 51633218
    b               31.33295
    p               17.47905
source: 46823382
    b               32.76199
    p               16.86952
source: 51633218
    b               32.48410
    p               17.13509
source: 51633218
    b               31.18469
    p               17.78525
source: 46823382
    b               31.32753
    p               17.85139
source: 46823382
    b               31.07569
    p               16.59911
Trial Time:          193.56286
    a                0.08161
source: 19396273
    b               30.73665
    p               17.57892
source: 46823382
    b               30.62093
    p               17.67728
source: 46823382
    b               31.69232
    p               16.95258
Trial Time:          197.16566
    a                0.09308
source: 19396273
    b               31.87520
    p               17.58403
source: 46823382
    b               31.78652
    p               17.86465
source: 46823382
    b               31.63169
    p               16.89232
Trial Time:          197.04115
    a                0.08573
source: 19396273
    b               31.76462
    p               17.07763
Trial Time:          198.41193
    a                0.08533
source: 19396273
    b               30.43685
    p               16.70735
source: 19871750
    b               31.12602
    p               17.04036
Trial Time:          195.50471
    a                0.08518
source: 19396273
    b               31.18334
    p               17.03193
Trial Time:          196.13769
    a                0.07846
source: 19396273
    b               31.04486
    p               16.93021
source: 19871750
    b               32.14218
    p               16.74846
Trial Time:          199.34365
    a                0.08197
source: 19396273
    b               31.89255
    p               17.05940
Trial Time:          199.82340
    a                0.08110
source: 19396273
    b               30.86836
    p               17.15524
source: 19871750
    b               31.06411
    p               17.18872
source: 19871750
    b               34.16150
    p               17.01153
source: 36862677
    b               30.35015
    p               17.04878
source: 19871750
    b               30.38857
    p               17.26099
source: 19871750
    b               34.99691
    p               17.10923
source: 36862677
    b               31.91564
    p               16.97607
source: 19871750
    b               31.65620
    p               17.02408
source: 19871750
    b               34.93566
    p               17.43211
source: 36862677
    b               35.02914
    p               17.58174
source: 36862677
    b               32.35481
    p               17.27942
source: 49539126
    b               34.25811
    p               17.55363
source: 36862677
    b               34.42703
    p               17.52527
source: 36862677
    b               33.63934
    p               17.28737
source: 49539126
    b               35.70419
    p               17.57603
source: 36862677
    b               35.79490
    p               17.38717
source: 36862677
    b               33.26714
    p               17.17340
source: 49539126
    b               33.14656
    p               17.47285
source: 49539126
    b               30.61892
    p               17.34347
Trial Time:          196.68290
    a                0.08477
source: 34016452
    b               32.59583
    p               17.57627
source: 49539126
    b               32.77864
    p               17.55574
source: 49539126
    b               31.25523
    p               16.85056
Trial Time:          199.87993
    a                0.08189
source: 34016452
    b               33.40985
    p               17.66295
source: 49539126
    b               33.60610
    p               17.51229
source: 49539126
    b               31.52699
    p               17.18475
Trial Time:          200.35060
    a                0.08121
source: 34016452
    b               31.60200
    p               17.39257
Trial Time:          201.25057
    a                0.08194
source: 34016452
    b               34.54479
    p               17.00166
source: 36567395
    b               30.40574
    p               17.41997
Trial Time:          197.98301
    a                0.08615
source: 34016452
    b               30.61555
    p               17.28327
Trial Time:          198.57889
    a                0.08991
source: 34016452
    b               35.43549
    p               16.70252
source: 36567395
    b               31.48948
    p               17.42069
Trial Time:          202.94741
    a                0.10554
source: 34016452
    b               31.83764
    p               17.12454
Trial Time:          202.73009
    a                0.08247
source: 34016452
    b               35.73450
    p               17.37553
source: 36567395
    b               35.66778
    p               17.49916
source: 36567395
    b               32.95398
    p               16.96490
source: 55487793
    b               34.95076
    p               17.08703
source: 36567395
    b               34.68528
    p               17.14812
source: 36567395
    b               33.63026
    p               17.05936
source: 55487793
    b               35.97881
    p               17.25592
source: 36567395
    b               36.21012
    p               17.29456
source: 36567395
    b               33.69242
    p               17.49328
source: 55487793
    b               33.72268
    p               17.66902
source: 55487793
    b               29.69155
    p               16.71039
source: 14391370
    b               33.20536
    p               17.36342
source: 55487793
    b               33.01030
    p               17.30191
source: 55487793
    b               29.81207
    p               16.80400
source: 14391370
    b               34.14682
    p               17.28735
source: 55487793
    b               30.01376
    p               16.85757
source: 14391370
    b               34.06274
    p               17.48988
source: 55487793
    b               30.03935
    p               16.96542
source: 14391370
    b               31.67313
    p               16.24142
Trial Time:          196.56913
Average Time:        237.58072
    b               29.37796
    p               16.81157
source: 14391370
    b               29.35467
    p               16.81015
source: 14391370
    b               30.80665
    p               15.31023
Trial Time:          196.31465
Average Time:        238.97363
    b               29.18672
    p               13.24159
Trial Time:          194.34771
Average Time:        239.45143
    b               29.92297
    p               15.98798
source: 14391370
    b               29.57326
    p               16.92254
source: 14391370
    b               30.29344
    p               15.48014
Trial Time:          198.09076
Average Time:        239.77284
    b               30.06013
    p               12.65125
Trial Time:          192.27886
Average Time:        240.64301
    b               29.95390
    p               12.70335
Trial Time:          191.68860
Average Time:        240.92774
    b               25.41459
    p                9.24403
Trial Time:          186.94018
Average Time:        241.93505
    b               29.74657
    p               11.12477
Trial Time:          192.19378
Average Time:        242.18959
Execution File:   /scale/cal1/home/ybmoon/research/numa_autofdo/gapbs/bin-adt_exp/bc
Num of Programs:  8
Program Path:     /scale/cal1/home/ybmoon/research/numa_autofdo/gapbs/bin-adt_exp/
Progarm Options:  /scale/cal1/home/ybmoon/research/numa_autofdo/gapbs/bin-adt_exp/bc
i:1, argv[5]:-f
option1:-f
i:2, argv[6]:/home/ybmoon/workloads/gapbs-data/twitter.sg
option2:/home/ybmoon/workloads/gapbs-data/twitter.sg
i:3, argv[7]:-i4
option3:-i4
i:4, argv[8]:-n16
option4:-n16
tmp_node: 0
Local DRAM Allocation
Core: 0
Directory [0]:   /scale/cal1/home/ybmoon/research/numa_autofdo/gapbs/bin-adt_exp/
exe_path: /scale/cal1/home/ybmoon/research/numa_autofdo/gapbs/bin-adt_exp/bc
Core: 1
Directory [1]:   /scale/cal1/home/ybmoon/research/numa_autofdo/gapbs/bin-adt_exp/
exe_path: /scale/cal1/home/ybmoon/research/numa_autofdo/gapbs/bin-adt_exp/bc
Core: 2
Directory [2]:   /scale/cal1/home/ybmoon/research/numa_autofdo/gapbs/bin-adt_exp/
exe_path: /scale/cal1/home/ybmoon/research/numa_autofdo/gapbs/bin-adt_exp/bc
Core: 3
Directory [3]:   /scale/cal1/home/ybmoon/research/numa_autofdo/gapbs/bin-adt_exp/
exe_path: /scale/cal1/home/ybmoon/research/numa_autofdo/gapbs/bin-adt_exp/bc
Core: 4
Directory [4]:   /scale/cal1/home/ybmoon/research/numa_autofdo/gapbs/bin-adt_exp/
exe_path: /scale/cal1/home/ybmoon/research/numa_autofdo/gapbs/bin-adt_exp/bc
Core: 5
Directory [5]:   /scale/cal1/home/ybmoon/research/numa_autofdo/gapbs/bin-adt_exp/
exe_path: /scale/cal1/home/ybmoon/research/numa_autofdo/gapbs/bin-adt_exp/bc
Core: 6
Directory [6]:   /scale/cal1/home/ybmoon/research/numa_autofdo/gapbs/bin-adt_exp/
exe_path: /scale/cal1/home/ybmoon/research/numa_autofdo/gapbs/bin-adt_exp/bc
Core: 7
Directory [7]:   /scale/cal1/home/ybmoon/research/numa_autofdo/gapbs/bin-adt_exp/
exe_path: /scale/cal1/home/ybmoon/research/numa_autofdo/gapbs/bin-adt_exp/bc
Process Start
Process Start
Process Start
Process Start
Wait PID: 42129
Process Start
Wait PID: 42131
Process Start
Wait PID: 42133
Process Start
Process Start
Wait PID: 42135
Wait PID: 42137
Wait PID: 42139
Wait PID: 42140
Wait PID: 42141
Execution Time (8) => 3961125307242.00 ns
Execution Time (20) => 3983362885433.00 ns
Execution Time (4) => 3990818850525.00 ns
Execution Time (12) => 3996152716118.00 ns
Execution Time (16) => 4009876764681.00 ns
Execution Time (28) => 4014641007680.00 ns
Execution Time (0) => 4030729651203.00 ns
Execution Time (26) => 4034850081832.00 ns
('Full Command: ', '/scale/cal/home/ybmoon/migration/workloads/gap-spec-wrapper/second-wrapper/second_wrapper 0 8 /scale/cal1/home/ybmoon/research/numa_autofdo/gapbs/bin-adt_exp/ /scale/cal1/home/ybmoon/research/numa_autofdo/gapbs/bin-adt_exp/bc -f /home/ybmoon/workloads/gapbs-data/twitter.sg -i4 -n16')
execution_time 4035.18 (s)
