Read Time:           158.29035
Graph has 61578415 nodes and 1468364884 directed edges for degree: 23
Read Time:           158.31469
Graph has 61578415 nodes and 1468364884 directed edges for degree: 23
Read Time:           158.30509
Graph has 61578415 nodes and 1468364884 directed edges for degree: 23
Read Time:           158.31564
Graph has 61578415 nodes and 1468364884 directed edges for degree: 23
Read Time:           158.32125
Graph has 61578415 nodes and 1468364884 directed edges for degree: 23
Read Time:           158.33340
Graph has 61578415 nodes and 1468364884 directed edges for degree: 23
Read Time:           158.33789
Graph has 61578415 nodes and 1468364884 directed edges for degree: 23
Read Time:           158.33150
Graph has 61578415 nodes and 1468364884 directed edges for degree: 23
    a                1.44690
source: 12441072
    a                1.95091
source: 12441072
    a                2.04568
source: 12441072
    a                2.04783
source: 12441072
    a                2.03761
source: 12441072
    a                2.04720
source: 12441072
    a                2.05407
source: 12441072
    a                2.04853
source: 12441072
    b              282.94745
    p               57.56839
source: 54488257
    b              283.04566
    p               57.48179
source: 54488257
    b              283.13766
    p               57.31385
source: 54488257
    b              283.84386
    p               57.44993
source: 54488257
    b              283.81853
    p               57.97688
source: 54488257
    b              284.62231
    p               57.92195
source: 54488257
    b              284.80820
    p               58.67744
source: 54488257
    b              287.03466
    p               60.73243
source: 54488257
    b              123.68035
    p               53.05133
source: 25451915
    b              124.11478
    p               53.41212
source: 25451915
    b              124.03347
    p               53.60592
source: 25451915
    b              124.26916
    p               54.27406
source: 25451915
    b              126.53415
    p               55.07929
source: 25451915
    b              124.95267
    p               54.29033
source: 25451915
    b              124.85139
    p               55.47339
source: 25451915
    b              126.13136
    p               61.10183
source: 25451915
    b              124.38887
    p               52.79057
source: 57714473
    b              123.92305
    p               53.19314
source: 57714473
    b              124.07825
    p               53.34248
source: 57714473
    b              123.56785
    p               54.39178
source: 57714473
    b              123.43674
    p               55.29708
source: 57714473
    b              125.76308
    p               56.51916
source: 57714473
    b              124.05785
    p               56.77135
source: 57714473
    b              123.47653
    p               62.80018
source: 57714473
    b              128.32751
    p               52.42526
Trial Time:          878.81763
    a                0.08518
source: 14839494
    b              128.16854
    p               52.49621
Trial Time:          879.56599
    a                0.14268
source: 14839494
    b              127.96473
    p               52.82464
Trial Time:          881.02115
    a                0.07946
source: 14839494
    b              127.81797
    p               53.36855
Trial Time:          883.11589
    a                0.10913
source: 14839494
    b              127.63184
    p               52.36524
Trial Time:          884.03811
    a                0.07743
source: 14839494
    b              127.10488
    p               51.50142
Trial Time:          886.73626
    a                0.08420
source: 14839494
    b              129.12110
    p               51.22336
Trial Time:          887.19860
    a                0.08422
source: 14839494
    b              127.57406
    p               41.30638
Trial Time:          893.57166
    a                0.08091
source: 14839494
    b               37.43143
    p               16.46394
source: 32081104
    b               36.99720
    p               16.62389
source: 32081104
    b               37.24547
    p               16.67394
source: 32081104
    b               36.99080
    p               16.86436
source: 32081104
    b               36.71884
    p               16.63535
source: 32081104
    b               36.45039
    p               16.67302
source: 32081104
    b               36.65443
    p               16.84896
source: 32081104
    b               35.53748
    p               17.15553
source: 32081104
    b               37.00760
    p               17.30392
source: 52957357
    b               36.95265
    p               17.16323
source: 52957357
    b               37.22256
    p               17.52788
source: 52957357
    b               36.74465
    p               17.38506
source: 52957357
    b               36.78870
    p               17.74252
source: 52957357
    b               36.69117
    p               17.39992
source: 52957357
    b               36.52321
    p               17.73990
source: 52957357
    b               35.39157
    p               17.81680
source: 52957357
    b               33.01841
    p               17.52468
source: 50444380
    b               33.24292
    p               17.47753
source: 50444380
    b               33.18679
    p               17.77317
source: 50444380
    b               32.96352
    p               17.51791
source: 50444380
    b               33.04593
    p               17.56364
source: 50444380
    b               32.85790
    p               17.50574
source: 50444380
    b               32.64958
    p               17.62929
source: 50444380
    b               32.15176
    p               17.61996
source: 50444380
    b               32.99798
    p               17.64693
Trial Time:          210.14516
    a                0.07915
source: 49590701
    b               33.05380
    p               17.50083
Trial Time:          209.79317
    a                0.07854
source: 49590701
    b               33.60771
    p               17.58141
Trial Time:          211.57827
    a                0.08303
source: 49590701
    b               33.24131
    p               17.50253
Trial Time:          209.48563
    a                0.08191
source: 49590701
    b               33.77650
    p               17.35459
Trial Time:          210.96052
    a                0.08321
source: 49590701
    b               33.48512
    p               17.63540
Trial Time:          209.53623
    a                0.08581
source: 49590701
    b               33.27598
    p               17.51567
Trial Time:          209.60640
    a                0.07923
source: 49590701
    b               32.99336
    p               17.59314
Trial Time:          207.07455
    a                0.09142
source: 49590701
    b               31.55048
    p               17.38539
source: 20127816
    b               31.69068
    p               17.36749
source: 20127816
    b               32.43102
    p               17.17954
source: 20127816
    b               32.12034
    p               17.46494
source: 20127816
    b               32.13029
    p               17.14264
source: 20127816
    b               31.65055
    p               17.38988
source: 20127816
    b               32.17131
    p               17.16132
source: 20127816
    b               31.30010
    p               17.08122
source: 20127816
    b               32.59884
    p               16.94581
source: 34939333
    b               32.61901
    p               17.12644
source: 34939333
    b               33.27021
    p               16.86140
source: 34939333
    b               33.14969
    p               16.82323
source: 34939333
    b               33.31918
    p               16.97609
source: 34939333
    b               32.91807
    p               16.98213
source: 34939333
    b               33.15554
    p               16.91309
source: 34939333
    b               32.50607
    p               16.75814
source: 34939333
    b               31.92758
    p               17.17814
source: 48251001
    b               31.66452
    p               17.33440
source: 48251001
    b               32.27551
    p               17.20765
source: 48251001
    b               32.19457
    p               16.97257
source: 48251001
    b               32.10773
    p               17.15519
source: 48251001
    b               32.10121
    p               17.06369
source: 48251001
    b               32.02358
    p               17.19656
source: 48251001
    b               31.53292
    p               16.95499
source: 48251001
    b               33.31050
    p               17.44025
Trial Time:          199.06653
    a                0.07916
source: 19524253
    b               33.22441
    p               17.62324
Trial Time:          199.39561
    a                0.08519
source: 19524253
    b               34.11129
    p               17.28687
Trial Time:          200.91899
    a                0.08074
source: 19524253
    b               34.25000
    p               17.64028
Trial Time:          201.88444
    a                0.08012
source: 19524253
    b               34.19157
    p               17.59491
Trial Time:          201.39941
    a                0.08033
source: 19524253
    b               34.16241
    p               17.17148
Trial Time:          200.23288
    a                0.08067
source: 19524253
    b               34.14036
    p               17.61027
Trial Time:          201.16230
    a                0.07974
source: 19524253
    b               33.71347
    p               17.23870
Trial Time:          197.93993
    a                0.08067
source: 19524253
    b               33.27236
    p               17.34019
source: 43676726
    b               33.48388
    p               17.12666
source: 43676726
    b               34.03769
    p               17.01017
source: 43676726
    b               34.04274
    p               17.26266
source: 43676726
    b               33.94239
    p               17.18074
source: 43676726
    b               34.04550
    p               16.78168
source: 43676726
    b               33.80148
    p               17.14978
source: 43676726
    b               33.79250
    p               16.97748
source: 43676726
    b               31.06649
    p               17.32043
source: 33055508
    b               31.46443
    p               17.05869
source: 33055508
    b               31.63305
    p               17.20834
source: 33055508
    b               32.00595
    p               17.21837
source: 33055508
    b               31.72465
    p               17.33435
source: 33055508
    b               31.79800
    p               17.05833
source: 33055508
    b               31.38789
    p               17.24472
source: 33055508
    b               31.27111
    p               17.18245
source: 33055508
    b               33.33605
    p               17.48182
source: 15244687
    b               33.70298
    p               17.26617
source: 15244687
    b               34.35027
    p               17.22914
source: 15244687
    b               34.92708
    p               17.22843
source: 15244687
    b               34.76431
    p               17.26950
source: 15244687
    b               34.48963
    p               17.32054
source: 15244687
    b               34.02979
    p               17.21245
source: 15244687
    b               34.38977
    p               17.33500
source: 15244687
    b               32.23408
    p               17.13014
Trial Time:          199.92047
    a                0.07927
source: 24946738
    b               32.31960
    p               17.03607
Trial Time:          200.19612
    a                0.07836
source: 24946738
    b               33.01016
    p               16.89444
Trial Time:          202.13203
    a                0.07874
source: 24946738
    b               33.56720
    p               16.96453
Trial Time:          204.05964
    a                0.08056
source: 24946738
    b               33.42382
    p               16.98501
Trial Time:          203.42394
    a                0.07970
source: 24946738
    b               33.06380
    p               17.13644
Trial Time:          202.53069
    a                0.08002
source: 24946738
    b               32.79353
    p               16.96572
Trial Time:          200.98147
    a                0.07928
source: 24946738
    b               33.09200
    p               16.88156
Trial Time:          202.07768
    a                0.07896
source: 24946738
    b               31.28888
    p               16.25961
source: 6479472
    b               31.22198
    p               16.15113
source: 6479472
    b               32.28172
    p               15.84675
source: 6479472
    b               32.47598
    p               16.12363
source: 6479472
    b               32.28717
    p               15.98123
source: 6479472
    b               32.52629
    p               15.97925
source: 6479472
    b               32.09442
    p               15.76869
source: 6479472
    b               32.44742
    p               15.81624
source: 6479472
    b               31.46918
    p               16.58141
source: 26077682
    b               31.78075
    p               16.53613
source: 26077682
    b               32.90013
    p               16.24952
source: 26077682
    b               32.72187
    p               16.21131
source: 26077682
    b               32.67541
    p               16.43493
source: 26077682
    b               32.87836
    p               16.78310
source: 26077682
    b               32.94937
    p               16.66406
source: 26077682
    b               32.80708
    p               16.42527
source: 26077682
    b               33.65266
    p               17.33667
source: 22023875
    b               33.74038
    p               17.33031
source: 22023875
    b               34.81841
    p               17.19707
source: 22023875
    b               34.48417
    p               16.98472
source: 22023875
    b               34.61762
    p               17.11024
source: 22023875
    b               34.44602
    p               17.36800
source: 22023875
    b               34.50657
    p               17.60311
source: 22023875
    b               34.55986
    p               17.38792
source: 22023875
    b               31.52815
    p               17.54863
Trial Time:          196.39215
    a                0.07999
source: 22081915
    b               31.76868
    p               17.57070
Trial Time:          196.87902
    a                0.09858
source: 22081915
    b               32.75651
    p               17.40500
Trial Time:          200.22461
    a                0.07929
source: 22081915
    b               32.89940
    p               17.03779
Trial Time:          199.03773
    a                0.08116
source: 22081915
    b               33.19424
    p               17.27476
Trial Time:          200.39582
    a                0.07993
source: 22081915
    b               32.90506
    p               17.58719
Trial Time:          201.66143
    a                0.08406
source: 22081915
    b               33.02538
    p               17.64562
Trial Time:          201.40788
    a                0.07964
source: 22081915
    b               32.97949
    p               17.54945
Trial Time:          200.76018
    a                0.08474
source: 22081915
    b               33.21174
    p               17.92994
source: 40034162
    b               33.32689
    p               17.86247
source: 40034162
    b               34.50125
    p               17.78843
source: 40034162
    b               34.62685
    p               17.52632
source: 40034162
    b               34.69668
    p               17.69610
source: 40034162
    b               34.28379
    p               17.67765
source: 40034162
    b               35.03938
    p               17.65534
source: 40034162
    b               34.70901
    p               17.95032
source: 40034162
    b               29.92011
    p               17.57226
source: 49496014
    b               30.29586
    p               17.58211
source: 49496014
    b               31.40601
    p               17.42041
source: 49496014
    b               31.59940
    p               17.34071
source: 49496014
    b               31.59485
    p               17.54648
source: 49496014
    b               31.54158
    p               17.49442
source: 49496014
    b               31.64703
    p               17.54420
source: 49496014
    b               32.07880
    p               17.39319
source: 49496014
    b               31.01758
    p               17.47588
source: 42847507
    b               31.00344
    p               17.39870
source: 42847507
    b               32.76434
    p               17.36866
source: 42847507
    b               32.84433
    p               17.18497
source: 42847507
    b               32.94361
    p               17.30594
source: 42847507
    b               32.71991
    p               17.29683
source: 42847507
    b               33.00993
    p               17.47104
source: 42847507
    b               33.13979
    p               17.39798
source: 42847507
    b               31.83312
    p               16.85044
Trial Time:          196.57658
    a                0.07920
source: 52409557
    b               32.12436
    p               16.91151
Trial Time:          197.28491
    a                0.08977
source: 52409557
    b               33.26457
    p               17.12683
Trial Time:          202.44594
    a                0.09622
source: 52409557
    b               33.89414
    p               16.74564
Trial Time:          202.53686
    a                0.08223
source: 52409557
    b               33.82469
    p               16.79516
Trial Time:          203.19000
    a                0.07981
source: 52409557
    b               33.41091
    p               16.99480
Trial Time:          202.20664
    a                0.07876
source: 52409557
    b               33.82706
    p               16.92705
Trial Time:          203.88370
    a                0.07878
source: 52409557
    b               33.71426
    p               16.95327
Trial Time:          204.19579
    a                0.08719
source: 52409557
    b               31.76184
    p               16.92440
source: 55445388
    b               31.88533
    p               16.82615
source: 55445388
    b               33.21200
    p               17.01482
source: 55445388
    b               33.52360
    p               16.68896
source: 55445388
    b               33.69375
    p               16.73890
source: 55445388
    b               33.38014
    p               16.92615
source: 55445388
    b               33.53620
    p               16.97462
source: 55445388
    b               33.86824
    p               16.89899
source: 55445388
    b               30.58314
    p               16.75686
source: 22028097
    b               30.68067
    p               16.63792
source: 22028097
    b               32.15182
    p               16.64332
source: 22028097
    b               32.37057
    p               16.45149
source: 22028097
    b               32.13998
    p               16.79954
source: 22028097
    b               32.46803
    p               16.78302
source: 22028097
    b               32.30497
    p               16.81593
source: 22028097
    b               32.31527
    p               16.96974
source: 22028097
    b               31.14289
    p               17.22680
source: 48766648
    b               31.13190
    p               17.04352
source: 48766648
    b               33.00874
    p               17.01135
source: 48766648
    b               33.08797
    p               17.14575
source: 48766648
    b               33.01587
    p               17.16248
source: 48766648
    b               33.00913
    p               17.30660
source: 48766648
    b               33.14949
    p               17.45313
source: 48766648
    b               32.97323
    p               17.61097
source: 48766648
    b               30.99566
    p               17.08327
Trial Time:          193.27006
    a                0.08636
source: 44521241
    b               30.93985
    p               17.00519
Trial Time:          192.94051
    a                0.08051
source: 44521241
    b               32.69348
    p               16.62138
Trial Time:          199.11764
    a                0.07966
source: 44521241
    b               32.45409
    p               16.81752
Trial Time:          199.31118
    a                0.08046
source: 44521241
    b               32.42554
    p               17.00488
Trial Time:          199.65288
    a                0.08222
source: 44521241
    b               32.59197
    p               17.12738
Trial Time:          200.50112
    a                0.07960
source: 44521241
    b               32.54126
    p               17.18411
Trial Time:          200.90452
    a                0.08268
source: 44521241
    b               32.69677
    p               17.22388
Trial Time:          201.21223
    a                0.08160
source: 44521241
    b               30.99916
    p               17.76216
source: 60135542
    b               30.77413
    p               17.70157
source: 60135542
    b               32.55346
    p               17.30345
source: 60135542
    b               32.35021
    p               17.26874
source: 60135542
    b               32.42658
    p               17.52900
source: 60135542
    b               32.33482
    p               17.66271
source: 60135542
    b               32.50473
    p               17.70577
source: 60135542
    b               32.44543
    p               17.70928
source: 60135542
    b               31.25672
    p               17.67919
source: 28528671
    b               31.00887
    p               17.62407
source: 28528671
    b               32.47328
    p               17.29255
source: 28528671
    b               32.58860
    p               17.13259
source: 28528671
    b               32.54603
    p               17.53252
source: 28528671
    b               32.81424
    p               17.43833
source: 28528671
    b               32.69751
    p               17.63728
source: 28528671
    b               32.81432
    p               17.64122
source: 28528671
    b               31.42764
    p               17.66248
source: 9678012
    b               31.23393
    p               17.58293
source: 9678012
    b               32.42889
    p               16.96464
source: 9678012
    b               32.63461
    p               16.87252
source: 9678012
    b               32.52891
    p               17.44540
source: 9678012
    b               32.61890
    p               17.34123
source: 9678012
    b               32.75877
    p               17.56402
source: 9678012
    b               32.89139
    p               17.55814
source: 9678012
    b               33.23377
    p               17.46410
Trial Time:          198.27626
    a                0.08082
source: 40020306
    b               33.21232
    p               17.37399
Trial Time:          197.28736
    a                0.07928
source: 40020306
    b               34.27724
    p               17.24744
Trial Time:          201.26985
    a                0.10306
source: 40020306
    b               34.50194
    p               17.24896
Trial Time:          201.33151
    a                0.07971
source: 40020306
    b               34.58387
    p               17.34854
Trial Time:          202.70837
    a                0.08165
source: 40020306
    b               34.76596
    p               17.26132
Trial Time:          202.99856
    a                0.08769
source: 40020306
    b               34.75703
    p               17.41273
Trial Time:          203.75418
    a                0.08089
source: 40020306
    b               34.77087
    p               17.36477
Trial Time:          204.04740
    a                0.07926
source: 40020306
    b               29.73628
    p               17.30437
source: 31625735
    b               29.72046
    p               17.31538
source: 31625735
    b               30.68327
    p               17.09845
source: 31625735
    b               30.60915
    p               16.92896
source: 31625735
    b               31.07167
    p               17.17416
source: 31625735
    b               31.30549
    p               17.19858
source: 31625735
    b               31.31379
    p               17.42407
source: 31625735
    b               31.32184
    p               17.31911
source: 31625735
    b               32.04172
    p               17.14308
source: 37446892
    b               31.90651
    p               17.03502
source: 37446892
    b               32.26509
    p               16.79318
source: 37446892
    b               32.53000
    p               16.81738
source: 37446892
    b               33.14638
    p               16.63638
source: 37446892
    b               33.24745
    p               16.84962
source: 37446892
    b               33.20329
    p               17.03745
source: 37446892
    b               33.22371
    p               17.00423
source: 37446892
    b               31.44194
    p               17.33983
source: 51788952
    b               31.41752
    p               17.40022
source: 51788952
    b               31.54931
    p               17.17404
source: 51788952
    b               31.65369
    p               17.13248
source: 51788952
    b               32.56710
    p               17.02525
source: 51788952
    b               32.43539
    p               17.42281
source: 51788952
    b               32.44653
    p               17.56284
source: 51788952
    b               32.62768
    p               17.47662
source: 51788952
    b               30.31011
    p               17.36773
Trial Time:          193.51855
    a                0.09354
source: 52584255
    b               30.12080
    p               17.38676
Trial Time:          193.12129
    a                0.08121
source: 52584255
    b               29.99752
    p               17.09091
Trial Time:          193.40423
    a                0.07812
source: 52584255
    b               29.95935
    p               17.00990
Trial Time:          193.36504
    a                0.07848
source: 52584255
    b               30.96950
    p               17.11240
Trial Time:          196.43936
    a                0.08952
source: 52584255
    b               30.78129
    p               17.37826
Trial Time:          197.38196
    a                0.07942
source: 52584255
    b               30.68629
    p               17.41966
Trial Time:          197.88075
    a                0.08207
source: 52584255
    b               30.85957
    p               17.41248
Trial Time:          198.00869
    a                0.08437
source: 52584255
    b               30.59849
    p               16.71028
source: 20346696
    b               30.43326
    p               16.75924
source: 20346696
    b               29.91274
    p               16.78354
source: 20346696
    b               30.17817
    p               16.48477
source: 20346696
    b               31.18496
    p               16.48033
source: 20346696
    b               30.92265
    p               16.78893
source: 20346696
    b               30.94310
    p               16.97902
source: 20346696
    b               31.00007
    p               16.85675
source: 20346696
    b               30.98502
    p               16.73783
source: 48387909
    b               30.81594
    p               16.83107
source: 48387909
    b               30.03770
    p               16.89761
source: 48387909
    b               30.40544
    p               16.55925
source: 48387909
    b               31.58019
    p               16.59783
source: 48387909
    b               31.26830
    p               16.97631
source: 48387909
    b               31.36583
    p               17.17489
source: 48387909
    b               31.58875
    p               17.13158
source: 48387909
    b               32.52766
    p               17.64887
source: 37337427
    b               32.27561
    p               17.68554
source: 37337427
    b               31.48427
    p               17.38655
source: 37337427
    b               31.95667
    p               17.15376
source: 37337427
    b               32.93903
    p               17.13386
source: 37337427
    b               33.10100
    p               17.38763
source: 37337427
    b               33.12580
    p               17.66250
source: 37337427
    b               33.06582
    p               17.75142
source: 37337427
    b               31.54976
    p               17.67357
Trial Time:          194.79898
    a                0.08391
source: 50501084
    b               31.84734
    p               17.48834
Trial Time:          195.37394
    a                0.09725
source: 50501084
    b               30.83443
    p               17.43019
Trial Time:          191.49505
    a                0.07858
source: 50501084
    b               31.22709
    p               17.25694
Trial Time:          192.03400
    a                0.10888
source: 50501084
    b               32.19820
    p               17.13624
Trial Time:          195.98444
    a                0.08413
source: 50501084
    b               32.37060
    p               17.25347
Trial Time:          196.81016
    a                0.07894
source: 50501084
    b               32.76769
    p               17.45286
Trial Time:          198.27411
    a                0.08283
source: 50501084
    b               32.42207
    p               17.60597
Trial Time:          198.19915
    a                0.07940
source: 50501084
    b               30.21870
    p               17.38954
source: 30130061
    b               30.57986
    p               17.32382
source: 30130061
    b               29.39167
    p               17.34953
source: 30130061
    b               29.53990
    p               17.04430
source: 30130061
    b               30.75593
    p               16.96731
source: 30130061
    b               30.88061
    p               17.08224
source: 30130061
    b               31.03916
    p               17.24839
source: 30130061
    b               30.86966
    p               17.36517
source: 30130061
    b               32.09811
    p               17.37416
source: 41185893
    b               32.25319
    p               17.20562
source: 41185893
    b               30.94523
    p               17.28269
source: 41185893
    b               31.11487
    p               16.99273
source: 41185893
    b               32.08445
    p               17.09247
source: 41185893
    b               32.34508
    p               17.06893
source: 41185893
    b               32.81498
    p               17.33356
source: 41185893
    b               32.89379
    p               17.15392
source: 41185893
    b               32.00926
    p               17.02343
source: 56495703
    b               32.18536
    p               16.87956
source: 56495703
    b               30.91845
    p               16.93648
source: 56495703
    b               30.87087
    p               16.52161
source: 56495703
    b               32.13606
    p               16.56262
source: 56495703
    b               32.23700
    p               16.73286
source: 56495703
    b               32.44080
    p               16.85931
source: 56495703
    b               32.73710
    p               16.74530
source: 56495703
    b               33.11336
    p               17.31819
Trial Time:          197.31484
    a                0.08252
source: 45663305
    b               33.28390
    p               17.24217
Trial Time:          197.73900
    a                0.08007
source: 45663305
    b               32.29951
    p               17.26625
Trial Time:          193.13364
    a                0.08144
source: 45663305
    b               32.26754
    p               17.18299
Trial Time:          192.31997
    a                0.08415
source: 45663305
    b               33.22312
    p               16.99665
Trial Time:          196.55158
    a                0.07980
source: 45663305
    b               33.58891
    p               17.27483
Trial Time:          197.96199
    a                0.09380
source: 45663305
    b               33.70843
    p               17.49054
Trial Time:          199.68280
    a                0.07919
source: 45663305
    b               34.13354
    p               17.27614
Trial Time:          199.96205
    a                0.07954
source: 45663305
    b               31.60329
    p               17.60123
source: 33359460
    b               31.74769
    p               17.52204
source: 33359460
    b               30.88821
    p               17.51790
source: 33359460
    b               30.47876
    p               17.57841
source: 33359460
    b               31.72891
    p               17.18877
source: 33359460
    b               31.91437
    p               17.56683
source: 33359460
    b               32.44738
    p               17.63319
source: 33359460
    b               32.60603
    p               17.60270
source: 33359460
    b               33.69332
    p               17.45653
source: 48143058
    b               33.68810
    p               17.54966
source: 48143058
    b               32.69541
    p               17.38130
source: 48143058
    b               32.48716
    p               17.18252
source: 48143058
    b               33.24142
    p               17.08767
source: 48143058
    b               33.48819
    p               17.38074
source: 48143058
    b               34.31851
    p               17.25499
source: 48143058
    b               34.24106
    p               17.41735
source: 48143058
    b               32.19380
    p               17.38849
source: 33291513
    b               32.27492
    p               17.39907
source: 33291513
    b               31.35544
    p               17.26348
source: 33291513
    b               31.30063
    p               17.14009
source: 33291513
    b               31.80513
    p               17.19510
source: 33291513
    b               32.17251
    p               17.25593
source: 33291513
    b               30.85817
    p               16.55020
Trial Time:          198.12982
    a                0.08323
source: 53461445
    b               32.96775
    p               17.39164
source: 33291513
    b               31.13832
    p               16.52541
Trial Time:          198.63693
    a                0.07920
source: 53461445
    b               32.76229
    p               17.52679
source: 33291513
    b               30.16925
    p               16.58586
Trial Time:          194.64717
    a                0.08338
source: 53461445
    b               29.92986
    p               16.44351
Trial Time:          193.32122
    a                0.07994
source: 53461445
    b               30.13103
    p               16.44784
Trial Time:          195.56528
    a                0.08374
source: 53461445
    b               30.79944
    p               16.33809
Trial Time:          197.69760
    a                0.08074
source: 53461445
    b               31.34788
    p               16.55665
Trial Time:          200.68033
    a                0.07963
source: 53461445
    b               31.23961
    p               16.81898
Trial Time:          200.99097
    a                0.07924
source: 53461445
    b               32.66134
    p               17.41301
source: 29340610
    b               32.90772
    p               17.17028
source: 29340610
    b               31.73079
    p               17.48731
source: 29340610
    b               31.62145
    p               17.43492
source: 29340610
    b               31.66507
    p               17.23898
source: 29340610
    b               32.36756
    p               17.19670
source: 29340610
    b               33.09671
    p               17.53349
source: 29340610
    b               32.88633
    p               17.65913
source: 29340610
    b               33.06903
    p               17.22455
source: 34148498
    b               33.37231
    p               16.94315
source: 34148498
    b               32.30174
    p               17.26213
source: 34148498
    b               32.21298
    p               17.51976
source: 34148498
    b               32.15699
    p               17.12448
source: 34148498
    b               32.70785
    p               16.93695
source: 34148498
    b               33.10622
    p               17.08110
source: 49171806
    b               33.61485
    p               17.49339
source: 34148498
    b               33.70987
    p               17.28878
source: 34148498
    b               33.47251
    p               16.84507
source: 49171806
    b               32.28210
    p               17.04072
source: 49171806
    b               32.08635
    p               17.05467
source: 49171806
    b               32.15185
    p               17.00525
source: 49171806
    b               32.87794
    p               17.03363
source: 49171806
    b               31.74995
    p               17.55356
Trial Time:          200.65972
    a                0.08951
source: 35550696
    b               33.54557
    p               17.13309
source: 49171806
    b               32.05945
    p               17.35317
Trial Time:          200.88977
    a                0.07898
source: 35550696
    b               33.69500
    p               17.01593
source: 49171806
    b               31.08086
    p               17.60121
Trial Time:          197.60408
    a                0.08599
source: 35550696
    b               31.11265
    p               17.38554
Trial Time:          197.21629
    a                0.07951
source: 35550696
    b               30.35268
    p               17.46032
Trial Time:          195.90929
    a                0.07882
source: 35550696
    b               30.83843
    p               17.53567
Trial Time:          198.24760
    a                0.08683
source: 35550696
    b               33.20873
    p               17.11227
source: 14521507
    b               31.98430
    p               17.33867
Trial Time:          202.48852
    a                0.07913
source: 35550696
    b               32.02211
    p               17.41861
Trial Time:          202.47447
    a                0.07927
source: 35550696
    b               33.47665
    p               16.94371
source: 14521507
    b               32.49055
    p               16.93244
source: 14521507
    b               32.68841
    p               17.23356
source: 14521507
    b               31.72110
    p               17.06742
source: 14521507
    b               32.08850
    p               17.22923
source: 14521507
    b               32.15319
    p               16.80384
source: 51633218
    b               32.46563
    p               16.74557
source: 51633218
    b               33.71468
    p               17.12588
source: 14521507
    b               33.65593
    p               17.04661
source: 14521507
    b               31.76662
    p               16.47060
source: 51633218
    b               31.90453
    p               16.76669
source: 51633218
    b               31.06268
    p               16.98437
source: 51633218
    b               31.22528
    p               17.15055
source: 51633218
    b               31.44273
    p               17.53940
source: 46823382
    b               31.53758
    p               17.50728
source: 46823382
    b               32.95385
    p               16.87033
source: 51633218
    b               33.11226
    p               16.85356
source: 51633218
    b               31.32431
    p               17.40243
source: 46823382
    b               31.33351
    p               17.47982
source: 46823382
    b               30.24821
    p               17.71398
source: 46823382
    b               30.33174
    p               17.73716
source: 46823382
    b               31.97714
    p               16.79202
Trial Time:          197.81908
    a                0.08211
source: 19396273
    b               32.09199
    p               16.85311
Trial Time:          198.38574
    a                0.07931
source: 19396273
    b               31.90145
    p               17.53920
source: 46823382
    b               31.99252
    p               17.57491
source: 46823382
    b               31.69059
    p               16.52419
Trial Time:          195.37333
    a                0.07934
source: 19396273
    b               31.87030
    p               16.74648
Trial Time:          196.81506
    a                0.08006
source: 19396273
    b               30.62018
    p               17.20700
Trial Time:          193.40158
    a                0.08509
source: 19396273
    b               30.88377
    p               16.88201
Trial Time:          194.29616
    a                0.08072
source: 19396273
    b               31.27638
    p               16.89642
source: 19871750
    b               31.51226
    p               16.98039
source: 19871750
    b               32.37633
    p               17.03145
Trial Time:          200.30891
    a                0.07973
source: 19396273
    b               32.50865
    p               16.95724
Trial Time:          200.48155
    a                0.08135
source: 19396273
    b               31.20782
    p               16.68538
source: 19871750
    b               31.51767
    p               16.72268
source: 19871750
    b               30.27260
    p               17.12478
source: 19871750
    b               30.22825
    p               16.84229
source: 19871750
    b               35.22773
    p               17.21892
source: 36862677
    b               31.62823
    p               17.09924
source: 19871750
    b               31.74830
    p               17.05088
source: 19871750
    b               35.52593
    p               17.30604
source: 36862677
    b               35.17865
    p               17.42681
source: 36862677
    b               35.38936
    p               17.53642
source: 36862677
    b               34.30523
    p               17.55018
source: 36862677
    b               34.09524
    p               17.43056
source: 36862677
    b               33.53090
    p               17.33755
source: 49539126
    b               33.70287
    p               17.39671
source: 49539126
    b               36.17548
    p               17.15930
source: 36862677
    b               35.99014
    p               17.54735
source: 36862677
    b               33.13163
    p               17.20120
source: 49539126
    b               33.41607
    p               17.54363
source: 49539126
    b               32.69909
    p               17.72719
source: 49539126
    b               32.38305
    p               17.62800
source: 49539126
    b               31.48527
    p               17.12025
Trial Time:          200.85039
    a                0.07930
source: 34016452
    b               31.95086
    p               16.99061
Trial Time:          202.10817
    a                0.07807
source: 34016452
    b               34.16682
    p               17.29174
source: 49539126
    b               33.64150
    p               17.53960
source: 49539126
    b               31.88235
    p               16.86182
Trial Time:          200.32995
    a                0.07951
source: 34016452
    b               31.59984
    p               17.01884
Trial Time:          201.51149
    a                0.07926
source: 34016452
    b               30.71811
    p               17.35738
Trial Time:          198.56613
    a                0.08495
source: 34016452
    b               30.33106
    p               17.34960
Trial Time:          197.06775
    a                0.08564
source: 34016452
    b               35.63435
    p               16.94741
source: 36567395
    b               32.09158
    p               17.18411
Trial Time:          203.58361
    a                0.09675
source: 34016452
    b               36.14262
    p               16.83147
source: 36567395
    b               32.03940
    p               17.31303
Trial Time:          203.66943
    a                0.08804
source: 34016452
    b               36.00681
    p               17.09345
source: 36567395
    b               35.77507
    p               17.33265
source: 36567395
    b               35.29885
    p               17.17645
source: 36567395
    b               34.48137
    p               17.50919
source: 36567395
    b               33.97649
    p               17.23782
source: 55487793
    b               34.37434
    p               17.11793
source: 55487793
    b               36.67401
    p               17.40656
source: 36567395
    b               36.73154
    p               17.08788
source: 36567395
    b               34.12730
    p               17.27289
source: 55487793
    b               33.94148
    p               17.55029
source: 55487793
    b               33.59316
    p               17.46268
source: 55487793
    b               32.63934
    p               17.57777
source: 55487793
    b               30.22666
    p               16.87120
source: 14391370
    b               30.75719
    p               16.79000
source: 14391370
    b               30.44084
    p               16.55541
source: 14391370
    b               34.55826
    p               17.32392
source: 55487793
    b               34.82009
    p               17.30334
source: 55487793
    b               30.46931
    p               16.78173
source: 14391370
    b               30.10141
    p               16.67366
source: 14391370
    b               29.13581
    p               16.91773
source: 14391370
    b               31.43348
    p               16.48949
Trial Time:          199.57676
Average Time:        240.97585
    b               32.25314
    p               16.32360
Trial Time:          201.30084
Average Time:        241.27611
    b               30.60037
    p               16.90496
source: 14391370
    b               30.93911
    p               16.75549
source: 14391370
    b               32.36319
    p               16.54976
Trial Time:          201.12993
Average Time:        241.67966
    b               32.44756
    p               17.03959
Trial Time:          202.04559
Average Time:        241.89307
    b               32.36543
    p               15.25985
Trial Time:          198.69912
Average Time:        242.28061
    b               31.74345
    p               13.99228
Trial Time:          194.70702
Average Time:        242.51824
    b               26.55750
    p               10.18108
Trial Time:          190.93758
Average Time:        243.93715
    b               28.46274
    p               10.22180
Trial Time:          193.01134
Average Time:        244.13439
Execution File:   /scale/cal1/home/ybmoon/research/numa_autofdo/gapbs/bin-adt_exp/bc
Num of Programs:  8
Program Path:     /scale/cal1/home/ybmoon/research/numa_autofdo/gapbs/bin-adt_exp/
Progarm Options:  /scale/cal1/home/ybmoon/research/numa_autofdo/gapbs/bin-adt_exp/bc
i:1, argv[5]:-f
option1:-f
i:2, argv[6]:/home/ybmoon/workloads/gapbs-data/twitter.sg
option2:/home/ybmoon/workloads/gapbs-data/twitter.sg
i:3, argv[7]:-i4
option3:-i4
i:4, argv[8]:-n16
option4:-n16
tmp_node: 0
Local DRAM Allocation
Core: 0
Directory [0]:   /scale/cal1/home/ybmoon/research/numa_autofdo/gapbs/bin-adt_exp/
exe_path: /scale/cal1/home/ybmoon/research/numa_autofdo/gapbs/bin-adt_exp/bc
Core: 1
Directory [1]:   /scale/cal1/home/ybmoon/research/numa_autofdo/gapbs/bin-adt_exp/
exe_path: /scale/cal1/home/ybmoon/research/numa_autofdo/gapbs/bin-adt_exp/bc
Core: 2
Directory [2]:   /scale/cal1/home/ybmoon/research/numa_autofdo/gapbs/bin-adt_exp/
exe_path: /scale/cal1/home/ybmoon/research/numa_autofdo/gapbs/bin-adt_exp/bc
Core: 3
Directory [3]:   /scale/cal1/home/ybmoon/research/numa_autofdo/gapbs/bin-adt_exp/
exe_path: /scale/cal1/home/ybmoon/research/numa_autofdo/gapbs/bin-adt_exp/bc
Core: 4
Directory [4]:   /scale/cal1/home/ybmoon/research/numa_autofdo/gapbs/bin-adt_exp/
exe_path: /scale/cal1/home/ybmoon/research/numa_autofdo/gapbs/bin-adt_exp/bc
Core: 5
Directory [5]:   /scale/cal1/home/ybmoon/research/numa_autofdo/gapbs/bin-adt_exp/
exe_path: /scale/cal1/home/ybmoon/research/numa_autofdo/gapbs/bin-adt_exp/bc
Core: 6
Directory [6]:   /scale/cal1/home/ybmoon/research/numa_autofdo/gapbs/bin-adt_exp/
exe_path: /scale/cal1/home/ybmoon/research/numa_autofdo/gapbs/bin-adt_exp/bc
Core: 7
Directory [7]:   /scale/cal1/home/ybmoon/research/numa_autofdo/gapbs/bin-adt_exp/
exe_path: /scale/cal1/home/ybmoon/research/numa_autofdo/gapbs/bin-adt_exp/bc
Process Start
Process Start
Process Start
Process Start
Wait PID: 26963
Process Start
Wait PID: 26965
Process Start
Wait PID: 26967
Process Start
Wait PID: 26969
Process Start
Wait PID: 26971
Wait PID: 26973
Wait PID: 26974
Wait PID: 26975
Execution Time (30) => 4015504218363.00 ns
Execution Time (8) => 4020319573465.00 ns
Execution Time (16) => 4026800406255.00 ns
Execution Time (20) => 4030228077103.00 ns
Execution Time (12) => 4036367706388.00 ns
Execution Time (6) => 4040202439308.00 ns
Execution Time (26) => 4062887212993.00 ns
Execution Time (0) => 4066098514714.00 ns
('Full Command: ', '/scale/cal/home/ybmoon/migration/workloads/gap-spec-wrapper/second-wrapper/second_wrapper 0 8 /scale/cal1/home/ybmoon/research/numa_autofdo/gapbs/bin-adt_exp/ /scale/cal1/home/ybmoon/research/numa_autofdo/gapbs/bin-adt_exp/bc -f /home/ybmoon/workloads/gapbs-data/twitter.sg -i4 -n16')
execution_time 4066.40 (s)
