Read Time:           157.87377
Graph has 61578415 nodes and 1468364884 directed edges for degree: 23
Read Time:           157.98411
Graph has 61578415 nodes and 1468364884 directed edges for degree: 23
Read Time:           158.00472
Graph has 61578415 nodes and 1468364884 directed edges for degree: 23
Read Time:           158.02342
Graph has 61578415 nodes and 1468364884 directed edges for degree: 23
Read Time:           158.02728
Graph has 61578415 nodes and 1468364884 directed edges for degree: 23
Read Time:           158.02320
Graph has 61578415 nodes and 1468364884 directed edges for degree: 23
Read Time:           158.02495
Graph has 61578415 nodes and 1468364884 directed edges for degree: 23
Read Time:           158.02354
Graph has 61578415 nodes and 1468364884 directed edges for degree: 23
    a                1.33750
source: 12441072
    a                1.95558
source: 12441072
    a                2.05090
source: 12441072
    a                2.04931
source: 12441072
    a                2.06473
source: 12441072
    a                2.07639
source: 12441072
    a                2.07446
source: 12441072
    a                2.10576
source: 12441072
    b              259.23183
    p               63.90439
source: 54488257
    b              275.74747
    p               63.03331
source: 54488257
    b              278.24204
    p               63.00319
source: 54488257
    b              278.65840
    p               63.33499
source: 54488257
    b              279.08550
    p               63.34338
source: 54488257
    b              281.22823
    p               64.40892
source: 54488257
    b              281.59698
    p               64.44623
source: 54488257
    b              284.34371
    p               64.75956
source: 54488257
    b              156.47353
    p               55.31172
source: 25451915
    b              150.92820
    p               58.69107
source: 25451915
    b              150.14061
    p               59.44260
source: 25451915
    b              149.39106
    p               59.54216
source: 25451915
    b              150.27918
    p               60.03739
source: 25451915
    b              149.55554
    p               61.08992
source: 25451915
    b              150.20183
    p               62.95888
source: 25451915
    b              150.61355
    p               64.01090
source: 25451915
    b              158.07968
    p               55.13138
source: 57714473
    b              150.73330
    p               58.34531
source: 57714473
    b              149.45729
    p               58.95056
source: 57714473
    b              149.59307
    p               59.63680
source: 57714473
    b              149.28215
    p               60.13632
source: 57714473
    b              148.09754
    p               61.67087
source: 57714473
    b              147.70609
    p               63.81077
source: 57714473
    b              148.35809
    p               66.70349
source: 57714473
    b              159.14969
    p               56.91889
Trial Time:          967.76677
    a                0.07999
source: 14839494
    b              155.11048
    p               57.45355
Trial Time:          973.51377
    a                0.08201
source: 14839494
    b              154.08300
    p               57.39700
Trial Time:          974.08112
    a                0.07729
source: 14839494
    b              153.53969
    p               57.30464
Trial Time:          975.22524
    a                0.10766
source: 14839494
    b              154.34414
    p               58.11735
Trial Time:          977.45558
    a                0.08651
source: 14839494
    b              153.34323
    p               56.44440
Trial Time:          979.12902
    a                0.07978
source: 14839494
    b              152.90738
    p               54.76076
Trial Time:          981.83921
    a                0.07857
source: 14839494
    b              152.73534
    p               50.20480
Trial Time:          984.34656
    a                0.08461
source: 14839494
    b               37.80771
    p               16.58540
source: 32081104
    b               37.19532
    p               16.72246
source: 32081104
    b               37.49973
    p               16.77986
source: 32081104
    b               36.99231
    p               16.55461
source: 32081104
    b               37.02186
    p               16.89355
source: 32081104
    b               36.87576
    p               16.89118
source: 32081104
    b               36.25855
    p               16.89977
source: 32081104
    b               36.08030
    p               17.10123
source: 32081104
    b               36.51991
    p               17.21981
source: 52957357
    b               36.70055
    p               17.20165
source: 52957357
    b               37.00103
    p               17.23364
source: 52957357
    b               36.88257
    p               17.39680
source: 52957357
    b               36.76003
    p               17.62100
source: 52957357
    b               36.68195
    p               17.91520
source: 52957357
    b               36.29591
    p               17.68205
source: 52957357
    b               35.74769
    p               17.91367
source: 52957357
    b               32.64362
    p               17.55639
source: 50444380
    b               32.98861
    p               17.39721
source: 50444380
    b               33.28961
    p               17.30552
source: 50444380
    b               32.74310
    p               17.48563
source: 50444380
    b               32.91190
    p               17.55388
source: 50444380
    b               32.59628
    p               17.74785
source: 50444380
    b               32.68145
    p               17.69753
source: 50444380
    b               32.29162
    p               17.59572
source: 50444380
    b               31.92619
    p               17.47466
Trial Time:          208.45867
    a                0.07799
source: 49590701
    b               33.31088
    p               17.36956
Trial Time:          209.65124
    a                0.08817
source: 49590701
    b               32.96771
    p               17.59969
Trial Time:          209.38985
    a                0.07886
source: 49590701
    b               33.43378
    p               17.40450
Trial Time:          210.73086
    a                0.08074
source: 49590701
    b               33.57036
    p               17.44157
Trial Time:          210.57727
    a                0.08314
source: 49590701
    b               33.26621
    p               17.60449
Trial Time:          210.37914
    a                0.08100
source: 49590701
    b               33.13252
    p               17.70062
Trial Time:          209.14240
    a                0.08007
source: 49590701
    b               33.17066
    p               17.60495
Trial Time:          208.29621
    a                0.08024
source: 49590701
    b               30.65126
    p               17.59812
source: 20127816
    b               31.87120
    p               17.22157
source: 20127816
    b               31.46071
    p               17.40440
source: 20127816
    b               31.96369
    p               17.25774
source: 20127816
    b               32.03332
    p               17.16264
source: 20127816
    b               32.22354
    p               17.38910
source: 20127816
    b               31.47814
    p               17.52678
source: 20127816
    b               31.64908
    p               17.36407
source: 20127816
    b               31.12569
    p               17.18183
source: 34939333
    b               32.64614
    p               16.84840
source: 34939333
    b               32.41744
    p               16.86258
source: 34939333
    b               32.90768
    p               16.99664
source: 34939333
    b               32.96302
    p               16.98444
source: 34939333
    b               32.76081
    p               16.90988
source: 34939333
    b               32.55960
    p               17.21251
source: 34939333
    b               32.64520
    p               17.19494
source: 34939333
    b               30.11399
    p               17.65307
source: 48251001
    b               31.76804
    p               17.26364
source: 48251001
    b               31.70174
    p               17.21933
source: 48251001
    b               31.58973
    p               17.27580
source: 48251001
    b               31.73535
    p               17.28814
source: 48251001
    b               31.68458
    p               17.20518
source: 48251001
    b               31.70156
    p               17.19282
source: 48251001
    b               31.29635
    p               17.38963
source: 48251001
    b               31.41008
    p               17.66439
Trial Time:          194.10085
    a                0.07811
source: 19524253
    b               33.15159
    p               17.43548
Trial Time:          198.97497
    a                0.07993
source: 19524253
    b               33.35280
    p               17.36441
Trial Time:          198.51068
    a                0.07960
source: 19524253
    b               33.42603
    p               17.58408
Trial Time:          199.77626
    a                0.08386
source: 19524253
    b               33.62395
    p               17.49337
Trial Time:          200.11611
    a                0.08059
source: 19524253
    b               33.77322
    p               17.56830
Trial Time:          200.31397
    a                0.08066
source: 19524253
    b               33.67908
    p               17.38785
Trial Time:          199.55363
    a                0.08513
source: 19524253
    b               33.35621
    p               17.55240
Trial Time:          199.28207
    a                0.07940
source: 19524253
    b               31.59996
    p               17.21617
source: 43676726
    b               33.19155
    p               17.21756
source: 43676726
    b               33.37070
    p               16.92398
source: 43676726
    b               33.37524
    p               17.02672
source: 43676726
    b               33.43642
    p               17.11054
source: 43676726
    b               33.50506
    p               17.28099
source: 43676726
    b               33.36879
    p               17.12895
source: 43676726
    b               33.23248
    p               17.13372
source: 43676726
    b               29.06582
    p               17.41552
source: 33055508
    b               30.83344
    p               17.18137
source: 33055508
    b               31.21744
    p               16.91062
source: 33055508
    b               31.27853
    p               17.04204
source: 33055508
    b               31.22380
    p               17.12186
source: 33055508
    b               31.09686
    p               17.25370
source: 33055508
    b               30.91422
    p               17.28424
source: 33055508
    b               31.03959
    p               17.00888
source: 33055508
    b               31.62232
    p               17.21618
source: 15244687
    b               33.15073
    p               17.43283
source: 15244687
    b               33.51513
    p               17.23694
source: 15244687
    b               33.89596
    p               17.07026
source: 15244687
    b               34.16363
    p               17.16433
source: 15244687
    b               34.06598
    p               17.12979
source: 15244687
    b               33.68310
    p               17.39087
source: 15244687
    b               33.83809
    p               17.26863
source: 15244687
    b               30.21784
    p               17.45713
Trial Time:          192.57389
    a                0.07888
source: 24946738
    b               31.88982
    p               17.12367
Trial Time:          198.76853
    a                0.08388
source: 24946738
    b               32.02874
    p               16.96543
Trial Time:          198.91445
    a                0.08085
source: 24946738
    b               32.77455
    p               16.76883
Trial Time:          200.00959
    a                0.09221
source: 24946738
    b               32.65132
    p               17.00972
Trial Time:          200.62122
    a                0.08303
source: 24946738
    b               32.36022
    p               17.06088
Trial Time:          199.95760
    a                0.07917
source: 24946738
    b               32.68863
    p               16.96875
Trial Time:          200.77117
    a                0.08043
source: 24946738
    b               32.31069
    p               16.92214
Trial Time:          199.49744
    a                0.07901
source: 24946738
    b               29.53356
    p               16.19957
source: 6479472
    b               30.82532
    p               16.24965
source: 6479472
    b               31.01351
    p               15.93720
source: 6479472
    b               31.61831
    p               15.67108
source: 6479472
    b               31.62379
    p               16.14875
source: 6479472
    b               31.82130
    p               15.82308
source: 6479472
    b               31.81459
    p               15.97211
source: 6479472
    b               31.59972
    p               15.96669
source: 6479472
    b               30.06288
    p               16.68148
source: 26077682
    b               31.36771
    p               16.52130
source: 26077682
    b               31.58466
    p               16.27580
source: 26077682
    b               32.22737
    p               16.09482
source: 26077682
    b               32.15580
    p               16.57329
source: 26077682
    b               32.27513
    p               16.51206
source: 26077682
    b               32.18827
    p               16.67864
source: 26077682
    b               32.03649
    p               16.67355
source: 26077682
    b               32.00707
    p               17.39960
source: 22023875
    b               33.26785
    p               17.39858
source: 22023875
    b               33.58378
    p               17.24927
source: 22023875
    b               34.33130
    p               17.17084
source: 22023875
    b               34.39212
    p               17.18589
source: 22023875
    b               34.31029
    p               17.26919
source: 22023875
    b               34.01856
    p               17.40546
source: 22023875
    b               33.96944
    p               17.36603
source: 22023875
    b               30.62290
    p               17.66788
Trial Time:          190.97670
    a                0.08298
source: 22081915
    b               31.77768
    p               17.45473
Trial Time:          195.60511
    a                0.08155
source: 22081915
    b               31.86691
    p               17.37916
Trial Time:          195.60986
    a                0.07853
source: 22081915
    b               32.63731
    p               17.23267
Trial Time:          197.74683
    a                0.08097
source: 22081915
    b               32.78409
    p               17.32556
Trial Time:          198.99717
    a                0.09211
source: 22081915
    b               32.49771
    p               17.57737
Trial Time:          198.88478
    a                0.08185
source: 22081915
    b               32.42781
    p               17.65568
Trial Time:          198.92783
    a                0.08217
source: 22081915
    b               32.25671
    p               17.65559
Trial Time:          198.28061
    a                0.09029
source: 22081915
    b               32.75755
    p               17.86432
source: 40034162
    b               33.66959
    p               17.65510
source: 40034162
    b               33.54151
    p               17.64758
source: 40034162
    b               34.23370
    p               17.74778
source: 40034162
    b               34.47022
    p               17.70853
source: 40034162
    b               34.23429
    p               17.74058
source: 40034162
    b               34.35538
    p               17.64762
source: 40034162
    b               34.39941
    p               17.88370
source: 40034162
    b               30.10423
    p               17.71025
source: 49496014
    b               30.92368
    p               17.38116
source: 49496014
    b               30.71380
    p               17.54045
source: 49496014
    b               31.43477
    p               17.33983
source: 49496014
    b               31.47960
    p               17.50285
source: 49496014
    b               31.41595
    p               17.58881
source: 49496014
    b               31.72443
    p               17.57419
source: 49496014
    b               31.88997
    p               17.48690
source: 49496014
    b               31.61810
    p               17.69641
source: 42847507
    b               31.76542
    p               17.29339
source: 42847507
    b               31.65990
    p               17.26212
source: 42847507
    b               32.42240
    p               17.22064
source: 42847507
    b               32.86699
    p               17.56232
source: 42847507
    b               32.88808
    p               17.47219
source: 42847507
    b               32.84136
    p               17.33781
source: 42847507
    b               33.02627
    p               17.52709
source: 42847507
    b               32.54173
    p               17.54025
Trial Time:          198.65191
    a                0.08018
source: 52409557
    b               32.61065
    p               17.03199
Trial Time:          199.08140
    a                0.08030
source: 52409557
    b               32.54829
    p               16.90334
Trial Time:          198.55394
    a                0.08100
source: 52409557
    b               33.45888
    p               16.82768
Trial Time:          201.44681
    a                0.08958
source: 52409557
    b               33.35382
    p               17.20965
Trial Time:          202.94680
    a                0.08225
source: 52409557
    b               33.66735
    p               16.96274
Trial Time:          203.07403
    a                0.07999
source: 52409557
    b               33.64969
    p               16.93907
Trial Time:          202.93203
    a                0.08238
source: 52409557
    b               33.68365
    p               17.08728
Trial Time:          203.36894
    a                0.08156
source: 52409557
    b               32.17630
    p               17.38365
source: 55445388
    b               32.65142
    p               17.03039
source: 55445388
    b               32.32286
    p               16.91694
source: 55445388
    b               33.36486
    p               16.93074
source: 55445388
    b               33.50480
    p               17.02711
source: 55445388
    b               33.54532
    p               16.95061
source: 55445388
    b               33.60705
    p               16.89521
source: 55445388
    b               33.66657
    p               17.19763
source: 55445388
    b               31.27649
    p               17.19601
source: 22028097
    b               31.09083
    p               16.72129
source: 22028097
    b               31.20195
    p               16.76689
source: 22028097
    b               32.19912
    p               16.70570
source: 22028097
    b               32.56371
    p               16.69631
source: 22028097
    b               32.35932
    p               16.74613
source: 22028097
    b               32.38257
    p               16.80972
source: 22028097
    b               32.16821
    p               16.90865
source: 22028097
    b               32.09829
    p               17.42668
source: 48766648
    b               31.69401
    p               17.17119
source: 48766648
    b               31.77494
    p               17.13094
source: 48766648
    b               32.74312
    p               16.97744
source: 48766648
    b               33.31029
    p               17.24169
source: 48766648
    b               33.20708
    p               17.32522
source: 48766648
    b               33.15163
    p               17.55055
source: 48766648
    b               32.86642
    p               17.51880
source: 48766648
    b               31.79693
    p               17.18052
Trial Time:          197.30690
    a                0.08018
source: 44521241
    b               31.08385
    p               17.21221
Trial Time:          195.39841
    a                0.08164
source: 44521241
    b               31.01030
    p               17.07075
Trial Time:          194.93925
    a                0.08117
source: 44521241
    b               32.43178
    p               16.96010
Trial Time:          199.04891
    a                0.07856
source: 44521241
    b               32.67057
    p               17.13299
Trial Time:          200.95414
    a                0.08039
source: 44521241
    b               32.62385
    p               17.22289
Trial Time:          200.79766
    a                0.08606
source: 44521241
    b               32.37399
    p               17.29033
Trial Time:          200.85032
    a                0.08443
source: 44521241
    b               32.62757
    p               17.20577
Trial Time:          200.97238
    a                0.08204
source: 44521241
    b               31.88310
    p               17.58091
source: 60135542
    b               30.79014
    p               17.84267
source: 60135542
    b               30.86096
    p               17.70617
source: 60135542
    b               31.96758
    p               17.50041
source: 60135542
    b               32.46652
    p               17.80108
source: 60135542
    b               32.43957
    p               17.72125
source: 60135542
    b               32.46142
    p               17.97850
source: 60135542
    b               32.70667
    p               17.62807
source: 60135542
    b               32.08352
    p               17.46014
source: 28528671
    b               30.82540
    p               17.81803
source: 28528671
    b               30.87369
    p               17.80666
source: 28528671
    b               31.57729
    p               17.57716
source: 28528671
    b               32.57960
    p               17.60176
source: 28528671
    b               32.68039
    p               17.61065
source: 28528671
    b               32.35997
    p               17.83915
source: 28528671
    b               32.64509
    p               17.60772
source: 28528671
    b               32.17079
    p               17.59730
source: 9678012
    b               30.74586
    p               17.63879
source: 9678012
    b               30.97450
    p               17.72284
source: 9678012
    b               31.18595
    p               17.52114
source: 9678012
    b               32.77838
    p               17.27489
source: 9678012
    b               32.51483
    p               17.33028
source: 9678012
    b               32.62979
    p               17.58727
source: 9678012
    b               32.63489
    p               17.43946
source: 9678012
    b               33.85608
    p               17.82083
Trial Time:          201.21397
    a                0.08305
source: 40020306
    b               32.71034
    p               17.47201
Trial Time:          196.59142
    a                0.08712
source: 40020306
    b               32.81893
    p               17.53278
Trial Time:          197.10738
    a                0.08764
source: 40020306
    b               33.17077
    p               17.63065
Trial Time:          198.87268
    a                0.08363
source: 40020306
    b               34.53521
    p               17.57153
Trial Time:          203.36682
    a                0.08342
source: 40020306
    b               34.36810
    p               17.51756
Trial Time:          202.95846
    a                0.08113
source: 40020306
    b               34.71385
    p               17.56879
Trial Time:          203.93885
    a                0.07938
source: 40020306
    b               34.45314
    p               17.69897
Trial Time:          203.59109
    a                0.07887
source: 40020306
    b               30.22484
    p               17.49617
source: 31625735
    b               29.20247
    p               17.67662
source: 31625735
    b               29.40896
    p               17.63929
source: 31625735
    b               29.49485
    p               17.52933
source: 31625735
    b               30.64709
    p               17.25975
source: 31625735
    b               30.87862
    p               17.42479
source: 31625735
    b               30.66416
    p               17.28563
source: 31625735
    b               30.66997
    p               17.36143
source: 31625735
    b               32.52610
    p               17.01847
source: 37446892
    b               31.07264
    p               17.32524
source: 37446892
    b               31.16641
    p               17.36606
source: 37446892
    b               31.04655
    p               17.17218
source: 37446892
    b               32.70892
    p               17.19115
source: 37446892
    b               32.74572
    p               17.13327
source: 37446892
    b               32.88540
    p               17.09499
source: 37446892
    b               32.79555
    p               17.13892
source: 37446892
    b               32.14704
    p               17.20330
source: 51788952
    b               30.85770
    p               17.54266
source: 51788952
    b               30.73428
    p               17.70408
source: 51788952
    b               30.45250
    p               17.53636
source: 51788952
    b               31.99807
    p               17.43264
source: 51788952
    b               32.30356
    p               17.43029
source: 51788952
    b               32.19889
    p               17.67347
source: 51788952
    b               32.25965
    p               17.58533
source: 51788952
    b               30.80041
    p               17.49695
Trial Time:          195.66232
    a                0.09270
source: 52584255
    b               29.68459
    p               17.50270
Trial Time:          191.68688
    a                0.09493
source: 52584255
    b               29.31980
    p               17.79405
Trial Time:          191.95322
    a                0.07950
source: 52584255
    b               29.04355
    p               17.44902
Trial Time:          190.47469
    a                0.08108
source: 52584255
    b               30.58875
    p               17.31821
Trial Time:          195.91994
    a                0.09062
source: 52584255
    b               30.73327
    p               17.22557
Trial Time:          196.64581
    a                0.07978
source: 52584255
    b               30.45913
    p               17.44399
Trial Time:          196.44906
    a                0.08172
source: 52584255
    b               30.50071
    p               17.41210
Trial Time:          196.48785
    a                0.08681
source: 52584255
    b               31.13682
    p               16.69378
source: 20346696
    b               30.06717
    p               16.74850
source: 20346696
    b               29.68746
    p               17.01214
source: 20346696
    b               29.24232
    p               16.80765
source: 20346696
    b               30.94214
    p               16.78781
source: 20346696
    b               31.15317
    p               16.68501
source: 20346696
    b               31.02118
    p               16.78166
source: 20346696
    b               30.90888
    p               16.85664
source: 20346696
    b               31.40581
    p               16.75239
source: 48387909
    b               30.70310
    p               16.75459
source: 48387909
    b               30.38687
    p               17.19311
source: 48387909
    b               29.78079
    p               17.24688
source: 48387909
    b               31.50393
    p               16.84910
source: 48387909
    b               31.71457
    p               16.82675
source: 48387909
    b               31.73800
    p               16.80759
source: 48387909
    b               31.48232
    p               16.98971
source: 48387909
    b               33.10660
    p               17.53820
source: 37337427
    b               32.16527
    p               17.56959
source: 37337427
    b               31.95859
    p               17.92515
source: 37337427
    b               31.45574
    p               17.73964
source: 37337427
    b               33.02099
    p               17.54316
source: 37337427
    b               33.37636
    p               17.53743
source: 37337427
    b               33.31230
    p               17.48574
source: 37337427
    b               33.47238
    p               17.48648
source: 37337427
    b               32.44747
    p               17.56920
Trial Time:          197.42969
    a                0.08019
source: 50501084
    b               31.64962
    p               17.53805
Trial Time:          194.04039
    a                0.08180
source: 50501084
    b               31.45385
    p               17.69302
Trial Time:          194.09115
    a                0.08206
source: 50501084
    b               30.86869
    p               17.77065
Trial Time:          191.68615
    a                0.08059
source: 50501084
    b               32.41895
    p               17.67993
Trial Time:          197.51701
    a                0.09015
source: 50501084
    b               32.61108
    p               17.59305
Trial Time:          198.26484
    a                0.08023
source: 50501084
    b               32.58110
    p               17.70543
Trial Time:          198.23121
    a                0.08068
source: 50501084
    b               32.86844
    p               17.45695
Trial Time:          198.28559
    a                0.08379
source: 50501084
    b               31.07900
    p               17.46673
source: 30130061
    b               30.62525
    p               17.37225
source: 30130061
    b               30.65810
    p               17.38192
source: 30130061
    b               29.79103
    p               17.46677
source: 30130061
    b               30.84930
    p               17.37700
source: 30130061
    b               31.09747
    p               17.29152
source: 30130061
    b               30.98127
    p               17.35817
source: 30130061
    b               31.30012
    p               17.27651
source: 30130061
    b               32.82329
    p               17.23455
source: 41185893
    b               32.12012
    p               17.30797
source: 41185893
    b               32.53295
    p               17.32247
source: 41185893
    b               31.38007
    p               17.52711
source: 41185893
    b               32.34787
    p               17.37668
source: 41185893
    b               32.83022
    p               17.53375
source: 41185893
    b               32.93054
    p               17.40816
source: 41185893
    b               33.05040
    p               17.37713
source: 41185893
    b               32.96360
    p               16.81201
source: 56495703
    b               32.27786
    p               17.30241
source: 56495703
    b               32.39655
    p               17.00188
source: 56495703
    b               31.36640
    p               17.17891
source: 56495703
    b               32.71740
    p               16.71261
source: 56495703
    b               32.74698
    p               16.79734
source: 56495703
    b               32.94362
    p               16.87061
source: 56495703
    b               33.07370
    p               16.86085
source: 56495703
    b               34.45460
    p               16.99867
Trial Time:          200.59694
    a                0.08075
source: 45663305
    b               33.50917
    p               17.36156
Trial Time:          198.66577
    a                0.08408
source: 45663305
    b               33.70495
    p               17.33127
Trial Time:          199.10336
    a                0.08009
source: 45663305
    b               32.81018
    p               17.58419
Trial Time:          195.92336
    a                0.08167
source: 45663305
    b               33.86656
    p               17.29051
Trial Time:          199.27518
    a                0.08474
source: 45663305
    b               34.19223
    p               17.20724
Trial Time:          200.45391
    a                0.07840
source: 45663305
    b               34.54855
    p               17.22304
Trial Time:          201.02298
    a                0.08009
source: 45663305
    b               34.52607
    p               17.11737
Trial Time:          201.33612
    a                0.07869
source: 45663305
    b               33.04496
    p               17.29184
source: 33359460
    b               32.16067
    p               17.31924
source: 33359460
    b               32.17376
    p               17.68280
source: 33359460
    b               31.39342
    p               18.03400
source: 33359460
    b               32.31579
    p               17.52209
source: 33359460
    b               32.98600
    p               17.37930
source: 33359460
    b               33.14440
    p               17.63048
source: 33359460
    b               33.30470
    p               17.48571
source: 33359460
    b               34.98454
    p               17.46639
source: 48143058
    b               34.35185
    p               17.50415
source: 48143058
    b               34.13740
    p               17.89838
source: 48143058
    b               33.20582
    p               17.74538
source: 48143058
    b               33.82597
    p               17.61764
source: 48143058
    b               34.82015
    p               17.20470
source: 48143058
    b               34.84177
    p               17.44332
source: 48143058
    b               34.96325
    p               17.42785
source: 48143058
    b               33.40607
    p               17.30978
source: 33291513
    b               32.92577
    p               17.02920
source: 33291513
    b               32.69334
    p               17.50835
source: 33291513
    b               32.10691
    p               17.61677
source: 33291513
    b               32.19607
    p               17.53902
source: 33291513
    b               33.43879
    p               17.23731
source: 33291513
    b               33.43743
    p               17.48697
source: 33291513
    b               31.89313
    p               16.58042
Trial Time:          202.73320
    a                0.07945
source: 53461445
    b               33.60200
    p               17.47804
source: 33291513
    b               31.83370
    p               16.24439
Trial Time:          200.20202
    a                0.08134
source: 53461445
    b               31.52633
    p               16.53806
Trial Time:          200.96971
    a                0.07994
source: 53461445
    b               31.12446
    p               16.58739
Trial Time:          198.62745
    a                0.08105
source: 53461445
    b               30.95544
    p               16.47931
Trial Time:          199.16149
    a                0.07881
source: 53461445
    b               31.87632
    p               16.58576
Trial Time:          202.28509
    a                0.08101
source: 53461445
    b               32.02869
    p               16.45567
Trial Time:          203.21019
    a                0.08187
source: 53461445
    b               31.86309
    p               16.67599
Trial Time:          203.58707
    a                0.09593
source: 53461445
    b               33.57594
    p               17.48344
source: 29340610
    b               33.54237
    p               17.20085
source: 29340610
    b               33.49687
    p               17.46100
source: 29340610
    b               32.86540
    p               17.63357
source: 29340610
    b               32.26334
    p               17.33555
source: 29340610
    b               33.41061
    p               17.65175
source: 29340610
    b               33.85323
    p               17.48980
source: 29340610
    b               33.92205
    p               17.46665
source: 29340610
    b               33.95928
    p               17.29336
source: 34148498
    b               33.69251
    p               17.32148
source: 34148498
    b               33.79401
    p               17.45519
source: 34148498
    b               33.17641
    p               17.43930
source: 34148498
    b               32.95705
    p               17.34824
source: 34148498
    b               33.81693
    p               17.40969
source: 34148498
    b               34.31446
    p               17.43613
source: 34148498
    b               34.27562
    p               17.40350
source: 34148498
    b               34.01285
    p               16.98922
source: 49171806
    b               33.43700
    p               17.20350
source: 49171806
    b               33.39649
    p               17.26461
source: 49171806
    b               32.98369
    p               17.17695
source: 49171806
    b               32.73528
    p               17.32973
source: 49171806
    b               33.98536
    p               17.09599
source: 49171806
    b               34.25194
    p               17.22648
source: 49171806
    b               32.81722
    p               17.24782
Trial Time:          204.13885
    a                0.09369
source: 35550696
    b               34.35298
    p               17.28430
source: 49171806
    b               32.27043
    p               17.56007
Trial Time:          203.00720
    a                0.08312
source: 35550696
    b               32.17656
    p               17.65133
Trial Time:          203.47926
    a                0.08317
source: 35550696
    b               31.94730
    p               17.59032
Trial Time:          201.66361
    a                0.08135
source: 35550696
    b               30.48307
    p               17.69970
Trial Time:          198.87746
    a                0.08179
source: 35550696
    b               32.40313
    p               17.41470
Trial Time:          203.93829
    a                0.09186
source: 35550696
    b               32.61556
    p               17.60728
Trial Time:          205.63331
    a                0.09123
source: 35550696
    b               32.70742
    p               17.53744
Trial Time:          205.77791
    a                0.07909
source: 35550696
    b               34.41138
    p               17.03541
source: 14521507
    b               33.79205
    p               17.03281
source: 14521507
    b               33.79170
    p               17.26703
source: 14521507
    b               33.37238
    p               17.32581
source: 14521507
    b               31.92241
    p               17.10252
source: 14521507
    b               33.81291
    p               17.20694
source: 14521507
    b               34.24582
    p               17.20390
source: 14521507
    b               33.27427
    p               16.88116
source: 51633218
    b               34.42291
    p               17.02853
source: 14521507
    b               33.05878
    p               16.66695
source: 51633218
    b               32.89984
    p               16.88540
source: 51633218
    b               32.53497
    p               16.98338
source: 51633218
    b               31.25626
    p               17.01373
source: 51633218
    b               32.81958
    p               16.83201
source: 51633218
    b               32.51968
    p               17.68038
source: 46823382
    b               33.51781
    p               16.92339
source: 51633218
    b               33.65364
    p               16.82232
source: 51633218
    b               32.43585
    p               17.39287
source: 46823382
    b               32.21360
    p               17.46435
source: 46823382
    b               31.84946
    p               17.81787
source: 46823382
    b               30.36014
    p               17.72639
source: 46823382
    b               31.92329
    p               17.56316
source: 46823382
    b               32.87245
    p               16.99760
Trial Time:          202.43752
    a                0.08038
source: 19396273
    b               32.64038
    p               17.76822
source: 46823382
    b               32.72151
    p               17.66101
source: 46823382
    b               32.95746
    p               16.58671
Trial Time:          200.71330
    a                0.08542
source: 19396273
    b               32.93756
    p               16.77114
Trial Time:          201.02912
    a                0.08265
source: 19396273
    b               32.31825
    p               16.84877
Trial Time:          199.86312
    a                0.08214
source: 19396273
    b               30.87194
    p               17.11734
Trial Time:          194.15306
    a                0.07934
source: 19396273
    b               32.37170
    p               16.99404
Trial Time:          200.31679
    a                0.07782
source: 19396273
    b               32.07455
    p               17.05682
source: 19871750
    b               32.89073
    p               17.00120
Trial Time:          202.98871
    a                0.08077
source: 19396273
    b               32.31307
    p               16.73474
source: 19871750
    b               32.94633
    p               16.98969
Trial Time:          202.98928
    a                0.08372
source: 19396273
    b               32.23551
    p               16.92049
source: 19871750
    b               31.94102
    p               16.87128
source: 19871750
    b               30.42183
    p               17.15532
source: 19871750
    b               31.36493
    p               17.14751
source: 19871750
    b               32.40404
    p               17.06119
source: 19871750
    b               32.19951
    p               17.24513
source: 19871750
    b               36.19940
    p               17.51505
source: 36862677
    b               36.03325
    p               17.57683
source: 36862677
    b               35.85861
    p               17.79005
source: 36862677
    b               35.82701
    p               17.61660
source: 36862677
    b               34.08279
    p               17.86903
source: 36862677
    b               35.55323
    p               17.55139
source: 36862677
    b               36.75189
    p               17.41853
source: 36862677
    b               34.35012
    p               17.30449
source: 49539126
    b               36.73289
    p               17.29440
source: 36862677
    b               33.77526
    p               17.40105
source: 49539126
    b               33.66371
    p               17.55945
source: 49539126
    b               34.12345
    p               17.30089
source: 49539126
    b               31.87155
    p               18.01526
source: 49539126
    b               33.27714
    p               17.60244
source: 49539126
    b               32.60317
    p               17.13722
Trial Time:          205.01713
    a                0.07980
source: 34016452
    b               32.29524
    p               17.34875
Trial Time:          204.28866
    a                0.10114
source: 34016452
    b               34.47438
    p               17.56266
source: 49539126
    b               34.85465
    p               17.66327
source: 49539126
    b               32.16648
    p               17.47051
Trial Time:          204.48076
    a                0.10302
source: 34016452
    b               32.54880
    p               17.19355
Trial Time:          204.24869
    a                0.09051
source: 34016452
    b               30.45815
    p               17.66406
Trial Time:          198.35743
    a                0.08350
source: 34016452
    b               30.90465
    p               17.56717
Trial Time:          201.71145
    a                0.08090
source: 34016452
    b               32.40936
    p               17.74877
Trial Time:          206.64254
    a                0.08500
source: 34016452
    b               32.14905
    p               17.76376
Trial Time:          206.72235
    a                0.07957
source: 34016452
    b               36.95241
    p               17.43525
source: 36567395
    b               36.53776
    p               17.28440
source: 36567395
    b               36.59590
    p               17.35363
source: 36567395
    b               36.42878
    p               17.51119
source: 36567395
    b               34.93330
    p               17.38702
source: 36567395
    b               35.50559
    p               17.07533
source: 36567395
    b               37.11462
    p               17.30557
source: 36567395
    b               34.72805
    p               17.70496
source: 55487793
    b               34.69163
    p               17.37500
source: 55487793
    b               37.21359
    p               17.33954
source: 36567395
    b               34.71033
    p               17.55940
source: 55487793
    b               34.51734
    p               17.68964
source: 55487793
    b               33.28330
    p               17.77482
source: 55487793
    b               33.74162
    p               17.48344
source: 55487793
    b               30.99688
    p               17.02705
source: 14391370
    b               31.07915
    p               16.82401
source: 14391370
    b               31.09446
    p               16.87670
source: 14391370
    b               35.02529
    p               17.21836
source: 55487793
    b               30.81648
    p               16.94872
source: 14391370
    b               35.14819
    p               17.52248
source: 55487793
    b               29.83685
    p               16.93087
source: 14391370
    b               29.58929
    p               17.12150
source: 14391370
    b               33.06381
    p               16.58972
Trial Time:          205.25380
Average Time:        247.76994
    b               33.05673
    p               16.40669
Trial Time:          204.08305
Average Time:        247.77637
    b               31.11861
    p               16.99618
source: 14391370
    b               30.94931
    p               17.25019
source: 14391370
    b               33.04828
    p               16.81937
Trial Time:          204.81508
Average Time:        248.00141
    b               32.94142
    p               16.43291
Trial Time:          204.01320
Average Time:        248.01333
    b               32.03199
    p               17.17956
Trial Time:          200.09796
Average Time:        248.64967
    b               28.51634
    p               11.17881
Trial Time:          190.95202
Average Time:        249.43824
    b               28.25424
    p                9.21188
Trial Time:          192.96412
Average Time:        250.27064
    b               25.80678
    p               10.01511
Trial Time:          191.95999
Average Time:        250.28748
Execution File:   /scale/cal1/home/ybmoon/research/numa_autofdo/gapbs/bin-adt_exp/bc
Num of Programs:  8
Program Path:     /scale/cal1/home/ybmoon/research/numa_autofdo/gapbs/bin-adt_exp/
Progarm Options:  /scale/cal1/home/ybmoon/research/numa_autofdo/gapbs/bin-adt_exp/bc
i:1, argv[5]:-f
option1:-f
i:2, argv[6]:/home/ybmoon/workloads/gapbs-data/twitter.sg
option2:/home/ybmoon/workloads/gapbs-data/twitter.sg
i:3, argv[7]:-i4
option3:-i4
i:4, argv[8]:-n16
option4:-n16
tmp_node: 0
Local DRAM Allocation
Core: 0
Directory [0]:   /scale/cal1/home/ybmoon/research/numa_autofdo/gapbs/bin-adt_exp/
exe_path: /scale/cal1/home/ybmoon/research/numa_autofdo/gapbs/bin-adt_exp/bc
Core: 1
Directory [1]:   /scale/cal1/home/ybmoon/research/numa_autofdo/gapbs/bin-adt_exp/
exe_path: /scale/cal1/home/ybmoon/research/numa_autofdo/gapbs/bin-adt_exp/bc
Core: 2
Directory [2]:   /scale/cal1/home/ybmoon/research/numa_autofdo/gapbs/bin-adt_exp/
exe_path: /scale/cal1/home/ybmoon/research/numa_autofdo/gapbs/bin-adt_exp/bc
Core: 3
Directory [3]:   /scale/cal1/home/ybmoon/research/numa_autofdo/gapbs/bin-adt_exp/
exe_path: /scale/cal1/home/ybmoon/research/numa_autofdo/gapbs/bin-adt_exp/bc
Core: 4
Directory [4]:   /scale/cal1/home/ybmoon/research/numa_autofdo/gapbs/bin-adt_exp/
exe_path: /scale/cal1/home/ybmoon/research/numa_autofdo/gapbs/bin-adt_exp/bc
Core: 5
Directory [5]:   /scale/cal1/home/ybmoon/research/numa_autofdo/gapbs/bin-adt_exp/
exe_path: /scale/cal1/home/ybmoon/research/numa_autofdo/gapbs/bin-adt_exp/bc
Core: 6
Directory [6]:   /scale/cal1/home/ybmoon/research/numa_autofdo/gapbs/bin-adt_exp/
exe_path: /scale/cal1/home/ybmoon/research/numa_autofdo/gapbs/bin-adt_exp/bc
Core: 7
Directory [7]:   /scale/cal1/home/ybmoon/research/numa_autofdo/gapbs/bin-adt_exp/
exe_path: /scale/cal1/home/ybmoon/research/numa_autofdo/gapbs/bin-adt_exp/bc
Process Start
Process Start
Process Start
Process Start
Wait PID: 11245
Process Start
Wait PID: 11247
Wait PID: 11249
Process Start
Process Start
Process Start
Wait PID: 11251
Wait PID: 11253
Wait PID: 11255
Wait PID: 11256
Wait PID: 11257
Execution Time (30) => 4124113927056.00 ns
Execution Time (20) => 4124233269308.00 ns
Execution Time (8) => 4127708116109.00 ns
Execution Time (24) => 4127876358389.00 ns
Execution Time (16) => 4137945397481.00 ns
Execution Time (6) => 4150427693166.00 ns
Execution Time (14) => 4163958596687.00 ns
Execution Time (0) => 4164228538436.00 ns
('Full Command: ', '/scale/cal/home/ybmoon/migration/workloads/gap-spec-wrapper/second-wrapper/second_wrapper 0 8 /scale/cal1/home/ybmoon/research/numa_autofdo/gapbs/bin-adt_exp/ /scale/cal1/home/ybmoon/research/numa_autofdo/gapbs/bin-adt_exp/bc -f /home/ybmoon/workloads/gapbs-data/twitter.sg -i4 -n16')
execution_time 4164.56 (s)
