Read Time:           158.64464
Graph has 61578415 nodes and 1468364884 directed edges for degree: 23
Read Time:           158.68783
Graph has 61578415 nodes and 1468364884 directed edges for degree: 23
Read Time:           158.70510
Graph has 61578415 nodes and 1468364884 directed edges for degree: 23
Read Time:           158.71899
Graph has 61578415 nodes and 1468364884 directed edges for degree: 23
Read Time:           158.73662
Graph has 61578415 nodes and 1468364884 directed edges for degree: 23
Read Time:           158.75017
Graph has 61578415 nodes and 1468364884 directed edges for degree: 23
Read Time:           158.74915
Graph has 61578415 nodes and 1468364884 directed edges for degree: 23
Read Time:           158.80130
Graph has 61578415 nodes and 1468364884 directed edges for degree: 23
  0    1.145533
  1    0.555255
  2    0.298512
  3    0.156228
  4    0.081764
  5    0.044526
  6    0.023933
  7    0.013743
  8    0.007795
  9    0.004796
 10    0.002932
 11    0.001895
 12    0.001223
 13    0.000806
 14    0.000537
 15    0.000370
 16    0.000268
 17    0.000208
 18    0.000169
 19    0.000141
 20    0.000118
 21    0.000099
Trial Time:          577.04006
  0    1.145533
  1    0.555255
  2    0.298512
  3    0.156228
  4    0.081764
  5    0.044526
  6    0.023933
  7    0.013743
  8    0.007795
  9    0.004796
 10    0.002932
 11    0.001895
 12    0.001223
 13    0.000806
 14    0.000537
 15    0.000370
 16    0.000268
 17    0.000208
 18    0.000169
 19    0.000141
 20    0.000118
 21    0.000099
Trial Time:          266.52466
  0    1.145533
  1    0.555255
  2    0.298512
  3    0.156228
  4    0.081764
  5    0.044526
  6    0.023933
  7    0.013743
  8    0.007795
  9    0.004796
 10    0.002932
 11    0.001895
 12    0.001223
 13    0.000806
 14    0.000537
 15    0.000370
 16    0.000268
 17    0.000208
 18    0.000169
 19    0.000141
 20    0.000118
 21    0.000099
Trial Time:          267.84749
  0    1.145533
  1    0.555255
  2    0.298512
  3    0.156228
  4    0.081764
  5    0.044526
  6    0.023933
  7    0.013743
  8    0.007795
  9    0.004796
 10    0.002932
 11    0.001895
 12    0.001223
 13    0.000806
 14    0.000537
 15    0.000370
 16    0.000268
 17    0.000208
 18    0.000169
 19    0.000141
 20    0.000118
 21    0.000099
Trial Time:          269.15638
  0    1.145533
  1    0.555255
  2    0.298512
  3    0.156228
  4    0.081764
  5    0.044526
  6    0.023933
  7    0.013743
  8    0.007795
  9    0.004796
 10    0.002932
 11    0.001895
 12    0.001223
 13    0.000806
 14    0.000537
 15    0.000370
 16    0.000268
 17    0.000208
 18    0.000169
 19    0.000141
 20    0.000118
 21    0.000099
Trial Time:          266.31007
  0    1.145533
  1    0.555255
  2    0.298512
  3    0.156228
  4    0.081764
  5    0.044526
  6    0.023933
  7    0.013743
  8    0.007795
  9    0.004796
 10    0.002932
 11    0.001895
 12    0.001223
 13    0.000806
 14    0.000537
 15    0.000370
 16    0.000268
 17    0.000208
 18    0.000169
 19    0.000141
 20    0.000118
 21    0.000099
Trial Time:          267.17367
  0    1.145533
  1    0.555255
  2    0.298512
  3    0.156228
  4    0.081764
  5    0.044526
  6    0.023933
  7    0.013743
  8    0.007795
  9    0.004796
 10    0.002932
 11    0.001895
 12    0.001223
 13    0.000806
 14    0.000537
 15    0.000370
 16    0.000268
 17    0.000208
 18    0.000169
 19    0.000141
 20    0.000118
 21    0.000099
Trial Time:          267.69179
  0    1.145533
  1    0.555255
  2    0.298512
  3    0.156228
  4    0.081764
  5    0.044526
  6    0.023933
  7    0.013743
  8    0.007795
  9    0.004796
 10    0.002932
 11    0.001895
 12    0.001223
 13    0.000806
 14    0.000537
 15    0.000370
 16    0.000268
 17    0.000208
 18    0.000169
 19    0.000141
 20    0.000118
 21    0.000099
Trial Time:          270.48443
  0    1.145533
  1    0.555255
  2    0.298512
  3    0.156228
  4    0.081764
  5    0.044526
  6    0.023933
  7    0.013743
  8    0.007795
  9    0.004796
 10    0.002932
 11    0.001895
 12    0.001223
 13    0.000806
 14    0.000537
 15    0.000370
 16    0.000268
 17    0.000208
 18    0.000169
 19    0.000141
 20    0.000118
 21    0.000099
Trial Time:          268.26741
  0    1.145533
  1    0.555255
  2    0.298512
  3    0.156228
  4    0.081764
  5    0.044526
  6    0.023933
  7    0.013743
  8    0.007795
  9    0.004796
 10    0.002932
 11    0.001895
 12    0.001223
 13    0.000806
 14    0.000537
 15    0.000370
 16    0.000268
 17    0.000208
 18    0.000169
 19    0.000141
 20    0.000118
 21    0.000099
Trial Time:          266.69258
  0    1.145533
  1    0.555255
  2    0.298512
  3    0.156228
  4    0.081764
  5    0.044526
  6    0.023933
  7    0.013743
  8    0.007795
  9    0.004796
 10    0.002932
 11    0.001895
 12    0.001223
 13    0.000806
 14    0.000537
 15    0.000370
 16    0.0  0    1.145533
  1    0.555255
  2    0.298512
  3    0.156228
  4    0.081764
  5    0.044526
  6    0.023933
  7    0.013743
  8    0.007795
  9    0.004796
 10    0.002932
 11    0.001895
 12    0.001223
 13    0.000806
 14    0.000537
 15    0.000370
 16    0.000268
 17    0.000208
 18    0.000169
 19    0.000141
 20    0.000118
 21    0.000099
Trial Time:          578.46743
  0    1.145533
  1    0.555255
  2    0.298512
  3    0.156228
  4    0.081764
  5    0.044526
  6    0.023933
  7    0.013743
  8    0.007795
  9    0.004796
 10    0.002932
 11    0.001895
 12    0.001223
 13    0.000806
 14    0.000537
 15    0.000370
 16    0.000268
 17    0.000208
 18    0.000169
 19    0.000141
 20    0.000118
 21    0.000099
Trial Time:          268.46902
  0    1.145533
  1    0.555255
  2    0.298512
  3    0.156228
  4    0.081764
  5    0.044526
  6    0.023933
  7    0.013743
  8    0.007795
  9    0.004796
 10    0.002932
 11    0.001895
 12    0.001223
 13    0.000806
 14    0.000537
 15    0.000370
 16    0.000268
 17    0.000208
 18    0.000169
 19    0.000141
 20    0.000118
 21    0.000099
Trial Time:          267.53172
  0    1.145533
  1    0.555255
  2    0.298512
  3    0.156228
  4    0.081764
  5    0.044526
  6    0.023933
  7    0.013743
  8    0.007795
  9    0.004796
 10    0.002932
 11    0.001895
 12    0.001223
 13    0.000806
 14    0.000537
 15    0.000370
 16    0.000268
 17    0.000208
 18    0.000169
 19    0.000141
 20    0.000118
 21    0.000099
Trial Time:          269.08909
  0    1.145533
  1    0.555255
  2    0.298512
  3    0.156228
  4    0.081764
  5    0.044526
  6    0.023933
  7    0.013743
  8    0.007795
  9    0.004796
 10    0.002932
 11    0.001895
 12    0.001223
 13    0.000806
 14    0.000537
 15    0.000370
 16    0.000268
 17    0.000208
 18    0.000169
 19    0.000141
 20    0.000118
 21    0.000099
Trial Time:          271.23007
  0    1.145533
  1    0.555255
  2    0.298512
  3    0.156228
  4    0.081764
  5    0.044526
  6    0.023933
  7    0.013743
  8    0.007795
  9    0.004796
 10    0.002932
 11    0.001895
 12    0.001223
 13    0.000806
 14    0.000537
 15    0.000370
 16    0.000268
 17    0.000208
 18    0.000169
 19    0.000141
 20    0.000118
 21    0.000099
Trial Time:          268.24747
  0    1.145533
  1    0.555255
  2    0.298512
  3    0.156228
  4    0.081764
  5    0.044526
  6    0.023933
  7    0.013743
  8    0.007795
  9    0.004796
 10    0.002932
 11    0.001895
 12    0.001223
 13    0.000806
 14    0.000537
 15    0.000370
 16    0.000268
 17    0.000208
 18    0.000169
 19    0.000141
 20    0.000118
 21    0.000099
Trial Time:          269.20175
  0    1.145533
  1    0.555255
  2    0.298512
  3    0.156228
  4    0.081764
  5    0.044526
  6    0.023933
  7    0.013743
  8    0.007795
  9    0.004796
 10    0.002932
 11    0.001895
 12    0.001223
 13    0.000806
 14    0.000537
 15    0.000370
 16    0.000268
 17    0.000208
 18    0.000169
 19    0.000141
 20    0.000118
 21    0.000099
Trial Time:          267.08222
  0    1.145533
  1    0.555255
  2    0.298512
  3    0.156228
  4    0.081764
  5    0.044526
  6    0.023933
  7    0.013743
  8    0.007795
  9    0.004796
 10    0.002932
 11    0.001895
 12    0.001223
 13    0.000806
 14    0.000537
 15    0.000370
 16    0.000268
 17    0.000208
 18    0.000169
 19    0.000141
 20    0.000118
 21    0.000099
Trial Time:          265.94331
  0    1.145533
  1    0.555255
  2    0.298512
  3    0.156228
  4    0.081764
  5    0.044526
  6    0.023933
  7    0.013743
  8    0.007795
  9    0.004796
 10    0.002932
 11    0.001895
 12    0.001223
 13    0.000806
 14    0.000537
 15    0.000370
 16    0.000268
 17    0.000208
 18    0.000169
 19    0.000141
 20    0.000118
 21    0.000099
Trial Time:          269.46506
  0    1.145533
  1    0.555255
  2    0.298512
  3    0.156228
  4    0.081764
  5    0.044526
  6    0.023933
  7    0.013743
  8    0.007795
  9    0.004796
 10    0.002932
 11    0.001895
 12    0.001223
 13    0.000806
 14    0.000537
 15    0.000370
 16    0.0  0    1.145533
  1    0.555255
  2    0.298512
  3    0.156228
  4    0.081764
  5    0.044526
  6    0.023933
  7    0.013743
  8    0.007795
  9    0.004796
 10    0.002932
 11    0.001895
 12    0.001223
 13    0.000806
 14    0.000537
 15    0.000370
 16    0.000268
 17    0.000208
 18    0.000169
 19    0.000141
 20    0.000118
 21    0.000099
Trial Time:          584.68763
  0    1.145533
  1    0.555255
  2    0.298512
  3    0.156228
  4    0.081764
  5    0.044526
  6    0.023933
  7    0.013743
  8    0.007795
  9    0.004796
 10    0.002932
 11    0.001895
 12    0.001223
 13    0.000806
 14    0.000537
 15    0.000370
 16    0.000268
 17    0.000208
 18    0.000169
 19    0.000141
 20    0.000118
 21    0.000099
Trial Time:          268.40644
  0    1.145533
  1    0.555255
  2    0.298512
  3    0.156228
  4    0.081764
  5    0.044526
  6    0.023933
  7    0.013743
  8    0.007795
  9    0.004796
 10    0.002932
 11    0.001895
 12    0.001223
 13    0.000806
 14    0.000537
 15    0.000370
 16    0.000268
 17    0.000208
 18    0.000169
 19    0.000141
 20    0.000118
 21    0.000099
Trial Time:          269.03297
  0    1.145533
  1    0.555255
  2    0.298512
  3    0.156228
  4    0.081764
  5    0.044526
  6    0.023933
  7    0.013743
  8    0.007795
  9    0.004796
 10    0.002932
 11    0.001895
 12    0.001223
 13    0.000806
 14    0.000537
 15    0.000370
 16    0.000268
 17    0.000208
 18    0.000169
 19    0.000141
 20    0.000118
 21    0.000099
Trial Time:          265.34305
  0    1.145533
  1    0.555255
  2    0.298512
  3    0.156228
  4    0.081764
  5    0.044526
  6    0.023933
  7    0.013743
  8    0.007795
  9    0.004796
 10    0.002932
 11    0.001895
 12    0.001223
 13    0.000806
 14    0.000537
 15    0.000370
 16    0.000268
 17    0.000208
 18    0.000169
 19    0.000141
 20    0.000118
 21    0.000099
Trial Time:          273.93469
  0    1.145533
  1    0.555255
  2    0.298512
  3    0.156228
  4    0.081764
  5    0.044526
  6    0.023933
  7    0.013743
  8    0.007795
  9    0.004796
 10    0.002932
 11    0.001895
 12    0.001223
 13    0.000806
 14    0.000537
 15    0.000370
 16    0.000268
 17    0.000208
 18    0.000169
 19    0.000141
 20    0.000118
 21    0.000099
Trial Time:          265.68367
  0    1.145533
  1    0.555255
  2    0.298512
  3    0.156228
  4    0.081764
  5    0.044526
  6    0.023933
  7    0.013743
  8    0.007795
  9    0.004796
 10    0.002932
 11    0.001895
 12    0.001223
 13    0.000806
 14    0.000537
 15    0.000370
 16    0.000268
 17    0.000208
 18    0.000169
 19    0.000141
 20    0.000118
 21    0.000099
Trial Time:          266.89466
  0    1.145533
  1    0.555255
  2    0.298512
  3    0.156228
  4    0.081764
  5    0.044526
  6    0.023933
  7    0.013743
  8    0.007795
  9    0.004796
 10    0.002932
 11    0.001895
 12    0.001223
 13    0.000806
 14    0.000537
 15    0.000370
 16    0.000268
 17    0.000208
 18    0.000169
 19    0.000141
 20    0.000118
 21    0.000099
Trial Time:          269.82717
  0    1.145533
  1    0.555255
  2    0.298512
  3    0.156228
  4    0.081764
  5    0.044526
  6    0.023933
  7    0.013743
  8    0.007795
  9    0.004796
 10    0.002932
 11    0.001895
 12    0.001223
 13    0.000806
 14    0.000537
 15    0.000370
 16    0.000268
 17    0.000208
 18    0.000169
 19    0.000141
 20    0.000118
 21    0.000099
Trial Time:          267.22362
  0    1.145533
  1    0.555255
  2    0.298512
  3    0.156228
  4    0.081764
  5    0.044526
  6    0.023933
  7    0.013743
  8    0.007795
  9    0.004796
 10    0.002932
 11    0.001895
 12    0.001223
 13    0.000806
 14    0.000537
 15    0.000370
 16    0.000268
 17    0.000208
 18    0.000169
 19    0.000141
 20    0.000118
 21    0.000099
Trial Time:          266.76981
  0    1.145533
  1    0.555255
  2    0.298512
  3    0.156228
  4    0.081764
  5    0.044526
  6    0.023933
  7    0.013743
  8    0.007795
  9    0.004796
 10    0.002932
 11    0.001895
 12    0.001223
 13    0.000806
 14    0.000537
 15    0.000370
 16    0.0  0    1.145533
  1    0.555255
  2    0.298512
  3    0.156228
  4    0.081764
  5    0.044526
  6    0.023933
  7    0.013743
  8    0.007795
  9    0.004796
 10    0.002932
 11    0.001895
 12    0.001223
 13    0.000806
 14    0.000537
 15    0.000370
 16    0.000268
 17    0.000208
 18    0.000169
 19    0.000141
 20    0.000118
 21    0.000099
Trial Time:          583.55408
  0    1.145533
  1    0.555255
  2    0.298512
  3    0.156228
  4    0.081764
  5    0.044526
  6    0.023933
  7    0.013743
  8    0.007795
  9    0.004796
 10    0.002932
 11    0.001895
 12    0.001223
 13    0.000806
 14    0.000537
 15    0.000370
 16    0.000268
 17    0.000208
 18    0.000169
 19    0.000141
 20    0.000118
 21    0.000099
Trial Time:          270.81428
  0    1.145533
  1    0.555255
  2    0.298512
  3    0.156228
  4    0.081764
  5    0.044526
  6    0.023933
  7    0.013743
  8    0.007795
  9    0.004796
 10    0.002932
 11    0.001895
 12    0.001223
 13    0.000806
 14    0.000537
 15    0.000370
 16    0.000268
 17    0.000208
 18    0.000169
 19    0.000141
 20    0.000118
 21    0.000099
Trial Time:          269.38252
  0    1.145533
  1    0.555255
  2    0.298512
  3    0.156228
  4    0.081764
  5    0.044526
  6    0.023933
  7    0.013743
  8    0.007795
  9    0.004796
 10    0.002932
 11    0.001895
 12    0.001223
 13    0.000806
 14    0.000537
 15    0.000370
 16    0.000268
 17    0.000208
 18    0.000169
 19    0.000141
 20    0.000118
 21    0.000099
Trial Time:          268.92429
  0    1.145533
  1    0.555255
  2    0.298512
  3    0.156228
  4    0.081764
  5    0.044526
  6    0.023933
  7    0.013743
  8    0.007795
  9    0.004796
 10    0.002932
 11    0.001895
 12    0.001223
 13    0.000806
 14    0.000537
 15    0.000370
 16    0.000268
 17    0.000208
 18    0.000169
 19    0.000141
 20    0.000118
 21    0.000099
Trial Time:          267.60069
  0    1.145533
  1    0.555255
  2    0.298512
  3    0.156228
  4    0.081764
  5    0.044526
  6    0.023933
  7    0.013743
  8    0.007795
  9    0.004796
 10    0.002932
 11    0.001895
 12    0.001223
 13    0.000806
 14    0.000537
 15    0.000370
 16    0.000268
 17    0.000208
 18    0.000169
 19    0.000141
 20    0.000118
 21    0.000099
Trial Time:          267.29765
  0    1.145533
  1    0.555255
  2    0.298512
  3    0.156228
  4    0.081764
  5    0.044526
  6    0.023933
  7    0.013743
  8    0.007795
  9    0.004796
 10    0.002932
 11    0.001895
 12    0.001223
 13    0.000806
 14    0.000537
 15    0.000370
 16    0.000268
 17    0.000208
 18    0.000169
 19    0.000141
 20    0.000118
 21    0.000099
Trial Time:          267.32943
  0    1.145533
  1    0.555255
  2    0.298512
  3    0.156228
  4    0.081764
  5    0.044526
  6    0.023933
  7    0.013743
  8    0.007795
  9    0.004796
 10    0.002932
 11    0.001895
 12    0.001223
 13    0.000806
 14    0.000537
 15    0.000370
 16    0.000268
 17    0.000208
 18    0.000169
 19    0.000141
 20    0.000118
 21    0.000099
Trial Time:          270.53942
  0    1.145533
  1    0.555255
  2    0.298512
  3    0.156228
  4    0.081764
  5    0.044526
  6    0.023933
  7    0.013743
  8    0.007795
  9    0.004796
 10    0.002932
 11    0.001895
 12    0.001223
 13    0.000806
 14    0.000537
 15    0.000370
 16    0.000268
 17    0.000208
 18    0.000169
 19    0.000141
 20    0.000118
 21    0.000099
Trial Time:          270.68571
  0    1.145533
  1    0.555255
  2    0.298512
  3    0.156228
  4    0.081764
  5    0.044526
  6    0.023933
  7    0.013743
  8    0.007795
  9    0.004796
 10    0.002932
 11    0.001895
 12    0.001223
 13    0.000806
 14    0.000537
 15    0.000370
 16    0.000268
 17    0.000208
 18    0.000169
 19    0.000141
 20    0.000118
 21    0.000099
Trial Time:          270.18805
  0    1.145533
  1    0.555255
  2    0.298512
  3    0.156228
  4    0.081764
  5    0.044526
  6    0.023933
  7    0.013743
  8    0.007795
  9    0.004796
 10    0.002932
 11    0.001895
 12    0.001223
 13    0.000806
 14    0.000537
 15    0.000370
 16    0.0  0    1.145533
  1    0.555255
  2    0.298512
  3    0.156228
  4    0.081764
  5    0.044526
  6    0.023933
  7    0.013743
  8    0.007795
  9    0.004796
 10    0.002932
 11    0.001895
 12    0.001223
 13    0.000806
 14    0.000537
 15    0.000370
 16    0.000268
 17    0.000208
 18    0.000169
 19    0.000141
 20    0.000118
 21    0.000099
Trial Time:          588.66787
  0    1.145533
  1    0.555255
  2    0.298512
  3    0.156228
  4    0.081764
  5    0.044526
  6    0.023933
  7    0.013743
  8    0.007795
  9    0.004796
 10    0.002932
 11    0.001895
 12    0.001223
 13    0.000806
 14    0.000537
 15    0.000370
 16    0.000268
 17    0.000208
 18    0.000169
 19    0.000141
 20    0.000118
 21    0.000099
Trial Time:          268.97052
  0    1.145533
  1    0.555255
  2    0.298512
  3    0.156228
  4    0.081764
  5    0.044526
  6    0.023933
  7    0.013743
  8    0.007795
  9    0.004796
 10    0.002932
 11    0.001895
 12    0.001223
 13    0.000806
 14    0.000537
 15    0.000370
 16    0.000268
 17    0.000208
 18    0.000169
 19    0.000141
 20    0.000118
 21    0.000099
Trial Time:          269.44290
  0    1.145533
  1    0.555255
  2    0.298512
  3    0.156228
  4    0.081764
  5    0.044526
  6    0.023933
  7    0.013743
  8    0.007795
  9    0.004796
 10    0.002932
 11    0.001895
 12    0.001223
 13    0.000806
 14    0.000537
 15    0.000370
 16    0.000268
 17    0.000208
 18    0.000169
 19    0.000141
 20    0.000118
 21    0.000099
Trial Time:          269.29536
  0    1.145533
  1    0.555255
  2    0.298512
  3    0.156228
  4    0.081764
  5    0.044526
  6    0.023933
  7    0.013743
  8    0.007795
  9    0.004796
 10    0.002932
 11    0.001895
 12    0.001223
 13    0.000806
 14    0.000537
 15    0.000370
 16    0.000268
 17    0.000208
 18    0.000169
 19    0.000141
 20    0.000118
 21    0.000099
Trial Time:          269.30306
  0    1.145533
  1    0.555255
  2    0.298512
  3    0.156228
  4    0.081764
  5    0.044526
  6    0.023933
  7    0.013743
  8    0.007795
  9    0.004796
 10    0.002932
 11    0.001895
 12    0.001223
 13    0.000806
 14    0.000537
 15    0.000370
 16    0.000268
 17    0.000208
 18    0.000169
 19    0.000141
 20    0.000118
 21    0.000099
Trial Time:          269.67163
  0    1.145533
  1    0.555255
  2    0.298512
  3    0.156228
  4    0.081764
  5    0.044526
  6    0.023933
  7    0.013743
  8    0.007795
  9    0.004796
 10    0.002932
 11    0.001895
 12    0.001223
 13    0.000806
 14    0.000537
 15    0.000370
 16    0.000268
 17    0.000208
 18    0.000169
 19    0.000141
 20    0.000118
 21    0.000099
Trial Time:          269.80754
  0    1.145533
  1    0.555255
  2    0.298512
  3    0.156228
  4    0.081764
  5    0.044526
  6    0.023933
  7    0.013743
  8    0.007795
  9    0.004796
 10    0.002932
 11    0.001895
 12    0.001223
 13    0.000806
 14    0.000537
 15    0.000370
 16    0.000268
 17    0.000208
 18    0.000169
 19    0.000141
 20    0.000118
 21    0.000099
Trial Time:          270.07687
  0    1.145533
  1    0.555255
  2    0.298512
  3    0.156228
  4    0.081764
  5    0.044526
  6    0.023933
  7    0.013743
  8    0.007795
  9    0.004796
 10    0.002932
 11    0.001895
 12    0.001223
 13    0.000806
 14    0.000537
 15    0.000370
 16    0.000268
 17    0.000208
 18    0.000169
 19    0.000141
 20    0.000118
 21    0.000099
Trial Time:          267.83609
  0    1.145533
  1    0.555255
  2    0.298512
  3    0.156228
  4    0.081764
  5    0.044526
  6    0.023933
  7    0.013743
  8    0.007795
  9    0.004796
 10    0.002932
 11    0.001895
 12    0.001223
 13    0.000806
 14    0.000537
 15    0.000370
 16    0.000268
 17    0.000208
 18    0.000169
 19    0.000141
 20    0.000118
 21    0.000099
Trial Time:          268.34186
  0    1.145533
  1    0.555255
  2    0.298512
  3    0.156228
  4    0.081764
  5    0.044526
  6    0.023933
  7    0.013743
  8    0.007795
  9    0.004796
 10    0.002932
 11    0.001895
 12    0.001223
 13    0.000806
 14    0.000537
 15    0.000370
 16    0.0  0    1.145533
  1    0.555255
  2    0.298512
  3    0.156228
  4    0.081764
  5    0.044526
  6    0.023933
  7    0.013743
  8    0.007795
  9    0.004796
 10    0.002932
 11    0.001895
 12    0.001223
 13    0.000806
 14    0.000537
 15    0.000370
 16    0.000268
 17    0.000208
 18    0.000169
 19    0.000141
 20    0.000118
 21    0.000099
Trial Time:          601.73303
  0    1.145533
  1    0.555255
  2    0.298512
  3    0.156228
  4    0.081764
  5    0.044526
  6    0.023933
  7    0.013743
  8    0.007795
  9    0.004796
 10    0.002932
 11    0.001895
 12    0.001223
 13    0.000806
 14    0.000537
 15    0.000370
 16    0.000268
 17    0.000208
 18    0.000169
 19    0.000141
 20    0.000118
 21    0.000099
Trial Time:          268.36705
  0    1.145533
  1    0.555255
  2    0.298512
  3    0.156228
  4    0.081764
  5    0.044526
  6    0.023933
  7    0.013743
  8    0.007795
  9    0.004796
 10    0.002932
 11    0.001895
 12    0.001223
 13    0.000806
 14    0.000537
 15    0.000370
 16    0.000268
 17    0.000208
 18    0.000169
 19    0.000141
 20    0.000118
 21    0.000099
Trial Time:          268.39890
  0    1.145533
  1    0.555255
  2    0.298512
  3    0.156228
  4    0.081764
  5    0.044526
  6    0.023933
  7    0.013743
  8    0.007795
  9    0.004796
 10    0.002932
 11    0.001895
 12    0.001223
 13    0.000806
 14    0.000537
 15    0.000370
 16    0.000268
 17    0.000208
 18    0.000169
 19    0.000141
 20    0.000118
 21    0.000099
Trial Time:          268.99917
  0    1.145533
  1    0.555255
  2    0.298512
  3    0.156228
  4    0.081764
  5    0.044526
  6    0.023933
  7    0.013743
  8    0.007795
  9    0.004796
 10    0.002932
 11    0.001895
 12    0.001223
 13    0.000806
 14    0.000537
 15    0.000370
 16    0.000268
 17    0.000208
 18    0.000169
 19    0.000141
 20    0.000118
 21    0.000099
Trial Time:          268.17583
  0    1.145533
  1    0.555255
  2    0.298512
  3    0.156228
  4    0.081764
  5    0.044526
  6    0.023933
  7    0.013743
  8    0.007795
  9    0.004796
 10    0.002932
 11    0.001895
 12    0.001223
 13    0.000806
 14    0.000537
 15    0.000370
 16    0.000268
 17    0.000208
 18    0.000169
 19    0.000141
 20    0.000118
 21    0.000099
Trial Time:          266.04447
  0    1.145533
  1    0.555255
  2    0.298512
  3    0.156228
  4    0.081764
  5    0.044526
  6    0.023933
  7    0.013743
  8    0.007795
  9    0.004796
 10    0.002932
 11    0.001895
 12    0.001223
 13    0.000806
 14    0.000537
 15    0.000370
 16    0.000268
 17    0.000208
 18    0.000169
 19    0.000141
 20    0.000118
 21    0.000099
Trial Time:          266.61749
  0    1.145533
  1    0.555255
  2    0.298512
  3    0.156228
  4    0.081764
  5    0.044526
  6    0.023933
  7    0.013743
  8    0.007795
  9    0.004796
 10    0.002932
 11    0.001895
 12    0.001223
 13    0.000806
 14    0.000537
 15    0.000370
 16    0.000268
 17    0.000208
 18    0.000169
 19    0.000141
 20    0.000118
 21    0.000099
Trial Time:          269.40291
  0    1.145533
  1    0.555255
  2    0.298512
  3    0.156228
  4    0.081764
  5    0.044526
  6    0.023933
  7    0.013743
  8    0.007795
  9    0.004796
 10    0.002932
 11    0.001895
 12    0.001223
 13    0.000806
 14    0.000537
 15    0.000370
 16    0.000268
 17    0.000208
 18    0.000169
 19    0.000141
 20    0.000118
 21    0.000099
Trial Time:          270.47452
  0    1.145533
  1    0.555255
  2    0.298512
  3    0.156228
  4    0.081764
  5    0.044526
  6    0.023933
  7    0.013743
  8    0.007795
  9    0.004796
 10    0.002932
 11    0.001895
 12    0.001223
 13    0.000806
 14    0.000537
 15    0.000370
 16    0.000268
 17    0.000208
 18    0.000169
 19    0.000141
 20    0.000118
 21    0.000099
Trial Time:          270.16526
  0    1.145533
  1    0.555255
  2    0.298512
  3    0.156228
  4    0.081764
  5    0.044526
  6    0.023933
  7    0.013743
  8    0.007795
  9    0.004796
 10    0.002932
 11    0.001895
 12    0.001223
 13    0.000806
 14    0.000537
 15    0.000370
 16    0.0  0    1.145533
  1    0.555255
  2    0.298512
  3    0.156228
  4    0.081764
  5    0.044526
  6    0.023933
  7    0.013743
  8    0.007795
  9    0.004796
 10    0.002932
 11    0.001895
 12    0.001223
 13    0.000806
 14    0.000537
 15    0.000370
 16    0.000268
 17    0.000208
 18    0.000169
 19    0.000141
 20    0.000118
 21    0.000099
Trial Time:          585.56828
  0    1.145533
  1    0.555255
  2    0.298512
  3    0.156228
  4    0.081764
  5    0.044526
  6    0.023933
  7    0.013743
  8    0.007795
  9    0.004796
 10    0.002932
 11    0.001895
 12    0.001223
 13    0.000806
 14    0.000537
 15    0.000370
 16    0.000268
 17    0.000208
 18    0.000169
 19    0.000141
 20    0.000118
 21    0.000099
Trial Time:          270.10521
  0    1.145533
  1    0.555255
  2    0.298512
  3    0.156228
  4    0.081764
  5    0.044526
  6    0.023933
  7    0.013743
  8    0.007795
  9    0.004796
 10    0.002932
 11    0.001895
 12    0.001223
 13    0.000806
 14    0.000537
 15    0.000370
 16    0.000268
 17    0.000208
 18    0.000169
 19    0.000141
 20    0.000118
 21    0.000099
Trial Time:          269.54918
  0    1.145533
  1    0.555255
  2    0.298512
  3    0.156228
  4    0.081764
  5    0.044526
  6    0.023933
  7    0.013743
  8    0.007795
  9    0.004796
 10    0.002932
 11    0.001895
 12    0.001223
 13    0.000806
 14    0.000537
 15    0.000370
 16    0.000268
 17    0.000208
 18    0.000169
 19    0.000141
 20    0.000118
 21    0.000099
Trial Time:          269.64834
  0    1.145533
  1    0.555255
  2    0.298512
  3    0.156228
  4    0.081764
  5    0.044526
  6    0.023933
  7    0.013743
  8    0.007795
  9    0.004796
 10    0.002932
 11    0.001895
 12    0.001223
 13    0.000806
 14    0.000537
 15    0.000370
 16    0.000268
 17    0.000208
 18    0.000169
 19    0.000141
 20    0.000118
 21    0.000099
Trial Time:          270.56356
  0    1.145533
  1    0.555255
  2    0.298512
  3    0.156228
  4    0.081764
  5    0.044526
  6    0.023933
  7    0.013743
  8    0.007795
  9    0.004796
 10    0.002932
 11    0.001895
 12    0.001223
 13    0.000806
 14    0.000537
 15    0.000370
 16    0.000268
 17    0.000208
 18    0.000169
 19    0.000141
 20    0.000118
 21    0.000099
Trial Time:          270.36251
  0    1.145533
  1    0.555255
  2    0.298512
  3    0.156228
  4    0.081764
  5    0.044526
  6    0.023933
  7    0.013743
  8    0.007795
  9    0.004796
 10    0.002932
 11    0.001895
 12    0.001223
 13    0.000806
 14    0.000537
 15    0.000370
 16    0.000268
 17    0.000208
 18    0.000169
 19    0.000141
 20    0.000118
 21    0.000099
Trial Time:          269.92546
  0    1.145533
  1    0.555255
  2    0.298512
  3    0.156228
  4    0.081764
  5    0.044526
  6    0.023933
  7    0.013743
  8    0.007795
  9    0.004796
 10    0.002932
 11    0.001895
 12    0.001223
 13    0.000806
 14    0.000537
 15    0.000370
 16    0.000268
 17    0.000208
 18    0.000169
 19    0.000141
 20    0.000118
 21    0.000099
Trial Time:          272.43636
  0    1.145533
  1    0.555255
  2    0.298512
  3    0.156228
  4    0.081764
  5    0.044526
  6    0.023933
  7    0.013743
  8    0.007795
  9    0.004796
 10    0.002932
 11    0.001895
 12    0.001223
 13    0.000806
 14    0.000537
 15    0.000370
 16    0.000268
 17    0.000208
 18    0.000169
 19    0.000141
 20    0.000118
 21    0.000099
Trial Time:          270.55165
  0    1.145533
  1    0.555255
  2    0.298512
  3    0.156228
  4    0.081764
  5    0.044526
  6    0.023933
  7    0.013743
  8    0.007795
  9    0.004796
 10    0.002932
 11    0.001895
 12    0.001223
 13    0.000806
 14    0.000537
 15    0.000370
 16    0.000268
 17    0.000208
 18    0.000169
 19    0.000141
 20    0.000118
 21    0.000099
Trial Time:          270.73869
  0    1.145533
  1    0.555255
  2    0.298512
  3    0.156228
  4    0.081764
  5    0.044526
  6    0.023933
  7    0.013743
  8    0.007795
  9    0.004796
 10    0.002932
 11    0.001895
 12    0.001223
 13    0.000806
 14    0.000537
 15    0.000370
 16    0.0  0    1.145533
  1    0.555255
  2    0.298512
  3    0.156228
  4    0.081764
  5    0.044526
  6    0.023933
  7    0.013743
  8    0.007795
  9    0.004796
 10    0.002932
 11    0.001895
 12    0.001223
 13    0.000806
 14    0.000537
 15    0.000370
 16    0.000268
 17    0.000208
 18    0.000169
 19    0.000141
 20    0.000118
 21    0.000099
Trial Time:          619.84131
  0    1.145533
  1    0.555255
  2    0.298512
  3    0.156228
  4    0.081764
  5    0.044526
  6    0.023933
  7    0.013743
  8    0.007795
  9    0.004796
 10    0.002932
 11    0.001895
 12    0.001223
 13    0.000806
 14    0.000537
 15    0.000370
 16    0.000268
 17    0.000208
 18    0.000169
 19    0.000141
 20    0.000118
 21    0.000099
Trial Time:          267.45252
  0    1.145533
  1    0.555255
  2    0.298512
  3    0.156228
  4    0.081764
  5    0.044526
  6    0.023933
  7    0.013743
  8    0.007795
  9    0.004796
 10    0.002932
 11    0.001895
 12    0.001223
 13    0.000806
 14    0.000537
 15    0.000370
 16    0.000268
 17    0.000208
 18    0.000169
 19    0.000141
 20    0.000118
 21    0.000099
Trial Time:          265.57407
  0    1.145533
  1    0.555255
  2    0.298512
  3    0.156228
  4    0.081764
  5    0.044526
  6    0.023933
  7    0.013743
  8    0.007795
  9    0.004796
 10    0.002932
 11    0.001895
 12    0.001223
 13    0.000806
 14    0.000537
 15    0.000370
 16    0.000268
 17    0.000208
 18    0.000169
 19    0.000141
 20    0.000118
 21    0.000099
Trial Time:          267.95306
  0    1.145533
  1    0.555255
  2    0.298512
  3    0.156228
  4    0.081764
  5    0.044526
  6    0.023933
  7    0.013743
  8    0.007795
  9    0.004796
 10    0.002932
 11    0.001895
 12    0.001223
 13    0.000806
 14    0.000537
 15    0.000370
 16    0.000268
 17    0.000208
 18    0.000169
 19    0.000141
 20    0.000118
 21    0.000099
Trial Time:          268.99762
  0    1.145533
  1    0.555255
  2    0.298512
  3    0.156228
  4    0.081764
  5    0.044526
  6    0.023933
  7    0.013743
  8    0.007795
  9    0.004796
 10    0.002932
 11    0.001895
 12    0.001223
 13    0.000806
 14    0.000537
 15    0.000370
 16    0.000268
 17    0.000208
 18    0.000169
 19    0.000141
 20    0.000118
 21    0.000099
Trial Time:          267.19385
  0    1.145533
  1    0.555255
  2    0.298512
  3    0.156228
  4    0.081764
  5    0.044526
  6    0.023933
  7    0.013743
  8    0.007795
  9    0.004796
 10    0.002932
 11    0.001895
 12    0.001223
 13    0.000806
 14    0.000537
 15    0.000370
 16    0.000268
 17    0.000208
 18    0.000169
 19    0.000141
 20    0.000118
 21    0.000099
Trial Time:          265.60229
  0    1.145533
  1    0.555255
  2    0.298512
  3    0.156228
  4    0.081764
  5    0.044526
  6    0.023933
  7    0.013743
  8    0.007795
  9    0.004796
 10    0.002932
 11    0.001895
 12    0.001223
 13    0.000806
 14    0.000537
 15    0.000370
 16    0.000268
 17    0.000208
 18    0.000169
 19    0.000141
 20    0.000118
 21    0.000099
Trial Time:          267.66483
  0    1.145533
  1    0.555255
  2    0.298512
  3    0.156228
  4    0.081764
  5    0.044526
  6    0.023933
  7    0.013743
  8    0.007795
  9    0.004796
 10    0.002932
 11    0.001895
 12    0.001223
 13    0.000806
 14    0.000537
 15    0.000370
 16    0.000268
 17    0.000208
 18    0.000169
 19    0.000141
 20    0.000118
 21    0.000099
Trial Time:          270.13549
  0    1.145533
  1    0.555255
  2    0.298512
  3    0.156228
  4    0.081764
  5    0.044526
  6    0.023933
  7    0.013743
  8    0.007795
  9    0.004796
 10    0.002932
 11    0.001895
 12    0.001223
 13    0.000806
 14    0.000537
 15    0.000370
 16    0.000268
 17    0.000208
 18    0.000169
 19    0.000141
 20    0.000118
 21    0.000099
Trial Time:          269.97234
  0    1.145533
  1    0.555255
  2    0.298512
  3    0.156228
  4    0.081764
  5    0.044526
  6    0.023933
  7    0.013743
  8    0.007795
  9    0.004796
 10    0.002932
 11    0.001895
 12    0.001223
 13    0.000806
 14    0.000537
 15    0.000370
 16    0.000268
 17    0.000208
 18    0.000169
 19    0.000141
 20    0.000118
 21    0.000099
Trial Time:          267.63813
  0    1.145533
  1    0.555255
  2    0.298512
  3    0.156228
  4    0.081764
  5    0.044526
  6    0.023933
  7    0.013743
  8    0.007795
  9    0.004796
 10    0.002932
 11    0.001895
 12    0.001223
 13    0.000806
 14    0.000537
 15    0.000370
 16    0.000268
 17    0.000208
 18    0.000169
 19    0.000141
 20    0.000118
 21    0.000099
Trial Time:          270.51005
  0    1.145533
  1    0.555255
  2    0.298512
  3    0.156228
  4    0.081764
  5    0.044526
  6    0.023933
  7    0.013743
  8    0.007795
  9    0.004796
 10    0.002932
 11    0.001895
 12    0.001223
 13    0.000806
 14    0.000537
 15    0.000370
 16    0.000268
 17    0.000208
 18    0.000169
 19    0.000141
 20    0.000118
 21    0.000099
Trial Time:          270.00371
  0    1.145533
  1    0.555255
  2    0.298512
  3    0.156228
  4    0.081764
  5    0.044526
  6    0.023933
  7    0.013743
  8    0.007795
  9    0.004796
 10    0.002932
 11    0.001895
 12    0.001223
 13    0.000806
 14    0.000537
 15    0.000370
 16    0.000268
 17    0.000208
 18    0.000169
 19    0.000141
 20    0.000118
 21    0.000099
Trial Time:          267.20664
  0    1.145533
  1    0.555255
  2    0.298512
  3    0.156228
  4    0.081764
  5    0.044526
  6    0.023933
  7    0.013743
  8    0.007795
  9    0.004796
 10    0.002932
 11    0.001895
 12    0.001223
 13    0.000806
 14    0.000537
 15    0.000370
 16    0.000268
 17    0.000208
 18    0.000169
 19    0.000141
 20    0.000118
 21    0.000099
Trial Time:          265.65159
  0    1.145533
  1    0.555255
  2    0.298512
  3    0.156228
  4    0.081764
  5    0.044526
  6    0.023933
  7    0.013743
  8    0.007795
  9    0.004796
 10    0.002932
 11    0.001895
 12    0.001223
 13    0.000806
 14    0.000537
 15    0.000370
 16    0.000268
 17    0.000208
 18    0.000169
 19    0.000141
 20    0.000118
 21    0.000099
Trial Time:          268.76770
Average Time:        287.31040
00268
 17    0.000208
 18    0.000169
 19    0.000141
 20    0.000118
 21    0.000099
Trial Time:          267.50562
  0    1.145533
  1    0.555255
  2    0.298512
  3    0.156228
  4    0.081764
  5    0.044526
  6    0.023933
  7    0.013743
  8    0.007795
  9    0.004796
 10    0.002932
 11    0.001895
 12    0.001223
 13    0.000806
 14    0.000537
 15    0.000370
 16    0.000268
 17    0.000208
 18    0.000169
 19    0.000141
 20    0.000118
 21    0.000099
Trial Time:          270.56266
  0    1.145533
  1    0.555255
  2    0.298512
  3    0.156228
  4    0.081764
  5    0.044526
  6    0.023933
  7    0.013743
  8    0.007795
  9    0.004796
 10    0.002932
 11    0.001895
 12    0.001223
 13    0.000806
 14    0.000537
 15    0.000370
 16    0.000268
 17    0.000208
 18    0.000169
 19    0.000141
 20    0.000118
 21    0.000099
Trial Time:          266.56882
  0    1.145533
  1    0.555255
  2    0.298512
  3    0.156228
  4    0.081764
  5    0.044526
  6    0.023933
  7    0.013743
  8    0.007795
  9    0.004796
 10    0.002932
 11    0.001895
 12    0.001223
 13    0.000806
 14    0.000537
 15    0.000370
 16    0.000268
 17    0.000208
 18    0.000169
 19    0.000141
 20    0.000118
 21    0.000099
Trial Time:          266.50520
  0    1.145533
  1    0.555255
  2    0.298512
  3    0.156228
  4    0.081764
  5    0.044526
  6    0.023933
  7    0.013743
  8    0.007795
  9    0.004796
 10    0.002932
 11    0.001895
 12    0.001223
 13    0.000806
 14    0.000537
 15    0.000370
 16    0.000268
 17    0.000208
 18    0.000169
 19    0.000141
 20    0.000118
 21    0.000099
Trial Time:          268.81886
  0    1.145533
  1    0.555255
  2    0.298512
  3    0.156228
  4    0.081764
  5    0.044526
  6    0.023933
  7    0.013743
  8    0.007795
  9    0.004796
 10    0.002932
 11    0.001895
 12    0.001223
 13    0.000806
 14    0.000537
 15    0.000370
 16    0.000268
 17    0.000208
 18    0.000169
 19    0.000141
 20    0.000118
 21    0.000099
Trial Time:          267.74560
Average Time:        287.84441
00268
 17    0.000208
 18    0.000169
 19    0.000141
 20    0.000118
 21    0.000099
Trial Time:          270.23379
  0    1.145533
  1    0.555255
  2    0.298512
  3    0.156228
  4    0.081764
  5    0.044526
  6    0.023933
  7    0.013743
  8    0.007795
  9    0.004796
 10    0.002932
 11    0.001895
 12    0.001223
 13    0.000806
 14    0.000537
 15    0.000370
 16    0.000268
 17    0.000208
 18    0.000169
 19    0.000141
 20    0.000118
 21    0.000099
Trial Time:          272.08425
  0    1.145533
  1    0.555255
  2    0.298512
  3    0.156228
  4    0.081764
  5    0.044526
  6    0.023933
  7    0.013743
  8    0.007795
  9    0.004796
 10    0.002932
 11    0.001895
 12    0.001223
 13    0.000806
 14    0.000537
 15    0.000370
 16    0.000268
 17    0.000208
 18    0.000169
 19    0.000141
 20    0.000118
 21    0.000099
Trial Time:          271.22026
  0    1.145533
  1    0.555255
  2    0.298512
  3    0.156228
  4    0.081764
  5    0.044526
  6    0.023933
  7    0.013743
  8    0.007795
  9    0.004796
 10    0.002932
 11    0.001895
 12    0.001223
 13    0.000806
 14    0.000537
 15    0.000370
 16    0.000268
 17    0.000208
 18    0.000169
 19    0.000141
 20    0.000118
 21    0.000099
Trial Time:          270.21149
  0    1.145533
  1    0.555255
  2    0.298512
  3    0.156228
  4    0.081764
  5    0.044526
  6    0.023933
  7    0.013743
  8    0.007795
  9    0.004796
 10    0.002932
 11    0.001895
 12    0.001223
 13    0.000806
 14    0.000537
 15    0.000370
 16    0.000268
 17    0.000208
 18    0.000169
 19    0.000141
 20    0.000118
 21    0.000099
Trial Time:          268.72678
  0    1.145533
  1    0.555255
  2    0.298512
  3    0.156228
  4    0.081764
  5    0.044526
  6    0.023933
  7    0.013743
  8    0.007795
  9    0.004796
 10    0.002932
 11    0.001895
 12    0.001223
 13    0.000806
 14    0.000537
 15    0.000370
 16    0.000268
 17    0.000208
 18    0.000169
 19    0.000141
 20    0.000118
 21    0.000099
Trial Time:          264.34569
Average Time:        288.22184
00268
 17    0.000208
 18    0.000169
 19    0.000141
 20    0.000118
 21    0.000099
Trial Time:          270.79784
  0    1.145533
  1    0.555255
  2    0.298512
  3    0.156228
  4    0.081764
  5    0.044526
  6    0.023933
  7    0.013743
  8    0.007795
  9    0.004796
 10    0.002932
 11    0.001895
 12    0.001223
 13    0.000806
 14    0.000537
 15    0.000370
 16    0.000268
 17    0.000208
 18    0.000169
 19    0.000141
 20    0.000118
 21    0.000099
Trial Time:          272.28324
  0    1.145533
  1    0.555255
  2    0.298512
  3    0.156228
  4    0.081764
  5    0.044526
  6    0.023933
  7    0.013743
  8    0.007795
  9    0.004796
 10    0.002932
 11    0.001895
 12    0.001223
 13    0.000806
 14    0.000537
 15    0.000370
 16    0.000268
 17    0.000208
 18    0.000169
 19    0.000141
 20    0.000118
 21    0.000099
Trial Time:          271.03777
  0    1.145533
  1    0.555255
  2    0.298512
  3    0.156228
  4    0.081764
  5    0.044526
  6    0.023933
  7    0.013743
  8    0.007795
  9    0.004796
 10    0.002932
 11    0.001895
 12    0.001223
 13    0.000806
 14    0.000537
 15    0.000370
 16    0.000268
 17    0.000208
 18    0.000169
 19    0.000141
 20    0.000118
 21    0.000099
Trial Time:          270.39070
  0    1.145533
  1    0.555255
  2    0.298512
  3    0.156228
  4    0.081764
  5    0.044526
  6    0.023933
  7    0.013743
  8    0.007795
  9    0.004796
 10    0.002932
 11    0.001895
 12    0.001223
 13    0.000806
 14    0.000537
 15    0.000370
 16    0.000268
 17    0.000208
 18    0.000169
 19    0.000141
 20    0.000118
 21    0.000099
Trial Time:          270.59035
  0    1.145533
  1    0.555255
  2    0.298512
  3    0.156228
  4    0.081764
  5    0.044526
  6    0.023933
  7    0.013743
  8    0.007795
  9    0.004796
 10    0.002932
 11    0.001895
 12    0.001223
 13    0.000806
 14    0.000537
 15    0.000370
 16    0.000268
 17    0.000208
 18    0.000169
 19    0.000141
 20    0.000118
 21    0.000099
Trial Time:          262.72416
Average Time:        289.00876
00268
 17    0.000208
 18    0.000169
 19    0.000141
 20    0.000118
 21    0.000099
Trial Time:          268.24053
  0    1.145533
  1    0.555255
  2    0.298512
  3    0.156228
  4    0.081764
  5    0.044526
  6    0.023933
  7    0.013743
  8    0.007795
  9    0.004796
 10    0.002932
 11    0.001895
 12    0.001223
 13    0.000806
 14    0.000537
 15    0.000370
 16    0.000268
 17    0.000208
 18    0.000169
 19    0.000141
 20    0.000118
 21    0.000099
Trial Time:          270.33674
  0    1.145533
  1    0.555255
  2    0.298512
  3    0.156228
  4    0.081764
  5    0.044526
  6    0.023933
  7    0.013743
  8    0.007795
  9    0.004796
 10    0.002932
 11    0.001895
 12    0.001223
 13    0.000806
 14    0.000537
 15    0.000370
 16    0.000268
 17    0.000208
 18    0.000169
 19    0.000141
 20    0.000118
 21    0.000099
Trial Time:          270.84082
  0    1.145533
  1    0.555255
  2    0.298512
  3    0.156228
  4    0.081764
  5    0.044526
  6    0.023933
  7    0.013743
  8    0.007795
  9    0.004796
 10    0.002932
 11    0.001895
 12    0.001223
 13    0.000806
 14    0.000537
 15    0.000370
 16    0.000268
 17    0.000208
 18    0.000169
 19    0.000141
 20    0.000118
 21    0.000099
Trial Time:          270.51060
  0    1.145533
  1    0.555255
  2    0.298512
  3    0.156228
  4    0.081764
  5    0.044526
  6    0.023933
  7    0.013743
  8    0.007795
  9    0.004796
 10    0.002932
 11    0.001895
 12    0.001223
 13    0.000806
 14    0.000537
 15    0.000370
 16    0.000268
 17    0.000208
 18    0.000169
 19    0.000141
 20    0.000118
 21    0.000099
Trial Time:          270.86051
  0    1.145533
  1    0.555255
  2    0.298512
  3    0.156228
  4    0.081764
  5    0.044526
  6    0.023933
  7    0.013743
  8    0.007795
  9    0.004796
 10    0.002932
 11    0.001895
 12    0.001223
 13    0.000806
 14    0.000537
 15    0.000370
 16    0.000268
 17    0.000208
 18    0.000169
 19    0.000141
 20    0.000118
 21    0.000099
Trial Time:          264.51935
Average Time:        289.17014
00268
 17    0.000208
 18    0.000169
 19    0.000141
 20    0.000118
 21    0.000099
Trial Time:          270.01856
  0    1.145533
  1    0.555255
  2    0.298512
  3    0.156228
  4    0.081764
  5    0.044526
  6    0.023933
  7    0.013743
  8    0.007795
  9    0.004796
 10    0.002932
 11    0.001895
 12    0.001223
 13    0.000806
 14    0.000537
 15    0.000370
 16    0.000268
 17    0.000208
 18    0.000169
 19    0.000141
 20    0.000118
 21    0.000099
Trial Time:          269.07092
  0    1.145533
  1    0.555255
  2    0.298512
  3    0.156228
  4    0.081764
  5    0.044526
  6    0.023933
  7    0.013743
  8    0.007795
  9    0.004796
 10    0.002932
 11    0.001895
 12    0.001223
 13    0.000806
 14    0.000537
 15    0.000370
 16    0.000268
 17    0.000208
 18    0.000169
 19    0.000141
 20    0.000118
 21    0.000099
Trial Time:          268.07305
  0    1.145533
  1    0.555255
  2    0.298512
  3    0.156228
  4    0.081764
  5    0.044526
  6    0.023933
  7    0.013743
  8    0.007795
  9    0.004796
 10    0.002932
 11    0.001895
 12    0.001223
 13    0.000806
 14    0.000537
 15    0.000370
 16    0.000268
 17    0.000208
 18    0.000169
 19    0.000141
 20    0.000118
 21    0.000099
Trial Time:          267.91837
  0    1.145533
  1    0.555255
  2    0.298512
  3    0.156228
  4    0.081764
  5    0.044526
  6    0.023933
  7    0.013743
  8    0.007795
  9    0.004796
 10    0.002932
 11    0.001895
 12    0.001223
 13    0.000806
 14    0.000537
 15    0.000370
 16    0.000268
 17    0.000208
 18    0.000169
 19    0.000141
 20    0.000118
 21    0.000099
Trial Time:          269.56676
  0    1.145533
  1    0.555255
  2    0.298512
  3    0.156228
  4    0.081764
  5    0.044526
  6    0.023933
  7    0.013743
  8    0.007795
  9    0.004796
 10    0.002932
 11    0.001895
 12    0.001223
 13    0.000806
 14    0.000537
 15    0.000370
 16    0.000268
 17    0.000208
 18    0.000169
 19    0.000141
 20    0.000118
 21    0.000099
Trial Time:          265.32353
Average Time:        289.27186
00268
 17    0.000208
 18    0.000169
 19    0.000141
 20    0.000118
 21    0.000099
Trial Time:          270.88541
  0    1.145533
  1    0.555255
  2    0.298512
  3    0.156228
  4    0.081764
  5    0.044526
  6    0.023933
  7    0.013743
  8    0.007795
  9    0.004796
 10    0.002932
 11    0.001895
 12    0.001223
 13    0.000806
 14    0.000537
 15    0.000370
 16    0.000268
 17    0.000208
 18    0.000169
 19    0.000141
 20    0.000118
 21    0.000099
Trial Time:          268.88777
  0    1.145533
  1    0.555255
  2    0.298512
  3    0.156228
  4    0.081764
  5    0.044526
  6    0.023933
  7    0.013743
  8    0.007795
  9    0.004796
 10    0.002932
 11    0.001895
 12    0.001223
 13    0.000806
 14    0.000537
 15    0.000370
 16    0.000268
 17    0.000208
 18    0.000169
 19    0.000141
 20    0.000118
 21    0.000099
Trial Time:          267.77764
  0    1.145533
  1    0.555255
  2    0.298512
  3    0.156228
  4    0.081764
  5    0.044526
  6    0.023933
  7    0.013743
  8    0.007795
  9    0.004796
 10    0.002932
 11    0.001895
 12    0.001223
 13    0.000806
 14    0.000537
 15    0.000370
 16    0.000268
 17    0.000208
 18    0.000169
 19    0.000141
 20    0.000118
 21    0.000099
Trial Time:          268.45675
  0    1.145533
  1    0.555255
  2    0.298512
  3    0.156228
  4    0.081764
  5    0.044526
  6    0.023933
  7    0.013743
  8    0.007795
  9    0.004796
 10    0.002932
 11    0.001895
 12    0.001223
 13    0.000806
 14    0.000537
 15    0.000370
 16    0.000268
 17    0.000208
 18    0.000169
 19    0.000141
 20    0.000118
 21    0.000099
Trial Time:          269.10702
  0    1.145533
  1    0.555255
  2    0.298512
  3    0.156228
  4    0.081764
  5    0.044526
  6    0.023933
  7    0.013743
  8    0.007795
  9    0.004796
 10    0.002932
 11    0.001895
 12    0.001223
 13    0.000806
 14    0.000537
 15    0.000370
 16    0.000268
 17    0.000208
 18    0.000169
 19    0.000141
 20    0.000118
 21    0.000099
Trial Time:          259.79052
Average Time:        289.70578
00268
 17    0.000208
 18    0.000169
 19    0.000141
 20    0.000118
 21    0.000099
Trial Time:          271.22135
  0    1.145533
  1    0.555255
  2    0.298512
  3    0.156228
  4    0.081764
  5    0.044526
  6    0.023933
  7    0.013743
  8    0.007795
  9    0.004796
 10    0.002932
 11    0.001895
 12    0.001223
 13    0.000806
 14    0.000537
 15    0.000370
 16    0.000268
 17    0.000208
 18    0.000169
 19    0.000141
 20    0.000118
 21    0.000099
Trial Time:          272.01862
  0    1.145533
  1    0.555255
  2    0.298512
  3    0.156228
  4    0.081764
  5    0.044526
  6    0.023933
  7    0.013743
  8    0.007795
  9    0.004796
 10    0.002932
 11    0.001895
 12    0.001223
 13    0.000806
 14    0.000537
 15    0.000370
 16    0.000268
 17    0.000208
 18    0.000169
 19    0.000141
 20    0.000118
 21    0.000099
Trial Time:          270.90604
  0    1.145533
  1    0.555255
  2    0.298512
  3    0.156228
  4    0.081764
  5    0.044526
  6    0.023933
  7    0.013743
  8    0.007795
  9    0.004796
 10    0.002932
 11    0.001895
 12    0.001223
 13    0.000806
 14    0.000537
 15    0.000370
 16    0.000268
 17    0.000208
 18    0.000169
 19    0.000141
 20    0.000118
 21    0.000099
Trial Time:          270.61750
  0    1.145533
  1    0.555255
  2    0.298512
  3    0.156228
  4    0.081764
  5    0.044526
  6    0.023933
  7    0.013743
  8    0.007795
  9    0.004796
 10    0.002932
 11    0.001895
 12    0.001223
 13    0.000806
 14    0.000537
 15    0.000370
 16    0.000268
 17    0.000208
 18    0.000169
 19    0.000141
 20    0.000118
 21    0.000099
Trial Time:          271.82981
  0    1.145533
  1    0.555255
  2    0.298512
  3    0.156228
  4    0.081764
  5    0.044526
  6    0.023933
  7    0.013743
  8    0.007795
  9    0.004796
 10    0.002932
 11    0.001895
 12    0.001223
 13    0.000806
 14    0.000537
 15    0.000370
 16    0.000268
 17    0.000208
 18    0.000169
 19    0.000141
 20    0.000118
 21    0.000099
Trial Time:          260.40464
Average Time:        289.77795
Execution File:   /scale/cal1/home/ybmoon/research/numa_autofdo/gapbs/bin-adt_exp/pr
Num of Programs:  8
Program Path:     /scale/cal1/home/ybmoon/research/numa_autofdo/gapbs/bin-adt_exp/
Progarm Options:  /scale/cal1/home/ybmoon/research/numa_autofdo/gapbs/bin-adt_exp/pr
i:1, argv[5]:-f
option1:-f
i:2, argv[6]:/home/ybmoon/workloads/gapbs-data/twitter.sg
option2:/home/ybmoon/workloads/gapbs-data/twitter.sg
i:3, argv[7]:-i1000
option3:-i1000
i:4, argv[8]:-t1e-4
option4:-t1e-4
i:5, argv[9]:-n16
option5:-n16
tmp_node: 0
Local DRAM Allocation
Core: 0
Directory [0]:   /scale/cal1/home/ybmoon/research/numa_autofdo/gapbs/bin-adt_exp/
exe_path: /scale/cal1/home/ybmoon/research/numa_autofdo/gapbs/bin-adt_exp/pr
Core: 1
Directory [1]:   /scale/cal1/home/ybmoon/research/numa_autofdo/gapbs/bin-adt_exp/
exe_path: /scale/cal1/home/ybmoon/research/numa_autofdo/gapbs/bin-adt_exp/pr
Core: 2
Directory [2]:   /scale/cal1/home/ybmoon/research/numa_autofdo/gapbs/bin-adt_exp/
exe_path: /scale/cal1/home/ybmoon/research/numa_autofdo/gapbs/bin-adt_exp/pr
Core: 3
Directory [3]:   /scale/cal1/home/ybmoon/research/numa_autofdo/gapbs/bin-adt_exp/
exe_path: /scale/cal1/home/ybmoon/research/numa_autofdo/gapbs/bin-adt_exp/pr
Core: 4
Directory [4]:   /scale/cal1/home/ybmoon/research/numa_autofdo/gapbs/bin-adt_exp/
exe_path: /scale/cal1/home/ybmoon/research/numa_autofdo/gapbs/bin-adt_exp/pr
Core: 5
Directory [5]:   /scale/cal1/home/ybmoon/research/numa_autofdo/gapbs/bin-adt_exp/
exe_path: /scale/cal1/home/ybmoon/research/numa_autofdo/gapbs/bin-adt_exp/pr
Core: 6
Directory [6]:   /scale/cal1/home/ybmoon/research/numa_autofdo/gapbs/bin-adt_exp/
exe_path: /scale/cal1/home/ybmoon/research/numa_autofdo/gapbs/bin-adt_exp/pr
Core: 7
Directory [7]:   /scale/cal1/home/ybmoon/research/numa_autofdo/gapbs/bin-adt_exp/
exe_path: /scale/cal1/home/ybmoon/research/numa_autofdo/gapbs/bin-adt_exp/pr
Process Start
Process Start
Process Start
Wait PID: 33563
Process Start
Wait PID: 33565
Process Start
Wait PID: 33567
Process Start
Wait PID: 33569
Wait PID: 33571
Wait PID: 33572
Process Start
Process Start
Wait PID: 33575
Wait PID: 33576
Execution Time (28) => 4757706598860.00 ns
Execution Time (20) => 4766146288526.00 ns
Execution Time (12) => 4772134733103.00 ns
Execution Time (16) => 4784718125451.00 ns
Execution Time (0) => 4787136642824.00 ns
Execution Time (8) => 4788710189490.00 ns
Execution Time (4) => 4795589812300.00 ns
Execution Time (24) => 4796781235352.00 ns
('Full Command: ', '/scale/cal/home/ybmoon/migration/workloads/gap-spec-wrapper/second-wrapper/second_wrapper 0 8 /scale/cal1/home/ybmoon/research/numa_autofdo/gapbs/bin-adt_exp/ /scale/cal1/home/ybmoon/research/numa_autofdo/gapbs/bin-adt_exp/pr -f /home/ybmoon/workloads/gapbs-data/twitter.sg -i1000 -t1e-4 -n16')
execution_time 4797.12 (s)
