Read Time:           158.01441
Graph has 61578415 nodes and 1468364884 directed edges for degree: 23
Read Time:           158.01786
Graph has 61578415 nodes and 1468364884 directed edges for degree: 23
Read Time:           158.02501
Graph has 61578415 nodes and 1468364884 directed edges for degree: 23
Read Time:           158.02282
Graph has 61578415 nodes and 1468364884 directed edges for degree: 23
Read Time:           158.00871
Graph has 61578415 nodes and 1468364884 directed edges for degree: 23
Read Time:           158.04554
Graph has 61578415 nodes and 1468364884 directed edges for degree: 23
Read Time:           158.05343
Graph has 61578415 nodes and 1468364884 directed edges for degree: 23
Read Time:           158.05751
Graph has 61578415 nodes and 1468364884 directed edges for degree: 23
  0    1.145533
  1    0.555255
  2    0.298512
  3    0.156228
  4    0.081764
  5    0.044526
  6    0.023933
  7    0.013743
  8    0.007795
  9    0.004796
 10    0.002932
 11    0.001895
 12    0.001223
 13    0.000806
 14    0.000537
 15    0.000370
 16    0.000268
 17    0.000208
 18    0.000169
 19    0.000141
 20    0.000118
 21    0.000099
Trial Time:          1049.81342
  0    1.145533
  1    0.555255
  2    0.298512
  3    0.156228
  4    0.081764
  5    0.044526
  6    0.023933
  7    0.013743
  8    0.007795
  9    0.004796
 10    0.002932
 11    0.001895
 12    0.001223
 13    0.000806
 14    0.000537
 15    0.000370
 16    0.000268
 17    0.000208
 18    0.000169
 19    0.000141
 20    0.000118
 21    0.000099
Trial Time:          243.19348
  0    1.145533
  1    0.555255
  2    0.298512
  3    0.156228
  4    0.081764
  5    0.044526
  6    0.023933
  7    0.013743
  8    0.007795
  9    0.004796
 10    0.002932
 11    0.001895
 12    0.001223
 13    0.000806
 14    0.000537
 15    0.000370
 16    0.000268
 17    0.000208
 18    0.000169
 19    0.000141
 20    0.000118
 21    0.000099
Trial Time:          239.93729
  0    1.145533
  1    0.555255
  2    0.298512
  3    0.156228
  4    0.081764
  5    0.044526
  6    0.023933
  7    0.013743
  8    0.007795
  9    0.004796
 10    0.002932
 11    0.001895
 12    0.001223
 13    0.000806
 14    0.000537
 15    0.000370
 16    0.000268
 17    0.000208
 18    0.000169
 19    0.000141
 20    0.000118
 21    0.000099
Trial Time:          239.26911
  0    1.145533
  1    0.555255
  2    0.298512
  3    0.156228
  4    0.081764
  5    0.044526
  6    0.023933
  7    0.013743
  8    0.007795
  9    0.004796
 10    0.002932
 11    0.001895
 12    0.001223
 13    0.000806
 14    0.000537
 15    0.000370
 16    0.000268
 17    0.000208
 18    0.000169
 19    0.000141
 20    0.000118
 21    0.000099
Trial Time:          242.77013
  0    1.145533
  1    0.555255
  2    0.298512
  3    0.156228
  4    0.081764
  5    0.044526
  6    0.023933
  7    0.013743
  8    0.007795
  9    0.004796
 10    0.002932
 11    0.001895
 12    0.001223
 13    0.000806
 14    0.000537
 15    0.000370
 16    0.000268
 17    0.000208
 18    0.000169
 19    0.000141
 20    0.000118
 21    0.000099
Trial Time:          243.90126
  0    1.145533
  1    0.555255
  2    0.298512
  3    0.156228
  4    0.081764
  5    0.044526
  6    0.023933
  7    0.013743
  8    0.007795
  9    0.004796
 10    0.002932
 11    0.001895
 12    0.001223
 13    0.000806
 14    0.000537
 15    0.000370
 16    0.000268
 17    0.000208
 18    0.000169
 19    0.000141
 20    0.000118
 21    0.000099
Trial Time:          243.09594
  0    1.145533
  1    0.555255
  2    0.298512
  3    0.156228
  4    0.081764
  5    0.044526
  6    0.023933
  7    0.013743
  8    0.007795
  9    0.004796
 10    0.002932
 11    0.001895
 12    0.001223
 13    0.000806
 14    0.000537
 15    0.000370
 16    0.000268
 17    0.000208
 18    0.000169
 19    0.000141
 20    0.000118
 21    0.000099
Trial Time:          239.44286
  0    1.145533
  1    0.555255
  2    0.298512
  3    0.156228
  4    0.081764
  5    0.044526
  6    0.023933
  7    0.013743
  8    0.007795
  9    0.004796
 10    0.002932
 11    0.001895
 12    0.001223
 13    0.000806
 14    0.000537
 15    0.000370
 16    0.000268
 17    0.000208
 18    0.000169
 19    0.000141
 20    0.000118
 21    0.000099
Trial Time:          241.01621
  0    1.145533
  1    0.555255
  2    0.298512
  3    0.156228
  4    0.081764
  5    0.044526
  6    0.023933
  7    0.013743
  8    0.007795
  9    0.004796
 10    0.002932
 11    0.001895
 12    0.001223
 13    0.000806
 14    0.000537
 15    0.000370
 16    0.000268
 17    0.000208
 18    0.000169
 19    0.000141
 20    0.000118
 21    0.000099
Trial Time:          242.53959
  0    1.145533
  1    0.555255
  2    0.298512
  3    0.156228
  4    0.081764
  5    0.044526
  6    0.023933
  7    0.013743
  8    0.007795
  9    0.004796
 10    0.002932
 11    0.001895
 12    0.001223
 13    0.000806
 14    0.000537
 15    0.000370
 16    0.  0    1.145533
  1    0.555255
  2    0.298512
  3    0.156228
  4    0.081764
  5    0.044526
  6    0.023933
  7    0.013743
  8    0.007795
  9    0.004796
 10    0.002932
 11    0.001895
 12    0.001223
 13    0.000806
 14    0.000537
 15    0.000370
 16    0.000268
 17    0.000208
 18    0.000169
 19    0.000141
 20    0.000118
 21    0.000099
Trial Time:          1058.84183
  0    1.145533
  1    0.555255
  2    0.298512
  3    0.156228
  4    0.081764
  5    0.044526
  6    0.023933
  7    0.013743
  8    0.007795
  9    0.004796
 10    0.002932
 11    0.001895
 12    0.001223
 13    0.000806
 14    0.000537
 15    0.000370
 16    0.000268
 17    0.000208
 18    0.000169
 19    0.000141
 20    0.000118
 21    0.000099
Trial Time:          238.70690
  0    1.145533
  1    0.555255
  2    0.298512
  3    0.156228
  4    0.081764
  5    0.044526
  6    0.023933
  7    0.013743
  8    0.007795
  9    0.004796
 10    0.002932
 11    0.001895
 12    0.001223
 13    0.000806
 14    0.000537
 15    0.000370
 16    0.000268
 17    0.000208
 18    0.000169
 19    0.000141
 20    0.000118
 21    0.000099
Trial Time:          241.28929
  0    1.145533
  1    0.555255
  2    0.298512
  3    0.156228
  4    0.081764
  5    0.044526
  6    0.023933
  7    0.013743
  8    0.007795
  9    0.004796
 10    0.002932
 11    0.001895
 12    0.001223
 13    0.000806
 14    0.000537
 15    0.000370
 16    0.000268
 17    0.000208
 18    0.000169
 19    0.000141
 20    0.000118
 21    0.000099
Trial Time:          239.91520
  0    1.145533
  1    0.555255
  2    0.298512
  3    0.156228
  4    0.081764
  5    0.044526
  6    0.023933
  7    0.013743
  8    0.007795
  9    0.004796
 10    0.002932
 11    0.001895
 12    0.001223
 13    0.000806
 14    0.000537
 15    0.000370
 16    0.000268
 17    0.000208
 18    0.000169
 19    0.000141
 20    0.000118
 21    0.000099
Trial Time:          238.56208
  0    1.145533
  1    0.555255
  2    0.298512
  3    0.156228
  4    0.081764
  5    0.044526
  6    0.023933
  7    0.013743
  8    0.007795
  9    0.004796
 10    0.002932
 11    0.001895
 12    0.001223
 13    0.000806
 14    0.000537
 15    0.000370
 16    0.000268
 17    0.000208
 18    0.000169
 19    0.000141
 20    0.000118
 21    0.000099
Trial Time:          242.63091
  0    1.145533
  1    0.555255
  2    0.298512
  3    0.156228
  4    0.081764
  5    0.044526
  6    0.023933
  7    0.013743
  8    0.007795
  9    0.004796
 10    0.002932
 11    0.001895
 12    0.001223
 13    0.000806
 14    0.000537
 15    0.000370
 16    0.000268
 17    0.000208
 18    0.000169
 19    0.000141
 20    0.000118
 21    0.000099
Trial Time:          244.05121
  0    1.145533
  1    0.555255
  2    0.298512
  3    0.156228
  4    0.081764
  5    0.044526
  6    0.023933
  7    0.013743
  8    0.007795
  9    0.004796
 10    0.002932
 11    0.001895
 12    0.001223
 13    0.000806
 14    0.000537
 15    0.000370
 16    0.000268
 17    0.000208
 18    0.000169
 19    0.000141
 20    0.000118
 21    0.000099
Trial Time:          243.22898
  0    1.145533
  1    0.555255
  2    0.298512
  3    0.156228
  4    0.081764
  5    0.044526
  6    0.023933
  7    0.013743
  8    0.007795
  9    0.004796
 10    0.002932
 11    0.001895
 12    0.001223
 13    0.000806
 14    0.000537
 15    0.000370
 16    0.000268
 17    0.000208
 18    0.000169
 19    0.000141
 20    0.000118
 21    0.000099
Trial Time:          239.73634
  0    1.145533
  1    0.555255
  2    0.298512
  3    0.156228
  4    0.081764
  5    0.044526
  6    0.023933
  7    0.013743
  8    0.007795
  9    0.004796
 10    0.002932
 11    0.001895
 12    0.001223
 13    0.000806
 14    0.000537
 15    0.000370
 16    0.000268
 17    0.000208
 18    0.000169
 19    0.000141
 20    0.000118
 21    0.000099
Trial Time:          238.90594
  0    1.145533
  1    0.555255
  2    0.298512
  3    0.156228
  4    0.081764
  5    0.044526
  6    0.023933
  7    0.013743
  8    0.007795
  9    0.004796
 10    0.002932
 11    0.001895
 12    0.001223
 13    0.000806
 14    0.000537
 15    0.000370
 16    0.  0    1.145533
  1    0.555255
  2    0.298512
  3    0.156228
  4    0.081764
  5    0.044526
  6    0.023933
  7    0.013743
  8    0.007795
  9    0.004796
 10    0.002932
 11    0.001895
 12    0.001223
 13    0.000806
 14    0.000537
 15    0.000370
 16    0.000268
 17    0.000208
 18    0.000169
 19    0.000141
 20    0.000118
 21    0.000099
Trial Time:          1063.37500
  0    1.145533
  1    0.555255
  2    0.298512
  3    0.156228
  4    0.081764
  5    0.044526
  6    0.023933
  7    0.013743
  8    0.007795
  9    0.004796
 10    0.002932
 11    0.001895
 12    0.001223
 13    0.000806
 14    0.000537
 15    0.000370
 16    0.000268
 17    0.000208
 18    0.000169
 19    0.000141
 20    0.000118
 21    0.000099
Trial Time:          239.60769
  0    1.145533
  1    0.555255
  2    0.298512
  3    0.156228
  4    0.081764
  5    0.044526
  6    0.023933
  7    0.013743
  8    0.007795
  9    0.004796
 10    0.002932
 11    0.001895
 12    0.001223
 13    0.000806
 14    0.000537
 15    0.000370
 16    0.000268
 17    0.000208
 18    0.000169
 19    0.000141
 20    0.000118
 21    0.000099
Trial Time:          239.47431
  0    1.145533
  1    0.555255
  2    0.298512
  3    0.156228
  4    0.081764
  5    0.044526
  6    0.023933
  7    0.013743
  8    0.007795
  9    0.004796
 10    0.002932
 11    0.001895
 12    0.001223
 13    0.000806
 14    0.000537
 15    0.000370
 16    0.000268
 17    0.000208
 18    0.000169
 19    0.000141
 20    0.000118
 21    0.000099
Trial Time:          240.16457
  0    1.145533
  1    0.555255
  2    0.298512
  3    0.156228
  4    0.081764
  5    0.044526
  6    0.023933
  7    0.013743
  8    0.007795
  9    0.004796
 10    0.002932
 11    0.001895
 12    0.001223
 13    0.000806
 14    0.000537
 15    0.000370
 16    0.000268
 17    0.000208
 18    0.000169
 19    0.000141
 20    0.000118
 21    0.000099
Trial Time:          242.07406
  0    1.145533
  1    0.555255
  2    0.298512
  3    0.156228
  4    0.081764
  5    0.044526
  6    0.023933
  7    0.013743
  8    0.007795
  9    0.004796
 10    0.002932
 11    0.001895
 12    0.001223
 13    0.000806
 14    0.000537
 15    0.000370
 16    0.000268
 17    0.000208
 18    0.000169
 19    0.000141
 20    0.000118
 21    0.000099
Trial Time:          240.52278
  0    1.145533
  1    0.555255
  2    0.298512
  3    0.156228
  4    0.081764
  5    0.044526
  6    0.023933
  7    0.013743
  8    0.007795
  9    0.004796
 10    0.002932
 11    0.001895
 12    0.001223
 13    0.000806
 14    0.000537
 15    0.000370
 16    0.000268
 17    0.000208
 18    0.000169
 19    0.000141
 20    0.000118
 21    0.000099
Trial Time:          240.59526
  0    1.145533
  1    0.555255
  2    0.298512
  3    0.156228
  4    0.081764
  5    0.044526
  6    0.023933
  7    0.013743
  8    0.007795
  9    0.004796
 10    0.002932
 11    0.001895
 12    0.001223
 13    0.000806
 14    0.000537
 15    0.000370
 16    0.000268
 17    0.000208
 18    0.000169
 19    0.000141
 20    0.000118
 21    0.000099
Trial Time:          243.04965
  0    1.145533
  1    0.555255
  2    0.298512
  3    0.156228
  4    0.081764
  5    0.044526
  6    0.023933
  7    0.013743
  8    0.007795
  9    0.004796
 10    0.002932
 11    0.001895
 12    0.001223
 13    0.000806
 14    0.000537
 15    0.000370
 16    0.000268
 17    0.000208
 18    0.000169
 19    0.000141
 20    0.000118
 21    0.000099
Trial Time:          242.12753
  0    1.145533
  1    0.555255
  2    0.298512
  3    0.156228
  4    0.081764
  5    0.044526
  6    0.023933
  7    0.013743
  8    0.007795
  9    0.004796
 10    0.002932
 11    0.001895
 12    0.001223
 13    0.000806
 14    0.000537
 15    0.000370
 16    0.000268
 17    0.000208
 18    0.000169
 19    0.000141
 20    0.000118
 21    0.000099
Trial Time:          240.20714
  0    1.145533
  1    0.555255
  2    0.298512
  3    0.156228
  4    0.081764
  5    0.044526
  6    0.023933
  7    0.013743
  8    0.007795
  9    0.004796
 10    0.002932
 11    0.001895
 12    0.001223
 13    0.000806
 14    0.000537
 15    0.000370
 16    0.  0    1.145533
  1    0.555255
  2    0.298512
  3    0.156228
  4    0.081764
  5    0.044526
  6    0.023933
  7    0.013743
  8    0.007795
  9    0.004796
 10    0.002932
 11    0.001895
 12    0.001223
 13    0.000806
 14    0.000537
 15    0.000370
 16    0.000268
 17    0.000208
 18    0.000169
 19    0.000141
 20    0.000118
 21    0.000099
Trial Time:          1050.54838
  0    1.145533
  1    0.555255
  2    0.298512
  3    0.156228
  4    0.081764
  5    0.044526
  6    0.023933
  7    0.013743
  8    0.007795
  9    0.004796
 10    0.002932
 11    0.001895
 12    0.001223
 13    0.000806
 14    0.000537
 15    0.000370
 16    0.000268
 17    0.000208
 18    0.000169
 19    0.000141
 20    0.000118
 21    0.000099
Trial Time:          244.97439
  0    1.145533
  1    0.555255
  2    0.298512
  3    0.156228
  4    0.081764
  5    0.044526
  6    0.023933
  7    0.013743
  8    0.007795
  9    0.004796
 10    0.002932
 11    0.001895
 12    0.001223
 13    0.000806
 14    0.000537
 15    0.000370
 16    0.000268
 17    0.000208
 18    0.000169
 19    0.000141
 20    0.000118
 21    0.000099
Trial Time:          241.17513
  0    1.145533
  1    0.555255
  2    0.298512
  3    0.156228
  4    0.081764
  5    0.044526
  6    0.023933
  7    0.013743
  8    0.007795
  9    0.004796
 10    0.002932
 11    0.001895
 12    0.001223
 13    0.000806
 14    0.000537
 15    0.000370
 16    0.000268
 17    0.000208
 18    0.000169
 19    0.000141
 20    0.000118
 21    0.000099
Trial Time:          239.17276
  0    1.145533
  1    0.555255
  2    0.298512
  3    0.156228
  4    0.081764
  5    0.044526
  6    0.023933
  7    0.013743
  8    0.007795
  9    0.004796
 10    0.002932
 11    0.001895
 12    0.001223
 13    0.000806
 14    0.000537
 15    0.000370
 16    0.000268
 17    0.000208
 18    0.000169
 19    0.000141
 20    0.000118
 21    0.000099
Trial Time:          240.02863
  0    1.145533
  1    0.555255
  2    0.298512
  3    0.156228
  4    0.081764
  5    0.044526
  6    0.023933
  7    0.013743
  8    0.007795
  9    0.004796
 10    0.002932
 11    0.001895
 12    0.001223
 13    0.000806
 14    0.000537
 15    0.000370
 16    0.000268
 17    0.000208
 18    0.000169
 19    0.000141
 20    0.000118
 21    0.000099
Trial Time:          243.96012
  0    1.145533
  1    0.555255
  2    0.298512
  3    0.156228
  4    0.081764
  5    0.044526
  6    0.023933
  7    0.013743
  8    0.007795
  9    0.004796
 10    0.002932
 11    0.001895
 12    0.001223
 13    0.000806
 14    0.000537
 15    0.000370
 16    0.000268
 17    0.000208
 18    0.000169
 19    0.000141
 20    0.000118
 21    0.000099
Trial Time:          244.30892
  0    1.145533
  1    0.555255
  2    0.298512
  3    0.156228
  4    0.081764
  5    0.044526
  6    0.023933
  7    0.013743
  8    0.007795
  9    0.004796
 10    0.002932
 11    0.001895
 12    0.001223
 13    0.000806
 14    0.000537
 15    0.000370
 16    0.000268
 17    0.000208
 18    0.000169
 19    0.000141
 20    0.000118
 21    0.000099
Trial Time:          244.32563
  0    1.145533
  1    0.555255
  2    0.298512
  3    0.156228
  4    0.081764
  5    0.044526
  6    0.023933
  7    0.013743
  8    0.007795
  9    0.004796
 10    0.002932
 11    0.001895
 12    0.001223
 13    0.000806
 14    0.000537
 15    0.000370
 16    0.000268
 17    0.000208
 18    0.000169
 19    0.000141
 20    0.000118
 21    0.000099
Trial Time:          243.09867
  0    1.145533
  1    0.555255
  2    0.298512
  3    0.156228
  4    0.081764
  5    0.044526
  6    0.023933
  7    0.013743
  8    0.007795
  9    0.004796
 10    0.002932
 11    0.001895
 12    0.001223
 13    0.000806
 14    0.000537
 15    0.000370
 16    0.000268
 17    0.000208
 18    0.000169
 19    0.000141
 20    0.000118
 21    0.000099
Trial Time:          239.87150
  0    1.145533
  1    0.555255
  2    0.298512
  3    0.156228
  4    0.081764
  5    0.044526
  6    0.023933
  7    0.013743
  8    0.007795
  9    0.004796
 10    0.002932
 11    0.001895
 12    0.001223
 13    0.000806
 14    0.000537
 15    0.000370
 16    0.  0    1.145533
  1    0.555255
  2    0.298512
  3    0.156228
  4    0.081764
  5    0.044526
  6    0.023933
  7    0.013743
  8    0.007795
  9    0.004796
 10    0.002932
 11    0.001895
 12    0.001223
 13    0.000806
 14    0.000537
 15    0.000370
 16    0.000268
 17    0.000208
 18    0.000169
 19    0.000141
 20    0.000118
 21    0.000099
Trial Time:          1070.47012
  0    1.145533
  1    0.555255
  2    0.298512
  3    0.156228
  4    0.081764
  5    0.044526
  6    0.023933
  7    0.013743
  8    0.007795
  9    0.004796
 10    0.002932
 11    0.001895
 12    0.001223
 13    0.000806
 14    0.000537
 15    0.000370
 16    0.000268
 17    0.000208
 18    0.000169
 19    0.000141
 20    0.000118
 21    0.000099
Trial Time:          238.67480
  0    1.145533
  1    0.555255
  2    0.298512
  3    0.156228
  4    0.081764
  5    0.044526
  6    0.023933
  7    0.013743
  8    0.007795
  9    0.004796
 10    0.002932
 11    0.001895
 12    0.001223
 13    0.000806
 14    0.000537
 15    0.000370
 16    0.000268
 17    0.000208
 18    0.000169
 19    0.000141
 20    0.000118
 21    0.000099
Trial Time:          241.58161
  0    1.145533
  1    0.555255
  2    0.298512
  3    0.156228
  4    0.081764
  5    0.044526
  6    0.023933
  7    0.013743
  8    0.007795
  9    0.004796
 10    0.002932
 11    0.001895
 12    0.001223
 13    0.000806
 14    0.000537
 15    0.000370
 16    0.000268
 17    0.000208
 18    0.000169
 19    0.000141
 20    0.000118
 21    0.000099
Trial Time:          241.82138
  0    1.145533
  1    0.555255
  2    0.298512
  3    0.156228
  4    0.081764
  5    0.044526
  6    0.023933
  7    0.013743
  8    0.007795
  9    0.004796
 10    0.002932
 11    0.001895
 12    0.001223
 13    0.000806
 14    0.000537
 15    0.000370
 16    0.000268
 17    0.000208
 18    0.000169
 19    0.000141
 20    0.000118
 21    0.000099
Trial Time:          243.06691
  0    1.145533
  1    0.555255
  2    0.298512
  3    0.156228
  4    0.081764
  5    0.044526
  6    0.023933
  7    0.013743
  8    0.007795
  9    0.004796
 10    0.002932
 11    0.001895
 12    0.001223
 13    0.000806
 14    0.000537
 15    0.000370
 16    0.000268
 17    0.000208
 18    0.000169
 19    0.000141
 20    0.000118
 21    0.000099
Trial Time:          242.30090
  0    1.145533
  1    0.555255
  2    0.298512
  3    0.156228
  4    0.081764
  5    0.044526
  6    0.023933
  7    0.013743
  8    0.007795
  9    0.004796
 10    0.002932
 11    0.001895
 12    0.001223
 13    0.000806
 14    0.000537
 15    0.000370
 16    0.000268
 17    0.000208
 18    0.000169
 19    0.000141
 20    0.000118
 21    0.000099
Trial Time:          240.23651
  0    1.145533
  1    0.555255
  2    0.298512
  3    0.156228
  4    0.081764
  5    0.044526
  6    0.023933
  7    0.013743
  8    0.007795
  9    0.004796
 10    0.002932
 11    0.001895
 12    0.001223
 13    0.000806
 14    0.000537
 15    0.000370
 16    0.000268
 17    0.000208
 18    0.000169
 19    0.000141
 20    0.000118
 21    0.000099
Trial Time:          242.64520
  0    1.145533
  1    0.555255
  2    0.298512
  3    0.156228
  4    0.081764
  5    0.044526
  6    0.023933
  7    0.013743
  8    0.007795
  9    0.004796
 10    0.002932
 11    0.001895
 12    0.001223
 13    0.000806
 14    0.000537
 15    0.000370
 16    0.000268
 17    0.000208
 18    0.000169
 19    0.000141
 20    0.000118
 21    0.000099
Trial Time:          243.68281
  0    1.145533
  1    0.555255
  2    0.298512
  3    0.156228
  4    0.081764
  5    0.044526
  6    0.023933
  7    0.013743
  8    0.007795
  9    0.004796
 10    0.002932
 11    0.001895
 12    0.001223
 13    0.000806
 14    0.000537
 15    0.000370
 16    0.000268
 17    0.000208
 18    0.000169
 19    0.000141
 20    0.000118
 21    0.000099
Trial Time:          242.96691
  0    1.145533
  1    0.555255
  2    0.298512
  3    0.156228
  4    0.081764
  5    0.044526
  6    0.023933
  7    0.013743
  8    0.007795
  9    0.004796
 10    0.002932
 11    0.001895
 12    0.001223
 13    0.000806
 14    0.000537
 15    0.000370
 16    0.  0    1.145533
  1    0.555255
  2    0.298512
  3    0.156228
  4    0.081764
  5    0.044526
  6    0.023933
  7    0.013743
  8    0.007795
  9    0.004796
 10    0.002932
 11    0.001895
 12    0.001223
 13    0.000806
 14    0.000537
 15    0.000370
 16    0.000268
 17    0.000208
 18    0.000169
 19    0.000141
 20    0.000118
 21    0.000099
Trial Time:          1066.88209
  0    1.145533
  1    0.555255
  2    0.298512
  3    0.156228
  4    0.081764
  5    0.044526
  6    0.023933
  7    0.013743
  8    0.007795
  9    0.004796
 10    0.002932
 11    0.001895
 12    0.001223
 13    0.000806
 14    0.000537
 15    0.000370
 16    0.000268
 17    0.000208
 18    0.000169
 19    0.000141
 20    0.000118
 21    0.000099
Trial Time:          240.31743
  0    1.145533
  1    0.555255
  2    0.298512
  3    0.156228
  4    0.081764
  5    0.044526
  6    0.023933
  7    0.013743
  8    0.007795
  9    0.004796
 10    0.002932
 11    0.001895
 12    0.001223
 13    0.000806
 14    0.000537
 15    0.000370
 16    0.000268
 17    0.000208
 18    0.000169
 19    0.000141
 20    0.000118
 21    0.000099
Trial Time:          243.32058
  0    1.145533
  1    0.555255
  2    0.298512
  3    0.156228
  4    0.081764
  5    0.044526
  6    0.023933
  7    0.013743
  8    0.007795
  9    0.004796
 10    0.002932
 11    0.001895
 12    0.001223
 13    0.000806
 14    0.000537
 15    0.000370
 16    0.000268
 17    0.000208
 18    0.000169
 19    0.000141
 20    0.000118
 21    0.000099
Trial Time:          242.78802
  0    1.145533
  1    0.555255
  2    0.298512
  3    0.156228
  4    0.081764
  5    0.044526
  6    0.023933
  7    0.013743
  8    0.007795
  9    0.004796
 10    0.002932
 11    0.001895
 12    0.001223
 13    0.000806
 14    0.000537
 15    0.000370
 16    0.000268
 17    0.000208
 18    0.000169
 19    0.000141
 20    0.000118
 21    0.000099
Trial Time:          244.46269
  0    1.145533
  1    0.555255
  2    0.298512
  3    0.156228
  4    0.081764
  5    0.044526
  6    0.023933
  7    0.013743
  8    0.007795
  9    0.004796
 10    0.002932
 11    0.001895
 12    0.001223
 13    0.000806
 14    0.000537
 15    0.000370
 16    0.000268
 17    0.000208
 18    0.000169
 19    0.000141
 20    0.000118
 21    0.000099
Trial Time:          244.71018
  0    1.145533
  1    0.555255
  2    0.298512
  3    0.156228
  4    0.081764
  5    0.044526
  6    0.023933
  7    0.013743
  8    0.007795
  9    0.004796
 10    0.002932
 11    0.001895
 12    0.001223
 13    0.000806
 14    0.000537
 15    0.000370
 16    0.000268
 17    0.000208
 18    0.000169
 19    0.000141
 20    0.000118
 21    0.000099
Trial Time:          244.59434
  0    1.145533
  1    0.555255
  2    0.298512
  3    0.156228
  4    0.081764
  5    0.044526
  6    0.023933
  7    0.013743
  8    0.007795
  9    0.004796
 10    0.002932
 11    0.001895
 12    0.001223
 13    0.000806
 14    0.000537
 15    0.000370
 16    0.000268
 17    0.000208
 18    0.000169
 19    0.000141
 20    0.000118
 21    0.000099
Trial Time:          244.46140
  0    1.145533
  1    0.555255
  2    0.298512
  3    0.156228
  4    0.081764
  5    0.044526
  6    0.023933
  7    0.013743
  8    0.007795
  9    0.004796
 10    0.002932
 11    0.001895
 12    0.001223
 13    0.000806
 14    0.000537
 15    0.000370
 16    0.000268
 17    0.000208
 18    0.000169
 19    0.000141
 20    0.000118
 21    0.000099
Trial Time:          244.25296
  0    1.145533
  1    0.555255
  2    0.298512
  3    0.156228
  4    0.081764
  5    0.044526
  6    0.023933
  7    0.013743
  8    0.007795
  9    0.004796
 10    0.002932
 11    0.001895
 12    0.001223
 13    0.000806
 14    0.000537
 15    0.000370
 16    0.000268
 17    0.000208
 18    0.000169
 19    0.000141
 20    0.000118
 21    0.000099
Trial Time:          243.02510
  0    1.145533
  1    0.555255
  2    0.298512
  3    0.156228
  4    0.081764
  5    0.044526
  6    0.023933
  7    0.013743
  8    0.007795
  9    0.004796
 10    0.002932
 11    0.001895
 12    0.001223
 13    0.000806
 14    0.000537
 15    0.000370
 16    0.  0    1.145533
  1    0.555255
  2    0.298512
  3    0.156228
  4    0.081764
  5    0.044526
  6    0.023933
  7    0.013743
  8    0.007795
  9    0.004796
 10    0.002932
 11    0.001895
 12    0.001223
 13    0.000806
 14    0.000537
 15    0.000370
 16    0.000268
 17    0.000208
 18    0.000169
 19    0.000141
 20    0.000118
 21    0.000099
Trial Time:          1065.32770
  0    1.145533
  1    0.555255
  2    0.298512
  3    0.156228
  4    0.081764
  5    0.044526
  6    0.023933
  7    0.013743
  8    0.007795
  9    0.004796
 10    0.002932
 11    0.001895
 12    0.001223
 13    0.000806
 14    0.000537
 15    0.000370
 16    0.000268
 17    0.000208
 18    0.000169
 19    0.000141
 20    0.000118
 21    0.000099
Trial Time:          284.76194
  0    1.145533
  1    0.555255
  2    0.298512
  3    0.156228
  4    0.081764
  5    0.044526
  6    0.023933
  7    0.013743
  8    0.007795
  9    0.004796
 10    0.002932
 11    0.001895
 12    0.001223
 13    0.000806
 14    0.000537
 15    0.000370
 16    0.000268
 17    0.000208
 18    0.000169
 19    0.000141
 20    0.000118
 21    0.000099
Trial Time:          239.91156
  0    1.145533
  1    0.555255
  2    0.298512
  3    0.156228
  4    0.081764
  5    0.044526
  6    0.023933
  7    0.013743
  8    0.007795
  9    0.004796
 10    0.002932
 11    0.001895
 12    0.001223
 13    0.000806
 14    0.000537
 15    0.000370
 16    0.000268
 17    0.000208
 18    0.000169
 19    0.000141
 20    0.000118
 21    0.000099
Trial Time:          239.26342
  0    1.145533
  1    0.555255
  2    0.298512
  3    0.156228
  4    0.081764
  5    0.044526
  6    0.023933
  7    0.013743
  8    0.007795
  9    0.004796
 10    0.002932
 11    0.001895
 12    0.001223
 13    0.000806
 14    0.000537
 15    0.000370
 16    0.000268
 17    0.000208
 18    0.000169
 19    0.000141
 20    0.000118
 21    0.000099
Trial Time:          241.81289
  0    1.145533
  1    0.555255
  2    0.298512
  3    0.156228
  4    0.081764
  5    0.044526
  6    0.023933
  7    0.013743
  8    0.007795
  9    0.004796
 10    0.002932
 11    0.001895
 12    0.001223
 13    0.000806
 14    0.000537
 15    0.000370
 16    0.000268
 17    0.000208
 18    0.000169
 19    0.000141
 20    0.000118
 21    0.000099
Trial Time:          244.04623
  0    1.145533
  1    0.555255
  2    0.298512
  3    0.156228
  4    0.081764
  5    0.044526
  6    0.023933
  7    0.013743
  8    0.007795
  9    0.004796
 10    0.002932
 11    0.001895
 12    0.001223
 13    0.000806
 14    0.000537
 15    0.000370
 16    0.000268
 17    0.000208
 18    0.000169
 19    0.000141
 20    0.000118
 21    0.000099
Trial Time:          244.62577
  0    1.145533
  1    0.555255
  2    0.298512
  3    0.156228
  4    0.081764
  5    0.044526
  6    0.023933
  7    0.013743
  8    0.007795
  9    0.004796
 10    0.002932
 11    0.001895
 12    0.001223
 13    0.000806
 14    0.000537
 15    0.000370
 16    0.000268
 17    0.000208
 18    0.000169
 19    0.000141
 20    0.000118
 21    0.000099
Trial Time:          243.37398
  0    1.145533
  1    0.555255
  2    0.298512
  3    0.156228
  4    0.081764
  5    0.044526
  6    0.023933
  7    0.013743
  8    0.007795
  9    0.004796
 10    0.002932
 11    0.001895
 12    0.001223
 13    0.000806
 14    0.000537
 15    0.000370
 16    0.000268
 17    0.000208
 18    0.000169
 19    0.000141
 20    0.000118
 21    0.000099
Trial Time:          240.42935
  0    1.145533
  1    0.555255
  2    0.298512
  3    0.156228
  4    0.081764
  5    0.044526
  6    0.023933
  7    0.013743
  8    0.007795
  9    0.004796
 10    0.002932
 11    0.001895
 12    0.001223
 13    0.000806
 14    0.000537
 15    0.000370
 16    0.000268
 17    0.000208
 18    0.000169
 19    0.000141
 20    0.000118
 21    0.000099
Trial Time:          238.62392
  0    1.145533
  1    0.555255
  2    0.298512
  3    0.156228
  4    0.081764
  5    0.044526
  6    0.023933
  7    0.013743
  8    0.007795
  9    0.004796
 10    0.002932
 11    0.001895
 12    0.001223
 13    0.000806
 14    0.000537
 15    0.000370
 16    0.000268
 17    0.000208
 18    0.000169
 19    0.000141
 20    0.000118
 21    0.000099
Trial Time:          242.39939
  0    1.145533
  1    0.555255
  2    0.298512
  3    0.156228
  4    0.081764
  5    0.044526
  6    0.023933
  7    0.013743
  8    0.007795
  9    0.004796
 10    0.002932
 11    0.001895
 12    0.001223
 13    0.000806
 14    0.000537
 15    0.000370
 16    0.000268
 17    0.000208
 18    0.000169
 19    0.000141
 20    0.000118
 21    0.000099
Trial Time:          239.47728
  0    1.145533
  1    0.555255
  2    0.298512
  3    0.156228
  4    0.081764
  5    0.044526
  6    0.023933
  7    0.013743
  8    0.007795
  9    0.004796
 10    0.002932
 11    0.001895
 12    0.001223
 13    0.000806
 14    0.000537
 15    0.000370
 16    0.000268
 17    0.000208
 18    0.000169
 19    0.000141
 20    0.000118
 21    0.000099
Trial Time:          249.71592
  0    1.145533
  1    0.555255
  2    0.298512
  3    0.156228
  4    0.081764
  5    0.044526
  6    0.023933
  7    0.013743
  8    0.007795
  9    0.004796
 10    0.002932
 11    0.001895
 12    0.001223
 13    0.000806
 14    0.000537
 15    0.000370
 16    0.000268
 17    0.000208
 18    0.000169
 19    0.000141
 20    0.000118
 21    0.000099
Trial Time:          257.51279
  0    1.145533
  1    0.555255
  2    0.298512
  3    0.156228
  4    0.081764
  5    0.044526
  6    0.023933
  7    0.013743
  8    0.007795
  9    0.004796
 10    0.002932
 11    0.001895
 12    0.001223
 13    0.000806
 14    0.000537
 15    0.000370
 16    0.000268
 17    0.000208
 18    0.000169
 19    0.000141
 20    0.000118
 21    0.000099
Trial Time:          264.07548
  0    1.145533
  1    0.555255
  2    0.298512
  3    0.156228
  4    0.081764
  5    0.044526
  6    0.023933
  7    0.013743
  8    0.007795
  9    0.004796
 10    0.002932
 11    0.001895
 12    0.001223
 13    0.000806
 14    0.000537
 15    0.000370
 16    0.000268
 17    0.000208
 18    0.000169
 19    0.000141
 20    0.000118
 21    0.000099
Trial Time:          268.48416
Average Time:        296.72086
000268
 17    0.000208
 18    0.000169
 19    0.000141
 20    0.000118
 21    0.000099
Trial Time:          241.43937
  0    1.145533
  1    0.555255
  2    0.298512
  3    0.156228
  4    0.081764
  5    0.044526
  6    0.023933
  7    0.013743
  8    0.007795
  9    0.004796
 10    0.002932
 11    0.001895
 12    0.001223
 13    0.000806
 14    0.000537
 15    0.000370
 16    0.000268
 17    0.000208
 18    0.000169
 19    0.000141
 20    0.000118
 21    0.000099
Trial Time:          239.74015
  0    1.145533
  1    0.555255
  2    0.298512
  3    0.156228
  4    0.081764
  5    0.044526
  6    0.023933
  7    0.013743
  8    0.007795
  9    0.004796
 10    0.002932
 11    0.001895
 12    0.001223
 13    0.000806
 14    0.000537
 15    0.000370
 16    0.000268
 17    0.000208
 18    0.000169
 19    0.000141
 20    0.000118
 21    0.000099
Trial Time:          251.65514
  0    1.145533
  1    0.555255
  2    0.298512
  3    0.156228
  4    0.081764
  5    0.044526
  6    0.023933
  7    0.013743
  8    0.007795
  9    0.004796
 10    0.002932
 11    0.001895
 12    0.001223
 13    0.000806
 14    0.000537
 15    0.000370
 16    0.000268
 17    0.000208
 18    0.000169
 19    0.000141
 20    0.000118
 21    0.000099
Trial Time:          261.21908
  0    1.145533
  1    0.555255
  2    0.298512
  3    0.156228
  4    0.081764
  5    0.044526
  6    0.023933
  7    0.013743
  8    0.007795
  9    0.004796
 10    0.002932
 11    0.001895
 12    0.001223
 13    0.000806
 14    0.000537
 15    0.000370
 16    0.000268
 17    0.000208
 18    0.000169
 19    0.000141
 20    0.000118
 21    0.000099
Trial Time:          267.10908
  0    1.145533
  1    0.555255
  2    0.298512
  3    0.156228
  4    0.081764
  5    0.044526
  6    0.023933
  7    0.013743
  8    0.007795
  9    0.004796
 10    0.002932
 11    0.001895
 12    0.001223
 13    0.000806
 14    0.000537
 15    0.000370
 16    0.000268
 17    0.000208
 18    0.000169
 19    0.000141
 20    0.000118
 21    0.000099
Trial Time:          264.76224
Average Time:        296.93152
000268
 17    0.000208
 18    0.000169
 19    0.000141
 20    0.000118
 21    0.000099
Trial Time:          239.94866
  0    1.145533
  1    0.555255
  2    0.298512
  3    0.156228
  4    0.081764
  5    0.044526
  6    0.023933
  7    0.013743
  8    0.007795
  9    0.004796
 10    0.002932
 11    0.001895
 12    0.001223
 13    0.000806
 14    0.000537
 15    0.000370
 16    0.000268
 17    0.000208
 18    0.000169
 19    0.000141
 20    0.000118
 21    0.000099
Trial Time:          242.73851
  0    1.145533
  1    0.555255
  2    0.298512
  3    0.156228
  4    0.081764
  5    0.044526
  6    0.023933
  7    0.013743
  8    0.007795
  9    0.004796
 10    0.002932
 11    0.001895
 12    0.001223
 13    0.000806
 14    0.000537
 15    0.000370
 16    0.000268
 17    0.000208
 18    0.000169
 19    0.000141
 20    0.000118
 21    0.000099
Trial Time:          251.92199
  0    1.145533
  1    0.555255
  2    0.298512
  3    0.156228
  4    0.081764
  5    0.044526
  6    0.023933
  7    0.013743
  8    0.007795
  9    0.004796
 10    0.002932
 11    0.001895
 12    0.001223
 13    0.000806
 14    0.000537
 15    0.000370
 16    0.000268
 17    0.000208
 18    0.000169
 19    0.000141
 20    0.000118
 21    0.000099
Trial Time:          255.24591
  0    1.145533
  1    0.555255
  2    0.298512
  3    0.156228
  4    0.081764
  5    0.044526
  6    0.023933
  7    0.013743
  8    0.007795
  9    0.004796
 10    0.002932
 11    0.001895
 12    0.001223
 13    0.000806
 14    0.000537
 15    0.000370
 16    0.000268
 17    0.000208
 18    0.000169
 19    0.000141
 20    0.000118
 21    0.000099
Trial Time:          267.40555
  0    1.145533
  1    0.555255
  2    0.298512
  3    0.156228
  4    0.081764
  5    0.044526
  6    0.023933
  7    0.013743
  8    0.007795
  9    0.004796
 10    0.002932
 11    0.001895
 12    0.001223
 13    0.000806
 14    0.000537
 15    0.000370
 16    0.000268
 17    0.000208
 18    0.000169
 19    0.000141
 20    0.000118
 21    0.000099
Trial Time:          269.19291
Average Time:        297.36985
000268
 17    0.000208
 18    0.000169
 19    0.000141
 20    0.000118
 21    0.000099
Trial Time:          239.70271
  0    1.145533
  1    0.555255
  2    0.298512
  3    0.156228
  4    0.081764
  5    0.044526
  6    0.023933
  7    0.013743
  8    0.007795
  9    0.004796
 10    0.002932
 11    0.001895
 12    0.001223
 13    0.000806
 14    0.000537
 15    0.000370
 16    0.000268
 17    0.000208
 18    0.000169
 19    0.000141
 20    0.000118
 21    0.000099
Trial Time:          243.01693
  0    1.145533
  1    0.555255
  2    0.298512
  3    0.156228
  4    0.081764
  5    0.044526
  6    0.023933
  7    0.013743
  8    0.007795
  9    0.004796
 10    0.002932
 11    0.001895
 12    0.001223
 13    0.000806
 14    0.000537
 15    0.000370
 16    0.000268
 17    0.000208
 18    0.000169
 19    0.000141
 20    0.000118
 21    0.000099
Trial Time:          251.36860
  0    1.145533
  1    0.555255
  2    0.298512
  3    0.156228
  4    0.081764
  5    0.044526
  6    0.023933
  7    0.013743
  8    0.007795
  9    0.004796
 10    0.002932
 11    0.001895
 12    0.001223
 13    0.000806
 14    0.000537
 15    0.000370
 16    0.000268
 17    0.000208
 18    0.000169
 19    0.000141
 20    0.000118
 21    0.000099
Trial Time:          255.36135
  0    1.145533
  1    0.555255
  2    0.298512
  3    0.156228
  4    0.081764
  5    0.044526
  6    0.023933
  7    0.013743
  8    0.007795
  9    0.004796
 10    0.002932
 11    0.001895
 12    0.001223
 13    0.000806
 14    0.000537
 15    0.000370
 16    0.000268
 17    0.000208
 18    0.000169
 19    0.000141
 20    0.000118
 21    0.000099
Trial Time:          268.26948
  0    1.145533
  1    0.555255
  2    0.298512
  3    0.156228
  4    0.081764
  5    0.044526
  6    0.023933
  7    0.013743
  8    0.007795
  9    0.004796
 10    0.002932
 11    0.001895
 12    0.001223
 13    0.000806
 14    0.000537
 15    0.000370
 16    0.000268
 17    0.000208
 18    0.000169
 19    0.000141
 20    0.000118
 21    0.000099
Trial Time:          269.17067
Average Time:        297.38048
000268
 17    0.000208
 18    0.000169
 19    0.000141
 20    0.000118
 21    0.000099
Trial Time:          244.51077
  0    1.145533
  1    0.555255
  2    0.298512
  3    0.156228
  4    0.081764
  5    0.044526
  6    0.023933
  7    0.013743
  8    0.007795
  9    0.004796
 10    0.002932
 11    0.001895
 12    0.001223
 13    0.000806
 14    0.000537
 15    0.000370
 16    0.000268
 17    0.000208
 18    0.000169
 19    0.000141
 20    0.000118
 21    0.000099
Trial Time:          244.76677
  0    1.145533
  1    0.555255
  2    0.298512
  3    0.156228
  4    0.081764
  5    0.044526
  6    0.023933
  7    0.013743
  8    0.007795
  9    0.004796
 10    0.002932
 11    0.001895
 12    0.001223
 13    0.000806
 14    0.000537
 15    0.000370
 16    0.000268
 17    0.000208
 18    0.000169
 19    0.000141
 20    0.000118
 21    0.000099
Trial Time:          257.09646
  0    1.145533
  1    0.555255
  2    0.298512
  3    0.156228
  4    0.081764
  5    0.044526
  6    0.023933
  7    0.013743
  8    0.007795
  9    0.004796
 10    0.002932
 11    0.001895
 12    0.001223
 13    0.000806
 14    0.000537
 15    0.000370
 16    0.000268
 17    0.000208
 18    0.000169
 19    0.000141
 20    0.000118
 21    0.000099
Trial Time:          261.89346
  0    1.145533
  1    0.555255
  2    0.298512
  3    0.156228
  4    0.081764
  5    0.044526
  6    0.023933
  7    0.013743
  8    0.007795
  9    0.004796
 10    0.002932
 11    0.001895
 12    0.001223
 13    0.000806
 14    0.000537
 15    0.000370
 16    0.000268
 17    0.000208
 18    0.000169
 19    0.000141
 20    0.000118
 21    0.000099
Trial Time:          270.21521
  0    1.145533
  1    0.555255
  2    0.298512
  3    0.156228
  4    0.081764
  5    0.044526
  6    0.023933
  7    0.013743
  8    0.007795
  9    0.004796
 10    0.002932
 11    0.001895
 12    0.001223
 13    0.000806
 14    0.000537
 15    0.000370
 16    0.000268
 17    0.000208
 18    0.000169
 19    0.000141
 20    0.000118
 21    0.000099
Trial Time:          258.66503
Average Time:        299.03718
000268
 17    0.000208
 18    0.000169
 19    0.000141
 20    0.000118
 21    0.000099
Trial Time:          244.36475
  0    1.145533
  1    0.555255
  2    0.298512
  3    0.156228
  4    0.081764
  5    0.044526
  6    0.023933
  7    0.013743
  8    0.007795
  9    0.004796
 10    0.002932
 11    0.001895
 12    0.001223
 13    0.000806
 14    0.000537
 15    0.000370
 16    0.000268
 17    0.000208
 18    0.000169
 19    0.000141
 20    0.000118
 21    0.000099
Trial Time:          244.77899
  0    1.145533
  1    0.555255
  2    0.298512
  3    0.156228
  4    0.081764
  5    0.044526
  6    0.023933
  7    0.013743
  8    0.007795
  9    0.004796
 10    0.002932
 11    0.001895
 12    0.001223
 13    0.000806
 14    0.000537
 15    0.000370
 16    0.000268
 17    0.000208
 18    0.000169
 19    0.000141
 20    0.000118
 21    0.000099
Trial Time:          257.19865
  0    1.145533
  1    0.555255
  2    0.298512
  3    0.156228
  4    0.081764
  5    0.044526
  6    0.023933
  7    0.013743
  8    0.007795
  9    0.004796
 10    0.002932
 11    0.001895
 12    0.001223
 13    0.000806
 14    0.000537
 15    0.000370
 16    0.000268
 17    0.000208
 18    0.000169
 19    0.000141
 20    0.000118
 21    0.000099
Trial Time:          262.66630
  0    1.145533
  1    0.555255
  2    0.298512
  3    0.156228
  4    0.081764
  5    0.044526
  6    0.023933
  7    0.013743
  8    0.007795
  9    0.004796
 10    0.002932
 11    0.001895
 12    0.001223
 13    0.000806
 14    0.000537
 15    0.000370
 16    0.000268
 17    0.000208
 18    0.000169
 19    0.000141
 20    0.000118
 21    0.000099
Trial Time:          270.55858
  0    1.145533
  1    0.555255
  2    0.298512
  3    0.156228
  4    0.081764
  5    0.044526
  6    0.023933
  7    0.013743
  8    0.007795
  9    0.004796
 10    0.002932
 11    0.001895
 12    0.001223
 13    0.000806
 14    0.000537
 15    0.000370
 16    0.000268
 17    0.000208
 18    0.000169
 19    0.000141
 20    0.000118
 21    0.000099
Trial Time:          254.33958
Average Time:        299.54510
000268
 17    0.000208
 18    0.000169
 19    0.000141
 20    0.000118
 21    0.000099
Trial Time:          242.23954
  0    1.145533
  1    0.555255
  2    0.298512
  3    0.156228
  4    0.081764
  5    0.044526
  6    0.023933
  7    0.013743
  8    0.007795
  9    0.004796
 10    0.002932
 11    0.001895
 12    0.001223
 13    0.000806
 14    0.000537
 15    0.000370
 16    0.000268
 17    0.000208
 18    0.000169
 19    0.000141
 20    0.000118
 21    0.000099
Trial Time:          239.85371
  0    1.145533
  1    0.555255
  2    0.298512
  3    0.156228
  4    0.081764
  5    0.044526
  6    0.023933
  7    0.013743
  8    0.007795
  9    0.004796
 10    0.002932
 11    0.001895
 12    0.001223
 13    0.000806
 14    0.000537
 15    0.000370
 16    0.000268
 17    0.000208
 18    0.000169
 19    0.000141
 20    0.000118
 21    0.000099
Trial Time:          253.47653
  0    1.145533
  1    0.555255
  2    0.298512
  3    0.156228
  4    0.081764
  5    0.044526
  6    0.023933
  7    0.013743
  8    0.007795
  9    0.004796
 10    0.002932
 11    0.001895
 12    0.001223
 13    0.000806
 14    0.000537
 15    0.000370
 16    0.000268
 17    0.000208
 18    0.000169
 19    0.000141
 20    0.000118
 21    0.000099
Trial Time:          260.58272
  0    1.145533
  1    0.555255
  2    0.298512
  3    0.156228
  4    0.081764
  5    0.044526
  6    0.023933
  7    0.013743
  8    0.007795
  9    0.004796
 10    0.002932
 11    0.001895
 12    0.001223
 13    0.000806
 14    0.000537
 15    0.000370
 16    0.000268
 17    0.000208
 18    0.000169
 19    0.000141
 20    0.000118
 21    0.000099
Trial Time:          264.96052
  0    1.145533
  1    0.555255
  2    0.298512
  3    0.156228
  4    0.081764
  5    0.044526
  6    0.023933
  7    0.013743
  8    0.007795
  9    0.004796
 10    0.002932
 11    0.001895
 12    0.001223
 13    0.000806
 14    0.000537
 15    0.000370
 16    0.000268
 17    0.000208
 18    0.000169
 19    0.000141
 20    0.000118
 21    0.000099
Trial Time:          249.44813
Average Time:        299.54612
  0    1.145533
  1    0.555255
  2    0.298512
  3    0.156228
  4    0.081764
  5    0.044526
  6    0.023933
  7    0.013743
  8    0.007795
  9    0.004796
 10    0.002932
 11    0.001895
 12    0.001223
 13    0.000806
 14    0.000537
 15    0.000370
 16    0.000268
 17    0.000208
 18    0.000169
 19    0.000141
 20    0.000118
 21    0.000099
Trial Time:          1073.26859
  0    1.145533
  1    0.555255
  2    0.298512
  3    0.156228
  4    0.081764
  5    0.044526
  6    0.023933
  7    0.013743
  8    0.007795
  9    0.004796
 10    0.002932
 11    0.001895
 12    0.001223
 13    0.000806
 14    0.000537
 15    0.000370
 16    0.000268
 17    0.000208
 18    0.000169
 19    0.000141
 20    0.000118
 21    0.000099
Trial Time:          3127.53125
  0    1.145533
  1    0.555255
  2    0.298512
  3    0.156228
  4    0.081764
  5    0.044526
  6    0.023933
  7    0.013743
  8    0.007795
  9    0.004796
 10    0.002932
 11    0.001895
 12    0.001223
 13    0.000806
 14    0.000537
 15    0.000370
 16    0.000268
 17    0.000208
 18    0.000169
 19    0.000141
 20    0.000118
 21    0.000099
Trial Time:          280.85906
  0    1.145533
  1    0.555255
  2    0.298512
  3    0.156228
  4    0.081764
  5    0.044526
  6    0.023933
  7    0.013743
  8    0.007795
  9    0.004796
 10    0.002932
 11    0.001895
 12    0.001223
 13    0.000806
 14    0.000537
 15    0.000370
 16    0.000268
 17    0.000208
 18    0.000169
 19    0.000141
 20    0.000118
 21    0.000099
Trial Time:          268.40603
  0    1.145533
  1    0.555255
  2    0.298512
  3    0.156228
  4    0.081764
  5    0.044526
  6    0.023933
  7    0.013743
  8    0.007795
  9    0.004796
 10    0.002932
 11    0.001895
 12    0.001223
 13    0.000806
 14    0.000537
 15    0.000370
 16    0.000268
 17    0.000208
 18    0.000169
 19    0.000141
 20    0.000118
 21    0.000099
Trial Time:          156.34973
  0    1.145533
  1    0.555255
  2    0.298512
  3    0.156228
  4    0.081764
  5    0.044526
  6    0.023933
  7    0.013743
  8    0.007795
  9    0.004796
 10    0.002932
 11    0.001895
 12    0.001223
 13    0.000806
 14    0.000537
 15    0.000370
 16    0.000268
 17    0.000208
 18    0.000169
 19    0.000141
 20    0.000118
 21    0.000099
Trial Time:          142.66565
  0    1.145533
  1    0.555255
  2    0.298512
  3    0.156228
  4    0.081764
  5    0.044526
  6    0.023933
  7    0.013743
  8    0.007795
  9    0.004796
 10    0.002932
 11    0.001895
 12    0.001223
 13    0.000806
 14    0.000537
 15    0.000370
 16    0.000268
 17    0.000208
 18    0.000169
 19    0.000141
 20    0.000118
 21    0.000099
Trial Time:          142.41068
  0    1.145533
  1    0.555255
  2    0.298512
  3    0.156228
  4    0.081764
  5    0.044526
  6    0.023933
  7    0.013743
  8    0.007795
  9    0.004796
 10    0.002932
 11    0.001895
 12    0.001223
 13    0.000806
 14    0.000537
 15    0.000370
 16    0.000268
 17    0.000208
 18    0.000169
 19    0.000141
 20    0.000118
 21    0.000099
Trial Time:          142.76552
  0    1.145533
  1    0.555255
  2    0.298512
  3    0.156228
  4    0.081764
  5    0.044526
  6    0.023933
  7    0.013743
  8    0.007795
  9    0.004796
 10    0.002932
 11    0.001895
 12    0.001223
 13    0.000806
 14    0.000537
 15    0.000370
 16    0.000268
 17    0.000208
 18    0.000169
 19    0.000141
 20    0.000118
 21    0.000099
Trial Time:          142.41147
  0    1.145533
  1    0.555255
  2    0.298512
  3    0.156228
  4    0.081764
  5    0.044526
  6    0.023933
  7    0.013743
  8    0.007795
  9    0.004796
 10    0.002932
 11    0.001895
 12    0.001223
 13    0.000806
 14    0.000537
 15    0.000370
 16    0.000268
 17    0.000208
 18    0.000169
 19    0.000141
 20    0.000118
 21    0.000099
Trial Time:          143.35164
  0    1.145533
  1    0.555255
  2    0.298512
  3    0.156228
  4    0.081764
  5    0.044526
  6    0.023933
  7    0.013743
  8    0.007795
  9    0.004796
 10    0.002932
 11    0.001895
 12    0.001223
 13    0.000806
 14    0.000537
 15    0.000370
 16    0.000268
 17    0.000208
 18    0.000169
 19    0.000141
 20    0.000118
 21    0.000099
Trial Time:          143.35772
  0    1.145533
  1    0.555255
  2    0.298512
  3    0.156228
  4    0.081764
  5    0.044526
  6    0.023933
  7    0.013743
  8    0.007795
  9    0.004796
 10    0.002932
 11    0.001895
 12    0.001223
 13    0.000806
 14    0.000537
 15    0.000370
 16    0.000268
 17    0.000208
 18    0.000169
 19    0.000141
 20    0.000118
 21    0.000099
Trial Time:          142.25766
  0    1.145533
  1    0.555255
  2    0.298512
  3    0.156228
  4    0.081764
  5    0.044526
  6    0.023933
  7    0.013743
  8    0.007795
  9    0.004796
 10    0.002932
 11    0.001895
 12    0.001223
 13    0.000806
 14    0.000537
 15    0.000370
 16    0.000268
 17    0.000208
 18    0.000169
 19    0.000141
 20    0.000118
 21    0.000099
Trial Time:          142.50948
  0    1.145533
  1    0.555255
  2    0.298512
  3    0.156228
  4    0.081764
  5    0.044526
  6    0.023933
  7    0.013743
  8    0.007795
  9    0.004796
 10    0.002932
 11    0.001895
 12    0.001223
 13    0.000806
 14    0.000537
 15    0.000370
 16    0.000268
 17    0.000208
 18    0.000169
 19    0.000141
 20    0.000118
 21    0.000099
Trial Time:          142.64540
  0    1.145533
  1    0.555255
  2    0.298512
  3    0.156228
  4    0.081764
  5    0.044526
  6    0.023933
  7    0.013743
  8    0.007795
  9    0.004796
 10    0.002932
 11    0.001895
 12    0.001223
 13    0.000806
 14    0.000537
 15    0.000370
 16    0.000268
 17    0.000208
 18    0.000169
 19    0.000141
 20    0.000118
 21    0.000099
Trial Time:          142.35216
  0    1.145533
  1    0.555255
  2    0.298512
  3    0.156228
  4    0.081764
  5    0.044526
  6    0.023933
  7    0.013743
  8    0.007795
  9    0.004796
 10    0.002932
 11    0.001895
 12    0.001223
 13    0.000806
 14    0.000537
 15    0.000370
 16    0.000268
 17    0.000208
 18    0.000169
 19    0.000141
 20    0.000118
 21    0.000099
Trial Time:          142.85314
Average Time:        404.74970
Execution File:   /scale/cal1/home/ybmoon/research/numa_autofdo/gapbs/bin-adt_exp/pr
Num of Programs:  8
Program Path:     /scale/cal1/home/ybmoon/research/numa_autofdo/gapbs/bin-adt_exp/
Progarm Options:  /scale/cal1/home/ybmoon/research/numa_autofdo/gapbs/bin-adt_exp/pr
i:1, argv[5]:-f
option1:-f
i:2, argv[6]:/home/ybmoon/workloads/gapbs-data/twitter.sg
option2:/home/ybmoon/workloads/gapbs-data/twitter.sg
i:3, argv[7]:-i1000
option3:-i1000
i:4, argv[8]:-t1e-4
option4:-t1e-4
i:5, argv[9]:-n16
option5:-n16
tmp_node: 0
Local DRAM Allocation
Core: 0
Directory [0]:   /scale/cal1/home/ybmoon/research/numa_autofdo/gapbs/bin-adt_exp/
exe_path: /scale/cal1/home/ybmoon/research/numa_autofdo/gapbs/bin-adt_exp/pr
Core: 1
Directory [1]:   /scale/cal1/home/ybmoon/research/numa_autofdo/gapbs/bin-adt_exp/
exe_path: /scale/cal1/home/ybmoon/research/numa_autofdo/gapbs/bin-adt_exp/pr
Core: 2
Directory [2]:   /scale/cal1/home/ybmoon/research/numa_autofdo/gapbs/bin-adt_exp/
exe_path: /scale/cal1/home/ybmoon/research/numa_autofdo/gapbs/bin-adt_exp/pr
Core: 3
Directory [3]:   /scale/cal1/home/ybmoon/research/numa_autofdo/gapbs/bin-adt_exp/
exe_path: /scale/cal1/home/ybmoon/research/numa_autofdo/gapbs/bin-adt_exp/pr
Core: 4
Directory [4]:   /scale/cal1/home/ybmoon/research/numa_autofdo/gapbs/bin-adt_exp/
exe_path: /scale/cal1/home/ybmoon/research/numa_autofdo/gapbs/bin-adt_exp/pr
Core: 5
Directory [5]:   /scale/cal1/home/ybmoon/research/numa_autofdo/gapbs/bin-adt_exp/
exe_path: /scale/cal1/home/ybmoon/research/numa_autofdo/gapbs/bin-adt_exp/pr
Core: 6
Directory [6]:   /scale/cal1/home/ybmoon/research/numa_autofdo/gapbs/bin-adt_exp/
exe_path: /scale/cal1/home/ybmoon/research/numa_autofdo/gapbs/bin-adt_exp/pr
Core: 7
Directory [7]:   /scale/cal1/home/ybmoon/research/numa_autofdo/gapbs/bin-adt_exp/
exe_path: /scale/cal1/home/ybmoon/research/numa_autofdo/gapbs/bin-adt_exp/pr
Process Start
Process Start
Process Start
Process Start
Wait PID: 29568
Process Start
Wait PID: 29570
Process Start
Wait PID: 29572
Process Start
Process Start
Wait PID: 29574
Wait PID: 29576
Wait PID: 29578
Wait PID: 29579
Wait PID: 29580
Execution Time (24) => 4907403934871.00 ns
Execution Time (16) => 4910762287015.00 ns
Execution Time (8) => 4917585811036.00 ns
Execution Time (28) => 4917764938540.00 ns
Execution Time (20) => 4944194038494.00 ns
Execution Time (2) => 4952334345842.00 ns
Execution Time (6) => 4952372194163.00 ns
Execution Time (12) => 6635516852455.00 ns
('Full Command: ', '/scale/cal/home/ybmoon/migration/workloads/gap-spec-wrapper/second-wrapper/second_wrapper 0 8 /scale/cal1/home/ybmoon/research/numa_autofdo/gapbs/bin-adt_exp/ /scale/cal1/home/ybmoon/research/numa_autofdo/gapbs/bin-adt_exp/pr -f /home/ybmoon/workloads/gapbs-data/twitter.sg -i1000 -t1e-4 -n16')
execution_time 6635.82 (s)
