 BI-CGSTAB & symmetric difference scheme 
 BI-CGSTAB & symmetric difference scheme 
 BI-CGSTAB & symmetric difference scheme 
 3D  Laminar shock wave propagation
 3D  Laminar shock wave propagation
 BI-CGSTAB & symmetric difference scheme 
 3D  Laminar shock wave propagation
 BI-CGSTAB & symmetric difference scheme 
 BI-CGSTAB & symmetric difference scheme 
 BI-CGSTAB & symmetric difference scheme 
 BI-CGSTAB & symmetric difference scheme 
 3D  Laminar shock wave propagation
 3D  Laminar shock wave propagation
 3D  Laminar shock wave propagation
 3D  Laminar shock wave propagation
 3D  Laminar shock wave propagation
 Re:   100000.000000    Pr:        0.720000
 Re:   100000.000000    Pr:        0.720000
 Re:   100000.000000    Pr:        0.720000
 Re:   100000.000000    Pr:        0.720000
 Re:   100000.000000    Pr:        0.720000
 Re:   100000.000000    Pr:        0.720000
 Re:   100000.000000    Pr:        0.720000
 Re:   100000.000000    Pr:        0.720000
 grid size is:    108   131   251
 grid size is:    108   131   251
 grid size is:    108   131   251
 grid size is:    108   131   251
 grid size is:    108   131   251
 grid size is:    108   131   251
 grid size is:    108   131   251
 grid size is:    108   131   251
 CFL:  2.000   nuim:  0.100  nuex2:  0.100 nuex4:  0.050
 CFL:  2.000   nuim:  0.100  nuex2:  0.100 nuex4:  0.050
 CFL:  2.000   nuim:  0.100  nuex2:  0.100 nuex4:  0.050
 Implicit scheme is working
 CFL:  2.000   nuim:  0.100  nuex2:  0.100 nuex4:  0.050
 CFL:  2.000   nuim:  0.100  nuex2:  0.100 nuex4:  0.050
 Implicit scheme is working
 Cubic initial configuration
 Implicit scheme is working
 CFL:  2.000   nuim:  0.100  nuex2:  0.100 nuex4:  0.050
 Implicit scheme is working
 Implicit scheme is working
 Cubic initial configuration
 Cubic initial configuration
 CFL:  2.000   nuim:  0.100  nuex2:  0.100 nuex4:  0.050
 Cubic initial configuration
 Cubic initial configuration
 CFL:  2.000   nuim:  0.100  nuex2:  0.100 nuex4:  0.050
 Implicit scheme is working
 Number of Time Steps:     80
 Implicit scheme is working
 Number of Time Steps:     80

 Number of Time Steps:     80
 Implicit scheme is working

 Number of Time Steps:     80
 Cubic initial configuration

 Cubic initial configuration
 Number of Time Steps:     80

 Cubic initial configuration

 Number of Time Steps:     80

 Number of Time Steps:     80

 Number of Time Steps:     80

 Time step:      1  dt:    0.26805236261E-03
 Time step:      1  dt:    0.26805236261E-03
 Time step:      1  dt:    0.26805236261E-03
 Time step:      1  dt:    0.26805236261E-03
 Time step:      1  dt:    0.26805236261E-03
 Time step:      1  dt:    0.26805236261E-03
 Time step:      1  dt:    0.26805236261E-03
 Time step:      1  dt:    0.26805236261E-03
    0.11557376220        0.10000000000E-02
    0.11557376220        0.10000000000E-02
    0.11557376220        0.10000000000E-02
    0.11557376220        0.10000000000E-02
    0.11557376220        0.10000000000E-02
    0.11557376220        0.10000000000E-02
    0.11557376220        0.10000000000E-02
    0.11557376220        0.10000000000E-02
 Time step:      2  dt:    0.47208337367E-03
 Time step:      2  dt:    0.47208337367E-03
 Time step:      2  dt:    0.47208337367E-03
 Time step:      2  dt:    0.47208337367E-03
 Time step:      2  dt:    0.47208337367E-03
 Time step:      2  dt:    0.47208337367E-03
 Time step:      2  dt:    0.47208337367E-03
 Time step:      2  dt:    0.47208337367E-03
     1.0239562037        0.10000000000E-02
     1.0239562037        0.10000000000E-02
     1.0239562037        0.10000000000E-02
     1.0239562037        0.10000000000E-02
     1.0239562037        0.10000000000E-02
     1.0239562037        0.10000000000E-02
     1.0239562037        0.10000000000E-02
     1.0239562037        0.10000000000E-02
 Time step:      3  dt:    0.62581972425E-03
 Time step:      3  dt:    0.62581972425E-03
 Time step:      3  dt:    0.62581972425E-03
 Time step:      3  dt:    0.62581972425E-03
 Time step:      3  dt:    0.62581972425E-03
 Time step:      3  dt:    0.62581972425E-03
 Time step:      3  dt:    0.62581972425E-03
 Time step:      3  dt:    0.62581972425E-03
     2.6405459908        0.10000000000E-02
     2.6405459908        0.10000000000E-02
     2.6405459908        0.10000000000E-02
     2.6405459908        0.10000000000E-02
     2.6405459908        0.10000000000E-02
     2.6405459908        0.10000000000E-02
     2.6405459908        0.10000000000E-02
     2.6405459908        0.10000000000E-02
 Time step:      4  dt:    0.76977754979E-03
 Time step:      4  dt:    0.76977754979E-03
 Time step:      4  dt:    0.76977754979E-03
 Time step:      4  dt:    0.76977754979E-03
 Time step:      4  dt:    0.76977754979E-03
 Time step:      4  dt:    0.76977754979E-03
 Time step:      4  dt:    0.76977754979E-03
 Time step:      4  dt:    0.76977754979E-03
     4.6482164443        0.10000000000E-02
     4.6482164443        0.10000000000E-02
     4.6482164443        0.10000000000E-02
     4.6482164443        0.10000000000E-02
     4.6482164443        0.10000000000E-02
     4.6482164443        0.10000000000E-02
     4.6482164443        0.10000000000E-02
     4.6482164443        0.10000000000E-02
 Time step:      5  dt:    0.91718477246E-03
 Time step:      5  dt:    0.91718477246E-03
 Time step:      5  dt:    0.91718477246E-03
 Time step:      5  dt:    0.91718477246E-03
 Time step:      5  dt:    0.91718477246E-03
 Time step:      5  dt:    0.91718477246E-03
 Time step:      5  dt:    0.91718477246E-03
     6.8644980707        0.10000000000E-02
 Time step:      5  dt:    0.91718477246E-03
     6.8644980707        0.10000000000E-02
     6.8644980707        0.10000000000E-02
     6.8644980707        0.10000000000E-02
     6.8644980707        0.10000000000E-02
     6.8644980707        0.10000000000E-02
     6.8644980707        0.10000000000E-02
     6.8644980707        0.10000000000E-02
 Time step:      6  dt:    0.10727042012E-02
 Time step:      6  dt:    0.10727042012E-02
 Time step:      6  dt:    0.10727042012E-02
 Time step:      6  dt:    0.10727042012E-02
 Time step:      6  dt:    0.10727042012E-02
     9.4472013631        0.10000000000E-02
 Time step:      6  dt:    0.10727042012E-02
 Time step:      6  dt:    0.10727042012E-02
     9.4472013631        0.10000000000E-02
     9.4472013631        0.10000000000E-02
     9.4472013631        0.10000000000E-02
     9.4472013631        0.10000000000E-02
     9.4472013631        0.10000000000E-02
     9.4472013631        0.10000000000E-02
 Time step:      7  dt:    0.12319768090E-02
 Time step:      7  dt:    0.12319768090E-02
 Time step:      7  dt:    0.12319768090E-02
 Time step:      6  dt:    0.10727042012E-02
 Time step:      7  dt:    0.12319768090E-02
     12.881245174        0.10000000000E-02
 Time step:      7  dt:    0.12319768090E-02
     12.881245174        0.10000000000E-02
     12.881245174        0.10000000000E-02
     9.4472013631        0.10000000000E-02
     12.881245174        0.10000000000E-02
     12.881245174        0.10000000000E-02
 Time step:      7  dt:    0.12319768090E-02
     12.881245174        0.10000000000E-02
 Time step:      7  dt:    0.12319768090E-02
     12.881245174        0.10000000000E-02
 Time step:      8  dt:    0.13584135263E-02
 Time step:      8  dt:    0.13584135263E-02
 Time step:      8  dt:    0.13584135263E-02
 Time step:      8  dt:    0.13584135263E-02
 Time step:      8  dt:    0.13584135263E-02
     16.316202725        0.10000000000E-02
     16.316202725        0.10000000000E-02
     16.316202725        0.10000000000E-02
     16.316202725        0.10000000000E-02
     16.316202725        0.10000000000E-02
 Time step:      8  dt:    0.13584135263E-02
     16.316202725        0.10000000000E-02
 Time step:      8  dt:    0.13584135263E-02
 Time step:      9  dt:    0.15167213306E-02
 Time step:      9  dt:    0.15167213306E-02
     16.316202725        0.10000000000E-02
 Time step:      9  dt:    0.15167213306E-02
     22.533929508        0.10000000000E-02
     22.533929508        0.10000000000E-02
 Time step:      9  dt:    0.15167213306E-02
     22.533929508        0.10000000000E-02
     22.533929508        0.10000000000E-02
 Time step:      9  dt:    0.15167213306E-02
     22.533929508        0.10000000000E-02
 Time step:      7  dt:    0.12319768090E-02
     12.881245174        0.10000000000E-02
 Time step:     10  dt:    0.17029364751E-02
 Time step:     10  dt:    0.17029364751E-02
 Time step:      9  dt:    0.15167213306E-02
 Time step:     10  dt:    0.17029364751E-02
 Time step:     10  dt:    0.17029364751E-02
     30.894675555        0.10000000000E-02
 Time step:     10  dt:    0.17029364751E-02
     30.894675555        0.10000000000E-02
     22.533929508        0.10000000000E-02
     30.894675555        0.10000000000E-02
     30.894675555        0.10000000000E-02
     30.894675555        0.10000000000E-02
 Time step:      9  dt:    0.15167213306E-02
     22.533929508        0.10000000000E-02
 Time step:      8  dt:    0.13584135263E-02
     16.316202725        0.10000000000E-02
 Time step:     11  dt:    0.18771070628E-02
 Time step:     10  dt:    0.17029364751E-02
     37.776372911        0.10000000000E-02
     30.894675555        0.10000000000E-02
 Time step:     11  dt:    0.18771070628E-02
 Time step:     11  dt:    0.18771070628E-02
 Time step:     10  dt:    0.17029364751E-02
 Time step:     11  dt:    0.18771070628E-02
     37.776372911        0.10000000000E-02
     37.776372911        0.10000000000E-02
     37.776372911        0.10000000000E-02
     30.894675555        0.10000000000E-02
 Time step:      9  dt:    0.15167213306E-02
 Time step:     11  dt:    0.18771070628E-02
     22.533929508        0.10000000000E-02
     37.776372911        0.10000000000E-02
 Time step:     12  dt:    0.20281194873E-02
 Time step:     12  dt:    0.20281194873E-02
 Time step:     11  dt:    0.18771070628E-02
     41.946591551        0.10000000000E-02
     41.946591551        0.10000000000E-02
     37.776372911        0.10000000000E-02
 Time step:     12  dt:    0.20281194873E-02
     41.946591551        0.10000000000E-02
 Time step:     11  dt:    0.18771070628E-02
 Time step:     12  dt:    0.20281194873E-02
     41.946591551        0.10000000000E-02
     37.776372911        0.10000000000E-02
 Time step:     10  dt:    0.17029364751E-02
     30.894675555        0.10000000000E-02
 Time step:     12  dt:    0.20281194873E-02
 Time step:     13  dt:    0.21654052177E-02
     41.946591551        0.10000000000E-02
     44.585679021        0.10000000000E-02
 Time step:     13  dt:    0.21654052177E-02
 Time step:     13  dt:    0.21654052177E-02
     44.585679021        0.10000000000E-02
     44.585679021        0.10000000000E-02
 Time step:     12  dt:    0.20281194873E-02
     41.946591551        0.10000000000E-02
 Time step:     13  dt:    0.21654052177E-02
     44.585679021        0.10000000000E-02
 Time step:     11  dt:    0.18771070628E-02
     37.776372911        0.10000000000E-02
 Time step:     14  dt:    0.23074034686E-02
 Time step:     14  dt:    0.23074034686E-02
     47.352617235        0.10000000000E-02
     47.352617235        0.10000000000E-02
 Time step:     13  dt:    0.21654052177E-02
 Time step:     14  dt:    0.23074034686E-02
     47.352617235        0.10000000000E-02
 Time step:     14  dt:    0.23074034686E-02
 Time step:     12  dt:    0.20281194873E-02
     47.352617235        0.10000000000E-02
 Time step:     13  dt:    0.21654052177E-02
     41.946591551        0.10000000000E-02
 Time step:     12  dt:    0.20281194873E-02
     44.585679021        0.10000000000E-02
     41.946591551        0.10000000000E-02
 Time step:     15  dt:    0.24538290105E-02
     49.966127384        0.10000000000E-02
 Time step:     15  dt:    0.24538290105E-02
     49.966127384        0.10000000000E-02
 Time step:     15  dt:    0.24538290105E-02
     49.966127384        0.10000000000E-02
 Time step:     15  dt:    0.24538290105E-02
     49.966127384        0.10000000000E-02
 Time step:     13  dt:    0.21654052177E-02
 Time step:     14  dt:    0.23074034686E-02
 Time step:     13  dt:    0.21654052177E-02
     44.585679021        0.10000000000E-02
     44.585679021        0.10000000000E-02
     47.352617235        0.10000000000E-02
 Time step:     16  dt:    0.26012251103E-02
     51.971687789        0.10000000000E-02
 Time step:     16  dt:    0.26012251103E-02
     51.971687789        0.10000000000E-02
 Time step:     16  dt:    0.26012251103E-02
     51.971687789        0.10000000000E-02
 Time step:     14  dt:    0.23074034686E-02
     44.585679021        0.10000000000E-02
     47.352617235        0.10000000000E-02
 Time step:     14  dt:    0.23074034686E-02
 Time step:     16  dt:    0.26012251103E-02
     51.971687789        0.10000000000E-02
     47.352617235        0.10000000000E-02
 Time step:     15  dt:    0.24538290105E-02
     49.966127384        0.10000000000E-02
 Time step:     17  dt:    0.27483464888E-02
 Time step:     17  dt:    0.27483464888E-02
     53.334836305        0.10000000000E-02
 Time step:     17  dt:    0.27483464888E-02
     53.334836305        0.10000000000E-02
     53.334836305        0.10000000000E-02
 Time step:     15  dt:    0.24538290105E-02
     49.966127384        0.10000000000E-02
 Time step:     17  dt:    0.27483464888E-02
 Time step:     14  dt:    0.23074034686E-02
 Time step:     15  dt:    0.24538290105E-02
     53.334836305        0.10000000000E-02
     47.352617235        0.10000000000E-02
     49.966127384        0.10000000000E-02
 Time step:     16  dt:    0.26012251103E-02
     51.971687789        0.10000000000E-02
 Time step:     18  dt:    0.28952149991E-02
 Time step:     18  dt:    0.28952149991E-02
 Time step:     18  dt:    0.28952149991E-02
     54.279257956        0.10000000000E-02
     54.279257956        0.10000000000E-02
     54.279257956        0.10000000000E-02
 Time step:     16  dt:    0.26012251103E-02
     51.971687789        0.10000000000E-02
 Time step:     15  dt:    0.24538290105E-02
     49.966127384        0.10000000000E-02
 Time step:     18  dt:    0.28952149991E-02
 Time step:     16  dt:    0.26012251103E-02
     54.279257956        0.10000000000E-02
     51.971687789        0.10000000000E-02
 Time step:     17  dt:    0.27483464888E-02
     53.334836305        0.10000000000E-02
 Time step:     19  dt:    0.30422112829E-02
 Time step:     19  dt:    0.30422112829E-02
 Time step:     19  dt:    0.30422112829E-02
     55.045951035        0.10000000000E-02
     55.045951035        0.10000000000E-02
     55.045951035        0.10000000000E-02
 Time step:     17  dt:    0.27483464888E-02
     53.334836305        0.10000000000E-02
 Time step:     16  dt:    0.26012251103E-02
     51.971687789        0.10000000000E-02
 Time step:     19  dt:    0.30422112829E-02
 Time step:     17  dt:    0.27483464888E-02
     55.045951035        0.10000000000E-02
     53.334836305        0.10000000000E-02
 Time step:     18  dt:    0.28952149991E-02
     54.279257956        0.10000000000E-02
 Time step:     20  dt:    0.31900371621E-02
 Time step:     20  dt:    0.31900371621E-02
     55.811914261        0.10000000000E-02
     55.811914261        0.10000000000E-02
 Time step:     20  dt:    0.31900371621E-02
     55.811914261        0.10000000000E-02
 Time step:     18  dt:    0.28952149991E-02
     54.279257956        0.10000000000E-02
 Time step:     17  dt:    0.27483464888E-02
     53.334836305        0.10000000000E-02
 Time step:     18  dt:    0.28952149991E-02
 Time step:     20  dt:    0.31900371621E-02
     54.279257956        0.10000000000E-02
     55.811914261        0.10000000000E-02
 Time step:     19  dt:    0.30422112829E-02
     55.045951035        0.10000000000E-02
 Time step:     21  dt:    0.31803633927E-02
 Time step:     21  dt:    0.31803633927E-02
     46.601344784        0.10000000000E-02
     46.601344784        0.10000000000E-02
 Time step:     21  dt:    0.31803633927E-02
 Time step:     19  dt:    0.30422112829E-02
     46.601344784        0.10000000000E-02
     55.045951035        0.10000000000E-02
 Time step:     18  dt:    0.28952149991E-02
     54.279257956        0.10000000000E-02
 Time step:     19  dt:    0.30422112829E-02
 Time step:     21  dt:    0.31803633927E-02
     55.045951035        0.10000000000E-02
     46.601344784        0.10000000000E-02
 Time step:     20  dt:    0.31900371621E-02
     55.811914261        0.10000000000E-02
 Time step:     22  dt:    0.31721449695E-02
     39.836209861        0.10000000000E-02
 Time step:     22  dt:    0.31721449695E-02
 Time step:     22  dt:    0.31721449695E-02
     39.836209861        0.10000000000E-02
     39.836209861        0.10000000000E-02
 Time step:     20  dt:    0.31900371621E-02
 Time step:     19  dt:    0.30422112829E-02
     55.811914261        0.10000000000E-02
     55.045951035        0.10000000000E-02
 Time step:     20  dt:    0.31900371621E-02
     55.811914261        0.10000000000E-02
 Time step:     22  dt:    0.31721449695E-02
     39.836209861        0.10000000000E-02
 Time step:     23  dt:    0.31628860578E-02
 Time step:     21  dt:    0.31803633927E-02
     34.595735007        0.10000000000E-02
 Time step:     23  dt:    0.31628860578E-02
 Time step:     20  dt:    0.31900371621E-02
     46.601344784        0.10000000000E-02
     34.595735007        0.10000000000E-02
     55.811914261        0.10000000000E-02
 Time step:     21  dt:    0.31803633927E-02
 Time step:     23  dt:    0.31628860578E-02
     46.601344784        0.10000000000E-02
     34.595735007        0.10000000000E-02
 Time step:     23  dt:    0.31628860578E-02
     34.595735007        0.10000000000E-02
 Time step:     21  dt:    0.31803633927E-02
 Time step:     24  dt:    0.31530328847E-02
 Time step:     24  dt:    0.31530328847E-02
     46.601344784        0.10000000000E-02
     30.437663119        0.10000000000E-02
     30.437663119        0.10000000000E-02
 Time step:     22  dt:    0.31721449695E-02
 Time step:     22  dt:    0.31721449695E-02
 Time step:     24  dt:    0.31530328847E-02
     39.836209861        0.10000000000E-02
     39.836209861        0.10000000000E-02
     30.437663119        0.10000000000E-02
 Time step:     21  dt:    0.31803633927E-02
     46.601344784        0.10000000000E-02
 Time step:     22  dt:    0.31721449695E-02
 Time step:     25  dt:    0.31452606247E-02
 Time step:     23  dt:    0.31628860578E-02
     39.836209861        0.10000000000E-02
     27.150626442        0.10000000000E-02
     34.595735007        0.10000000000E-02
 Time step:     23  dt:    0.31628860578E-02
     34.595735007        0.10000000000E-02
 Time step:     25  dt:    0.31452606247E-02
     27.150626442        0.10000000000E-02
 Time step:     22  dt:    0.31721449695E-02
     39.836209861        0.10000000000E-02
 Time step:     23  dt:    0.31628860578E-02
     34.595735007        0.10000000000E-02
 Time step:     24  dt:    0.31530328847E-02
 Time step:     26  dt:    0.31388439622E-02
 Time step:     24  dt:    0.31530328847E-02
     30.437663119        0.10000000000E-02
     24.480803011        0.10000000000E-02
 Time step:     26  dt:    0.31388439622E-02
     30.437663119        0.10000000000E-02
     24.480803011        0.10000000000E-02
 Time step:     25  dt:    0.31452606247E-02
     27.150626442        0.10000000000E-02
 Time step:     23  dt:    0.31628860578E-02
 Time step:     27  dt:    0.31337154402E-02
 Time step:     25  dt:    0.31452606247E-02
 Time step:     25  dt:    0.31452606247E-02
 Time step:     24  dt:    0.31530328847E-02
     34.595735007        0.10000000000E-02
     22.274769651        0.10000000000E-02
 Time step:     27  dt:    0.31337154402E-02
     27.150626442        0.10000000000E-02
     27.150626442        0.10000000000E-02
     30.437663119        0.10000000000E-02
     22.274769651        0.10000000000E-02
 Time step:     26  dt:    0.31388439622E-02
     24.480803011        0.10000000000E-02
 Time step:     28  dt:    0.31296566787E-02
 Time step:     25  dt:    0.31452606247E-02
     20.421418341        0.10000000000E-02
 Time step:     27  dt:    0.31337154402E-02
 Time step:     28  dt:    0.31296566787E-02
     27.150626442        0.10000000000E-02
 Time step:     26  dt:    0.31388439622E-02
 Time step:     26  dt:    0.31388439622E-02
     22.274769651        0.10000000000E-02
     20.421418341        0.10000000000E-02
     24.480803011        0.10000000000E-02
     24.480803011        0.10000000000E-02
 Time step:     24  dt:    0.31530328847E-02
     30.437663119        0.10000000000E-02
 Time step:     24  dt:    0.31530328847E-02
     30.437663119        0.10000000000E-02
 Time step:     27  dt:    0.31337154402E-02
 Time step:     28  dt:    0.31296566787E-02
     22.274769651        0.10000000000E-02
     20.421418341        0.10000000000E-02
 Time step:     29  dt:    0.31267419596E-02
 Time step:     27  dt:    0.31337154402E-02
 Time step:     26  dt:    0.31388439622E-02
 Time step:     25  dt:    0.31452606247E-02
 Time step:     29  dt:    0.31267419596E-02
     18.847488074        0.10000000000E-02
     22.274769651        0.10000000000E-02
     24.480803011        0.10000000000E-02
 Time step:     25  dt:    0.31452606247E-02
     27.150626442        0.10000000000E-02
     18.847488074        0.10000000000E-02
     27.150626442        0.10000000000E-02
 Time step:     28  dt:    0.31296566787E-02
     20.421418341        0.10000000000E-02
 Time step:     29  dt:    0.31267419596E-02
     18.847488074        0.10000000000E-02
 Time step:     26  dt:    0.31388439622E-02
 Time step:     27  dt:    0.31337154402E-02
 Time step:     26  dt:    0.31388439622E-02
 Time step:     28  dt:    0.31296566787E-02
 Time step:     30  dt:    0.31238003889E-02
     24.480803011        0.10000000000E-02
 Time step:     30  dt:    0.31238003889E-02
     24.480803011        0.10000000000E-02
     17.470213321        0.10000000000E-02
     17.470213321        0.10000000000E-02
     20.421418341        0.10000000000E-02
 Time step:     29  dt:    0.31267419596E-02
     18.847488074        0.10000000000E-02
 Time step:     30  dt:    0.31238003889E-02
     17.470213321        0.10000000000E-02
 Time step:     31  dt:    0.31215973412E-02
 Time step:     31  dt:    0.31215973412E-02
 Time step:     27  dt:    0.31337154402E-02
     16.269335718        0.10000000000E-02
 Time step:     27  dt:    0.31337154402E-02
     16.269335718        0.10000000000E-02
     22.274769651        0.10000000000E-02
     22.274769651        0.10000000000E-02
     22.274769651        0.10000000000E-02
 Time step:     29  dt:    0.31267419596E-02
     18.847488074        0.10000000000E-02
 Time step:     30  dt:    0.31238003889E-02
     17.470213321        0.10000000000E-02
 Time step:     31  dt:    0.31215973412E-02
     16.269335718        0.10000000000E-02
 Time step:     28  dt:    0.31296566787E-02
 Time step:     28  dt:    0.31296566787E-02
     20.421418341        0.10000000000E-02
     20.421418341        0.10000000000E-02
 Time step:     32  dt:    0.31207646533E-02
 Time step:     32  dt:    0.31207646533E-02
 Time step:     30  dt:    0.31238003889E-02
 Time step:     28  dt:    0.31296566787E-02
     15.225169064        0.10000000000E-02
     15.225169064        0.10000000000E-02
     17.470213321        0.10000000000E-02
     20.421418341        0.10000000000E-02
 Time step:     31  dt:    0.31215973412E-02
     16.269335718        0.10000000000E-02
 Time step:     29  dt:    0.31267419596E-02
 Time step:     32  dt:    0.31207646533E-02
 Time step:     31  dt:    0.31215973412E-02
     18.847488074        0.10000000000E-02
 Time step:     33  dt:    0.31211497918E-02
 Time step:     29  dt:    0.31267419596E-02
     15.225169064        0.10000000000E-02
 Time step:     29  dt:    0.31267419596E-02
     16.269335718        0.10000000000E-02
     14.306986292        0.10000000000E-02
 Time step:     33  dt:    0.31211497918E-02
     18.847488074        0.10000000000E-02
     18.847488074        0.10000000000E-02
     14.306986292        0.10000000000E-02
 Time step:     32  dt:    0.31207646533E-02
     15.225169064        0.10000000000E-02
 Time step:     30  dt:    0.31238003889E-02
 Time step:     34  dt:    0.31228219552E-02
     17.470213321        0.10000000000E-02
     13.494212095        0.10000000000E-02
 Time step:     30  dt:    0.31238003889E-02
 Time step:     34  dt:    0.31228219552E-02
 Time step:     30  dt:    0.31238003889E-02
     17.470213321        0.10000000000E-02
 Time step:     33  dt:    0.31211497918E-02
     13.494212095        0.10000000000E-02
 Time step:     32  dt:    0.31207646533E-02
     17.470213321        0.10000000000E-02
     15.225169064        0.10000000000E-02
     14.306986292        0.10000000000E-02
 Time step:     31  dt:    0.31215973412E-02
 Time step:     35  dt:    0.31257733695E-02
     16.269335718        0.10000000000E-02
     12.769014185        0.10000000000E-02
 Time step:     33  dt:    0.31211497918E-02
 Time step:     31  dt:    0.31215973412E-02
 Time step:     33  dt:    0.31211497918E-02
 Time step:     35  dt:    0.31257733695E-02
     14.306986292        0.10000000000E-02
     16.269335718        0.10000000000E-02
 Time step:     34  dt:    0.31228219552E-02
     14.306986292        0.10000000000E-02
 Time step:     31  dt:    0.31215973412E-02
     12.769014185        0.10000000000E-02
     16.269335718        0.10000000000E-02
     13.494212095        0.10000000000E-02
 Time step:     32  dt:    0.31207646533E-02
     15.225169064        0.10000000000E-02
 Time step:     34  dt:    0.31228219552E-02
 Time step:     36  dt:    0.31300042946E-02
 Time step:     32  dt:    0.31207646533E-02
     13.494212095        0.10000000000E-02
 Time step:     32  dt:    0.31207646533E-02
     12.117215242        0.10000000000E-02
     15.225169064        0.10000000000E-02
     15.225169064        0.10000000000E-02
 Time step:     35  dt:    0.31257733695E-02
 Time step:     34  dt:    0.31228219552E-02
     12.769014185        0.10000000000E-02
     13.494212095        0.10000000000E-02
 Time step:     33  dt:    0.31211497918E-02
     14.306986292        0.10000000000E-02
 Time step:     33  dt:    0.31211497918E-02
 Time step:     35  dt:    0.31257733695E-02
 Time step:     37  dt:    0.31355544273E-02
 Time step:     33  dt:    0.31211497918E-02
     14.306986292        0.10000000000E-02
     12.769014185        0.10000000000E-02
 Time step:     36  dt:    0.31300042946E-02
     14.306986292        0.10000000000E-02
 Time step:     35  dt:    0.31257733695E-02
     12.117215242        0.10000000000E-02
     12.769014185        0.10000000000E-02
 Time step:     36  dt:    0.31300042946E-02
 Time step:     34  dt:    0.31228219552E-02
     13.494212095        0.10000000000E-02
     12.117215242        0.10000000000E-02
 Time step:     36  dt:    0.31300042946E-02
 Time step:     37  dt:    0.31355544273E-02
 Time step:     36  dt:    0.31300042946E-02
     12.117215242        0.10000000000E-02
     11.528240196        0.10000000000E-02
 Time step:     34  dt:    0.31228219552E-02
     12.117215242        0.10000000000E-02
     13.494212095        0.10000000000E-02
 Time step:     34  dt:    0.31228219552E-02
     13.494212095        0.10000000000E-02
 Time step:     35  dt:    0.31257733695E-02
     12.769014185        0.10000000000E-02
 Time step:     37  dt:    0.31355544273E-02
     11.528240196        0.10000000000E-02
 Time step:     35  dt:    0.31257733695E-02
 Time step:     38  dt:    0.31424519962E-02
     12.769014185        0.10000000000E-02
     10.993742210        0.10000000000E-02
 Time step:     37  dt:    0.31355544273E-02
     11.528240196        0.10000000000E-02
     11.528240196        0.10000000000E-02
 Time step:     36  dt:    0.31300042946E-02
     12.117215242        0.10000000000E-02
 Time step:     39  dt:    0.31506945054E-02
 Time step:     36  dt:    0.31300042946E-02
     10.507011369        0.10000000000E-02
     12.117215242        0.10000000000E-02
 Time step:     38  dt:    0.31424519962E-02
     10.993742210        0.10000000000E-02
 Time step:     38  dt:    0.31424519962E-02
     10.993742210        0.10000000000E-02
 Time step:     35  dt:    0.31257733695E-02
     12.769014185        0.10000000000E-02
 Time step:     37  dt:    0.31355544273E-02
     11.528240196        0.10000000000E-02
 Time step:     37  dt:    0.31355544273E-02
     11.528240196        0.10000000000E-02
 Time step:     40  dt:    0.31602834127E-02
     10.063020120        0.10000000000E-02
 Time step:     37  dt:    0.31355544273E-02
     11.528240196        0.10000000000E-02
 Time step:     38  dt:    0.31424519962E-02
     10.993742210        0.10000000000E-02
 Time step:     39  dt:    0.31506945054E-02
     10.507011369        0.10000000000E-02
 Time step:     38  dt:    0.31424519962E-02
     10.993742210        0.10000000000E-02
 Time step:     38  dt:    0.31424519962E-02
     10.993742210        0.10000000000E-02
 Time step:     41  dt:    0.31712265177E-02
     9.6579611873        0.10000000000E-02
 Time step:     36  dt:    0.31300042946E-02
     12.117215242        0.10000000000E-02
 Time step:     38  dt:    0.31424519962E-02
     10.993742210        0.10000000000E-02
 Time step:     40  dt:    0.31602834127E-02
     10.063020120        0.10000000000E-02
 Time step:     39  dt:    0.31506945054E-02
 Time step:     39  dt:    0.31506945054E-02
     10.507011369        0.10000000000E-02
 Time step:     39  dt:    0.31506945054E-02
     10.507011369        0.10000000000E-02
 Time step:     39  dt:    0.31506945054E-02
     10.507011369        0.10000000000E-02
 Time step:     42  dt:    0.31835165911E-02
     9.2885085562        0.10000000000E-02
 Time step:     37  dt:    0.31355544273E-02
     11.528240196        0.10000000000E-02
 Time step:     41  dt:    0.31712265177E-02
 Time step:     39  dt:    0.31506945054E-02
     9.6579611873        0.10000000000E-02
     10.507011369        0.10000000000E-02
 Time step:     40  dt:    0.31602834127E-02
     10.063020120        0.10000000000E-02
 Time step:     40  dt:    0.31602834127E-02
     10.063020120        0.10000000000E-02
 Time step:     40  dt:    0.31602834127E-02
 Time step:     43  dt:    0.31971314034E-02
     10.063020120        0.10000000000E-02
     8.9515346868        0.10000000000E-02
 Time step:     38  dt:    0.31424519962E-02
     10.993742210        0.10000000000E-02
 Time step:     42  dt:    0.31835165911E-02
 Time step:     40  dt:    0.31602834127E-02
     9.2885085562        0.10000000000E-02
     10.063020120        0.10000000000E-02
 Time step:     41  dt:    0.31712265177E-02
     9.6579611873        0.10000000000E-02
 Time step:     41  dt:    0.31712265177E-02
     9.6579611873        0.10000000000E-02
 Time step:     44  dt:    0.32119146307E-02
     8.6426761545        0.10000000000E-02
 Time step:     41  dt:    0.31712265177E-02
     9.6579611873        0.10000000000E-02
 Time step:     39  dt:    0.31506945054E-02
     10.507011369        0.10000000000E-02
 Time step:     43  dt:    0.31971314034E-02
     8.9515346868        0.10000000000E-02
 Time step:     41  dt:    0.31712265177E-02
     9.6579611873        0.10000000000E-02
 Time step:     42  dt:    0.31835165911E-02
 Time step:     42  dt:    0.31835165911E-02
     9.2885085562        0.10000000000E-02
     9.2885085562        0.10000000000E-02
     10.507011369        0.10000000000E-02
 Time step:     45  dt:    0.32276804752E-02
     8.3574783180        0.10000000000E-02
 Time step:     42  dt:    0.31835165911E-02
     9.2885085562        0.10000000000E-02
 Time step:     40  dt:    0.31602834127E-02
 Time step:     44  dt:    0.32119146307E-02
     10.063020120        0.10000000000E-02
     8.6426761545        0.10000000000E-02
 Time step:     42  dt:    0.31835165911E-02
     9.2885085562        0.10000000000E-02
 Time step:     43  dt:    0.31971314034E-02
     8.9515346868        0.10000000000E-02
 Time step:     46  dt:    0.32446983595E-02
 Time step:     43  dt:    0.31971314034E-02
     8.0964992143        0.10000000000E-02
     8.9515346868        0.10000000000E-02
 Time step:     43  dt:    0.31971314034E-02
     8.9515346868        0.10000000000E-02
 Time step:     45  dt:    0.32276804752E-02
     8.3574783180        0.10000000000E-02
 Time step:     40  dt:    0.31602834127E-02
 Time step:     41  dt:    0.31712265177E-02
     10.063020120        0.10000000000E-02
     9.6579611873        0.10000000000E-02
 Time step:     43  dt:    0.31971314034E-02
     8.9515346868        0.10000000000E-02
 Time step:     44  dt:    0.32119146307E-02
     8.6426761545        0.10000000000E-02
 Time step:     47  dt:    0.32629305149E-02
     7.8568497758        0.10000000000E-02
 Time step:     44  dt:    0.32119146307E-02
     8.6426761545        0.10000000000E-02
 Time step:     44  dt:    0.32119146307E-02
     8.6426761545        0.10000000000E-02
 Time step:     46  dt:    0.32446983595E-02
 Time step:     42  dt:    0.31835165911E-02
     8.0964992143        0.10000000000E-02
     9.2885085562        0.10000000000E-02
 Time step:     41  dt:    0.31712265177E-02
 Time step:     44  dt:    0.32119146307E-02
     9.6579611873        0.10000000000E-02
     8.6426761545        0.10000000000E-02
 Time step:     48  dt:    0.32823345289E-02
 Time step:     45  dt:    0.32276804752E-02
     7.6356883286        0.10000000000E-02
 Time step:     45  dt:    0.32276804752E-02
     8.3574783180        0.10000000000E-02
     8.3574783180        0.10000000000E-02
 Time step:     45  dt:    0.32276804752E-02
     8.3574783180        0.10000000000E-02
 Time step:     47  dt:    0.32629305149E-02
     7.8568497758        0.10000000000E-02
 Time step:     43  dt:    0.31971314034E-02
 Time step:     45  dt:    0.32276804752E-02
     8.9515346868        0.10000000000E-02
     8.3574783180        0.10000000000E-02
 Time step:     42  dt:    0.31835165911E-02
     9.2885085562        0.10000000000E-02
 Time step:     49  dt:    0.33027114836E-02
     7.4291476358        0.10000000000E-02
 Time step:     46  dt:    0.32446983595E-02
     8.0964992143        0.10000000000E-02
 Time step:     46  dt:    0.32446983595E-02
     8.0964992143        0.10000000000E-02
 Time step:     48  dt:    0.32823345289E-02
 Time step:     46  dt:    0.32446983595E-02
 Time step:     46  dt:    0.32446983595E-02
     7.6356883286        0.10000000000E-02
 Time step:     44  dt:    0.32119146307E-02
     8.0964992143        0.10000000000E-02
     8.6426761545        0.10000000000E-02
     8.0964992143        0.10000000000E-02
 Time step:     43  dt:    0.31971314034E-02
     8.9515346868        0.10000000000E-02
 Time step:     50  dt:    0.33236665612E-02
     7.2320550003        0.10000000000E-02
 Time step:     47  dt:    0.32629305149E-02
 Time step:     47  dt:    0.32629305149E-02
 Time step:     47  dt:    0.32629305149E-02
     7.8568497758        0.10000000000E-02
     7.8568497758        0.10000000000E-02
     7.8568497758        0.10000000000E-02
 Time step:     45  dt:    0.32276804752E-02
     8.3574783180        0.10000000000E-02
 Time step:     49  dt:    0.33027114836E-02
     7.4291476358        0.10000000000E-02
 Time step:     44  dt:    0.32119146307E-02
 Time step:     47  dt:    0.32629305149E-02
     8.6426761545        0.10000000000E-02
     7.8568497758        0.10000000000E-02
 Time step:     48  dt:    0.32823345289E-02
 Time step:     51  dt:    0.33456823242E-02
     7.6356883286        0.10000000000E-02
     7.0475359636        0.10000000000E-02
 Time step:     48  dt:    0.32823345289E-02
 Time step:     46  dt:    0.32446983595E-02
 Time step:     48  dt:    0.32823345289E-02
     7.6356883286        0.10000000000E-02
     8.0964992143        0.10000000000E-02
     7.6356883286        0.10000000000E-02
 Time step:     45  dt:    0.32276804752E-02
 Time step:     48  dt:    0.32823345289E-02
     7.6356883286        0.10000000000E-02
     8.3574783180        0.10000000000E-02
 Time step:     49  dt:    0.33027114836E-02
     7.4291476358        0.10000000000E-02
 Time step:     52  dt:    0.33687235405E-02
     6.8738858169        0.10000000000E-02
 Time step:     49  dt:    0.33027114836E-02
     7.4291476358        0.10000000000E-02
 Time step:     49  dt:    0.33027114836E-02
 Time step:     47  dt:    0.32629305149E-02
 Time step:     46  dt:    0.32446983595E-02
     7.4291476358        0.10000000000E-02
     7.8568497758        0.10000000000E-02
     8.0964992143        0.10000000000E-02
 Time step:     49  dt:    0.33027114836E-02
     7.4291476358        0.10000000000E-02
 Time step:     50  dt:    0.33236665612E-02
     7.2320550003        0.10000000000E-02
 Time step:     53  dt:    0.33927098127E-02
 Time step:     50  dt:    0.33236665612E-02
     6.7093876754        0.10000000000E-02
     7.2320550003        0.10000000000E-02
 Time step:     47  dt:    0.32629305149E-02
     7.8568497758        0.10000000000E-02
 Time step:     48  dt:    0.32823345289E-02
 Time step:     50  dt:    0.33236665612E-02
     7.6356883286        0.10000000000E-02
     7.2320550003        0.10000000000E-02
 Time step:     50  dt:    0.33236665612E-02
 Time step:     50  dt:    0.33236665612E-02
     7.2320550003        0.10000000000E-02
     7.2320550003        0.10000000000E-02
 Time step:     51  dt:    0.33456823242E-02
     7.0475359636        0.10000000000E-02
 Time step:     51  dt:    0.33456823242E-02
     7.0475359636        0.10000000000E-02
 Time step:     54  dt:    0.34175582724E-02
 Time step:     48  dt:    0.32823345289E-02
     6.5525488040        0.10000000000E-02
     7.6356883286        0.10000000000E-02
 Time step:     49  dt:    0.33027114836E-02
 Time step:     52  dt:    0.33687235405E-02
     7.4291476358        0.10000000000E-02
     6.8738858169        0.10000000000E-02
 Time step:     51  dt:    0.33456823242E-02
 Time step:     51  dt:    0.33456823242E-02
     7.0475359636        0.10000000000E-02
     7.0475359636        0.10000000000E-02
 Time step:     51  dt:    0.33456823242E-02
     7.0475359636        0.10000000000E-02
 Time step:     52  dt:    0.33687235405E-02
     6.8738858169        0.10000000000E-02
 Time step:     55  dt:    0.34429030662E-02
 Time step:     49  dt:    0.33027114836E-02
     6.4000520343        0.10000000000E-02
     7.4291476358        0.10000000000E-02
 Time step:     53  dt:    0.33927098127E-02
     6.7093876754        0.10000000000E-02
 Time step:     52  dt:    0.33687235405E-02
     6.8738858169        0.10000000000E-02
 Time step:     52  dt:    0.33687235405E-02
 Time step:     50  dt:    0.33236665612E-02
     6.8738858169        0.10000000000E-02
     7.2320550003        0.10000000000E-02
 Time step:     52  dt:    0.33687235405E-02
     6.8738858169        0.10000000000E-02
 Time step:     53  dt:    0.33927098127E-02
     6.7093876754        0.10000000000E-02
 Time step:     54  dt:    0.34175582724E-02
     6.5525488040        0.10000000000E-02
 Time step:     56  dt:    0.34690837691E-02
 Time step:     50  dt:    0.33236665612E-02
     6.2541953496        0.10000000000E-02
     7.2320550003        0.10000000000E-02
 Time step:     53  dt:    0.33927098127E-02
     6.7093876754        0.10000000000E-02
 Time step:     53  dt:    0.33927098127E-02
     6.7093876754        0.10000000000E-02
 Time step:     51  dt:    0.33456823242E-02
     7.0475359636        0.10000000000E-02
 Time step:     53  dt:    0.33927098127E-02
     6.7093876754        0.10000000000E-02
 Time step:     54  dt:    0.34175582724E-02
     6.5525488040        0.10000000000E-02
 Time step:     55  dt:    0.34429030662E-02
     6.4000520343        0.10000000000E-02
 Time step:     57  dt:    0.34960355765E-02
     6.1141483315        0.10000000000E-02
 Time step:     51  dt:    0.33456823242E-02
 Time step:     54  dt:    0.34175582724E-02
     7.0475359636        0.10000000000E-02
     6.5525488040        0.10000000000E-02
 Time step:     54  dt:    0.34175582724E-02
     6.5525488040        0.10000000000E-02
 Time step:     52  dt:    0.33687235405E-02
     6.8738858169        0.10000000000E-02
 Time step:     55  dt:    0.34429030662E-02
 Time step:     54  dt:    0.34175582724E-02
     6.4000520343        0.10000000000E-02
     6.5525488040        0.10000000000E-02
 Time step:     56  dt:    0.34690837691E-02
     6.2541953496        0.10000000000E-02
 Time step:     52  dt:    0.33687235405E-02
 Time step:     55  dt:    0.34429030662E-02
     6.8738858169        0.10000000000E-02
 Time step:     55  dt:    0.34429030662E-02
     6.4000520343        0.10000000000E-02
     6.4000520343        0.10000000000E-02
 Time step:     56  dt:    0.34690837691E-02
 Time step:     58  dt:    0.35237056229E-02
     6.2541953496        0.10000000000E-02
     5.9792739765        0.10000000000E-02
 Time step:     53  dt:    0.33927098127E-02
 Time step:     55  dt:    0.34429030662E-02
     6.7093876754        0.10000000000E-02
     6.4000520343        0.10000000000E-02
 Time step:     57  dt:    0.34960355765E-02
     6.1141483315        0.10000000000E-02
 Time step:     53  dt:    0.33927098127E-02
 Time step:     56  dt:    0.34690837691E-02
 Time step:     56  dt:    0.34690837691E-02
     6.7093876754        0.10000000000E-02
     6.2541953496        0.10000000000E-02
     6.2541953496        0.10000000000E-02
 Time step:     57  dt:    0.34960355765E-02
     6.1141483315        0.10000000000E-02
 Time step:     59  dt:    0.35520322871E-02
     5.8490114679        0.10000000000E-02
 Time step:     58  dt:    0.35237056229E-02
 Time step:     56  dt:    0.34690837691E-02
     5.9792739765        0.10000000000E-02
     6.2541953496        0.10000000000E-02
 Time step:     54  dt:    0.34175582724E-02
     6.5525488040        0.10000000000E-02
 Time step:     58  dt:    0.35237056229E-02
 Time step:     57  dt:    0.34960355765E-02
     5.9792739765        0.10000000000E-02
 Time step:     57  dt:    0.34960355765E-02
 Time step:     54  dt:    0.34175582724E-02
     6.1141483315        0.10000000000E-02
     6.1141483315        0.10000000000E-02
     6.5525488040        0.10000000000E-02
 Time step:     59  dt:    0.35520322871E-02
 Time step:     60  dt:    0.35809616489E-02
     5.8490114679        0.10000000000E-02
     5.7229338001        0.10000000000E-02
 Time step:     57  dt:    0.34960355765E-02
     6.1141483315        0.10000000000E-02
 Time step:     55  dt:    0.34429030662E-02
     6.4000520343        0.10000000000E-02
 Time step:     59  dt:    0.35520322871E-02
     5.8490114679        0.10000000000E-02
 Time step:     58  dt:    0.35237056229E-02
 Time step:     58  dt:    0.35237056229E-02
 Time step:     60  dt:    0.35809616489E-02
 Time step:     55  dt:    0.34429030662E-02
     5.7229338001        0.10000000000E-02
     5.9792739765        0.10000000000E-02
     5.9792739765        0.10000000000E-02
 Time step:     61  dt:    0.36101650601E-02
     6.4000520343        0.10000000000E-02
     5.5990122641        0.10000000000E-02
 Time step:     58  dt:    0.35237056229E-02
     5.9792739765        0.10000000000E-02
 Time step:     56  dt:    0.34690837691E-02
     6.2541953496        0.10000000000E-02
 Time step:     60  dt:    0.35809616489E-02
     5.7229338001        0.10000000000E-02
 Time step:     62  dt:    0.36397992739E-02
 Time step:     61  dt:    0.36101650601E-02
 Time step:     59  dt:    0.35520322871E-02
     5.5990122641        0.10000000000E-02
     5.4785468178        0.10000000000E-02
     5.8490114679        0.10000000000E-02
 Time step:     59  dt:    0.35520322871E-02
 Time step:     56  dt:    0.34690837691E-02
     5.8490114679        0.10000000000E-02
 Time step:     59  dt:    0.35520322871E-02
     6.2541953496        0.10000000000E-02
     5.8490114679        0.10000000000E-02
 Time step:     57  dt:    0.34960355765E-02
     6.1141483315        0.10000000000E-02
 Time step:     61  dt:    0.36101650601E-02
     5.5990122641        0.10000000000E-02
 Time step:     60  dt:    0.35809616489E-02
 Time step:     62  dt:    0.36397992739E-02
     5.7229338001        0.10000000000E-02
     5.4785468178        0.10000000000E-02
 Time step:     60  dt:    0.35809616489E-02
 Time step:     63  dt:    0.36697760040E-02
     5.7229338001        0.10000000000E-02
     5.3614517776        0.10000000000E-02
 Time step:     60  dt:    0.35809616489E-02
     5.7229338001        0.10000000000E-02
 Time step:     57  dt:    0.34960355765E-02
     6.1141483315        0.10000000000E-02
 Time step:     58  dt:    0.35237056229E-02
 Time step:     62  dt:    0.36397992739E-02
     5.9792739765        0.10000000000E-02
     5.4785468178        0.10000000000E-02
 Time step:     61  dt:    0.36101650601E-02
     5.5990122641        0.10000000000E-02
 Time step:     63  dt:    0.36697760040E-02
     5.3614517776        0.10000000000E-02
 Time step:     61  dt:    0.36101650601E-02
 Time step:     64  dt:    0.37000352600E-02
     5.5990122641        0.10000000000E-02
     5.2483720142        0.10000000000E-02
 Time step:     61  dt:    0.36101650601E-02
     5.5990122641        0.10000000000E-02
 Time step:     58  dt:    0.35237056229E-02
     5.9792739765        0.10000000000E-02
 Time step:     63  dt:    0.36697760040E-02
     5.3614517776        0.10000000000E-02
 Time step:     59  dt:    0.35520322871E-02
     5.8490114679        0.10000000000E-02
 Time step:     62  dt:    0.36397992739E-02
     5.4785468178        0.10000000000E-02
 Time step:     64  dt:    0.37000352600E-02
     5.2483720142        0.10000000000E-02
 Time step:     65  dt:    0.37306332428E-02
     5.1416547067        0.10000000000E-02
 Time step:     62  dt:    0.36397992739E-02
 Time step:     62  dt:    0.36397992739E-02
     5.4785468178        0.10000000000E-02
     5.4785468178        0.10000000000E-02
 Time step:     64  dt:    0.37000352600E-02
     5.2483720142        0.10000000000E-02
 Time step:     59  dt:    0.35520322871E-02
     5.8490114679        0.10000000000E-02
 Time step:     60  dt:    0.35809616489E-02
     5.7229338001        0.10000000000E-02
 Time step:     63  dt:    0.36697760040E-02
 Time step:     65  dt:    0.37306332428E-02
     5.3614517776        0.10000000000E-02
     5.1416547067        0.10000000000E-02
 Time step:     66  dt:    0.37615449416E-02
     5.0450280070        0.10000000000E-02
 Time step:     63  dt:    0.36697760040E-02
 Time step:     63  dt:    0.36697760040E-02
     5.3614517776        0.10000000000E-02
     5.3614517776        0.10000000000E-02
 Time step:     65  dt:    0.37306332428E-02
     5.1416547067        0.10000000000E-02
 Time step:     61  dt:    0.36101650601E-02
     5.5990122641        0.10000000000E-02
 Time step:     60  dt:    0.35809616489E-02
     5.7229338001        0.10000000000E-02
 Time step:     64  dt:    0.37000352600E-02
 Time step:     66  dt:    0.37615449416E-02
     5.0450280070        0.10000000000E-02
     5.2483720142        0.10000000000E-02
 Time step:     67  dt:    0.37926650586E-02
     4.9643786338        0.10000000000E-02
 Time step:     66  dt:    0.37615449416E-02
 Time step:     64  dt:    0.37000352600E-02
     5.0450280070        0.10000000000E-02
     5.2483720142        0.10000000000E-02
 Time step:     64  dt:    0.37000352600E-02
     5.2483720142        0.10000000000E-02
 Time step:     62  dt:    0.36397992739E-02
     5.4785468178        0.10000000000E-02
 Time step:     65  dt:    0.37306332428E-02
     5.1416547067        0.10000000000E-02
 Time step:     61  dt:    0.36101650601E-02
     5.5990122641        0.10000000000E-02
 Time step:     68  dt:    0.38185124323E-02
     4.8794588578        0.10000000000E-02
 Time step:     65  dt:    0.37306332428E-02
 Time step:     65  dt:    0.37306332428E-02
     5.1416547067        0.10000000000E-02
     5.1416547067        0.10000000000E-02
 Time step:     63  dt:    0.36697760040E-02
     5.3614517776        0.10000000000E-02
 Time step:     66  dt:    0.37615449416E-02
     5.0450280070        0.10000000000E-02
 Time step:     62  dt:    0.36397992739E-02
     5.4785468178        0.10000000000E-02
 Time step:     69  dt:    0.38436008160E-02
     4.8169195182        0.10000000000E-02
 Time step:     66  dt:    0.37615449416E-02
 Time step:     66  dt:    0.37615449416E-02
     5.0450280070        0.10000000000E-02
     5.0450280070        0.10000000000E-02
 Time step:     64  dt:    0.37000352600E-02
     5.2483720142        0.10000000000E-02
 Time step:     67  dt:    0.37926650586E-02
     4.9643786338        0.10000000000E-02
 Time step:     63  dt:    0.36697760040E-02
     5.3614517776        0.10000000000E-02
 Time step:     70  dt:    0.38684929956E-02
     4.7581332817        0.10000000000E-02
 Time step:     68  dt:    0.38185124323E-02
 Time step:     67  dt:    0.37926650586E-02
     4.8794588578        0.10000000000E-02
 Time step:     65  dt:    0.37306332428E-02
 Time step:     67  dt:    0.37926650586E-02
     5.1416547067        0.10000000000E-02
     4.9643786338        0.10000000000E-02
     4.9643786338        0.10000000000E-02
 Time step:     71  dt:    0.38930126986E-02
 Time step:     64  dt:    0.37000352600E-02
     4.6451581928        0.10000000000E-02
     5.2483720142        0.10000000000E-02
 Time step:     69  dt:    0.38436008160E-02
     4.8169195182        0.10000000000E-02
 Time step:     68  dt:    0.38185124323E-02
 Time step:     66  dt:    0.37615449416E-02
     4.8794588578        0.10000000000E-02
     5.0450280070        0.10000000000E-02
 Time step:     67  dt:    0.37926650586E-02
 Time step:     68  dt:    0.38185124323E-02
     4.9643786338        0.10000000000E-02
     4.8794588578        0.10000000000E-02
 Time step:     65  dt:    0.37306332428E-02
     5.1416547067        0.10000000000E-02
 Time step:     70  dt:    0.38684929956E-02
     4.7581332817        0.10000000000E-02
 Time step:     67  dt:    0.37926650586E-02
     4.9643786338        0.10000000000E-02
 Time step:     69  dt:    0.38436008160E-02
     4.8169195182        0.10000000000E-02
 Time step:     67  dt:    0.37926650586E-02
 Time step:     69  dt:    0.38436008160E-02
     4.9643786338        0.10000000000E-02
     4.8169195182        0.10000000000E-02
 Time step:     68  dt:    0.38185124323E-02
     4.8794588578        0.10000000000E-02
 Time step:     71  dt:    0.38930126986E-02
     4.6451581928        0.10000000000E-02
 Time step:     66  dt:    0.37615449416E-02
     5.0450280070        0.10000000000E-02
 Time step:     70  dt:    0.38684929956E-02
     4.7581332817        0.10000000000E-02
 Time step:     68  dt:    0.38185124323E-02
     4.8794588578        0.10000000000E-02
 Time step:     70  dt:    0.38684929956E-02
     4.7581332817        0.10000000000E-02
 Time step:     69  dt:    0.38436008160E-02
     4.8169195182        0.10000000000E-02
 Time step:     68  dt:    0.38185124323E-02
     4.8794588578        0.10000000000E-02
 Time step:     72  dt:    0.39177630449E-02
     4.4162799793        0.10000000000E-02
 Time step:     67  dt:    0.37926650586E-02
     4.9643786338        0.10000000000E-02
 Time step:     71  dt:    0.38930126986E-02
     4.6451581928        0.10000000000E-02
 Time step:     69  dt:    0.38436008160E-02
     4.8169195182        0.10000000000E-02
 Time step:     71  dt:    0.38930126986E-02
     4.6451581928        0.10000000000E-02
 Time step:     73  dt:    0.39436676009E-02
 Time step:     70  dt:    0.38684929956E-02
     4.0746310627        0.10000000000E-02
     4.7581332817        0.10000000000E-02
 Time step:     69  dt:    0.38436008160E-02
     4.8169195182        0.10000000000E-02
 Time step:     68  dt:    0.38185124323E-02
     4.8794588578        0.10000000000E-02
 Time step:     72  dt:    0.39177630449E-02
 Time step:     70  dt:    0.38684929956E-02
     4.4162799793        0.10000000000E-02
     4.7581332817        0.10000000000E-02
 Time step:     72  dt:    0.39177630449E-02
     4.4162799793        0.10000000000E-02
 Time step:     74  dt:    0.39724195075E-02
     3.7187731463        0.10000000000E-02
 Time step:     71  dt:    0.38930126986E-02
     4.6451581928        0.10000000000E-02
 Time step:     70  dt:    0.38684929956E-02
     4.7581332817        0.10000000000E-02
 Time step:     69  dt:    0.38436008160E-02
     4.8169195182        0.10000000000E-02
 Time step:     73  dt:    0.39436676009E-02
 Time step:     71  dt:    0.38930126986E-02
     4.0746310627        0.10000000000E-02
     4.6451581928        0.10000000000E-02
 Time step:     75  dt:    0.40049821953E-02
     3.4693471617        0.10000000000E-02
 Time step:     73  dt:    0.39436676009E-02
     4.0746310627        0.10000000000E-02
 Time step:     72  dt:    0.39177630449E-02
     4.4162799793        0.10000000000E-02
 Time step:     72  dt:    0.39177630449E-02
     4.4162799793        0.10000000000E-02
 Time step:     71  dt:    0.38930126986E-02
     4.6451581928        0.10000000000E-02
 Time step:     70  dt:    0.38684929956E-02
     4.7581332817        0.10000000000E-02
 Time step:     74  dt:    0.39724195075E-02
 Time step:     72  dt:    0.39177630449E-02
     4.4162799793        0.10000000000E-02
     3.7187731463        0.10000000000E-02
 Time step:     76  dt:    0.40416163592E-02
     3.3857571548        0.10000000000E-02
 Time step:     73  dt:    0.39436676009E-02
     4.0746310627        0.10000000000E-02
 Time step:     77  dt:    0.40800388128E-02
 Time step:     72  dt:    0.39177630449E-02
 Time step:     73  dt:    0.39436676009E-02
     3.4405683784        0.10000000000E-02
     4.4162799793        0.10000000000E-02
     4.0746310627        0.10000000000E-02
 Time step:     73  dt:    0.39436676009E-02
 Time step:     75  dt:    0.40049821953E-02
     4.0746310627        0.10000000000E-02
     3.4693471617        0.10000000000E-02
 Time step:     78  dt:    0.41189228789E-02
 Time step:     74  dt:    0.39724195075E-02
 Time step:     74  dt:    0.39724195075E-02
     3.5653389974        0.10000000000E-02
     3.7187731463        0.10000000000E-02
     3.7187731463        0.10000000000E-02
 Time step:     76  dt:    0.40416163592E-02
 Time step:     73  dt:    0.39436676009E-02
     3.3857571548        0.10000000000E-02
     4.0746310627        0.10000000000E-02
 Time step:     74  dt:    0.39724195075E-02
     3.7187731463        0.10000000000E-02
 Time step:     71  dt:    0.38930126986E-02
     4.6451581928        0.10000000000E-02
 Time step:     79  dt:    0.41570244901E-02
     3.6903768248        0.10000000000E-02
 Time step:     75  dt:    0.40049821953E-02
 Time step:     74  dt:    0.39724195075E-02
     3.4693471617        0.10000000000E-02
     3.7187731463        0.10000000000E-02
 Time step:     75  dt:    0.40049821953E-02
 Time step:     74  dt:    0.39724195075E-02
     3.4693471617        0.10000000000E-02
     3.7187731463        0.10000000000E-02
 Time step:     77  dt:    0.40800388128E-02
 Time step:     75  dt:    0.40049821953E-02
     3.4405683784        0.10000000000E-02
     3.4693471617        0.10000000000E-02
 Time step:     72  dt:    0.39177630449E-02
     4.4162799793        0.10000000000E-02
 Time step:     80  dt:    0.41929380035E-02
     3.7693919830        0.10000000000E-02
 Time step:     76  dt:    0.40416163592E-02
     3.3857571548        0.10000000000E-02
 Time step:     75  dt:    0.40049821953E-02
 Time step:     76  dt:    0.40416163592E-02
     3.4693471617        0.10000000000E-02
 Time step:     75  dt:    0.40049821953E-02
     3.3857571548        0.10000000000E-02
 Time step:     78  dt:    0.41189228789E-02
     3.4693471617        0.10000000000E-02
 Time step:     76  dt:    0.40416163592E-02
     3.5653389974        0.10000000000E-02
     3.3857571548        0.10000000000E-02
 Time step:     73  dt:    0.39436676009E-02
     4.0746310627        0.10000000000E-02
 Time step:     77  dt:    0.40800388128E-02
     3.4405683784        0.10000000000E-02
 Time step:     77  dt:    0.40800388128E-02
 Time step:     79  dt:    0.41570244901E-02
     3.4405683784        0.10000000000E-02
 Time step:     77  dt:    0.40800388128E-02
     3.6903768248        0.10000000000E-02
     3.4405683784        0.10000000000E-02
 Time step:     76  dt:    0.40416163592E-02
     3.3857571548        0.10000000000E-02
 Time step:     76  dt:    0.40416163592E-02
     3.3857571548        0.10000000000E-02
 Time step:     74  dt:    0.39724195075E-02
 Time step:     78  dt:    0.41189228789E-02
     3.7187731463        0.10000000000E-02
     3.5653389974        0.10000000000E-02
 Time step:     80  dt:    0.41929380035E-02
     3.7693919830        0.10000000000E-02
 Time step:     78  dt:    0.41189228789E-02
     3.5653389974        0.10000000000E-02
 Time step:     78  dt:    0.41189228789E-02
     3.5653389974        0.10000000000E-02
 Time step:     77  dt:    0.40800388128E-02
 Time step:     79  dt:    0.41570244901E-02
 Time step:     77  dt:    0.40800388128E-02
     3.4405683784        0.10000000000E-02
     3.6903768248        0.10000000000E-02
     3.4405683784        0.10000000000E-02
 Time step:     75  dt:    0.40049821953E-02
     3.4693471617        0.10000000000E-02
 Time step:     79  dt:    0.41570244901E-02
 Time step:     79  dt:    0.41570244901E-02
     3.6903768248        0.10000000000E-02
     3.6903768248        0.10000000000E-02
 Time step:     78  dt:    0.41189228789E-02
 Time step:     76  dt:    0.40416163592E-02
     3.5653389974        0.10000000000E-02
     3.3857571548        0.10000000000E-02
 Time step:     80  dt:    0.41929380035E-02
 Time step:     80  dt:    0.41929380035E-02
     3.7693919830        0.10000000000E-02
     3.7693919830        0.10000000000E-02
 Time step:     77  dt:    0.40800388128E-02
 Time step:     79  dt:    0.41570244901E-02
     3.4405683784        0.10000000000E-02
     3.6903768248        0.10000000000E-02
 Time step:     80  dt:    0.41929380035E-02
     3.7693919830        0.10000000000E-02
 Time step:     78  dt:    0.41189228789E-02
 Time step:     80  dt:    0.41929380035E-02
     3.5653389974        0.10000000000E-02
     3.7693919830        0.10000000000E-02
 Time step:     78  dt:    0.41189228789E-02
     3.5653389974        0.10000000000E-02
 Time step:     79  dt:    0.41570244901E-02
     3.6903768248        0.10000000000E-02
 Time step:     79  dt:    0.41570244901E-02
     3.6903768248        0.10000000000E-02
 Time step:     80  dt:    0.41929380035E-02
     3.7693919830        0.10000000000E-02
 Time step:     80  dt:    0.41929380035E-02
     3.7693919830        0.10000000000E-02
Execution File:   /home/ybmoon/workloads/cpu2017/benchspec/CPU/603.bwaves_s/run/run_base_refspeed_gcc-baseline-o2-m64.0000/speed_bwaves_base.gcc-baseline-o2-m64
Num of Programs:  8
Program Path:     /home/ybmoon/workloads/cpu2017/benchspec/CPU/603.bwaves_s/run/run_base_refspeed_gcc-baseline-o2-m64.0000/
Progarm Options:  /home/ybmoon/workloads/cpu2017/benchspec/CPU/603.bwaves_s/run/run_base_refspeed_gcc-baseline-o2-m64.0000/speed_bwaves_base.gcc-baseline-o2-m64
i:1, argv[5]:$
argv:$
input:bwaves_1.in
tmp_node: 0
Local DRAM Allocation
Core: 0
Directory [0]:   /home/ybmoon/workloads/cpu2017/benchspec/CPU/603.bwaves_s/run/run_base_refspeed_gcc-baseline-o2-m64.0000/
exe_path: /home/ybmoon/workloads/cpu2017/benchspec/CPU/603.bwaves_s/run/run_base_refspeed_gcc-baseline-o2-m64.0000/speed_bwaves_base.gcc-baseline-o2-m64
Core: 1
Directory [1]:   /home/ybmoon/workloads/cpu2017/benchspec/CPU/603.bwaves_s/run/run_base_refspeed_gcc-baseline-o2-m64.0000/
exe_path: /home/ybmoon/workloads/cpu2017/benchspec/CPU/603.bwaves_s/run/run_base_refspeed_gcc-baseline-o2-m64.0000/speed_bwaves_base.gcc-baseline-o2-m64
Core: 2
Directory [2]:   /home/ybmoon/workloads/cpu2017/benchspec/CPU/603.bwaves_s/run/run_base_refspeed_gcc-baseline-o2-m64.0000/
exe_path: /home/ybmoon/workloads/cpu2017/benchspec/CPU/603.bwaves_s/run/run_base_refspeed_gcc-baseline-o2-m64.0000/speed_bwaves_base.gcc-baseline-o2-m64
Core: 3
Directory [3]:   /home/ybmoon/workloads/cpu2017/benchspec/CPU/603.bwaves_s/run/run_base_refspeed_gcc-baseline-o2-m64.0000/
exe_path: /home/ybmoon/workloads/cpu2017/benchspec/CPU/603.bwaves_s/run/run_base_refspeed_gcc-baseline-o2-m64.0000/speed_bwaves_base.gcc-baseline-o2-m64
Core: 4
Directory [4]:   /home/ybmoon/workloads/cpu2017/benchspec/CPU/603.bwaves_s/run/run_base_refspeed_gcc-baseline-o2-m64.0000/
exe_path: /home/ybmoon/workloads/cpu2017/benchspec/CPU/603.bwaves_s/run/run_base_refspeed_gcc-baseline-o2-m64.0000/speed_bwaves_base.gcc-baseline-o2-m64
Core: 5
Directory [5]:   /home/ybmoon/workloads/cpu2017/benchspec/CPU/603.bwaves_s/run/run_base_refspeed_gcc-baseline-o2-m64.0000/
exe_path: /home/ybmoon/workloads/cpu2017/benchspec/CPU/603.bwaves_s/run/run_base_refspeed_gcc-baseline-o2-m64.0000/speed_bwaves_base.gcc-baseline-o2-m64
Core: 6
Directory [6]:   /home/ybmoon/workloads/cpu2017/benchspec/CPU/603.bwaves_s/run/run_base_refspeed_gcc-baseline-o2-m64.0000/
exe_path: /home/ybmoon/workloads/cpu2017/benchspec/CPU/603.bwaves_s/run/run_base_refspeed_gcc-baseline-o2-m64.0000/speed_bwaves_base.gcc-baseline-o2-m64
Core: 7
Directory [7]:   /home/ybmoon/workloads/cpu2017/benchspec/CPU/603.bwaves_s/run/run_base_refspeed_gcc-baseline-o2-m64.0000/
exe_path: /home/ybmoon/workloads/cpu2017/benchspec/CPU/603.bwaves_s/run/run_base_refspeed_gcc-baseline-o2-m64.0000/speed_bwaves_base.gcc-baseline-o2-m64
Process Start
Process Start
Process Start
Process Start
Wait PID: 32220
Process Start
Wait PID: 32222
Wait PID: 32223
Process Start
Wait PID: 32225
Process Start
Process Start
Wait PID: 32227
Wait PID: 32229
Wait PID: 32231
Wait PID: 32232
Execution Time (0) => 9653129895967.00 ns
Execution Time (4) => 9907880734185.00 ns
Execution Time (12) => 10038191686958.00 ns
Execution Time (16) => 10042233417010.00 ns
Execution Time (28) => 10063297163631.00 ns
Execution Time (20) => 10098644674936.00 ns
Execution Time (24) => 10165198847713.00 ns
Execution Time (8) => 10176907415708.00 ns
('Full Command: ', '/scale/cal/home/ybmoon/migration/workloads/gap-spec-wrapper/second-wrapper/second_wrapper 0 8 /home/ybmoon/workloads/cpu2017/benchspec/CPU/603.bwaves_s/run/run_base_refspeed_gcc-baseline-o2-m64.0000/ /home/ybmoon/workloads/cpu2017/benchspec/CPU/603.bwaves_s/run/run_base_refspeed_gcc-baseline-o2-m64.0000/speed_bwaves_base.gcc-baseline-o2-m64  $ bwaves_1.in ')
execution_time 10177.25 (s)
